nohup: ignoring input
./temp/fl_acc_cifar10_resnet18_cons_frac0.2_iidFalse_iter500_ep5_lr0.03_N40_10_seed3407_p1_dirichlet0.5_IF0.01_LossCE.txt
Files already downloaded and verified
[5000, 2997, 1796, 1077, 645, 387, 232, 139, 83, 50]
12406
Files already downloaded and verified
Into non-iid sampling
clients_sizes:[215, 141, 207, 171, 243, 132, 178, 751, 618, 173, 602, 559, 821, 446, 221, 157, 127, 436, 273, 246, 171, 124, 90, 190, 252, 91, 656, 129, 194, 482, 1106, 528, 243, 102, 215, 267, 348, 153, 172, 176]
training set distribution:
[[ 72  83   9   1  40   5   5   0   0   0]
 [118   3   0   0   4   6   8   0   0   2]
 [ 32   5 132  20   4  13   0   0   0   1]
 [ 91  34  13   6  15   0   0  12   0   0]
 [ 73 128   1  12  13   5   7   1   1   2]
 [ 10  21  19  73   2   6   0   1   0   0]
 [  0  24 115  11   8   4  11   4   1   0]
 [105 484  11  91  36  11   0   0   6   7]
 [570   1  16   1   4  24   0   2   0   0]
 [  0 113  23   0  26   0  10   1   0   0]
 [397 138   7  22   4  21   0   0  12   1]
 [262 146  60   7  57   9  15   0   0   3]
 [581  84  98  20  17   6  12   1   0   2]
 [ 30   1 259 147   3   0   2   3   1   0]
 [ 15 145  33  11   3   2   0  11   1   0]
 [ 57   0  48  17  11   6   5  11   2   0]
 [  2  54   3   0  36  10  11   1   9   1]
 [323  53  41  10   8   0   0   0   1   0]
 [  2 250   8   2   0   2   2   0   4   3]
 [113  22  34   9  50   1   0  17   0   0]
 [ 93   4   3  29   1  31   5   3   2   0]
 [  0  66   0  40  10   0   1   6   0   1]
 [  0  28   6  36  10   1   3   0   4   2]
 [ 99   7  72   0   1   4   1   0   1   5]
 [126  52   6   0  46   2   8   1  11   0]
 [  3   1  59   6   6   0   4  10   1   1]
 [423 132   4  37  17  31   0  10   0   2]
 [  6   1  15  54  19  13  12   8   0   1]
 [  0 114   7   1   0  13  57   1   0   1]
 [428   0   5  21  13   1   1   0  12   1]
 [190 532 336  27   4  10   0   3   2   2]
 [332 110  13  53   0   4  11   1   4   0]
 [152  27  10   4  22   7   5  11   0   5]
 [  2  11  44  31   3   0   3   6   1   1]
 [ 62  79   7  26   0  40   1   0   0   0]
 [  1   1   2 179  43  30  11   0   0   0]
 [125  11 107  11  30  54   2   8   0   0]
 [ 20  14  87   3  14   0   8   2   5   0]
 [ 48  18  32  29  31   6   0   1   1   6]
 [ 37   0  51  30  34   9  11   3   1   0]]
Total size of training set
12406
local test distribution:
[[ 58  66   7   0  32   4   4   0   0   0]
 [ 95   2   0   0   3   4   6   0   0   1]
 [ 25   4 106  16   3  10   0   0   0   0]
 [ 73  27  10   4  12   0   0   9   0   0]
 [ 58 103   0   9  10   4   5   0   0   1]
 [  8  16  15  58   1   4   0   0   0   0]
 [  0  19  92   8   6   3   8   3   0   0]
 [ 84 390   8  73  29   8   0   0   4   5]
 [459   0  12   0   3  19   0   1   0   0]
 [  0  91  18   0  20   0   8   0   0   0]
 [320 111   5  17   3  16   0   0   9   0]
 [211 117  48   5  45   7  12   0   0   2]
 [468  67  78  16  13   4   9   0   0   1]
 [ 24   0 208 118   2   0   1   2   0   0]
 [ 12 116  26   8   2   1   0   8   0   0]
 [ 45   0  38  13   8   4   4   8   1   0]
 [  1  43   2   0  29   8   8   0   7   0]
 [260  42  33   8   6   0   0   0   0   0]
 [  1 201   6   1   0   1   1   0   3   2]
 [ 91  17  27   7  40   0   0  13   0   0]
 [ 74   3   2  23   0  24   4   2   1   0]
 [  0  53   0  32   8   0   0   4   0   0]
 [  0  22   4  29   8   0   2   0   3   1]
 [ 79   5  58   0   0   3   0   0   0   4]
 [101  41   4   0  37   1   6   0   8   0]
 [  2   0  47   4   4   0   3   8   0   0]
 [340 106   3  29  13  24   0   8   0   1]
 [  4   0  12  43  15  10   9   6   0   0]
 [  0  91   5   0   0  10  45   0   0   0]
 [344   0   4  16  10   0   0   0   9   0]
 [153 428 270  21   3   8   0   2   1   1]
 [267  88  10  42   0   3   8   0   3   0]
 [122  21   8   3  17   5   4   8   0   4]
 [  1   8  35  24   2   0   2   4   0   0]
 [ 49  63   5  20   0  32   0   0   0   0]
 [  0   0   1 144  34  24   8   0   0   0]
 [100   8  86   8  24  43   1   6   0   0]
 [ 16  11  70   2  11   0   6   1   4   0]
 [ 38  14  25  23  24   4   0   0   0   4]
 [ 29   0  41  24  27   7   8   2   0   0]]
Total size of testing set
9829
[4012 2394 1429  848  504  295  172   95   53   27]
40
  0%|          | 0/500 [00:00<?, ?it/s]