nohup: ignoring input
./temp/fl_acc_cifar10_resnet18_cons_frac0.2_iidFalse_iter500_ep5_lr0.03_N40_10_seed3407_p1_dirichlet1.0_IF0.02_LossCE.txt
Files already downloaded and verified
[5000, 3237, 2096, 1357, 878, 568, 368, 238, 154, 100]
13996
Files already downloaded and verified
Into non-iid sampling
clients_sizes:[265, 279, 338, 591, 172, 409, 312, 232, 279, 477, 176, 429, 333, 411, 584, 232, 421, 272, 720, 416, 259, 196, 674, 238, 312, 303, 589, 331, 154, 215, 204, 284, 372, 384, 146, 430, 472, 449, 308, 328]
training set distribution:
[[127  56   2  49   3   1   9  10   2   6]
 [ 75  21  22  64  83   0   0   8   6   0]
 [150 102  20  38   2   2   5  12   3   4]
 [336  88  59   5  53  27  21   0   1   1]
 [ 57   4  51  17   8  22   7   2   3   1]
 [ 86 196   4  65   5   4  23  21   3   2]
 [119  59  26  28   4  50   3  20   2   1]
 [ 86  41  21  27  22   1  33   1   0   0]
 [111   1 123  28   6   5   1   2   2   0]
 [112 275  41  25  12   2   2   7   0   1]
 [ 29 106   2   1  20   3   0  11   4   0]
 [125 146 107   7  22  15   3   2   0   2]
 [172  80  24  13   7  11   3  19   3   1]
 [  5 175 119  16  16  37  36   4   0   3]
 [  7 296 153  93   2   5   8  12   3   5]
 [ 16  44   2  39  74  33   0   5  16   3]
 [160  68  76  46  21   8  29   7   6   0]
 [ 37  29 119  32  10  27   4   6   6   2]
 [401  98  92  60  52  12   3   0   1   1]
 [287   4  30  41  12   4  19   7   8   4]
 [  5  91  60  78   1   2   4   1   2  15]
 [  8  90  39  18  11  20   1   0   8   1]
 [347 247  32   1  20  10   1   6  10   0]
 [ 87  55  45  14   4  20   0  11   0   2]
 [242   1  15  16   7   4   7  15   0   5]
 [217  18  26   9  12   8   5   0   8   0]
 [413  42  33  39  35   9   1   6   1  10]
 [ 62  25  81  33  83  31   4  10   2   0]
 [ 61  13   9   2  12  34   7   2   0  14]
 [ 87  39   2  18  39  20   2   0   6   2]
 [ 43  38   7  51  20  36   3   3   2   1]
 [ 73 116  40  11   9  16  11   2   6   0]
 [ 80  83 136  16  26  21   5   4   0   1]
 [ 48  36 221  19  47   3   4   1   4   1]
 [ 14  24  32  37   2   6  18   5   7   1]
 [148  13 108 116   1   9  24   4   7   0]
 [305  17  47  62  21   3   7   1   6   3]
 [224 158  29   9   2   3  15   5   4   0]
 [ 26  88  20  75  29  38  12   4  10   6]
 [ 12 154  21  39  63   6  28   2   2   1]]
Total size of training set
13996
local test distribution:
[[ 90  40   1  35   2   0   6   7   1   4]
 [ 53  15  15  45  59   0   0   5   4   0]
 [107  72  14  27   1   1   3   8   2   2]
 [240  62  42   3  37  19  15   0   0   0]
 [ 40   2  36  12   5  15   5   1   2   0]
 [ 61 140   2  46   3   2  16  15   2   1]
 [ 85  42  18  20   2  35   2  14   1   0]
 [ 61  29  15  19  15   0  23   0   0   0]
 [ 79   0  87  20   4   3   0   1   1   0]
 [ 80 196  29  17   8   1   1   5   0   0]
 [ 20  75   1   0  14   2   0   7   2   0]
 [ 89 104  76   5  15  10   2   1   0   1]
 [122  57  17   9   5   7   2  13   2   0]
 [  3 125  85  11  11  26  25   2   0   2]
 [  5 211 109  66   1   3   5   8   2   3]
 [ 11  31   1  27  52  23   0   3  11   2]
 [114  48  54  32  15   5  20   5   4   0]
 [ 26  20  85  22   7  19   2   4   4   1]
 [286  70  65  42  37   8   2   0   0   0]
 [205   2  21  29   8   2  13   5   5   2]
 [  3  65  42  55   0   1   2   0   1  10]
 [  5  64  27  12   7  14   0   0   5   0]
 [247 176  22   0  14   7   0   4   7   0]
 [ 62  39  32  10   2  14   0   7   0   1]
 [172   0  10  11   5   2   5  10   0   3]
 [155  12  18   6   8   5   3   0   5   0]
 [295  30  23  27  25   6   0   4   0   7]
 [ 44  17  57  23  59  22   2   7   1   0]
 [ 43   9   6   1   8  24   5   1   0  10]
 [ 62  27   1  12  27  14   1   0   4   1]
 [ 30  27   5  36  14  25   2   2   1   0]
 [ 52  82  28   7   6  11   7   1   4   0]
 [ 57  59  97  11  18  15   3   2   0   0]
 [ 34  25 157  13  33   2   2   0   2   0]
 [ 10  17  22  26   1   4  12   3   5   0]
 [105   9  77  82   0   6  17   2   5   0]
 [217  12  33  44  15   2   5   0   4   2]
 [160 112  20   6   1   2  10   3   2   0]
 [ 18  62  14  53  20  27   8   2   7   4]
 [  8 110  15  27  45   4  20   1   1   0]]
Total size of testing set
9828
[3556 2295 1479  949  609  388  246  153   97   56]
40
  0%|          | 0/500 [00:00<?, ?it/s]