nohup: ignoring input
./temp/fl_acc_cifar100_resnet34_cons_frac0.2_iidFalse_iter500_ep5_lr0.03_N20_100_seed3407_p1_dirichlet0.5_IF0.01_LossCE.txt
Files already downloaded and verified
[500, 477, 455, 434, 415, 396, 378, 361, 344, 328, 314, 299, 286, 273, 260, 248, 237, 226, 216, 206, 197, 188, 179, 171, 163, 156, 149, 142, 135, 129, 123, 118, 112, 107, 102, 98, 93, 89, 85, 81, 77, 74, 70, 67, 64, 61, 58, 56, 53, 51, 48, 46, 44, 42, 40, 38, 36, 35, 33, 32, 30, 29, 27, 26, 25, 24, 23, 22, 21, 20, 19, 18, 17, 16, 15, 15, 14, 13, 13, 12, 12, 11, 11, 10, 10, 9, 9, 8, 8, 7, 7, 7, 6, 6, 6, 6, 5, 5, 5, 5]
10847
Files already downloaded and verified
Into non-iid sampling
clients_sizes:[573, 766, 469, 733, 726, 766, 466, 320, 676, 410, 554, 546, 535, 512, 586, 396, 460, 448, 431, 474]
training set distribution:
[[  8   5  18   0  32  55  32   1  64   2   4  41   7   3  47  19   2   3
    0   6   0   3   5  14   6   4   9  50   0  11   3   0   2   0  38  12
   11   1  19   0   1   0   0   0   1  10   0   0   3   0   0   0   0   0
    1   0   2   2   0   0   1   0   2   0   2   4   0   0   0   0   0   0
    0   0   1   0   0   1   0   0   0   0   2   0   0   0   1   0   0   0
    0   0   0   0   0   1   1   0   0   0]
 [ 99   7  26  25  22   2  54  80   2  28  22  33   7  19 105   0   1   3
    4  13   2  26   9   3   0   4   4   4  37   0  18   1   2   6   5  16
    4   0  15  13   1   0   0   0   3   2   0   0   0   0   2   2   3   9
    1   0   2   0   2   1   0   0   3   0   0   0   0   0   0   7   0   0
    0   0   0   0   0   0   0   0   0   0   0   1   0   2   1   0   0   0
    0   2   0   1   0   0   0   0   0   0]
 [ 14  60   9  13   3  40   0   8   0   6  24  11  75  13  14   6  11   2
    2   7   0   0   0   0   0  10   0   4   0   3   7  10  11   3   5   0
    8   6   1   0   1   8   1   1   5   0   5   2   4   8   0   1   3   0
    2   1   1   1   3   3   2   2   0   0   0   0   0   0   0   0   2   0
    0   1   4   0   6   1   0   0   4   0   3   0   3   0   1   0   1   2
    0   0   0   0   0   0   0   1   0   0]
 [ 23  89  56   2  47   1   7   8  48  33   0  49   1  29   5  32   2  17
   76   5  13  10   0  12   0   0   2   0   9  19  16   2   0  18   2   0
    6   0   0   2   2   1  26   5  10   2   0   1   0   0   4   1   0   1
    1   0   0   0   0   1   3   0   0   8   3   2   0   1   3   0   1   0
    0   4   0   0   0   0   0   0   0   0   0   1   0   1   0   1   3   0
    3   0   1   0   2   0   0   0   0   0]
 [  9  95  66   3  48   7  41  15  36  24  65   1   2   1   0   2   4   8
    0   6  29   0   2  53   7   2  24  19  10  14   0   3   0  25   2   5
    0  30   3   0   4   0   4   7   7   4   0   0   8   4   3   1   0   0
    2   0   0   4   0   0   0   0   1   0   4   0   0   0   0   0   1   3
    1   0   0   1   0   0   2   1   0   0   1   0   0   0   1   0   0   0
    0   0   1   0   0   0   0   0   0   0]
 [ 22  45  14  67   2   2  54  10  18  22  47  12  10  71  16   1  52   4
    7   1  31  36  16   8  25  30   7   0   8   0   3   0   6   6   6  27
    0   0   0   0   4   0   0   0   2   5   4   5   9   1   5   3   3   0
    1   0   6  14   1   1   0   0   1   0   1   3   0   0   0   0   0   4
    1   2   0   0   0   1   0   1   1   0   0   0   0   0   0   0   0   0
    0   0   0   0   0   0   0   1   0   0]
 [  5   0   1  11  50   1  31  30  22  10   1   1   8   4   2   0   2   6
   31   0  15  46   1   7   9   1  18   0   0  10   5   0   7   2  24   2
    6   2   5  18   4   3   3   0   0   0   2   4   3   8   0   3   1   1
    0   2   4   3   0   0   0   6   0   2   0   2   0   2   0   2   3   0
    0   0   0   0   0   2   1   3   0   0   0   0   0   0   1   0   3   0
    0   0   0   2   0   0   1   0   0   1]
 [  0  19   5  26  11  14   5  14   2  11   1  12  20   2   7   6   0   0
    3   0  21   0   3   0   1   1  14   0   2  12   1   9   3   0   4   6
    1   1   5   0   2  10   1   4   1   2   6   0   2   2   1   4   3   1
    0  16   3   0   0   0   1   0   1   1   0   1   0   3   2   0   1   0
    0   1   1   2   0   1   1   2   0   0   1   0   0   0   0   0   0   0
    0   0   0   0   0   0   0   1   0   0]
 [ 44  21  72  58  46  20   1   1  52   0  37  46  14   5  10  11  17   8
    1   1   1   1   8  16  15  40   0   0   0  12   1  10   1   0   0   3
    9   0   5   3   6   5   6   2   7   0   0   5   0   0   2   1   0   0
    7  11   3   0   1   1   2   0   0   0   3   0   4   0   0   1   5   0
    1   0   0   0   0   0   1   0   2   1   0   0   0   0   2   2   0   1
    0   1   0   0   0   0   1   0   0   2]
 [  0  16   3   2  33  70   1  22   1   5  45   9   5   6   3   7   0  14
    7   5   8   5   2   0   1   4   2   5   0   0   1  12   1   7   0   2
    1   2  15  18   0   2   0   0   7  10   3   0   1   2   2   0   5   0
    1   0   7   0   2   0   0   1   0   0   0   0   1   0   0   0   3   1
    0   3   0   3   1   0   0   0   0   0   3   0   2   2   0   2   0   1
    0   1   0   1   0   1   0   0   0   2]
 [  0   0   0  28  16   3  89  14  43   6   9   7   0  12   0   2  62   0
    8  74   2   2   0  26   2   1   8   2   6   0   1   0   2   2   1   2
    5   1   1   0   8   2   0   1   4   7   0  18   0   2   1   0   0  13
    4   0   4   1   0   3   3   0   0   3   3   0   8   0   2   1   0   0
    9   1   2   3   0   1   4   0   1   0   0   1   0   2   0   0   0   0
    0   0   1   0   1   1   0   0   2   0]
 [ 90   0  30  51   5   0   4   3   1   5   1   1   8  11  23  84   0  23
    4   6   0   2   9   0   0   3   0   7   7  17   5   2  21   5   0   3
    0   2   0   2   0   0   0  10   0   1  13   3   0   7   1   2   3   1
    5   0   0   0   6   3   1   1   3   0   5  11   0  12   0   1   0   4
    1   0   4   0   0   0   0   0   1   0   0   3   0   0   0   1   0   1
    2   0   0   0   0   1   1   1   2   0]
 [  9  41   0  22   1  13   6   1   0  53  13   6  47  19   4   2   2  13
   10  15   3   0   0   0  67   8   7   2  37   0  35   0   0  11   0   4
    4   1   2   0   0   8   3   4   2   0   0   0   3   0   5   3   2   8
    5   1   0   5   1   0   1   0   3   0   2   0   0   0   7   0   0   2
    0   0   0   1   3   0   1   0   2   0   1   0   1   0   0   0   0   0
    0   1   0   0   1   0   1   0   0   0]
 [ 14  17   3  80   2  97  18   3   0  17   3   1  13  20   0   1   3   6
    0   0   1  24  40   6   2   1   2   8   0   7   5   1   0   2   1   0
    1   0   5   1  12   4   0  19   6   4   1   5   0   8   0   6   6   0
    2   3   0   0   1   5   0   1   1   6   0   0   0   0   0   1   1   2
    0   0   0   1   3   0   0   2   0   3   0   2   1   0   0   0   0   0
    0   0   1   0   0   0   0   0   0   0]
 [ 30  43   0  19   2   1  17 114   1  68   2   0   6   2   4   9   7  28
    0  11   2   0   7   2  11  12   5  14   9  12   3   2  10   7   0   2
    8   2   0   6  14   4   1   0   0   0  13   1   4   0   8   5   4   0
    6   0   0   4   0   0   2   7   7   2   0   1   2   0   2   3   0   2
    1   0   0   1   0   1   0   2   1   1   0   0   2   2   2   0   0   1
    0   0   0   0   0   1   0   0   1   0]
 [  3   5  43   6  25   7   1  18   0   8   2   2   7   0   0   1   0   0
   37  11   7   0   6   1   3   0  19   0   0   8   0  35  25   0   1  10
    4   0   1  11   6   0   0   4   4   8   5   0  11   9   2   3   0   2
    0   1   1   0   2   2   8   0   4   1   0   0   0   3   1   1   1   0
    0   2   1   2   0   1   0   0   0   3   0   0   0   0   0   0   0   0
    1   0   0   0   0   0   0   0   0   0]
 [ 19   2  21  13   2   0   8  10   1   3  15  15   4  12  17  10  27  40
    1   2   6   1  62  18   2  11  21   7   6   1   0   1   1   1   2   4
   24  15   1   0   2   0   4   1   0   0   2  10   0   0   1   3   4   5
    0   3   0   0   0   0   0   3   0   0   1   0   2   0   0   0   0   0
    0   0   1   0   1   2   3   1   0   0   0   1   1   0   0   0   0   0
    0   1   0   0   2   0   0   0   0   0]
 [  7   5   3   5  21  54   9   0  10   9  20  45  36  35   3  12  23   8
    1   7   0  24   0   4   6  20   6  10   1   0   0   2   0   0   5   0
    0  22   0   6   1   0   0   1   0   0   4   0   3   0   1   0   1   0
    0   0   0   1   0   0   0   6   0   0   1   0   0   0   0   0   0   0
    1   1   0   0   0   0   0   0   0   0   0   0   0   0   0   1   1   1
    1   1   1   1   0   0   0   1   0   0]
 [ 87   7  18   0  21   1   0   8   3   2   0   1   6   7   0  10   3  41
    4  35   2   7   7   0   1   2   0  10   3   1  17   2  20   0   0   0
    1   3   0   0   5  20  20   1   5   2   0   2   0   0   9   3   1   1
    2   0   1   0   1  11   1   1   0   3   0   0   3   1   0   3   1   0
    0   1   1   0   0   1   0   0   0   0   0   0   0   0   0   0   0   0
    0   0   0   0   0   1   0   0   0   0]
 [ 17   0  67   3  26   8   0   1  40  16   3   6  10   2   0  33  19   2
   20   1  54   1   2   1   5   2   1   0   0   2   2  26   0  12   6   0
    0   1   7   1   4   7   1   7   0   4   0   0   2   0   1   5   5   0
    0   0   2   0  13   1   5   1   1   0   0   0   3   0   4   0   0   0
    2   0   0   1   0   1   0   0   0   3   0   1   0   0   0   1   0   0
    0   0   1   1   0   0   0   0   0   0]]
Total size of training set
10847
local test distribution:
[[  7   4  16   0  29  50  29   0  59   1   3  37   6   2  43  17   1   2
    0   5   0   2   4  12   5   3   8  46   0  10   2   0   1   0  35  11
   10   0  17   0   0   0   0   0   0   9   0   0   2   0   0   0   0   0
    0   0   1   1   0   0   0   0   1   0   1   3   0   0   0   0   0   0
    0   0   0   0   0   0   0   0   0   0   1   0   0   0   0   0   0   0
    0   0   0   0   0   0   0   0   0   0]
 [ 91   6  23  23  20   1  49  73   1  25  20  30   6  17  96   0   0   2
    3  11   1  23   8   2   0   3   3   3  34   0  16   0   1   5   4  14
    3   0  13  11   0   0   0   0   2   1   0   0   0   0   1   1   2   8
    0   0   1   0   1   0   0   0   2   0   0   0   0   0   0   6   0   0
    0   0   0   0   0   0   0   0   0   0   0   0   0   1   0   0   0   0
    0   1   0   0   0   0   0   0   0   0]
 [ 12  55   8  11   2  36   0   7   0   5  22  10  69  11  12   5  10   1
    1   6   0   0   0   0   0   9   0   3   0   2   6   9  10   2   4   0
    7   5   0   0   0   7   0   0   4   0   4   1   3   7   0   0   2   0
    1   0   0   0   2   2   1   1   0   0   0   0   0   0   0   0   1   0
    0   0   3   0   5   0   0   0   3   0   2   0   2   0   0   0   0   1
    0   0   0   0   0   0   0   0   0   0]
 [ 21  82  51   1  43   0   6   7  44  30   0  45   0  26   4  29   1  15
   70   4  11   9   0  11   0   0   1   0   8  17  14   1   0  16   1   0
    5   0   0   1   1   0  23   4   9   1   0   0   0   0   3   0   0   0
    0   0   0   0   0   0   2   0   0   7   2   1   0   0   2   0   0   0
    0   3   0   0   0   0   0   0   0   0   0   0   0   0   0   0   2   0
    2   0   0   0   1   0   0   0   0   0]
 [  8  87  60   2  44   6  37  13  33  22  59   0   1   0   0   1   3   7
    0   5  26   0   1  48   6   1  22  17   9  12   0   2   0  23   1   4
    0  27   2   0   3   0   3   6   6   3   0   0   7   3   2   0   0   0
    1   0   0   3   0   0   0   0   0   0   3   0   0   0   0   0   0   2
    0   0   0   0   0   0   1   0   0   0   0   0   0   0   0   0   0   0
    0   0   0   0   0   0   0   0   0   0]
 [ 20  41  12  61   1   1  49   9  16  20  43  11   9  65  14   0  47   3
    6   0  28  33  14   7  23  27   6   0   7   0   2   0   5   5   5  24
    0   0   0   0   3   0   0   0   1   4   3   4   8   0   4   2   2   0
    0   0   5  12   0   0   0   0   0   0   0   2   0   0   0   0   0   3
    0   1   0   0   0   0   0   0   0   0   0   0   0   0   0   0   0   0
    0   0   0   0   0   0   0   0   0   0]
 [  4   0   0  10  46   0  28  27  20   9   0   0   7   3   1   0   1   5
   28   0  13  42   0   6   8   0  16   0   0   9   4   0   6   1  22   1
    5   1   4  16   3   2   2   0   0   0   1   3   2   7   0   2   0   0
    0   1   3   2   0   0   0   5   0   1   0   1   0   1   0   1   2   0
    0   0   0   0   0   1   0   2   0   0   0   0   0   0   0   0   2   0
    0   0   0   1   0   0   0   0   0   0]
 [  0  17   4  23  10  12   4  12   1  10   0  11  18   1   6   5   0   0
    2   0  19   0   2   0   0   0  12   0   1  11   0   8   2   0   3   5
    0   0   4   0   1   9   0   3   0   1   5   0   1   1   0   3   2   0
    0  14   2   0   0   0   0   0   0   0   0   0   0   2   1   0   0   0
    0   0   0   1   0   0   0   1   0   0   0   0   0   0   0   0   0   0
    0   0   0   0   0   0   0   0   0   0]
 [ 40  19  66  53  42  18   0   0  47   0  34  42  12   4   9  10  15   7
    0   0   0   0   7  14  13  36   0   0   0  11   0   9   0   0   0   2
    8   0   4   2   5   4   5   1   6   0   0   4   0   0   1   0   0   0
    6  10   2   0   0   0   1   0   0   0   2   0   3   0   0   0   4   0
    0   0   0   0   0   0   0   0   1   0   0   0   0   0   1   1   0   0
    0   0   0   0   0   0   0   0   0   1]
 [  0  14   2   1  30  64   0  20   0   4  41   8   4   5   2   6   0  12
    6   4   7   4   1   0   0   3   1   4   0   0   0  11   0   6   0   1
    0   1  13  16   0   1   0   0   6   9   2   0   0   1   1   0   4   0
    0   0   6   0   1   0   0   0   0   0   0   0   0   0   0   0   2   0
    0   2   0   2   0   0   0   0   0   0   2   0   1   1   0   1   0   0
    0   0   0   0   0   0   0   0   0   1]
 [  0   0   0  25  14   2  82  12  39   5   8   6   0  11   0   1  57   0
    7  68   1   1   0  23   1   0   7   1   5   0   0   0   1   1   0   1
    4   0   0   0   7   1   0   0   3   6   0  16   0   1   0   0   0  11
    3   0   3   0   0   2   2   0   0   2   2   0   7   0   1   0   0   0
    8   0   1   2   0   0   3   0   0   0   0   0   0   1   0   0   0   0
    0   0   0   0   0   0   0   0   1   0]
 [ 82   0  27  47   4   0   3   2   0   4   0   0   7  10  21  77   0  21
    3   5   0   1   8   0   0   2   0   6   6  15   4   1  19   4   0   2
    0   1   0   1   0   0   0   9   0   0  11   2   0   6   0   1   2   0
    4   0   0   0   5   2   0   0   2   0   4  10   0  11   0   0   0   3
    0   0   3   0   0   0   0   0   0   0   0   2   0   0   0   0   0   0
    1   0   0   0   0   0   0   0   1   0]
 [  8  37   0  20   0  11   5   0   0  48  11   5  43  17   3   1   1  11
    9  13   2   0   0   0  61   7   6   1  34   0  32   0   0  10   0   3
    3   0   1   0   0   7   2   3   1   0   0   0   2   0   4   2   1   7
    4   0   0   4   0   0   0   0   2   0   1   0   0   0   6   0   0   1
    0   0   0   0   2   0   0   0   1   0   0   0   0   0   0   0   0   0
    0   0   0   0   0   0   0   0   0   0]
 [ 12  15   2  73   1  89  16   2   0  15   2   0  11  18   0   0   2   5
    0   0   0  22  36   5   1   0   1   7   0   6   4   0   0   1   0   0
    0   0   4   0  11   3   0  17   5   3   0   4   0   7   0   5   5   0
    1   2   0   0   0   4   0   0   0   5   0   0   0   0   0   0   0   1
    0   0   0   0   2   0   0   1   0   2   0   1   0   0   0   0   0   0
    0   0   0   0   0   0   0   0   0   0]
 [ 27  39   0  17   1   0  15 105   0  62   1   0   5   1   3   8   6  25
    0  10   1   0   6   1  10  11   4  12   8  11   2   1   9   6   0   1
    7   1   0   5  12   3   0   0   0   0  11   0   3   0   7   4   3   0
    5   0   0   3   0   0   1   6   6   1   0   0   1   0   1   2   0   1
    0   0   0   0   0   0   0   1   0   0   0   0   1   1   1   0   0   0
    0   0   0   0   0   0   0   0   0   0]
 [  2   4  39   5  23   6   0  16   0   7   1   1   6   0   0   0   0   0
   34  10   6   0   5   0   2   0  17   0   0   7   0  32  23   0   0   9
    3   0   0  10   5   0   0   3   3   7   4   0  10   8   1   2   0   1
    0   0   0   0   1   1   7   0   3   0   0   0   0   2   0   0   0   0
    0   1   0   1   0   0   0   0   0   2   0   0   0   0   0   0   0   0
    0   0   0   0   0   0   0   0   0   0]
 [ 17   1  19  11   1   0   7   9   0   2  13  13   3  11  15   9  24  36
    0   1   5   0  57  16   1  10  19   6   5   0   0   0   0   0   1   3
   22  13   0   0   1   0   3   0   0   0   1   9   0   0   0   2   3   4
    0   2   0   0   0   0   0   2   0   0   0   0   1   0   0   0   0   0
    0   0   0   0   0   1   2   0   0   0   0   0   0   0   0   0   0   0
    0   0   0   0   1   0   0   0   0   0]
 [  6   4   2   4  19  49   8   0   9   8  18  41  33  32   2  11  21   7
    0   6   0  22   0   3   5  18   5   9   0   0   0   1   0   0   4   0
    0  20   0   5   0   0   0   0   0   0   3   0   2   0   0   0   0   0
    0   0   0   0   0   0   0   5   0   0   0   0   0   0   0   0   0   0
    0   0   0   0   0   0   0   0   0   0   0   0   0   0   0   0   0   0
    0   0   0   0   0   0   0   0   0   0]
 [ 80   6  16   0  19   0   0   7   2   1   0   0   5   6   0   9   2  37
    3  32   1   6   6   0   0   1   0   9   2   0  15   1  18   0   0   0
    0   2   0   0   4  18  18   0   4   1   0   1   0   0   8   2   0   0
    1   0   0   0   0  10   0   0   0   2   0   0   2   0   0   2   0   0
    0   0   0   0   0   0   0   0   0   0   0   0   0   0   0   0   0   0
    0   0   0   0   0   0   0   0   0   0]
 [ 15   0  61   2  23   7   0   0  36  14   2   5   9   1   0  30  17   1
   18   0  49   0   1   0   4   1   0   0   0   1   1  23   0  11   5   0
    0   0   6   0   3   6   0   6   0   3   0   0   1   0   0   4   4   0
    0   0   1   0  11   0   4   0   0   0   0   0   2   0   3   0   0   0
    1   0   0   0   0   0   0   0   0   2   0   0   0   0   0   0   0   0
    0   0   0   0   0   0   0   0   0   0]]
Total size of testing set
9199
[452 431 408 389 372 352 338 321 307 292 278 265 254 241 231 219 208 197
 190 180 170 165 156 148 140 132 128 124 119 112 102  99  95  91  85  81
  77  71  68  67  59  61  56  52  50  48  45  44  41  41  32  30  30  31
  26  29  24  25  21  21  18  19  16  18  15  17  16  16  14  11   9  11
   9   7   7   6   9   2   6   5   5   6   5   3   4   4   2   2   4   1
   3   1   0   1   2   0   0   0   2   2]
20

  0%|          | 0/500 [00:00<?, ?it/s]
  0%|          | 0/500 [03:21<?, ?it/s]
Traceback (most recent call last):
  File "/data/zikai/aapfl/pfed_lastest/fedrod_class_mean.py", line 355, in <module>
    acc_s2, global_3shot_acc = globaltest_class_mean_filter(copy.deepcopy(model).to(args.device), copy.deepcopy(g_head).to(args.device), dataset_test, class_means, args, dataset_class = datasetObj)
  File "/data/zikai/aapfl/pfed_lastest/util/update_baseline.py", line 1957, in globaltest_class_mean_filter
    outputs = g_head(new_g_head)
  File "/home/zikaixiao/anaconda3/lib/python3.9/site-packages/torch/nn/modules/module.py", line 1130, in _call_impl
    return forward_call(*input, **kwargs)
  File "/home/zikaixiao/anaconda3/lib/python3.9/site-packages/torch/nn/modules/linear.py", line 114, in forward
    return F.linear(input, self.weight, self.bias)
TypeError: linear(): argument 'input' (position 1) must be Tensor, not Linear
