nohup: ignoring input
./temp/fl_acc_cifar10_resnet18_cons_frac0.2_iidFalse_iter500_ep5_lr0.03_N40_10_seed3407_p1_dirichlet1.0_IF0.01_LossCE.txt
Files already downloaded and verified
[5000, 2997, 1796, 1077, 645, 387, 232, 139, 83, 50]
12406
Files already downloaded and verified
Into non-iid sampling
clients_sizes:[257, 284, 401, 688, 137, 360, 251, 282, 255, 443, 163, 390, 288, 184, 530, 169, 295, 376, 627, 386, 189, 195, 730, 261, 348, 298, 518, 126, 167, 240, 210, 195, 351, 229, 96, 224, 390, 483, 166, 224]
training set distribution:
[[127  47  21  36  13   3   0   9   1   0]
 [ 75  21 102  15   5  36  26   3   1   0]
 [150  95 109  11   0  16   6  14   0   0]
 [336  82 146  42  45  18  11   3   5   0]
 [ 57   4  53   7  12   0   1   2   1   0]
 [ 86 182  12  25   5  43   0   5   2   0]
 [119  56  48  14   1   1   5   1   3   3]
 [ 86  38  56  60  25   0  11   6   0   0]
 [111   1  39  64  28   5   5   1   1   0]
 [112 248  14   3  53   6   0   2   4   1]
 [ 29 100   0   8  11   1   3   9   1   1]
 [125 133  12  82  22   0   8   3   0   5]
 [172  78   3   3  11   7  13   0   0   1]
 [  5 159   4   1   8   1   5   1   0   0]
 [  7 275 188  29   5  15   1   5   1   4]
 [ 16  43  45  29   8   1  14   3   8   2]
 [160  63  38   0   7  14   6   5   2   0]
 [ 37  27 263  39   2   1   2   0   2   3]
 [401  90  28  56   8   8  32   0   1   3]
 [287   4  23  51  10   7   0   1   1   2]
 [  5  85  49  22   9  11   5   3   0   0]
 [  8  83  21  15   6  36   9  11   5   1]
 [347 225  56  40  47   4   1   7   3   0]
 [ 87  54  99   2   8   1   5   2   3   0]
 [242   1  14   6  45  18  12   2   8   0]
 [217  16  15   0  40   6   1   3   0   0]
 [413  41   5  22   2  25   3   3   4   0]
 [ 62  24   6   8  13   1   3   1   8   0]
 [ 61  12  14  37  19  15   0   5   0   4]
 [ 87  37  51  40   8   0  14   0   0   3]
 [ 43  37  36  22  53   7   6   2   4   0]
 [ 73 107   0   0   5   1   1   5   3   0]
 [ 80  74  39 132  18   2   2   0   4   0]
 [ 48  33 105  30   9   0   0   3   0   1]
 [ 14  22  13  16  12   2   0   5   5   7]
 [148  11   0  32  13  12   2   2   0   4]
 [305  17  16   9  22   5  12   2   1   1]
 [224 151  15  35  24  24   3   3   0   4]
 [ 26  82   1  17  11  21   1   6   1   0]
 [ 12 139  37  17   2  13   3   1   0   0]]
Total size of training set
12406
local test distribution:
[[102  37  16  29  10   2   0   7   0   0]
 [ 60  16  82  12   4  29  20   2   0   0]
 [120  76  87   8   0  12   4  11   0   0]
 [270  66 117  33  36  14   8   2   4   0]
 [ 45   3  42   5   9   0   0   1   0   0]
 [ 69 146   9  20   4  34   0   4   1   0]
 [ 95  45  38  11   0   0   4   0   2   2]
 [ 69  30  45  48  20   0   8   4   0   0]
 [ 89   0  31  51  22   4   4   0   0   0]
 [ 90 199  11   2  42   4   0   1   3   0]
 [ 23  80   0   6   8   0   2   7   0   0]
 [100 107   9  66  17   0   6   2   0   4]
 [138  62   2   2   8   5  10   0   0   0]
 [  4 128   3   0   6   0   4   0   0   0]
 [  5 221 151  23   4  12   0   4   0   3]
 [ 12  34  36  23   6   0  11   2   6   1]
 [128  50  30   0   5  11   4   4   1   0]
 [ 29  21 211  31   1   0   1   0   1   2]
 [323  72  22  45   6   6  25   0   0   2]
 [231   3  18  41   8   5   0   0   0   1]
 [  4  68  39  17   7   8   4   2   0   0]
 [  6  66  16  12   4  29   7   8   4   0]
 [279 181  45  32  37   3   0   5   2   0]
 [ 70  43  79   1   6   0   4   1   2   0]
 [195   0  11   4  36  14   9   1   6   0]
 [174  12  12   0  32   4   0   2   0   0]
 [332  33   4  17   1  20   2   2   3   0]
 [ 49  19   4   6  10   0   2   0   6   0]
 [ 49   9  11  29  15  12   0   4   0   3]
 [ 70  29  41  32   6   0  11   0   0   2]
 [ 34  29  29  17  42   5   4   1   3   0]
 [ 58  86   0   0   4   0   0   4   2   0]
 [ 64  59  31 106  14   1   1   0   3   0]
 [ 38  26  84  24   7   0   0   2   0   0]
 [ 11  17  10  12   9   1   0   4   4   5]
 [119   8   0  25  10   9   1   1   0   3]
 [245  13  12   7  17   4   9   1   0   0]
 [180 121  12  28  19  19   2   2   0   3]
 [ 20  66   0  13   8  16   0   4   0   0]
 [  9 112  29  13   1  10   2   0   0   0]]
Total size of testing set
9823
[4008 2393 1429  851  501  293  169   95   53   31]
40
  0%|          | 0/500 [00:00<?, ?it/s]