nohup: ignoring input
./temp/fl_acc_cifar100_resnet34_cons_frac0.2_iidFalse_iter500_ep5_lr0.03_N20_100_seed3407_p1_dirichlet0.5_IF0.01_LossCE.txt
Files already downloaded and verified
[500, 477, 455, 434, 415, 396, 378, 361, 344, 328, 314, 299, 286, 273, 260, 248, 237, 226, 216, 206, 197, 188, 179, 171, 163, 156, 149, 142, 135, 129, 123, 118, 112, 107, 102, 98, 93, 89, 85, 81, 77, 74, 70, 67, 64, 61, 58, 56, 53, 51, 48, 46, 44, 42, 40, 38, 36, 35, 33, 32, 30, 29, 27, 26, 25, 24, 23, 22, 21, 20, 19, 18, 17, 16, 15, 15, 14, 13, 13, 12, 12, 11, 11, 10, 10, 9, 9, 8, 8, 7, 7, 7, 6, 6, 6, 6, 5, 5, 5, 5]
10847
Files already downloaded and verified
Into non-iid sampling
clients_sizes:[573, 766, 469, 733, 726, 766, 466, 320, 676, 410, 554, 546, 535, 512, 586, 396, 460, 448, 431, 474]
training set distribution:
[[  8   5  18   0  32  55  32   1  64   2   4  41   7   3  47  19   2   3
    0   6   0   3   5  14   6   4   9  50   0  11   3   0   2   0  38  12
   11   1  19   0   1   0   0   0   1  10   0   0   3   0   0   0   0   0
    1   0   2   2   0   0   1   0   2   0   2   4   0   0   0   0   0   0
    0   0   1   0   0   1   0   0   0   0   2   0   0   0   1   0   0   0
    0   0   0   0   0   1   1   0   0   0]
 [ 99   7  26  25  22   2  54  80   2  28  22  33   7  19 105   0   1   3
    4  13   2  26   9   3   0   4   4   4  37   0  18   1   2   6   5  16
    4   0  15  13   1   0   0   0   3   2   0   0   0   0   2   2   3   9
    1   0   2   0   2   1   0   0   3   0   0   0   0   0   0   7   0   0
    0   0   0   0   0   0   0   0   0   0   0   1   0   2   1   0   0   0
    0   2   0   1   0   0   0   0   0   0]
 [ 14  60   9  13   3  40   0   8   0   6  24  11  75  13  14   6  11   2
    2   7   0   0   0   0   0  10   0   4   0   3   7  10  11   3   5   0
    8   6   1   0   1   8   1   1   5   0   5   2   4   8   0   1   3   0
    2   1   1   1   3   3   2   2   0   0   0   0   0   0   0   0   2   0
    0   1   4   0   6   1   0   0   4   0   3   0   3   0   1   0   1   2
    0   0   0   0   0   0   0   1   0   0]
 [ 23  89  56   2  47   1   7   8  48  33   0  49   1  29   5  32   2  17
   76   5  13  10   0  12   0   0   2   0   9  19  16   2   0  18   2   0
    6   0   0   2   2   1  26   5  10   2   0   1   0   0   4   1   0   1
    1   0   0   0   0   1   3   0   0   8   3   2   0   1   3   0   1   0
    0   4   0   0   0   0   0   0   0   0   0   1   0   1   0   1   3   0
    3   0   1   0   2   0   0   0   0   0]
 [  9  95  66   3  48   7  41  15  36  24  65   1   2   1   0   2   4   8
    0   6  29   0   2  53   7   2  24  19  10  14   0   3   0  25   2   5
    0  30   3   0   4   0   4   7   7   4   0   0   8   4   3   1   0   0
    2   0   0   4   0   0   0   0   1   0   4   0   0   0   0   0   1   3
    1   0   0   1   0   0   2   1   0   0   1   0   0   0   1   0   0   0
    0   0   1   0   0   0   0   0   0   0]
 [ 22  45  14  67   2   2  54  10  18  22  47  12  10  71  16   1  52   4
    7   1  31  36  16   8  25  30   7   0   8   0   3   0   6   6   6  27
    0   0   0   0   4   0   0   0   2   5   4   5   9   1   5   3   3   0
    1   0   6  14   1   1   0   0   1   0   1   3   0   0   0   0   0   4
    1   2   0   0   0   1   0   1   1   0   0   0   0   0   0   0   0   0
    0   0   0   0   0   0   0   1   0   0]
 [  5   0   1  11  50   1  31  30  22  10   1   1   8   4   2   0   2   6
   31   0  15  46   1   7   9   1  18   0   0  10   5   0   7   2  24   2
    6   2   5  18   4   3   3   0   0   0   2   4   3   8   0   3   1   1
    0   2   4   3   0   0   0   6   0   2   0   2   0   2   0   2   3   0
    0   0   0   0   0   2   1   3   0   0   0   0   0   0   1   0   3   0
    0   0   0   2   0   0   1   0   0   1]
 [  0  19   5  26  11  14   5  14   2  11   1  12  20   2   7   6   0   0
    3   0  21   0   3   0   1   1  14   0   2  12   1   9   3   0   4   6
    1   1   5   0   2  10   1   4   1   2   6   0   2   2   1   4   3   1
    0  16   3   0   0   0   1   0   1   1   0   1   0   3   2   0   1   0
    0   1   1   2   0   1   1   2   0   0   1   0   0   0   0   0   0   0
    0   0   0   0   0   0   0   1   0   0]
 [ 44  21  72  58  46  20   1   1  52   0  37  46  14   5  10  11  17   8
    1   1   1   1   8  16  15  40   0   0   0  12   1  10   1   0   0   3
    9   0   5   3   6   5   6   2   7   0   0   5   0   0   2   1   0   0
    7  11   3   0   1   1   2   0   0   0   3   0   4   0   0   1   5   0
    1   0   0   0   0   0   1   0   2   1   0   0   0   0   2   2   0   1
    0   1   0   0   0   0   1   0   0   2]
 [  0  16   3   2  33  70   1  22   1   5  45   9   5   6   3   7   0  14
    7   5   8   5   2   0   1   4   2   5   0   0   1  12   1   7   0   2
    1   2  15  18   0   2   0   0   7  10   3   0   1   2   2   0   5   0
    1   0   7   0   2   0   0   1   0   0   0   0   1   0   0   0   3   1
    0   3   0   3   1   0   0   0   0   0   3   0   2   2   0   2   0   1
    0   1   0   1   0   1   0   0   0   2]
 [  0   0   0  28  16   3  89  14  43   6   9   7   0  12   0   2  62   0
    8  74   2   2   0  26   2   1   8   2   6   0   1   0   2   2   1   2
    5   1   1   0   8   2   0   1   4   7   0  18   0   2   1   0   0  13
    4   0   4   1   0   3   3   0   0   3   3   0   8   0   2   1   0   0
    9   1   2   3   0   1   4   0   1   0   0   1   0   2   0   0   0   0
    0   0   1   0   1   1   0   0   2   0]
 [ 90   0  30  51   5   0   4   3   1   5   1   1   8  11  23  84   0  23
    4   6   0   2   9   0   0   3   0   7   7  17   5   2  21   5   0   3
    0   2   0   2   0   0   0  10   0   1  13   3   0   7   1   2   3   1
    5   0   0   0   6   3   1   1   3   0   5  11   0  12   0   1   0   4
    1   0   4   0   0   0   0   0   1   0   0   3   0   0   0   1   0   1
    2   0   0   0   0   1   1   1   2   0]
 [  9  41   0  22   1  13   6   1   0  53  13   6  47  19   4   2   2  13
   10  15   3   0   0   0  67   8   7   2  37   0  35   0   0  11   0   4
    4   1   2   0   0   8   3   4   2   0   0   0   3   0   5   3   2   8
    5   1   0   5   1   0   1   0   3   0   2   0   0   0   7   0   0   2
    0   0   0   1   3   0   1   0   2   0   1   0   1   0   0   0   0   0
    0   1   0   0   1   0   1   0   0   0]
 [ 14  17   3  80   2  97  18   3   0  17   3   1  13  20   0   1   3   6
    0   0   1  24  40   6   2   1   2   8   0   7   5   1   0   2   1   0
    1   0   5   1  12   4   0  19   6   4   1   5   0   8   0   6   6   0
    2   3   0   0   1   5   0   1   1   6   0   0   0   0   0   1   1   2
    0   0   0   1   3   0   0   2   0   3   0   2   1   0   0   0   0   0
    0   0   1   0   0   0   0   0   0   0]
 [ 30  43   0  19   2   1  17 114   1  68   2   0   6   2   4   9   7  28
    0  11   2   0   7   2  11  12   5  14   9  12   3   2  10   7   0   2
    8   2   0   6  14   4   1   0   0   0  13   1   4   0   8   5   4   0
    6   0   0   4   0   0   2   7   7   2   0   1   2   0   2   3   0   2
    1   0   0   1   0   1   0   2   1   1   0   0   2   2   2   0   0   1
    0   0   0   0   0   1   0   0   1   0]
 [  3   5  43   6  25   7   1  18   0   8   2   2   7   0   0   1   0   0
   37  11   7   0   6   1   3   0  19   0   0   8   0  35  25   0   1  10
    4   0   1  11   6   0   0   4   4   8   5   0  11   9   2   3   0   2
    0   1   1   0   2   2   8   0   4   1   0   0   0   3   1   1   1   0
    0   2   1   2   0   1   0   0   0   3   0   0   0   0   0   0   0   0
    1   0   0   0   0   0   0   0   0   0]
 [ 19   2  21  13   2   0   8  10   1   3  15  15   4  12  17  10  27  40
    1   2   6   1  62  18   2  11  21   7   6   1   0   1   1   1   2   4
   24  15   1   0   2   0   4   1   0   0   2  10   0   0   1   3   4   5
    0   3   0   0   0   0   0   3   0   0   1   0   2   0   0   0   0   0
    0   0   1   0   1   2   3   1   0   0   0   1   1   0   0   0   0   0
    0   1   0   0   2   0   0   0   0   0]
 [  7   5   3   5  21  54   9   0  10   9  20  45  36  35   3  12  23   8
    1   7   0  24   0   4   6  20   6  10   1   0   0   2   0   0   5   0
    0  22   0   6   1   0   0   1   0   0   4   0   3   0   1   0   1   0
    0   0   0   1   0   0   0   6   0   0   1   0   0   0   0   0   0   0
    1   1   0   0   0   0   0   0   0   0   0   0   0   0   0   1   1   1
    1   1   1   1   0   0   0   1   0   0]
 [ 87   7  18   0  21   1   0   8   3   2   0   1   6   7   0  10   3  41
    4  35   2   7   7   0   1   2   0  10   3   1  17   2  20   0   0   0
    1   3   0   0   5  20  20   1   5   2   0   2   0   0   9   3   1   1
    2   0   1   0   1  11   1   1   0   3   0   0   3   1   0   3   1   0
    0   1   1   0   0   1   0   0   0   0   0   0   0   0   0   0   0   0
    0   0   0   0   0   1   0   0   0   0]
 [ 17   0  67   3  26   8   0   1  40  16   3   6  10   2   0  33  19   2
   20   1  54   1   2   1   5   2   1   0   0   2   2  26   0  12   6   0
    0   1   7   1   4   7   1   7   0   4   0   0   2   0   1   5   5   0
    0   0   2   0  13   1   5   1   1   0   0   0   3   0   4   0   0   0
    2   0   0   1   0   1   0   0   0   3   0   1   0   0   0   1   0   0
    0   0   1   1   0   0   0   0   0   0]]
Total size of training set
10847
local test distribution:
[[  7   4  16   0  29  50  29   0  59   1   3  37   6   2  43  17   1   2
    0   5   0   2   4  12   5   3   8  46   0  10   2   0   1   0  35  11
   10   0  17   0   0   0   0   0   0   9   0   0   2   0   0   0   0   0
    0   0   1   1   0   0   0   0   1   0   1   3   0   0   0   0   0   0
    0   0   0   0   0   0   0   0   0   0   1   0   0   0   0   0   0   0
    0   0   0   0   0   0   0   0   0   0]
 [ 91   6  23  23  20   1  49  73   1  25  20  30   6  17  96   0   0   2
    3  11   1  23   8   2   0   3   3   3  34   0  16   0   1   5   4  14
    3   0  13  11   0   0   0   0   2   1   0   0   0   0   1   1   2   8
    0   0   1   0   1   0   0   0   2   0   0   0   0   0   0   6   0   0
    0   0   0   0   0   0   0   0   0   0   0   0   0   1   0   0   0   0
    0   1   0   0   0   0   0   0   0   0]
 [ 12  55   8  11   2  36   0   7   0   5  22  10  69  11  12   5  10   1
    1   6   0   0   0   0   0   9   0   3   0   2   6   9  10   2   4   0
    7   5   0   0   0   7   0   0   4   0   4   1   3   7   0   0   2   0
    1   0   0   0   2   2   1   1   0   0   0   0   0   0   0   0   1   0
    0   0   3   0   5   0   0   0   3   0   2   0   2   0   0   0   0   1
    0   0   0   0   0   0   0   0   0   0]
 [ 21  82  51   1  43   0   6   7  44  30   0  45   0  26   4  29   1  15
   70   4  11   9   0  11   0   0   1   0   8  17  14   1   0  16   1   0
    5   0   0   1   1   0  23   4   9   1   0   0   0   0   3   0   0   0
    0   0   0   0   0   0   2   0   0   7   2   1   0   0   2   0   0   0
    0   3   0   0   0   0   0   0   0   0   0   0   0   0   0   0   2   0
    2   0   0   0   1   0   0   0   0   0]
 [  8  87  60   2  44   6  37  13  33  22  59   0   1   0   0   1   3   7
    0   5  26   0   1  48   6   1  22  17   9  12   0   2   0  23   1   4
    0  27   2   0   3   0   3   6   6   3   0   0   7   3   2   0   0   0
    1   0   0   3   0   0   0   0   0   0   3   0   0   0   0   0   0   2
    0   0   0   0   0   0   1   0   0   0   0   0   0   0   0   0   0   0
    0   0   0   0   0   0   0   0   0   0]
 [ 20  41  12  61   1   1  49   9  16  20  43  11   9  65  14   0  47   3
    6   0  28  33  14   7  23  27   6   0   7   0   2   0   5   5   5  24
    0   0   0   0   3   0   0   0   1   4   3   4   8   0   4   2   2   0
    0   0   5  12   0   0   0   0   0   0   0   2   0   0   0   0   0   3
    0   1   0   0   0   0   0   0   0   0   0   0   0   0   0   0   0   0
    0   0   0   0   0   0   0   0   0   0]
 [  4   0   0  10  46   0  28  27  20   9   0   0   7   3   1   0   1   5
   28   0  13  42   0   6   8   0  16   0   0   9   4   0   6   1  22   1
    5   1   4  16   3   2   2   0   0   0   1   3   2   7   0   2   0   0
    0   1   3   2   0   0   0   5   0   1   0   1   0   1   0   1   2   0
    0   0   0   0   0   1   0   2   0   0   0   0   0   0   0   0   2   0
    0   0   0   1   0   0   0   0   0   0]
 [  0  17   4  23  10  12   4  12   1  10   0  11  18   1   6   5   0   0
    2   0  19   0   2   0   0   0  12   0   1  11   0   8   2   0   3   5
    0   0   4   0   1   9   0   3   0   1   5   0   1   1   0   3   2   0
    0  14   2   0   0   0   0   0   0   0   0   0   0   2   1   0   0   0
    0   0   0   1   0   0   0   1   0   0   0   0   0   0   0   0   0   0
    0   0   0   0   0   0   0   0   0   0]
 [ 40  19  66  53  42  18   0   0  47   0  34  42  12   4   9  10  15   7
    0   0   0   0   7  14  13  36   0   0   0  11   0   9   0   0   0   2
    8   0   4   2   5   4   5   1   6   0   0   4   0   0   1   0   0   0
    6  10   2   0   0   0   1   0   0   0   2   0   3   0   0   0   4   0
    0   0   0   0   0   0   0   0   1   0   0   0   0   0   1   1   0   0
    0   0   0   0   0   0   0   0   0   1]
 [  0  14   2   1  30  64   0  20   0   4  41   8   4   5   2   6   0  12
    6   4   7   4   1   0   0   3   1   4   0   0   0  11   0   6   0   1
    0   1  13  16   0   1   0   0   6   9   2   0   0   1   1   0   4   0
    0   0   6   0   1   0   0   0   0   0   0   0   0   0   0   0   2   0
    0   2   0   2   0   0   0   0   0   0   2   0   1   1   0   1   0   0
    0   0   0   0   0   0   0   0   0   1]
 [  0   0   0  25  14   2  82  12  39   5   8   6   0  11   0   1  57   0
    7  68   1   1   0  23   1   0   7   1   5   0   0   0   1   1   0   1
    4   0   0   0   7   1   0   0   3   6   0  16   0   1   0   0   0  11
    3   0   3   0   0   2   2   0   0   2   2   0   7   0   1   0   0   0
    8   0   1   2   0   0   3   0   0   0   0   0   0   1   0   0   0   0
    0   0   0   0   0   0   0   0   1   0]
 [ 82   0  27  47   4   0   3   2   0   4   0   0   7  10  21  77   0  21
    3   5   0   1   8   0   0   2   0   6   6  15   4   1  19   4   0   2
    0   1   0   1   0   0   0   9   0   0  11   2   0   6   0   1   2   0
    4   0   0   0   5   2   0   0   2   0   4  10   0  11   0   0   0   3
    0   0   3   0   0   0   0   0   0   0   0   2   0   0   0   0   0   0
    1   0   0   0   0   0   0   0   1   0]
 [  8  37   0  20   0  11   5   0   0  48  11   5  43  17   3   1   1  11
    9  13   2   0   0   0  61   7   6   1  34   0  32   0   0  10   0   3
    3   0   1   0   0   7   2   3   1   0   0   0   2   0   4   2   1   7
    4   0   0   4   0   0   0   0   2   0   1   0   0   0   6   0   0   1
    0   0   0   0   2   0   0   0   1   0   0   0   0   0   0   0   0   0
    0   0   0   0   0   0   0   0   0   0]
 [ 12  15   2  73   1  89  16   2   0  15   2   0  11  18   0   0   2   5
    0   0   0  22  36   5   1   0   1   7   0   6   4   0   0   1   0   0
    0   0   4   0  11   3   0  17   5   3   0   4   0   7   0   5   5   0
    1   2   0   0   0   4   0   0   0   5   0   0   0   0   0   0   0   1
    0   0   0   0   2   0   0   1   0   2   0   1   0   0   0   0   0   0
    0   0   0   0   0   0   0   0   0   0]
 [ 27  39   0  17   1   0  15 105   0  62   1   0   5   1   3   8   6  25
    0  10   1   0   6   1  10  11   4  12   8  11   2   1   9   6   0   1
    7   1   0   5  12   3   0   0   0   0  11   0   3   0   7   4   3   0
    5   0   0   3   0   0   1   6   6   1   0   0   1   0   1   2   0   1
    0   0   0   0   0   0   0   1   0   0   0   0   1   1   1   0   0   0
    0   0   0   0   0   0   0   0   0   0]
 [  2   4  39   5  23   6   0  16   0   7   1   1   6   0   0   0   0   0
   34  10   6   0   5   0   2   0  17   0   0   7   0  32  23   0   0   9
    3   0   0  10   5   0   0   3   3   7   4   0  10   8   1   2   0   1
    0   0   0   0   1   1   7   0   3   0   0   0   0   2   0   0   0   0
    0   1   0   1   0   0   0   0   0   2   0   0   0   0   0   0   0   0
    0   0   0   0   0   0   0   0   0   0]
 [ 17   1  19  11   1   0   7   9   0   2  13  13   3  11  15   9  24  36
    0   1   5   0  57  16   1  10  19   6   5   0   0   0   0   0   1   3
   22  13   0   0   1   0   3   0   0   0   1   9   0   0   0   2   3   4
    0   2   0   0   0   0   0   2   0   0   0   0   1   0   0   0   0   0
    0   0   0   0   0   1   2   0   0   0   0   0   0   0   0   0   0   0
    0   0   0   0   1   0   0   0   0   0]
 [  6   4   2   4  19  49   8   0   9   8  18  41  33  32   2  11  21   7
    0   6   0  22   0   3   5  18   5   9   0   0   0   1   0   0   4   0
    0  20   0   5   0   0   0   0   0   0   3   0   2   0   0   0   0   0
    0   0   0   0   0   0   0   5   0   0   0   0   0   0   0   0   0   0
    0   0   0   0   0   0   0   0   0   0   0   0   0   0   0   0   0   0
    0   0   0   0   0   0   0   0   0   0]
 [ 80   6  16   0  19   0   0   7   2   1   0   0   5   6   0   9   2  37
    3  32   1   6   6   0   0   1   0   9   2   0  15   1  18   0   0   0
    0   2   0   0   4  18  18   0   4   1   0   1   0   0   8   2   0   0
    1   0   0   0   0  10   0   0   0   2   0   0   2   0   0   2   0   0
    0   0   0   0   0   0   0   0   0   0   0   0   0   0   0   0   0   0
    0   0   0   0   0   0   0   0   0   0]
 [ 15   0  61   2  23   7   0   0  36  14   2   5   9   1   0  30  17   1
   18   0  49   0   1   0   4   1   0   0   0   1   1  23   0  11   5   0
    0   0   6   0   3   6   0   6   0   3   0   0   1   0   0   4   4   0
    0   0   1   0  11   0   4   0   0   0   0   0   2   0   3   0   0   0
    1   0   0   0   0   0   0   0   0   2   0   0   0   0   0   0   0   0
    0   0   0   0   0   0   0   0   0   0]]
Total size of testing set
9199
[452 431 408 389 372 352 338 321 307 292 278 265 254 241 231 219 208 197
 190 180 170 165 156 148 140 132 128 124 119 112 102  99  95  91  85  81
  77  71  68  67  59  61  56  52  50  48  45  44  41  41  32  30  30  31
  26  29  24  25  21  21  18  19  16  18  15  17  16  16  14  11   9  11
   9   7   7   6   9   2   6   5   5   6   5   3   4   4   2   2   4   1
   3   1   0   1   2   0   0   0   2   2]
20
  0%|          | 0/500 [00:00<?, ?it/s]  0%|          | 1/500 [04:29<37:21:28, 269.52s/it]  0%|          | 2/500 [08:46<36:17:25, 262.34s/it]3shot of client 0:head:0.04497354497354497, middle:0.0, tail0.0
3shot of client 1:head:0.1893491124260355, middle:0.0, tail0.0
3shot of client 2:head:0.23154362416107382, middle:0.0, tail0.0
3shot of client 3:head:0.0, middle:0.047619047619047616, tail0.0
3shot of client 4:head:0.07581967213114754, middle:0.0, tail0.0
3shot of client 5:head:0.0958904109589041, middle:0.0, tail0.0
3shot of client 6:head:0.09523809523809523, middle:0.0, tail0.0
3shot of client 7:head:0.11979166666666667, middle:0.0, tail0.0
3shot of client 8:head:0.12072892938496584, middle:0.0, tail0.0
3shot of client 9:head:0.0, middle:0.058823529411764705, tail0.0
3shot of client 10:head:0.22905027932960895, middle:0.0, tail0.0
3shot of client 11:head:0.21937321937321938, middle:0.0, tail0.0
3shot of client 12:head:0.13793103448275862, middle:0.0, tail0.0
3shot of client 13:head:0.04938271604938271, middle:0.0, tail0.0
3shot of client 14:head:0.16711590296495957, middle:0.0, tail0.0
3shot of client 15:head:0.15476190476190477, middle:0.0, tail0.0
3shot of client 16:head:0.19256756756756757, middle:0.0, tail0.0
3shot of client 17:head:0.16723549488054607, middle:0.0, tail0.0
3shot of client 18:head:0.13602941176470587, middle:0.0, tail0.0
3shot of client 19:head:0.12121212121212122, middle:0.0, tail0.0
round 0, local average test acc  0.0983 

round 0, local macro average F1 score  0.0042 

round 0, local weighted average F1 score  0.0215 

round 0, global test acc  0.0100 

round 0, average 3shot acc: [head: 0.1274, middle: 0.0053, tail: 0.0000] 

round 0, global 3shot acc: [head: 0.0370, middle: 0.0000, tail: 0.0000] 

l_head tensor([0.7018, 0.6255, 0.7981, 0.5777, 0.8337, 1.0515, 0.8032, 0.5967, 1.1273,
        0.6012, 0.6412, 0.9973, 0.7475, 0.5910, 0.8363, 0.7752, 0.6195, 0.6505,
        0.5897, 0.6666, 0.6001, 0.6416, 0.6779, 0.8558, 0.8563, 0.6427, 0.6703,
        0.8919, 0.5949, 0.7300, 0.5991, 0.5943, 0.6544, 0.6006, 0.8545, 0.6473,
        0.7409, 0.6157, 0.7240, 0.6093, 0.6078, 0.5885, 0.5922, 0.5994, 0.5795,
        0.7099, 0.5781, 0.5993, 0.5832, 0.6031, 0.5812, 0.5863, 0.5928, 0.5846,
        0.6107, 0.5793, 0.5894, 0.5911, 0.5875, 0.5723, 0.5950, 0.6002, 0.5869,
        0.5945, 0.6135, 0.6713, 0.5953, 0.5887, 0.6000, 0.5945, 0.5934, 0.5689,
        0.5714, 0.5740, 0.5860, 0.5940, 0.6027, 0.6048, 0.5990, 0.5825, 0.5863,
        0.5836, 0.6501, 0.5980, 0.5898, 0.5913, 0.6151, 0.5953, 0.5946, 0.5971,
        0.5915, 0.5927, 0.5960, 0.5770, 0.5928, 0.5978, 0.6138, 0.5843, 0.5918,
        0.5983], device='cuda:3', grad_fn=<NormBackward1>)
g_aux tensor([0.6010, 0.6298, 0.6280, 0.6258, 0.5863, 0.5963, 0.6097, 0.6065, 0.6178,
        0.6211, 0.5858, 0.6033, 0.5896, 0.5835, 0.5901, 0.5785, 0.6133, 0.5852,
        0.5751, 0.5930, 0.6015, 0.5862, 0.5800, 0.5912, 0.5773, 0.5919, 0.5718,
        0.5638, 0.5871, 0.5791, 0.5859, 0.5937, 0.5874, 0.5684, 0.5773, 0.5943,
        0.5892, 0.5800, 0.5772, 0.5899, 0.5773, 0.5598, 0.5759, 0.5823, 0.5813,
        0.5921, 0.5852, 0.5708, 0.5643, 0.5834, 0.5903, 0.5813, 0.5664, 0.5788,
        0.5801, 0.6016, 0.5693, 0.5662, 0.5751, 0.5921, 0.5664, 0.5810, 0.5780,
        0.5758, 0.5764, 0.5873, 0.5718, 0.5831, 0.5821, 0.5779, 0.5906, 0.5924,
        0.5630, 0.5803, 0.5765, 0.5881, 0.5900, 0.5736, 0.5633, 0.5900, 0.5799,
        0.5623, 0.5856, 0.5781, 0.5863, 0.5831, 0.5769, 0.5866, 0.5748, 0.5948,
        0.5747, 0.5606, 0.5644, 0.5905, 0.5856, 0.5856, 0.5799, 0.5698, 0.5899,
        0.5778], device='cuda:3', grad_fn=<NormBackward1>)
3shot of client 0:head:0.15608465608465608, middle:0.0, tail0.0
3shot of client 1:head:0.03944773175542406, middle:0.0, tail0.0
3shot of client 2:head:0.0738255033557047, middle:0.0, tail0.0
3shot of client 3:head:0.05405405405405406, middle:0.0, tail0.0
3shot of client 4:head:0.17827868852459017, middle:0.0, tail0.0
3shot of client 5:head:0.08414872798434442, middle:0.0, tail0.0
3shot of client 6:head:0.07482993197278912, middle:0.0, tail0.0
3shot of client 7:head:0.052083333333333336, middle:0.0, tail0.0
3shot of client 8:head:0.12072892938496584, middle:0.0, tail0.0
3shot of client 9:head:0.0, middle:0.08823529411764706, tail0.0
3shot of client 10:head:0.22905027932960895, middle:0.0, tail0.0
3shot of client 11:head:0.03133903133903134, middle:0.0, tail0.0
3shot of client 12:head:0.05747126436781609, middle:0.0, tail0.0
3shot of client 13:head:0.27469135802469136, middle:0.0, tail0.0
3shot of client 14:head:0.07277628032345014, middle:0.0, tail0.0
3shot of client 15:head:0.12698412698412698, middle:0.0, tail0.0
3shot of client 16:head:0.06418918918918919, middle:0.0, tail0.0
3shot of client 17:head:0.16723549488054607, middle:0.0, tail0.0
3shot of client 18:head:0.06985294117647059, middle:0.0, tail0.0
3shot of client 19:head:0.2053872053872054, middle:0.0, tail0.0
round 1, local average test acc  0.0821 

round 1, local macro average F1 score  0.0035 

round 1, local weighted average F1 score  0.0159 

round 1, global test acc  0.0081 

round 1, average 3shot acc: [head: 0.1066, middle: 0.0044, tail: 0.0000] 

round 1, global 3shot acc: [head: 0.0300, middle: 0.0000, tail: 0.0000] 

l_head tensor([0.8249, 0.6592, 1.0005, 0.5833, 1.0405, 1.4825, 1.0482, 0.6231, 1.6693,
        0.6180, 0.7140, 1.3416, 0.7899, 0.6102, 1.1807, 0.9325, 0.6718, 0.6720,
        0.5955, 0.6899, 0.6057, 0.7013, 0.7532, 0.9899, 0.8787, 0.6800, 0.7712,
        1.2708, 0.6003, 0.8633, 0.6301, 0.5995, 0.7035, 0.6062, 1.1776, 0.8079,
        0.8310, 0.6423, 0.8440, 0.6147, 0.6886, 0.5940, 0.5979, 0.6042, 0.6026,
        0.7639, 0.5842, 0.6049, 0.6400, 0.6080, 0.5865, 0.5920, 0.5985, 0.5896,
        0.6120, 0.5843, 0.6071, 0.6187, 0.5933, 0.5778, 0.6397, 0.6054, 0.6435,
        0.6001, 0.6031, 0.7140, 0.6007, 0.5938, 0.6052, 0.5999, 0.5986, 0.5743,
        0.5769, 0.5796, 0.6228, 0.5995, 0.6081, 0.6108, 0.6046, 0.5879, 0.5920,
        0.5894, 0.6763, 0.6038, 0.5953, 0.5963, 0.6373, 0.6008, 0.6003, 0.6023,
        0.5968, 0.5976, 0.6009, 0.5827, 0.5981, 0.6258, 0.6426, 0.5896, 0.5972,
        0.6034], device='cuda:3', grad_fn=<NormBackward1>)
g_aux tensor([0.6252, 0.6857, 0.6823, 0.6841, 0.6328, 0.6563, 0.6337, 0.6398, 0.6627,
        0.6762, 0.6435, 0.6390, 0.6531, 0.6072, 0.6242, 0.5923, 0.6412, 0.6155,
        0.5928, 0.5860, 0.6414, 0.6035, 0.5898, 0.6116, 0.6057, 0.6054, 0.5909,
        0.5723, 0.5977, 0.5874, 0.5974, 0.6063, 0.5993, 0.5811, 0.5895, 0.6009,
        0.5890, 0.5864, 0.5815, 0.5926, 0.5790, 0.5643, 0.5797, 0.5818, 0.5830,
        0.5925, 0.5835, 0.5731, 0.5676, 0.5928, 0.5876, 0.5852, 0.5689, 0.5802,
        0.5808, 0.6029, 0.5693, 0.5655, 0.5756, 0.5899, 0.5746, 0.5805, 0.5782,
        0.5807, 0.5797, 0.5873, 0.5717, 0.5846, 0.5880, 0.5763, 0.5875, 0.5942,
        0.5667, 0.5789, 0.5774, 0.5896, 0.5876, 0.5733, 0.5655, 0.5886, 0.5790,
        0.5633, 0.5845, 0.5840, 0.5847, 0.5893, 0.5791, 0.5874, 0.5748, 0.5952,
        0.5770, 0.5598, 0.5660, 0.5916, 0.5867, 0.5884, 0.5814, 0.5681, 0.5937,
        0.5819], device='cuda:3', grad_fn=<NormBackward1>)
3shot of client 0:head:0.0026455026455026454, middle:0.05319148936170213, tail0.0
3shot of client 1:head:0.19723865877712032, middle:0.0, tail0.0
3shot of client 2:head:0.12080536912751678, middle:0.0, tail0.0
3shot of client 3:head:0.14553014553014554, middle:0.0, tail0.0
3shot of client 4:head:0.06762295081967214, middle:0.0, tail0.0
3shot of client 5:head:0.13894324853228962, middle:0.0, tail0.0
3shot of client 6:head:0.09523809523809523, middle:0.0, tail0.0
3shot of client 7:head:0.0625, middle:0.0, tail0.0
3shot of client 8:head:0.15034168564920272, middle:0.0, tail0.0
3shot of client 9:head:0.11952191235059761, middle:0.0, tail0.0
3shot of client 10:head:0.13687150837988826, middle:0.023255813953488372, tail0.0
3shot of client 11:head:0.05982905982905983, middle:0.0, tail0.0
3shot of client 12:head:0.0, middle:0.10714285714285714, tail0.0
3shot of client 13:head:0.22530864197530864, middle:0.0, tail0.0
3shot of client 14:head:0.2695417789757412, middle:0.0, tail0.0
3shot of client 15:head:0.1349206349206349, middle:0.016129032258064516, tail0.0
3shot of client 16:head:0.06418918918918919, middle:0.0, tail0.0
  1%|          | 3/500 [13:09<36:14:45, 262.55s/it]  1%|          | 4/500 [17:31<36:08:58, 262.38s/it]3shot of client 17:head:0.13993174061433447, middle:0.0, tail0.0
3shot of client 18:head:0.11764705882352941, middle:0.0, tail0.0
3shot of client 19:head:0.05723905723905724, middle:0.0, tail0.0
round 2, local average test acc  0.0895 

round 2, local macro average F1 score  0.0043 

round 2, local weighted average F1 score  0.0188 

round 2, global test acc  0.0100 

round 2, average 3shot acc: [head: 0.1153, middle: 0.0100, tail: 0.0000] 

round 2, global 3shot acc: [head: 0.0370, middle: 0.0000, tail: 0.0000] 

l_head tensor([0.9153, 0.6865, 1.1260, 0.5856, 1.2331, 1.8440, 1.3109, 0.6184, 2.0230,
        0.6295, 0.7530, 1.6513, 0.8797, 0.6490, 1.5303, 1.0191, 0.6929, 0.7581,
        0.5977, 0.8094, 0.6078, 0.7261, 0.8315, 1.1551, 0.9550, 0.7235, 0.8181,
        1.6092, 0.6023, 0.9623, 0.6734, 0.6016, 0.6905, 0.6085, 1.4885, 0.9179,
        0.9111, 0.6434, 0.9677, 0.6168, 0.7671, 0.5962, 0.6001, 0.6060, 0.6270,
        0.8616, 0.5863, 0.6072, 0.6363, 0.6099, 0.5888, 0.5940, 0.6001, 0.5916,
        0.6260, 0.5861, 0.6280, 0.6824, 0.5954, 0.5801, 0.6890, 0.6074, 0.6567,
        0.6024, 0.6457, 0.7677, 0.6026, 0.5956, 0.6071, 0.6020, 0.6007, 0.5764,
        0.5791, 0.5819, 0.6398, 0.6018, 0.6103, 0.6360, 0.6067, 0.5897, 0.5942,
        0.5917, 0.7208, 0.6059, 0.5976, 0.5982, 0.6581, 0.6028, 0.6025, 0.6043,
        0.5987, 0.5993, 0.6026, 0.5850, 0.6002, 0.6233, 0.6783, 0.5914, 0.5993,
        0.6053], device='cuda:3', grad_fn=<NormBackward1>)
g_aux tensor([0.6685, 0.7533, 0.7736, 0.7693, 0.7132, 0.7262, 0.6931, 0.7058, 0.7382,
        0.7382, 0.7053, 0.7041, 0.7150, 0.6481, 0.6639, 0.6171, 0.6726, 0.6717,
        0.6240, 0.6051, 0.6869, 0.6267, 0.6166, 0.6454, 0.6439, 0.6304, 0.6151,
        0.5861, 0.6087, 0.6009, 0.6185, 0.6222, 0.6046, 0.5989, 0.5939, 0.6096,
        0.5990, 0.5969, 0.5880, 0.5983, 0.5889, 0.5720, 0.5827, 0.5902, 0.5882,
        0.5981, 0.5881, 0.5818, 0.5714, 0.6185, 0.5904, 0.5890, 0.5781, 0.5889,
        0.5827, 0.6023, 0.5720, 0.5666, 0.5782, 0.5923, 0.5902, 0.5797, 0.5855,
        0.5814, 0.5825, 0.5875, 0.5714, 0.5867, 0.5907, 0.5737, 0.5866, 0.6017,
        0.5689, 0.5832, 0.5775, 0.5898, 0.5921, 0.5737, 0.5667, 0.5915, 0.5806,
        0.5620, 0.5851, 0.5871, 0.5854, 0.5904, 0.5810, 0.5863, 0.5742, 0.5951,
        0.5759, 0.5610, 0.5672, 0.5934, 0.5843, 0.5907, 0.5855, 0.5689, 0.5952,
        0.5837], device='cuda:3', grad_fn=<NormBackward1>)
3shot of client 0:head:0.13227513227513227, middle:0.0, tail0.0
3shot of client 1:head:0.14792899408284024, middle:0.0, tail0.0
3shot of client 2:head:0.2751677852348993, middle:0.0, tail0.0
3shot of client 3:head:0.12681912681912683, middle:0.0, tail0.0
3shot of client 4:head:0.09016393442622951, middle:0.0, tail0.0
3shot of client 5:head:0.09197651663405088, middle:0.0, tail0.0
3shot of client 6:head:0.1564625850340136, middle:0.0, tail0.0
3shot of client 7:head:0.0625, middle:0.0, tail0.0
3shot of client 8:head:0.11845102505694761, middle:0.0, tail0.0
3shot of client 9:head:0.0796812749003984, middle:0.014705882352941176, tail0.0
3shot of client 10:head:0.22905027932960895, middle:0.0, tail0.0
3shot of client 11:head:0.05413105413105413, middle:0.0, tail0.0
3shot of client 12:head:0.20114942528735633, middle:0.0, tail0.0
3shot of client 13:head:0.27469135802469136, middle:0.0, tail0.0
3shot of client 14:head:0.05390835579514825, middle:0.042105263157894736, tail0.0
3shot of client 15:head:0.1388888888888889, middle:0.016129032258064516, tail0.0
3shot of client 16:head:0.0, middle:0.1323529411764706, tail0.0
3shot of client 17:head:0.16723549488054607, middle:0.0, tail0.0
3shot of client 18:head:0.28308823529411764, middle:0.0, tail0.058823529411764705
3shot of client 19:head:0.1111111111111111, middle:0.0, tail0.0
round 3, local average test acc  0.1083 

round 3, local macro average F1 score  0.0083 

round 3, local weighted average F1 score  0.0444 

round 3, global test acc  0.0136 

round 3, average 3shot acc: [head: 0.1397, middle: 0.0103, tail: 0.0029] 

round 3, global 3shot acc: [head: 0.0504, middle: 0.0000, tail: 0.0000] 

l_head tensor([0.9996, 0.7627, 1.2678, 0.5874, 1.4166, 2.1194, 1.5371, 0.6310, 2.3250,
        0.6365, 0.8153, 1.8801, 0.9874, 0.6699, 1.8148, 1.1649, 0.6997, 0.8129,
        0.5992, 0.8433, 0.6094, 0.7030, 0.8653, 1.3063, 1.0693, 0.7669, 0.8895,
        1.8736, 0.6039, 1.0084, 0.7126, 0.6033, 0.7134, 0.6101, 1.7244, 1.0481,
        1.0089, 0.6602, 1.1596, 0.6185, 0.8077, 0.5975, 0.6019, 0.6072, 0.6463,
        0.8922, 0.5878, 0.6088, 0.6630, 0.6112, 0.5903, 0.5956, 0.6016, 0.5932,
        0.6460, 0.5876, 0.6553, 0.7570, 0.5970, 0.5819, 0.6933, 0.6090, 0.6730,
        0.6042, 0.6372, 0.7965, 0.6039, 0.5969, 0.6084, 0.6037, 0.6023, 0.5780,
        0.5806, 0.5838, 0.6493, 0.6034, 0.6119, 0.6511, 0.6082, 0.5912, 0.5958,
        0.5932, 0.8002, 0.6075, 0.5994, 0.5997, 0.6792, 0.6042, 0.6043, 0.6058,
        0.6002, 0.6006, 0.6037, 0.5868, 0.6018, 0.6419, 0.6609, 0.5927, 0.6010,
        0.6069], device='cuda:3', grad_fn=<NormBackward1>)
g_aux tensor([0.7363, 0.8641, 0.8410, 0.8589, 0.8020, 0.8034, 0.7750, 0.7761, 0.8179,
        0.8105, 0.7858, 0.7472, 0.7942, 0.6940, 0.7012, 0.6478, 0.7184, 0.7448,
        0.6549, 0.6328, 0.7411, 0.6569, 0.6474, 0.7018, 0.6893, 0.6662, 0.6432,
        0.6121, 0.6298, 0.6239, 0.6574, 0.6490, 0.6206, 0.6164, 0.6025, 0.6180,
        0.6142, 0.6111, 0.6008, 0.6136, 0.5999, 0.5826, 0.5909, 0.5990, 0.5990,
        0.6033, 0.5876, 0.5924, 0.5776, 0.6543, 0.5930, 0.5979, 0.5901, 0.6007,
        0.5836, 0.6099, 0.5718, 0.5688, 0.5806, 0.5998, 0.6129, 0.5801, 0.5892,
        0.5852, 0.5878, 0.5856, 0.5730, 0.5903, 0.5956, 0.5731, 0.5898, 0.6123,
        0.5675, 0.5870, 0.5785, 0.5901, 0.5963, 0.5732, 0.5686, 0.5943, 0.5791,
        0.5609, 0.5880, 0.5910, 0.5874, 0.5920, 0.5840, 0.5882, 0.5754, 0.5961,
        0.5777, 0.5615, 0.5682, 0.5942, 0.5861, 0.5952, 0.5878, 0.5691, 0.5936,
        0.5861], device='cuda:3', grad_fn=<NormBackward1>)
3shot of client 0:head:0.2275132275132275, middle:0.0, tail0.0
3shot of client 1:head:0.2564102564102564, middle:0.0, tail0.0
3shot of client 2:head:0.29194630872483224, middle:0.013157894736842105, tail0.0
3shot of client 3:head:0.20582120582120583, middle:0.047619047619047616, tail0.0
3shot of client 4:head:0.22540983606557377, middle:0.0, tail0.0
3shot of client 5:head:0.17221135029354206, middle:0.0, tail0.0
3shot of client 6:head:0.1564625850340136, middle:0.04, tail0.0
3shot of client 7:head:0.125, middle:0.0, tail0.0
3shot of client 8:head:0.08428246013667426, middle:0.05982905982905983, tail0.0
3shot of client 9:head:0.05179282868525897, middle:0.0, tail0.0
3shot of client 10:head:0.2011173184357542, middle:0.0, tail0.0
3shot of client 11:head:0.21937321937321938, middle:0.0, tail0.0
3shot of client 12:head:0.21264367816091953, middle:0.03571428571428571, tail0.0
3shot of client 13:head:0.345679012345679, middle:0.0, tail0.0
3shot of client 14:head:0.2803234501347709, middle:0.0, tail0.0
3shot of client 15:head:0.15079365079365079, middle:0.0, tail0.0
3shot of client 16:head:0.21283783783783783, middle:0.0, tail0.0
3shot of client 17:head:0.12627986348122866, middle:0.041666666666666664, tail0.0
3shot of client 18:head:0.1875, middle:0.0, tail0.0
3shot of client 19:head:0.05387205387205387, middle:0.0375, tail0.0
round 4, local average test acc  0.1470 

round 4, local macro average F1 score  0.0194 

round 4, local weighted average F1 score  0.0768 

round 4, global test acc  0.0174 

round 4, average 3shot acc: [head: 0.1894, middle: 0.0138, tail: 0.0000] 

round 4, global 3shot acc: [head: 0.0644, middle: 0.0000, tail: 0.0000] 

l_head   1%|          | 5/500 [21:54<36:05:55, 262.54s/it]  1%|          | 6/500 [26:15<35:56:42, 261.95s/it]tensor([1.1343, 0.7878, 1.4731, 0.5881, 1.6178, 2.2658, 1.6928, 0.6844, 2.5357,
        0.6847, 0.8215, 2.0415, 1.0866, 0.7267, 2.0784, 1.3082, 0.7283, 0.8644,
        0.5997, 0.9061, 0.6099, 0.7326, 0.9412, 1.4113, 1.1326, 0.8227, 0.9800,
        2.1589, 0.6044, 1.0554, 0.7679, 0.6038, 0.7612, 0.6107, 1.8863, 1.1669,
        1.1087, 0.7258, 1.2978, 0.6191, 0.8377, 0.5979, 0.6025, 0.6077, 0.6768,
        0.9993, 0.5884, 0.6095, 0.7915, 0.6117, 0.5909, 0.5961, 0.6021, 0.5937,
        0.6607, 0.5881, 0.7348, 0.7962, 0.5975, 0.5825, 0.7433, 0.6095, 0.7712,
        0.6049, 0.6567, 0.8460, 0.6044, 0.5974, 0.6089, 0.6042, 0.6028, 0.5785,
        0.5811, 0.5845, 0.7114, 0.6040, 0.6125, 0.6772, 0.6088, 0.5916, 0.5963,
        0.5938, 0.8872, 0.6080, 0.6000, 0.6002, 0.6909, 0.6047, 0.6048, 0.6063,
        0.6007, 0.6010, 0.6041, 0.5873, 0.6023, 0.7008, 0.6832, 0.5932, 0.6015,
        0.6073], device='cuda:3', grad_fn=<NormBackward1>)
g_aux tensor([0.7996, 1.0124, 0.9226, 0.9555, 0.8854, 0.8565, 0.8684, 0.8453, 0.9236,
        0.8748, 0.8811, 0.8125, 0.8654, 0.7607, 0.7613, 0.6962, 0.7833, 0.8270,
        0.7108, 0.6799, 0.8077, 0.6970, 0.6745, 0.7704, 0.7508, 0.7030, 0.6654,
        0.6384, 0.6501, 0.6468, 0.7151, 0.6866, 0.6297, 0.6502, 0.6203, 0.6341,
        0.6372, 0.6233, 0.6177, 0.6339, 0.6148, 0.5900, 0.6043, 0.6153, 0.6149,
        0.6111, 0.5967, 0.6100, 0.5854, 0.6880, 0.5984, 0.6048, 0.6102, 0.6139,
        0.5915, 0.6140, 0.5723, 0.5741, 0.5847, 0.6110, 0.6406, 0.5835, 0.5973,
        0.5912, 0.5957, 0.5852, 0.5782, 0.5946, 0.5990, 0.5758, 0.5995, 0.6227,
        0.5691, 0.5965, 0.5808, 0.5906, 0.5999, 0.5738, 0.5691, 0.5961, 0.5783,
        0.5574, 0.5894, 0.5937, 0.5872, 0.5929, 0.5880, 0.5862, 0.5755, 0.5956,
        0.5811, 0.5611, 0.5711, 0.5942, 0.5854, 0.5990, 0.5886, 0.5666, 0.5910,
        0.5878], device='cuda:3', grad_fn=<NormBackward1>)
3shot of client 0:head:0.12698412698412698, middle:0.10638297872340426, tail0.0
3shot of client 1:head:0.34516765285996054, middle:0.109375, tail0.0
3shot of client 2:head:0.2953020134228188, middle:0.0, tail0.0
3shot of client 3:head:0.26195426195426197, middle:0.03968253968253968, tail0.0
3shot of client 4:head:0.19672131147540983, middle:0.017391304347826087, tail0.0
3shot of client 5:head:0.1780821917808219, middle:0.032, tail0.0
3shot of client 6:head:0.1564625850340136, middle:0.02666666666666667, tail0.0
3shot of client 7:head:0.20833333333333334, middle:0.021739130434782608, tail0.0
3shot of client 8:head:0.17084282460136674, middle:0.042735042735042736, tail0.038461538461538464
3shot of client 9:head:0.15139442231075698, middle:0.014705882352941176, tail0.0
3shot of client 10:head:0.2849162011173184, middle:0.0, tail0.0
3shot of client 11:head:0.24216524216524216, middle:0.0, tail0.043478260869565216
3shot of client 12:head:0.3275862068965517, middle:0.0, tail0.0
3shot of client 13:head:0.3395061728395062, middle:0.0, tail0.0
3shot of client 14:head:0.3423180592991914, middle:0.0, tail0.0
3shot of client 15:head:0.14285714285714285, middle:0.11290322580645161, tail0.0
3shot of client 16:head:0.2668918918918919, middle:0.029411764705882353, tail0.0
3shot of client 17:head:0.24232081911262798, middle:0.013888888888888888, tail0.0
3shot of client 18:head:0.39705882352941174, middle:0.0, tail0.0
3shot of client 19:head:0.19528619528619529, middle:0.0875, tail0.0
round 5, local average test acc  0.1920 

round 5, local macro average F1 score  0.0347 

round 5, local weighted average F1 score  0.1171 

round 5, global test acc  0.0243 

round 5, average 3shot acc: [head: 0.2436, middle: 0.0327, tail: 0.0041] 

round 5, global 3shot acc: [head: 0.0893, middle: 0.0008, tail: 0.0000] 

l_head tensor([1.2936, 0.8896, 1.6940, 0.5884, 1.8242, 2.4419, 1.9080, 0.7190, 2.7538,
        0.6683, 0.9248, 2.2181, 1.2187, 0.7870, 2.4887, 1.4951, 0.7509, 0.9811,
        0.6000, 1.0119, 0.6101, 0.7776, 1.0911, 1.4902, 1.2301, 0.8599, 1.0622,
        2.4581, 0.6046, 1.1784, 0.8133, 0.6041, 0.7836, 0.6110, 2.0754, 1.2718,
        1.2580, 0.7442, 1.4768, 0.6194, 0.8430, 0.5982, 0.6029, 0.6079, 0.6970,
        1.0349, 0.5887, 0.6098, 0.8797, 0.6119, 0.5912, 0.5964, 0.6024, 0.5940,
        0.7109, 0.5884, 0.7458, 0.7527, 0.5978, 0.5828, 0.8223, 0.6098, 0.8271,
        0.6052, 0.6895, 0.9244, 0.6047, 0.5976, 0.6091, 0.6045, 0.6031, 0.5788,
        0.5814, 0.5849, 0.6909, 0.6043, 0.6128, 0.6956, 0.6091, 0.5919, 0.5966,
        0.5941, 0.9458, 0.6083, 0.6003, 0.6005, 0.7261, 0.6050, 0.6052, 0.6066,
        0.6010, 0.6013, 0.6043, 0.5877, 0.6025, 0.7767, 0.6964, 0.5935, 0.6018,
        0.6076], device='cuda:3', grad_fn=<NormBackward1>)
g_aux tensor([0.8795, 1.1569, 1.0013, 1.0345, 0.9803, 0.9069, 0.9889, 0.9569, 1.0213,
        0.9371, 0.9403, 0.8831, 0.9385, 0.8163, 0.8280, 0.7541, 0.8236, 0.9046,
        0.7614, 0.7196, 0.8661, 0.7486, 0.7126, 0.8558, 0.7985, 0.7250, 0.6991,
        0.6801, 0.6820, 0.6976, 0.7878, 0.7113, 0.6471, 0.6819, 0.6477, 0.6549,
        0.6596, 0.6376, 0.6307, 0.6503, 0.6291, 0.6027, 0.6190, 0.6324, 0.6282,
        0.6175, 0.6111, 0.6329, 0.5946, 0.7226, 0.6029, 0.6145, 0.6433, 0.6221,
        0.6036, 0.6196, 0.5768, 0.5819, 0.5916, 0.6250, 0.6723, 0.5934, 0.6099,
        0.5947, 0.6023, 0.5869, 0.5861, 0.5983, 0.6133, 0.5786, 0.6052, 0.6346,
        0.5735, 0.6132, 0.5848, 0.5909, 0.6045, 0.5750, 0.5724, 0.6014, 0.5786,
        0.5561, 0.5947, 0.5987, 0.5881, 0.5960, 0.5954, 0.5846, 0.5737, 0.5967,
        0.5801, 0.5628, 0.5741, 0.5940, 0.5859, 0.6054, 0.5917, 0.5653, 0.5904,
        0.5890], device='cuda:3', grad_fn=<NormBackward1>)
3shot of client 0:head:0.25396825396825395, middle:0.010638297872340425, tail0.0
3shot of client 1:head:0.34714003944773175, middle:0.1484375, tail0.030303030303030304
3shot of client 2:head:0.39932885906040266, middle:0.02631578947368421, tail0.0
3shot of client 3:head:0.31392931392931395, middle:0.16666666666666666, tail0.0
3shot of client 4:head:0.36270491803278687, middle:0.0, tail0.0
3shot of client 5:head:0.3150684931506849, middle:0.0, tail0.0
3shot of client 6:head:0.14285714285714285, middle:0.13333333333333333, tail0.0
3shot of client 7:head:0.22916666666666666, middle:0.021739130434782608, tail0.0
3shot of client 8:head:0.20273348519362186, middle:0.0, tail0.0
3shot of client 9:head:0.10358565737051793, middle:0.04411764705882353, tail0.06666666666666667
3shot of client 10:head:0.2988826815642458, middle:0.0, tail0.0
3shot of client 11:head:0.32193732193732194, middle:0.0, tail0.0
3shot of client 12:head:0.31896551724137934, middle:0.011904761904761904, tail0.0
3shot of client 13:head:0.2623456790123457, middle:0.011764705882352941, tail0.0
3shot of client 14:head:0.16981132075471697, middle:0.031578947368421054, tail0.0
3shot of client 15:head:0.27380952380952384, middle:0.06451612903225806, tail0.0
3shot of client 16:head:0.21621621621621623, middle:0.0, tail0.0
3shot of client 17:head:0.23890784982935154, middle:0.05555555555555555, tail0.0
3shot of client 18:head:0.4632352941176471, middle:0.04285714285714286, tail0.0
3shot of client 19:head:0.2727272727272727, middle:0.0375, tail0.058823529411764705
round 6, local average test acc  0.2180 

round 6, local macro average F1 score  0.0514 

round 6, local weighted average F1 score  0.1569 

round 6, global test acc  0.0292 

round 6, average 3shot acc: [head: 0.2754, middle: 0.0403, tail: 0.0078] 

round 6, global 3shot acc: [head: 0.1015, middle: 0.0069, tail: 0.0000] 

l_head   1%|▏         | 7/500 [30:42<36:05:44, 263.58s/it]  2%|▏         | 8/500 [35:09<36:11:59, 264.88s/it]tensor([1.4710, 1.0332, 1.7928, 0.5886, 2.0022, 2.6557, 2.1335, 0.7406, 2.9911,
        0.7457, 0.9415, 2.4889, 1.3169, 0.8307, 2.6511, 1.6011, 0.8009, 0.9818,
        0.6001, 1.0523, 0.6103, 0.8492, 1.1293, 1.6653, 1.2590, 0.9265, 1.1628,
        2.6997, 0.6048, 1.2784, 0.8646, 0.6042, 0.8234, 0.6112, 2.2697, 1.3522,
        1.3093, 0.7795, 1.6126, 0.6196, 0.8429, 0.5983, 0.6030, 0.6080, 0.7382,
        1.1434, 0.5888, 0.6099, 0.9333, 0.6120, 0.5913, 0.5966, 0.6025, 0.5941,
        0.7458, 0.5885, 0.7606, 0.8180, 0.5980, 0.5829, 0.8794, 0.6099, 0.9339,
        0.6054, 0.7162, 0.9852, 0.6048, 0.5977, 0.6092, 0.6047, 0.6032, 0.5789,
        0.5815, 0.5850, 0.7311, 0.6044, 0.6130, 0.7496, 0.6093, 0.5920, 0.5967,
        0.5942, 1.0500, 0.6085, 0.6005, 0.6006, 0.7691, 0.6051, 0.6053, 0.6068,
        0.6011, 0.6014, 0.6044, 0.5878, 0.6027, 0.8139, 0.7294, 0.5936, 0.6020,
        0.6078], device='cuda:3', grad_fn=<NormBackward1>)
g_aux tensor([0.9259, 1.2878, 1.0704, 1.1059, 1.0878, 0.9643, 1.0728, 1.0549, 1.0871,
        1.0119, 1.0091, 0.9332, 1.0174, 0.8976, 0.8887, 0.7864, 0.8785, 0.9776,
        0.8283, 0.7528, 0.9447, 0.8058, 0.7490, 0.9222, 0.8436, 0.7638, 0.7303,
        0.7081, 0.7115, 0.7295, 0.8757, 0.7533, 0.6691, 0.7157, 0.6701, 0.6742,
        0.6797, 0.6529, 0.6476, 0.6849, 0.6378, 0.6268, 0.6344, 0.6522, 0.6504,
        0.6327, 0.6258, 0.6428, 0.6058, 0.7722, 0.6121, 0.6302, 0.6768, 0.6338,
        0.6124, 0.6250, 0.5921, 0.5916, 0.6034, 0.6433, 0.7069, 0.6020, 0.6227,
        0.5978, 0.6053, 0.5902, 0.5937, 0.6055, 0.6248, 0.5840, 0.6123, 0.6521,
        0.5740, 0.6286, 0.5908, 0.5941, 0.6110, 0.5741, 0.5784, 0.6049, 0.5823,
        0.5556, 0.5973, 0.6020, 0.5878, 0.6011, 0.6024, 0.5841, 0.5744, 0.5974,
        0.5810, 0.5635, 0.5788, 0.5957, 0.5845, 0.6149, 0.5965, 0.5653, 0.5903,
        0.5903], device='cuda:3', grad_fn=<NormBackward1>)
3shot of client 0:head:0.22486772486772486, middle:0.06382978723404255, tail0.16666666666666666
3shot of client 1:head:0.2465483234714004, middle:0.140625, tail0.030303030303030304
3shot of client 2:head:0.3959731543624161, middle:0.0, tail0.0
3shot of client 3:head:0.3201663201663202, middle:0.1746031746031746, tail0.0
3shot of client 4:head:0.3709016393442623, middle:0.017391304347826087, tail0.0
3shot of client 5:head:0.2896281800391389, middle:0.032, tail0.0625
3shot of client 6:head:0.14625850340136054, middle:0.10666666666666667, tail0.0
3shot of client 7:head:0.1875, middle:0.021739130434782608, tail0.0
3shot of client 8:head:0.26651480637813213, middle:0.03418803418803419, tail0.0
3shot of client 9:head:0.13545816733067728, middle:0.029411764705882353, tail0.06666666666666667
3shot of client 10:head:0.3100558659217877, middle:0.0, tail0.0
3shot of client 11:head:0.2336182336182336, middle:0.022727272727272728, tail0.0
3shot of client 12:head:0.4224137931034483, middle:0.011904761904761904, tail0.0
3shot of client 13:head:0.3271604938271605, middle:0.011764705882352941, tail0.0
3shot of client 14:head:0.38544474393531, middle:0.0, tail0.0
3shot of client 15:head:0.1865079365079365, middle:0.14516129032258066, tail0.0
3shot of client 16:head:0.18243243243243243, middle:0.029411764705882353, tail0.0
3shot of client 17:head:0.20136518771331058, middle:0.09722222222222222, tail0.11764705882352941
3shot of client 18:head:0.3235294117647059, middle:0.0, tail0.0
3shot of client 19:head:0.2558922558922559, middle:0.05, tail0.0
round 7, local average test acc  0.2167 

round 7, local macro average F1 score  0.0528 

round 7, local weighted average F1 score  0.1634 

round 7, global test acc  0.0330 

round 7, average 3shot acc: [head: 0.2706, middle: 0.0494, tail: 0.0222] 

round 7, global 3shot acc: [head: 0.1181, middle: 0.0042, tail: 0.0000] 

l_head tensor([1.6622, 1.1849, 1.9186, 0.5887, 2.0850, 2.7872, 2.3005, 0.8023, 3.2346,
        0.7444, 1.0836, 2.6663, 1.4189, 0.9485, 2.9441, 1.7741, 0.9239, 1.1927,
        0.6002, 1.1197, 0.6103, 0.9052, 1.2587, 1.8752, 1.3514, 1.0000, 1.2709,
        2.9448, 0.6048, 1.4336, 1.0120, 0.6043, 0.8761, 0.6112, 2.5995, 1.4974,
        1.4342, 0.7954, 1.7901, 0.6196, 0.9217, 0.5984, 0.6031, 0.6081, 0.7733,
        1.3128, 0.5889, 0.6100, 1.0353, 0.6121, 0.5914, 0.5967, 0.6026, 0.5942,
        0.8005, 0.5886, 0.7507, 0.8484, 0.5981, 0.5830, 0.9497, 0.6100, 1.0341,
        0.6055, 0.7720, 1.0828, 0.6049, 0.5978, 0.6093, 0.6048, 0.6033, 0.5790,
        0.5816, 0.5851, 0.7452, 0.6045, 0.6131, 0.7805, 0.6093, 0.5920, 0.5968,
        0.5943, 1.0329, 0.6085, 0.6005, 0.6007, 0.8180, 0.6052, 0.6054, 0.6068,
        0.6012, 0.6014, 0.6044, 0.5879, 0.6027, 0.9071, 0.7667, 0.5937, 0.6021,
        0.6078], device='cuda:3', grad_fn=<NormBackward1>)
g_aux tensor([0.9987, 1.3798, 1.1516, 1.1981, 1.1860, 1.0303, 1.1525, 1.1387, 1.1553,
        1.1204, 1.0789, 0.9636, 1.0892, 0.9772, 0.9416, 0.8482, 0.9354, 1.0588,
        0.8800, 0.7876, 1.0009, 0.8616, 0.7873, 1.0049, 0.9005, 0.7868, 0.7684,
        0.7533, 0.7473, 0.7698, 0.9381, 0.7885, 0.6861, 0.7484, 0.6915, 0.7013,
        0.6977, 0.6897, 0.6619, 0.7176, 0.6594, 0.6569, 0.6553, 0.6781, 0.6713,
        0.6471, 0.6434, 0.6614, 0.6195, 0.8222, 0.6185, 0.6495, 0.7047, 0.6447,
        0.6304, 0.6296, 0.5992, 0.6015, 0.6200, 0.6584, 0.7455, 0.6179, 0.6375,
        0.6060, 0.6080, 0.5932, 0.5967, 0.6135, 0.6347, 0.5884, 0.6127, 0.6723,
        0.5806, 0.6441, 0.5960, 0.5993, 0.6168, 0.5747, 0.5815, 0.6140, 0.5838,
        0.5557, 0.6021, 0.6059, 0.5899, 0.6077, 0.6104, 0.5828, 0.5756, 0.5989,
        0.5838, 0.5671, 0.5875, 0.6014, 0.5845, 0.6265, 0.5986, 0.5671, 0.5916,
        0.5946], device='cuda:3', grad_fn=<NormBackward1>)
3shot of client 0:head:0.1402116402116402, middle:0.13829787234042554, tail0.0
3shot of client 1:head:0.2485207100591716, middle:0.140625, tail0.06060606060606061
3shot of client 2:head:0.37583892617449666, middle:0.10526315789473684, tail0.0
3shot of client 3:head:0.36174636174636177, middle:0.12698412698412698, tail0.0
3shot of client 4:head:0.33811475409836067, middle:0.008695652173913044, tail0.0
3shot of client 5:head:0.2563600782778865, middle:0.016, tail0.09375
3shot of client 6:head:0.17346938775510204, middle:0.13333333333333333, tail0.05263157894736842
3shot of client 7:head:0.28125, middle:0.021739130434782608, tail0.0
3shot of client 8:head:0.20045558086560364, middle:0.02564102564102564, tail0.0
3shot of client 9:head:0.2868525896414343, middle:0.029411764705882353, tail0.0
3shot of client 10:head:0.25977653631284914, middle:0.0, tail0.0
3shot of client 11:head:0.23646723646723647, middle:0.022727272727272728, tail0.0
3shot of client 12:head:0.4281609195402299, middle:0.011904761904761904, tail0.0
3shot of client 13:head:0.3549382716049383, middle:0.03529411764705882, tail0.0
3shot of client 14:head:0.261455525606469, middle:0.010526315789473684, tail0.0
3shot of client 15:head:0.1984126984126984, middle:0.03225806451612903, tail0.0
3shot of client 16:head:0.25675675675675674, middle:0.07352941176470588, tail0.0
3shot of client 17:head:0.23208191126279865, middle:0.0, tail0.0
3shot of client 18:head:0.5257352941176471, middle:0.1, tail0.0
3shot of client 19:head:0.19528619528619529, middle:0.125, tail0.0
round 8, local average test acc  0.2254 

round 8, local macro average F1 score  0.0591 

round 8, local weighted average F1 score  0.1729 

round 8, global test acc  0.0344 

round 8, average 3shot acc: [head: 0.2806, middle: 0.0579, tail: 0.0103] 

round 8, global 3shot acc: [head: 0.1241, middle: 0.0035, tail: 0.0000] 

l_head   2%|▏         | 9/500 [39:39<36:20:29, 266.46s/it]  2%|▏         | 10/500 [44:03<36:08:24, 265.52s/it]tensor([1.7855, 1.3739, 2.0568, 0.5887, 2.3965, 2.9413, 2.4819, 0.8650, 3.3985,
        0.7968, 1.2367, 2.9329, 1.5314, 1.0224, 3.1457, 1.8877, 0.9673, 1.2435,
        0.6002, 1.2259, 0.6104, 0.9548, 1.3858, 1.9647, 1.4554, 1.0579, 1.4128,
        3.2188, 0.6049, 1.5833, 1.0723, 0.6044, 0.9293, 0.6113, 2.8655, 1.6256,
        1.5554, 0.8190, 1.9549, 0.6197, 0.9538, 0.5984, 0.6032, 0.6081, 0.8464,
        1.4067, 0.5889, 0.6101, 1.1273, 0.6121, 0.5914, 0.5967, 0.6026, 0.5942,
        0.8639, 0.5886, 0.7894, 0.9390, 0.5981, 0.5831, 0.9928, 0.6100, 1.0663,
        0.6055, 0.8911, 1.1691, 0.6049, 0.5978, 0.6093, 0.6048, 0.6033, 0.5791,
        0.5817, 0.5852, 0.7622, 0.6045, 0.6131, 0.8285, 0.6094, 0.5921, 0.5968,
        0.5943, 1.1074, 0.6086, 0.6006, 0.6007, 0.8633, 0.6052, 0.6055, 0.6069,
        0.6013, 0.6015, 0.6045, 0.5880, 0.6028, 0.9620, 0.8052, 0.5937, 0.6021,
        0.6079], device='cuda:3', grad_fn=<NormBackward1>)
g_aux tensor([1.0881, 1.4559, 1.2156, 1.2826, 1.2600, 1.1030, 1.2509, 1.2085, 1.1955,
        1.2037, 1.1376, 1.0200, 1.1588, 1.0683, 1.0134, 0.9043, 0.9830, 1.1257,
        0.9308, 0.8258, 1.0593, 0.9349, 0.8306, 1.0637, 0.9416, 0.8227, 0.8055,
        0.7960, 0.7889, 0.8083, 0.9977, 0.8151, 0.7000, 0.7865, 0.7258, 0.7235,
        0.7266, 0.7142, 0.6893, 0.7352, 0.6833, 0.6878, 0.6629, 0.7028, 0.6965,
        0.6645, 0.6560, 0.6801, 0.6382, 0.8523, 0.6242, 0.6657, 0.7388, 0.6571,
        0.6452, 0.6360, 0.6224, 0.6162, 0.6395, 0.6762, 0.7755, 0.6353, 0.6486,
        0.6146, 0.6135, 0.5978, 0.6036, 0.6296, 0.6457, 0.5964, 0.6214, 0.6865,
        0.5818, 0.6522, 0.6007, 0.6129, 0.6281, 0.5769, 0.5857, 0.6241, 0.5859,
        0.5587, 0.6093, 0.6091, 0.5940, 0.6154, 0.6194, 0.5844, 0.5768, 0.5994,
        0.5870, 0.5715, 0.5933, 0.6078, 0.5852, 0.6405, 0.6043, 0.5682, 0.5920,
        0.5983], device='cuda:3', grad_fn=<NormBackward1>)
3shot of client 0:head:0.2777777777777778, middle:0.14893617021276595, tail0.08333333333333333
3shot of client 1:head:0.3629191321499014, middle:0.109375, tail0.06060606060606061
3shot of client 2:head:0.37919463087248323, middle:0.013157894736842105, tail0.0
3shot of client 3:head:0.3076923076923077, middle:0.16666666666666666, tail0.0
3shot of client 4:head:0.4385245901639344, middle:0.008695652173913044, tail0.0
3shot of client 5:head:0.273972602739726, middle:0.032, tail0.03125
3shot of client 6:head:0.2857142857142857, middle:0.09333333333333334, tail0.0
3shot of client 7:head:0.21875, middle:0.043478260869565216, tail0.0
3shot of client 8:head:0.27107061503416857, middle:0.017094017094017096, tail0.038461538461538464
3shot of client 9:head:0.199203187250996, middle:0.029411764705882353, tail0.0
3shot of client 10:head:0.3407821229050279, middle:0.023255813953488372, tail0.0
3shot of client 11:head:0.29914529914529914, middle:0.011363636363636364, tail0.0
3shot of client 12:head:0.35919540229885055, middle:0.011904761904761904, tail0.0
3shot of client 13:head:0.41358024691358025, middle:0.07058823529411765, tail0.05
3shot of client 14:head:0.42587601078167114, middle:0.042105263157894736, tail0.08333333333333333
3shot of client 15:head:0.25793650793650796, middle:0.11290322580645161, tail0.0
3shot of client 16:head:0.2668918918918919, middle:0.14705882352941177, tail0.0
3shot of client 17:head:0.27303754266211605, middle:0.08333333333333333, tail0.11764705882352941
3shot of client 18:head:0.5588235294117647, middle:0.12857142857142856, tail0.0
3shot of client 19:head:0.2356902356902357, middle:0.1125, tail0.0
round 9, local average test acc  0.2600 

round 9, local macro average F1 score  0.0750 

round 9, local weighted average F1 score  0.2046 

round 9, global test acc  0.0373 

round 9, average 3shot acc: [head: 0.3223, middle: 0.0703, tail: 0.0232] 

round 9, global 3shot acc: [head: 0.1344, middle: 0.0038, tail: 0.0000] 

l_head tensor([1.9157, 1.3664, 2.0922, 0.5888, 2.5131, 3.1571, 2.6894, 0.9284, 3.5885,
        0.8833, 1.3273, 3.1415, 1.6440, 1.0701, 3.3923, 2.0334, 1.0286, 1.3480,
        0.6003, 1.2933, 0.6104, 1.0296, 1.4464, 2.1008, 1.5297, 1.1839, 1.5432,
        3.4726, 0.6049, 1.7595, 1.0893, 0.6044, 0.9961, 0.6113, 2.9506, 1.7610,
        1.6009, 0.8488, 2.1567, 0.6197, 1.0269, 0.5984, 0.6032, 0.6082, 0.8881,
        1.5687, 0.5890, 0.6101, 1.2494, 0.6122, 0.5915, 0.5967, 0.6027, 0.5943,
        0.9154, 0.5886, 0.8343, 0.9897, 0.5981, 0.5831, 1.0956, 0.6101, 1.1589,
        0.6056, 0.9103, 1.2453, 0.6049, 0.5978, 0.6094, 0.6048, 0.6033, 0.5791,
        0.5817, 0.5852, 0.8213, 0.6046, 0.6132, 0.8632, 0.6094, 0.5921, 0.5969,
        0.5944, 1.1612, 0.6086, 0.6006, 0.6008, 0.8662, 0.6053, 0.6055, 0.6069,
        0.6013, 0.6015, 0.6045, 0.5880, 0.6028, 1.0162, 0.9408, 0.5937, 0.6021,
        0.6079], device='cuda:3', grad_fn=<NormBackward1>)
g_aux tensor([1.1987, 1.5378, 1.2871, 1.3578, 1.3104, 1.1811, 1.3401, 1.2749, 1.2377,
        1.2917, 1.1951, 1.0810, 1.2184, 1.1796, 1.0929, 0.9725, 1.0248, 1.2002,
        0.9823, 0.8752, 1.1180, 0.9911, 0.8745, 1.1072, 1.0075, 0.8744, 0.8347,
        0.8375, 0.8275, 0.8432, 1.0491, 0.8358, 0.7234, 0.8303, 0.7492, 0.7505,
        0.7516, 0.7284, 0.7160, 0.7634, 0.6989, 0.7359, 0.6748, 0.7243, 0.7213,
        0.6792, 0.6693, 0.7023, 0.6654, 0.8939, 0.6360, 0.6799, 0.7755, 0.6725,
        0.6600, 0.6478, 0.6338, 0.6351, 0.6602, 0.6942, 0.8037, 0.6533, 0.6547,
        0.6238, 0.6217, 0.6057, 0.6112, 0.6483, 0.6667, 0.6149, 0.6333, 0.7066,
        0.5846, 0.6616, 0.6099, 0.6271, 0.6462, 0.5800, 0.5904, 0.6335, 0.5906,
        0.5669, 0.6193, 0.6096, 0.5997, 0.6193, 0.6285, 0.5885, 0.5788, 0.6044,
        0.5898, 0.5756, 0.5991, 0.6160, 0.5864, 0.6609, 0.6071, 0.5698, 0.5922,
        0.6008], device='cuda:3', grad_fn=<NormBackward1>)
3shot of client 0:head:0.1349206349206349, middle:0.18085106382978725, tail0.08333333333333333
3shot of client 1:head:0.23076923076923078, middle:0.1171875, tail0.030303030303030304
3shot of client 2:head:0.43288590604026844, middle:0.02631578947368421, tail0.0
3shot of client 3:head:0.39293139293139295, middle:0.30952380952380953, tail0.0
3shot of client 4:head:0.4569672131147541, middle:0.05217391304347826, tail0.0
3shot of client 5:head:0.27788649706457924, middle:0.048, tail0.0625
3shot of client 6:head:0.15306122448979592, middle:0.17333333333333334, tail0.0
3shot of client 7:head:0.17708333333333334, middle:0.10869565217391304, tail0.0
3shot of client 8:head:0.275626423690205, middle:0.017094017094017096, tail0.0
3shot of client 9:head:0.12350597609561753, middle:0.10294117647058823, tail0.2
3shot of client 10:head:0.3268156424581006, middle:0.08139534883720931, tail0.0
3shot of client 11:head:0.32763532763532766, middle:0.09090909090909091, tail0.0
3shot of client 12:head:0.4454022988505747, middle:0.0, tail0.047619047619047616
3shot of client 13:head:0.3395061728395062, middle:0.10588235294117647, tail0.1
3shot of client 14:head:0.3719676549865229, middle:0.010526315789473684, tail0.041666666666666664
3shot of client 15:head:0.27380952380952384, middle:0.1935483870967742, tail0.0625
3shot of client 16:head:0.24662162162162163, middle:0.10294117647058823, tail0.0
3shot of client 17:head:0.2627986348122867, middle:0.2638888888888889, tail0.11764705882352941
3shot of client 18:head:0.3014705882352941, middle:0.15714285714285714, tail0.0
3shot of client 19:head:0.3468013468013468, middle:0.0625, tail0.0
round 10, local average test acc  0.2475 

round 10, local macro average F1 score  0.0868 

round 10, local weighted average F1 score  0.2002 

round 10, global test acc  0.0567 

round 10, average 3shot acc: [head: 0.2949, middle: 0.1102, tail: 0.0373] 

round 10, global 3shot acc: [head: 0.2052, middle: 0.0050, tail: 0.0000] 

l_head   2%|▏         | 11/500 [48:33<36:16:02, 267.00s/it]