nohup: ignoring input
./temp/fl_acc_cifar100_resnet34_cons_frac0.2_iidFalse_iter500_ep5_lr0.03_N20_100_seed3407_p1_dirichlet0.5_IF0.01_LossCE.txt
Files already downloaded and verified
[500, 477, 455, 434, 415, 396, 378, 361, 344, 328, 314, 299, 286, 273, 260, 248, 237, 226, 216, 206, 197, 188, 179, 171, 163, 156, 149, 142, 135, 129, 123, 118, 112, 107, 102, 98, 93, 89, 85, 81, 77, 74, 70, 67, 64, 61, 58, 56, 53, 51, 48, 46, 44, 42, 40, 38, 36, 35, 33, 32, 30, 29, 27, 26, 25, 24, 23, 22, 21, 20, 19, 18, 17, 16, 15, 15, 14, 13, 13, 12, 12, 11, 11, 10, 10, 9, 9, 8, 8, 7, 7, 7, 6, 6, 6, 6, 5, 5, 5, 5]
10847
Files already downloaded and verified
Into non-iid sampling
clients_sizes:[573, 766, 469, 733, 726, 766, 466, 320, 676, 410, 554, 546, 535, 512, 586, 396, 460, 448, 431, 474]
training set distribution:
[[  8   5  18   0  32  55  32   1  64   2   4  41   7   3  47  19   2   3
    0   6   0   3   5  14   6   4   9  50   0  11   3   0   2   0  38  12
   11   1  19   0   1   0   0   0   1  10   0   0   3   0   0   0   0   0
    1   0   2   2   0   0   1   0   2   0   2   4   0   0   0   0   0   0
    0   0   1   0   0   1   0   0   0   0   2   0   0   0   1   0   0   0
    0   0   0   0   0   1   1   0   0   0]
 [ 99   7  26  25  22   2  54  80   2  28  22  33   7  19 105   0   1   3
    4  13   2  26   9   3   0   4   4   4  37   0  18   1   2   6   5  16
    4   0  15  13   1   0   0   0   3   2   0   0   0   0   2   2   3   9
    1   0   2   0   2   1   0   0   3   0   0   0   0   0   0   7   0   0
    0   0   0   0   0   0   0   0   0   0   0   1   0   2   1   0   0   0
    0   2   0   1   0   0   0   0   0   0]
 [ 14  60   9  13   3  40   0   8   0   6  24  11  75  13  14   6  11   2
    2   7   0   0   0   0   0  10   0   4   0   3   7  10  11   3   5   0
    8   6   1   0   1   8   1   1   5   0   5   2   4   8   0   1   3   0
    2   1   1   1   3   3   2   2   0   0   0   0   0   0   0   0   2   0
    0   1   4   0   6   1   0   0   4   0   3   0   3   0   1   0   1   2
    0   0   0   0   0   0   0   1   0   0]
 [ 23  89  56   2  47   1   7   8  48  33   0  49   1  29   5  32   2  17
   76   5  13  10   0  12   0   0   2   0   9  19  16   2   0  18   2   0
    6   0   0   2   2   1  26   5  10   2   0   1   0   0   4   1   0   1
    1   0   0   0   0   1   3   0   0   8   3   2   0   1   3   0   1   0
    0   4   0   0   0   0   0   0   0   0   0   1   0   1   0   1   3   0
    3   0   1   0   2   0   0   0   0   0]
 [  9  95  66   3  48   7  41  15  36  24  65   1   2   1   0   2   4   8
    0   6  29   0   2  53   7   2  24  19  10  14   0   3   0  25   2   5
    0  30   3   0   4   0   4   7   7   4   0   0   8   4   3   1   0   0
    2   0   0   4   0   0   0   0   1   0   4   0   0   0   0   0   1   3
    1   0   0   1   0   0   2   1   0   0   1   0   0   0   1   0   0   0
    0   0   1   0   0   0   0   0   0   0]
 [ 22  45  14  67   2   2  54  10  18  22  47  12  10  71  16   1  52   4
    7   1  31  36  16   8  25  30   7   0   8   0   3   0   6   6   6  27
    0   0   0   0   4   0   0   0   2   5   4   5   9   1   5   3   3   0
    1   0   6  14   1   1   0   0   1   0   1   3   0   0   0   0   0   4
    1   2   0   0   0   1   0   1   1   0   0   0   0   0   0   0   0   0
    0   0   0   0   0   0   0   1   0   0]
 [  5   0   1  11  50   1  31  30  22  10   1   1   8   4   2   0   2   6
   31   0  15  46   1   7   9   1  18   0   0  10   5   0   7   2  24   2
    6   2   5  18   4   3   3   0   0   0   2   4   3   8   0   3   1   1
    0   2   4   3   0   0   0   6   0   2   0   2   0   2   0   2   3   0
    0   0   0   0   0   2   1   3   0   0   0   0   0   0   1   0   3   0
    0   0   0   2   0   0   1   0   0   1]
 [  0  19   5  26  11  14   5  14   2  11   1  12  20   2   7   6   0   0
    3   0  21   0   3   0   1   1  14   0   2  12   1   9   3   0   4   6
    1   1   5   0   2  10   1   4   1   2   6   0   2   2   1   4   3   1
    0  16   3   0   0   0   1   0   1   1   0   1   0   3   2   0   1   0
    0   1   1   2   0   1   1   2   0   0   1   0   0   0   0   0   0   0
    0   0   0   0   0   0   0   1   0   0]
 [ 44  21  72  58  46  20   1   1  52   0  37  46  14   5  10  11  17   8
    1   1   1   1   8  16  15  40   0   0   0  12   1  10   1   0   0   3
    9   0   5   3   6   5   6   2   7   0   0   5   0   0   2   1   0   0
    7  11   3   0   1   1   2   0   0   0   3   0   4   0   0   1   5   0
    1   0   0   0   0   0   1   0   2   1   0   0   0   0   2   2   0   1
    0   1   0   0   0   0   1   0   0   2]
 [  0  16   3   2  33  70   1  22   1   5  45   9   5   6   3   7   0  14
    7   5   8   5   2   0   1   4   2   5   0   0   1  12   1   7   0   2
    1   2  15  18   0   2   0   0   7  10   3   0   1   2   2   0   5   0
    1   0   7   0   2   0   0   1   0   0   0   0   1   0   0   0   3   1
    0   3   0   3   1   0   0   0   0   0   3   0   2   2   0   2   0   1
    0   1   0   1   0   1   0   0   0   2]
 [  0   0   0  28  16   3  89  14  43   6   9   7   0  12   0   2  62   0
    8  74   2   2   0  26   2   1   8   2   6   0   1   0   2   2   1   2
    5   1   1   0   8   2   0   1   4   7   0  18   0   2   1   0   0  13
    4   0   4   1   0   3   3   0   0   3   3   0   8   0   2   1   0   0
    9   1   2   3   0   1   4   0   1   0   0   1   0   2   0   0   0   0
    0   0   1   0   1   1   0   0   2   0]
 [ 90   0  30  51   5   0   4   3   1   5   1   1   8  11  23  84   0  23
    4   6   0   2   9   0   0   3   0   7   7  17   5   2  21   5   0   3
    0   2   0   2   0   0   0  10   0   1  13   3   0   7   1   2   3   1
    5   0   0   0   6   3   1   1   3   0   5  11   0  12   0   1   0   4
    1   0   4   0   0   0   0   0   1   0   0   3   0   0   0   1   0   1
    2   0   0   0   0   1   1   1   2   0]
 [  9  41   0  22   1  13   6   1   0  53  13   6  47  19   4   2   2  13
   10  15   3   0   0   0  67   8   7   2  37   0  35   0   0  11   0   4
    4   1   2   0   0   8   3   4   2   0   0   0   3   0   5   3   2   8
    5   1   0   5   1   0   1   0   3   0   2   0   0   0   7   0   0   2
    0   0   0   1   3   0   1   0   2   0   1   0   1   0   0   0   0   0
    0   1   0   0   1   0   1   0   0   0]
 [ 14  17   3  80   2  97  18   3   0  17   3   1  13  20   0   1   3   6
    0   0   1  24  40   6   2   1   2   8   0   7   5   1   0   2   1   0
    1   0   5   1  12   4   0  19   6   4   1   5   0   8   0   6   6   0
    2   3   0   0   1   5   0   1   1   6   0   0   0   0   0   1   1   2
    0   0   0   1   3   0   0   2   0   3   0   2   1   0   0   0   0   0
    0   0   1   0   0   0   0   0   0   0]
 [ 30  43   0  19   2   1  17 114   1  68   2   0   6   2   4   9   7  28
    0  11   2   0   7   2  11  12   5  14   9  12   3   2  10   7   0   2
    8   2   0   6  14   4   1   0   0   0  13   1   4   0   8   5   4   0
    6   0   0   4   0   0   2   7   7   2   0   1   2   0   2   3   0   2
    1   0   0   1   0   1   0   2   1   1   0   0   2   2   2   0   0   1
    0   0   0   0   0   1   0   0   1   0]
 [  3   5  43   6  25   7   1  18   0   8   2   2   7   0   0   1   0   0
   37  11   7   0   6   1   3   0  19   0   0   8   0  35  25   0   1  10
    4   0   1  11   6   0   0   4   4   8   5   0  11   9   2   3   0   2
    0   1   1   0   2   2   8   0   4   1   0   0   0   3   1   1   1   0
    0   2   1   2   0   1   0   0   0   3   0   0   0   0   0   0   0   0
    1   0   0   0   0   0   0   0   0   0]
 [ 19   2  21  13   2   0   8  10   1   3  15  15   4  12  17  10  27  40
    1   2   6   1  62  18   2  11  21   7   6   1   0   1   1   1   2   4
   24  15   1   0   2   0   4   1   0   0   2  10   0   0   1   3   4   5
    0   3   0   0   0   0   0   3   0   0   1   0   2   0   0   0   0   0
    0   0   1   0   1   2   3   1   0   0   0   1   1   0   0   0   0   0
    0   1   0   0   2   0   0   0   0   0]
 [  7   5   3   5  21  54   9   0  10   9  20  45  36  35   3  12  23   8
    1   7   0  24   0   4   6  20   6  10   1   0   0   2   0   0   5   0
    0  22   0   6   1   0   0   1   0   0   4   0   3   0   1   0   1   0
    0   0   0   1   0   0   0   6   0   0   1   0   0   0   0   0   0   0
    1   1   0   0   0   0   0   0   0   0   0   0   0   0   0   1   1   1
    1   1   1   1   0   0   0   1   0   0]
 [ 87   7  18   0  21   1   0   8   3   2   0   1   6   7   0  10   3  41
    4  35   2   7   7   0   1   2   0  10   3   1  17   2  20   0   0   0
    1   3   0   0   5  20  20   1   5   2   0   2   0   0   9   3   1   1
    2   0   1   0   1  11   1   1   0   3   0   0   3   1   0   3   1   0
    0   1   1   0   0   1   0   0   0   0   0   0   0   0   0   0   0   0
    0   0   0   0   0   1   0   0   0   0]
 [ 17   0  67   3  26   8   0   1  40  16   3   6  10   2   0  33  19   2
   20   1  54   1   2   1   5   2   1   0   0   2   2  26   0  12   6   0
    0   1   7   1   4   7   1   7   0   4   0   0   2   0   1   5   5   0
    0   0   2   0  13   1   5   1   1   0   0   0   3   0   4   0   0   0
    2   0   0   1   0   1   0   0   0   3   0   1   0   0   0   1   0   0
    0   0   1   1   0   0   0   0   0   0]]
Total size of training set
10847
local test distribution:
[[  7   4  16   0  29  50  29   0  59   1   3  37   6   2  43  17   1   2
    0   5   0   2   4  12   5   3   8  46   0  10   2   0   1   0  35  11
   10   0  17   0   0   0   0   0   0   9   0   0   2   0   0   0   0   0
    0   0   1   1   0   0   0   0   1   0   1   3   0   0   0   0   0   0
    0   0   0   0   0   0   0   0   0   0   1   0   0   0   0   0   0   0
    0   0   0   0   0   0   0   0   0   0]
 [ 91   6  23  23  20   1  49  73   1  25  20  30   6  17  96   0   0   2
    3  11   1  23   8   2   0   3   3   3  34   0  16   0   1   5   4  14
    3   0  13  11   0   0   0   0   2   1   0   0   0   0   1   1   2   8
    0   0   1   0   1   0   0   0   2   0   0   0   0   0   0   6   0   0
    0   0   0   0   0   0   0   0   0   0   0   0   0   1   0   0   0   0
    0   1   0   0   0   0   0   0   0   0]
 [ 12  55   8  11   2  36   0   7   0   5  22  10  69  11  12   5  10   1
    1   6   0   0   0   0   0   9   0   3   0   2   6   9  10   2   4   0
    7   5   0   0   0   7   0   0   4   0   4   1   3   7   0   0   2   0
    1   0   0   0   2   2   1   1   0   0   0   0   0   0   0   0   1   0
    0   0   3   0   5   0   0   0   3   0   2   0   2   0   0   0   0   1
    0   0   0   0   0   0   0   0   0   0]
 [ 21  82  51   1  43   0   6   7  44  30   0  45   0  26   4  29   1  15
   70   4  11   9   0  11   0   0   1   0   8  17  14   1   0  16   1   0
    5   0   0   1   1   0  23   4   9   1   0   0   0   0   3   0   0   0
    0   0   0   0   0   0   2   0   0   7   2   1   0   0   2   0   0   0
    0   3   0   0   0   0   0   0   0   0   0   0   0   0   0   0   2   0
    2   0   0   0   1   0   0   0   0   0]
 [  8  87  60   2  44   6  37  13  33  22  59   0   1   0   0   1   3   7
    0   5  26   0   1  48   6   1  22  17   9  12   0   2   0  23   1   4
    0  27   2   0   3   0   3   6   6   3   0   0   7   3   2   0   0   0
    1   0   0   3   0   0   0   0   0   0   3   0   0   0   0   0   0   2
    0   0   0   0   0   0   1   0   0   0   0   0   0   0   0   0   0   0
    0   0   0   0   0   0   0   0   0   0]
 [ 20  41  12  61   1   1  49   9  16  20  43  11   9  65  14   0  47   3
    6   0  28  33  14   7  23  27   6   0   7   0   2   0   5   5   5  24
    0   0   0   0   3   0   0   0   1   4   3   4   8   0   4   2   2   0
    0   0   5  12   0   0   0   0   0   0   0   2   0   0   0   0   0   3
    0   1   0   0   0   0   0   0   0   0   0   0   0   0   0   0   0   0
    0   0   0   0   0   0   0   0   0   0]
 [  4   0   0  10  46   0  28  27  20   9   0   0   7   3   1   0   1   5
   28   0  13  42   0   6   8   0  16   0   0   9   4   0   6   1  22   1
    5   1   4  16   3   2   2   0   0   0   1   3   2   7   0   2   0   0
    0   1   3   2   0   0   0   5   0   1   0   1   0   1   0   1   2   0
    0   0   0   0   0   1   0   2   0   0   0   0   0   0   0   0   2   0
    0   0   0   1   0   0   0   0   0   0]
 [  0  17   4  23  10  12   4  12   1  10   0  11  18   1   6   5   0   0
    2   0  19   0   2   0   0   0  12   0   1  11   0   8   2   0   3   5
    0   0   4   0   1   9   0   3   0   1   5   0   1   1   0   3   2   0
    0  14   2   0   0   0   0   0   0   0   0   0   0   2   1   0   0   0
    0   0   0   1   0   0   0   1   0   0   0   0   0   0   0   0   0   0
    0   0   0   0   0   0   0   0   0   0]
 [ 40  19  66  53  42  18   0   0  47   0  34  42  12   4   9  10  15   7
    0   0   0   0   7  14  13  36   0   0   0  11   0   9   0   0   0   2
    8   0   4   2   5   4   5   1   6   0   0   4   0   0   1   0   0   0
    6  10   2   0   0   0   1   0   0   0   2   0   3   0   0   0   4   0
    0   0   0   0   0   0   0   0   1   0   0   0   0   0   1   1   0   0
    0   0   0   0   0   0   0   0   0   1]
 [  0  14   2   1  30  64   0  20   0   4  41   8   4   5   2   6   0  12
    6   4   7   4   1   0   0   3   1   4   0   0   0  11   0   6   0   1
    0   1  13  16   0   1   0   0   6   9   2   0   0   1   1   0   4   0
    0   0   6   0   1   0   0   0   0   0   0   0   0   0   0   0   2   0
    0   2   0   2   0   0   0   0   0   0   2   0   1   1   0   1   0   0
    0   0   0   0   0   0   0   0   0   1]
 [  0   0   0  25  14   2  82  12  39   5   8   6   0  11   0   1  57   0
    7  68   1   1   0  23   1   0   7   1   5   0   0   0   1   1   0   1
    4   0   0   0   7   1   0   0   3   6   0  16   0   1   0   0   0  11
    3   0   3   0   0   2   2   0   0   2   2   0   7   0   1   0   0   0
    8   0   1   2   0   0   3   0   0   0   0   0   0   1   0   0   0   0
    0   0   0   0   0   0   0   0   1   0]
 [ 82   0  27  47   4   0   3   2   0   4   0   0   7  10  21  77   0  21
    3   5   0   1   8   0   0   2   0   6   6  15   4   1  19   4   0   2
    0   1   0   1   0   0   0   9   0   0  11   2   0   6   0   1   2   0
    4   0   0   0   5   2   0   0   2   0   4  10   0  11   0   0   0   3
    0   0   3   0   0   0   0   0   0   0   0   2   0   0   0   0   0   0
    1   0   0   0   0   0   0   0   1   0]
 [  8  37   0  20   0  11   5   0   0  48  11   5  43  17   3   1   1  11
    9  13   2   0   0   0  61   7   6   1  34   0  32   0   0  10   0   3
    3   0   1   0   0   7   2   3   1   0   0   0   2   0   4   2   1   7
    4   0   0   4   0   0   0   0   2   0   1   0   0   0   6   0   0   1
    0   0   0   0   2   0   0   0   1   0   0   0   0   0   0   0   0   0
    0   0   0   0   0   0   0   0   0   0]
 [ 12  15   2  73   1  89  16   2   0  15   2   0  11  18   0   0   2   5
    0   0   0  22  36   5   1   0   1   7   0   6   4   0   0   1   0   0
    0   0   4   0  11   3   0  17   5   3   0   4   0   7   0   5   5   0
    1   2   0   0   0   4   0   0   0   5   0   0   0   0   0   0   0   1
    0   0   0   0   2   0   0   1   0   2   0   1   0   0   0   0   0   0
    0   0   0   0   0   0   0   0   0   0]
 [ 27  39   0  17   1   0  15 105   0  62   1   0   5   1   3   8   6  25
    0  10   1   0   6   1  10  11   4  12   8  11   2   1   9   6   0   1
    7   1   0   5  12   3   0   0   0   0  11   0   3   0   7   4   3   0
    5   0   0   3   0   0   1   6   6   1   0   0   1   0   1   2   0   1
    0   0   0   0   0   0   0   1   0   0   0   0   1   1   1   0   0   0
    0   0   0   0   0   0   0   0   0   0]
 [  2   4  39   5  23   6   0  16   0   7   1   1   6   0   0   0   0   0
   34  10   6   0   5   0   2   0  17   0   0   7   0  32  23   0   0   9
    3   0   0  10   5   0   0   3   3   7   4   0  10   8   1   2   0   1
    0   0   0   0   1   1   7   0   3   0   0   0   0   2   0   0   0   0
    0   1   0   1   0   0   0   0   0   2   0   0   0   0   0   0   0   0
    0   0   0   0   0   0   0   0   0   0]
 [ 17   1  19  11   1   0   7   9   0   2  13  13   3  11  15   9  24  36
    0   1   5   0  57  16   1  10  19   6   5   0   0   0   0   0   1   3
   22  13   0   0   1   0   3   0   0   0   1   9   0   0   0   2   3   4
    0   2   0   0   0   0   0   2   0   0   0   0   1   0   0   0   0   0
    0   0   0   0   0   1   2   0   0   0   0   0   0   0   0   0   0   0
    0   0   0   0   1   0   0   0   0   0]
 [  6   4   2   4  19  49   8   0   9   8  18  41  33  32   2  11  21   7
    0   6   0  22   0   3   5  18   5   9   0   0   0   1   0   0   4   0
    0  20   0   5   0   0   0   0   0   0   3   0   2   0   0   0   0   0
    0   0   0   0   0   0   0   5   0   0   0   0   0   0   0   0   0   0
    0   0   0   0   0   0   0   0   0   0   0   0   0   0   0   0   0   0
    0   0   0   0   0   0   0   0   0   0]
 [ 80   6  16   0  19   0   0   7   2   1   0   0   5   6   0   9   2  37
    3  32   1   6   6   0   0   1   0   9   2   0  15   1  18   0   0   0
    0   2   0   0   4  18  18   0   4   1   0   1   0   0   8   2   0   0
    1   0   0   0   0  10   0   0   0   2   0   0   2   0   0   2   0   0
    0   0   0   0   0   0   0   0   0   0   0   0   0   0   0   0   0   0
    0   0   0   0   0   0   0   0   0   0]
 [ 15   0  61   2  23   7   0   0  36  14   2   5   9   1   0  30  17   1
   18   0  49   0   1   0   4   1   0   0   0   1   1  23   0  11   5   0
    0   0   6   0   3   6   0   6   0   3   0   0   1   0   0   4   4   0
    0   0   1   0  11   0   4   0   0   0   0   0   2   0   3   0   0   0
    1   0   0   0   0   0   0   0   0   2   0   0   0   0   0   0   0   0
    0   0   0   0   0   0   0   0   0   0]]/data/zikai/aapfl/pfed_lastest/fedrod.py:93: UserWarning: nn.init.sparse is now deprecated in favor of nn.init.sparse_.
  nn.init.sparse(g_head.weight, 0.6)

Total size of testing set
9199
[452 431 408 389 372 352 338 321 307 292 278 265 254 241 231 219 208 197
 190 180 170 165 156 148 140 132 128 124 119 112 102  99  95  91  85  81
  77  71  68  67  59  61  56  52  50  48  45  44  41  41  32  30  30  31
  26  29  24  25  21  21  18  19  16  18  15  17  16  16  14  11   9  11
   9   7   7   6   9   2   6   5   5   6   5   3   4   4   2   2   4   1
   3   1   0   1   2   0   0   0   2   2]
20
  0%|          | 0/500 [00:00<?, ?it/s]  0%|          | 1/500 [03:25<28:28:15, 205.40s/it]  0%|          | 2/500 [06:47<28:07:05, 203.26s/it]  1%|          | 3/500 [10:08<27:57:15, 202.49s/it]  1%|          | 4/500 [13:31<27:55:03, 202.63s/it]3shot of client 0:head:0.042328042328042326, middle:0.0, tail0.0
3shot of client 1:head:0.045364891518737675, middle:0.0, tail0.0
3shot of client 2:head:0.03691275167785235, middle:0.0, tail0.0
3shot of client 3:head:0.0, middle:0.07142857142857142, tail0.0
3shot of client 4:head:0.0, middle:0.0, tail0.06896551724137931
3shot of client 5:head:0.12720156555772993, middle:0.0, tail0.0
3shot of client 6:head:0.034013605442176874, middle:0.0, tail0.0
3shot of client 7:head:0.0, middle:0.10869565217391304, tail0.0
3shot of client 8:head:0.12072892938496584, middle:0.0, tail0.0
3shot of client 9:head:0.0, middle:0.08823529411764706, tail0.0
3shot of client 10:head:0.06983240223463687, middle:0.0, tail0.0
3shot of client 11:head:0.1339031339031339, middle:0.0, tail0.0
3shot of client 12:head:0.05747126436781609, middle:0.0, tail0.0
3shot of client 13:head:0.22530864197530864, middle:0.0, tail0.0
3shot of client 14:head:0.04582210242587601, middle:0.0, tail0.0
3shot of client 15:head:0.0, middle:0.08064516129032258, tail0.0
3shot of client 16:head:0.06418918918918919, middle:0.0, tail0.0
3shot of client 17:head:0.0, middle:0.0, tail0.11764705882352941
3shot of client 18:head:0.0, middle:0.08571428571428572, tail0.0
3shot of client 19:head:0.0, middle:0.0, tail0.11764705882352941
round 0, local average test acc  0.0430 

round 0, local macro average F1 score  0.0017 

round 0, local weighted average F1 score  0.0057 

round 0, global test acc  0.0100 

round 0, average 3shot acc: [head: 0.0502, middle: 0.0217, tail: 0.0152] 

round 0, global 3shot acc: [head: 0.0370, middle: 0.0000, tail: 0.0000] 

3shot of client 0:head:0.007936507936507936, middle:0.0, tail0.08333333333333333
3shot of client 1:head:0.0, middle:0.0, tail0.06060606060606061
3shot of client 2:head:0.03691275167785235, middle:0.0, tail0.0
3shot of client 3:head:0.0, middle:0.11904761904761904, tail0.0
3shot of client 4:head:0.0020491803278688526, middle:0.06086956521739131, tail0.0
3shot of client 5:head:0.13111545988258316, middle:0.0, tail0.0
3shot of client 6:head:0.003401360544217687, middle:0.06666666666666667, tail0.0
3shot of client 7:head:0.0, middle:0.0, tail0.08333333333333333
3shot of client 8:head:0.0, middle:0.06837606837606838, tail0.0
3shot of client 9:head:0.0, middle:0.014705882352941176, tail0.0
3shot of client 10:head:0.036312849162011177, middle:0.0, tail0.0
3shot of client 11:head:0.02849002849002849, middle:0.0, tail0.0
3shot of client 12:head:0.04885057471264368, middle:0.0, tail0.0
3shot of client 13:head:0.05555555555555555, middle:0.0, tail0.0
3shot of client 14:head:0.0, middle:0.0, tail0.041666666666666664
3shot of client 15:head:0.0, middle:0.08064516129032258, tail0.0
3shot of client 16:head:0.12162162162162163, middle:0.0, tail0.0
3shot of client 17:head:0.10921501706484642, middle:0.0, tail0.0
3shot of client 18:head:0.0, middle:0.08571428571428572, tail0.0
3shot of client 19:head:0.0, middle:0.0, tail0.058823529411764705
round 1, local average test acc  0.0279 

round 1, local macro average F1 score  0.0017 

round 1, local weighted average F1 score  0.0044 

round 1, global test acc  0.0101 

round 1, average 3shot acc: [head: 0.0291, middle: 0.0248, tail: 0.0164] 

round 1, global 3shot acc: [head: 0.0374, middle: 0.0000, tail: 0.0000] 

3shot of client 0:head:0.013227513227513227, middle:0.0, tail0.08333333333333333
3shot of client 1:head:0.14792899408284024, middle:0.0, tail0.0
3shot of client 2:head:0.06711409395973154, middle:0.0, tail0.0
3shot of client 3:head:0.016632016632016633, middle:0.015873015873015872, tail0.0
3shot of client 4:head:0.022540983606557378, middle:0.0, tail0.034482758620689655
3shot of client 5:head:0.07827788649706457, middle:0.032, tail0.0
3shot of client 6:head:0.07482993197278912, middle:0.0, tail0.0
3shot of client 7:head:0.026041666666666668, middle:0.0, tail0.0
3shot of client 8:head:0.02733485193621868, middle:0.008547008547008548, tail0.0
3shot of client 9:head:0.0, middle:0.014705882352941176, tail0.0
3shot of client 10:head:0.09217877094972067, middle:0.0, tail0.045454545454545456
3shot of client 11:head:0.05128205128205128, middle:0.0, tail0.0
3shot of client 12:head:0.0, middle:0.023809523809523808, tail0.0
3shot of client 13:head:0.09259259259259259, middle:0.0, tail0.0
3shot of client 14:head:0.01078167115902965, middle:0.021052631578947368, tail0.0
3shot of client 15:head:0.007936507936507936, middle:0.03225806451612903, tail0.0
3shot of client 16:head:0.04391891891891892, middle:0.014705882352941176, tail0.0
3shot of client 17:head:0.0, middle:0.041666666666666664, tail0.11764705882352941
3shot of client 18:head:0.0, middle:0.014285714285714285, tail0.058823529411764705
3shot of client 19:head:0.0, middle:0.0, tail0.11764705882352941
round 2, local average test acc  0.0326 

round 2, local macro average F1 score  0.0040 

round 2, local weighted average F1 score  0.0142 

round 2, global test acc  0.0123 

round 2, average 3shot acc: [head: 0.0386, middle: 0.0109, tail: 0.0229] 

round 2, global 3shot acc: [head: 0.0456, middle: 0.0000, tail: 0.0000] 

3shot of client 0:head:0.013227513227513227, middle:0.09574468085106383, tail0.08333333333333333
3shot of client 1:head:0.029585798816568046, middle:0.03125, tail0.09090909090909091
3shot of client 2:head:0.026845637583892617, middle:0.05263157894736842, tail0.0
3shot of client 3:head:0.17463617463617465, middle:0.11904761904761904, tail0.0
3shot of client 4:head:0.04918032786885246, middle:0.05217391304347826, tail0.034482758620689655
3shot of client 5:head:0.0410958904109589, middle:0.072, tail0.03125
3shot of client 6:head:0.05102040816326531, middle:0.02666666666666667, tail0.05263157894736842
3shot of client 7:head:0.020833333333333332, middle:0.08695652173913043, tail0.0
3shot of client 8:head:0.1480637813211845, middle:0.042735042735042736, tail0.0
3shot of client 9:head:0.027888446215139442, middle:0.08823529411764706, tail0.0
3shot of client 10:head:0.08379888268156424, middle:0.08139534883720931, tail0.09090909090909091
3shot of client 11:head:0.06837606837606838, middle:0.045454545454545456, tail0.043478260869565216
3shot of client 12:head:0.0603448275862069, middle:0.05952380952380952, tail0.0
3shot of client 13:head:0.021604938271604937, middle:0.08235294117647059, tail0.0
3shot of client 14:head:0.1293800539083558, middle:0.021052631578947368, tail0.0
3shot of client 15:head:0.12698412698412698, middle:0.04838709677419355, tail0.0
3shot of client 16:head:0.14189189189189189, middle:0.08823529411764706, tail0.0
3shot of client 17:head:0.14675767918088736, middle:0.08333333333333333, tail0.0
3shot of client 18:head:0.1875, middle:0.02857142857142857, tail0.0
3shot of client 19:head:0.13131313131313133, middle:0.0375, tail0.058823529411764705
round 3, local average test acc  0.0770 

round 3, local macro average F1 score  0.0192 

round 3, local weighted average F1 score  0.0437 

round 3, global test acc  0.0320 

round 3, average 3shot acc: [head: 0.0840, middle: 0.0622, tail: 0.0243] 

round 3, global 3shot acc: [head: 0.0870, middle: 0.0327, tail: 0.0000] 

3shot of client 0:head:0.010582010582010581, middle:0.10638297872340426, tail0.16666666666666666
3shot of client 1:head:0.08086785009861933, middle:0.1171875, tail0.06060606060606061
3shot of client 2:head:0.040268456375838924, middle:0.06578947368421052, tail0.05555555555555555
3shot of client 3:head:0.056133056133056136, middle:0.2857142857142857, tail0.0
3shot of client 4:head:0.036885245901639344, middle:0.043478260869565216, tail0.034482758620689655
3shot of client 5:head:0.10176125244618395, middle:0.056, tail0.125
3shot of client 6:head:0.03741496598639456, middle:0.21333333333333335, tail0.0
3shot of client 7:head:0.052083333333333336, middle:0.08695652173913043, tail0.08333333333333333
3shot of client 8:head:0.05694760820045558, middle:0.11965811965811966, tail0.0
3shot of client 9:head:0.0398406374501992, middle:0.058823529411764705, tail0.0
3shot of client 10:head:0.11452513966480447, middle:0.011627906976744186, tail0.13636363636363635
3shot of client 11:head:0.1111111111111111, middle:0.056818181818181816, tail0.13043478260869565
  1%|          | 5/500 [16:53<27:50:23, 202.47s/it]  1%|          | 6/500 [20:16<27:46:53, 202.46s/it]  1%|▏         | 7/500 [23:38<27:43:50, 202.50s/it]  2%|▏         | 8/500 [27:01<27:41:29, 202.62s/it]3shot of client 12:head:0.16379310344827586, middle:0.011904761904761904, tail0.09523809523809523
3shot of client 13:head:0.06790123456790123, middle:0.09411764705882353, tail0.0
3shot of client 14:head:0.09973045822102426, middle:0.031578947368421054, tail0.041666666666666664
3shot of client 15:head:0.09126984126984126, middle:0.16129032258064516, tail0.0
3shot of client 16:head:0.15878378378378377, middle:0.04411764705882353, tail0.0
3shot of client 17:head:0.11945392491467577, middle:0.06944444444444445, tail0.11764705882352941
3shot of client 18:head:0.1948529411764706, middle:0.014285714285714285, tail0.0
3shot of client 19:head:0.15824915824915825, middle:0.0875, tail0.0
round 4, local average test acc  0.0876 

round 4, local macro average F1 score  0.0337 

round 4, local weighted average F1 score  0.0673 

round 4, global test acc  0.0365 

round 4, average 3shot acc: [head: 0.0896, middle: 0.0868, tail: 0.0523] 

round 4, global 3shot acc: [head: 0.0922, middle: 0.0446, tail: 0.0000] 

3shot of client 0:head:0.0291005291005291, middle:0.10638297872340426, tail0.25
3shot of client 1:head:0.10059171597633136, middle:0.125, tail0.09090909090909091
3shot of client 2:head:0.11073825503355705, middle:0.14473684210526316, tail0.0
3shot of client 3:head:0.14760914760914762, middle:0.18253968253968253, tail0.03333333333333333
3shot of client 4:head:0.04918032786885246, middle:0.02608695652173913, tail0.10344827586206896
3shot of client 5:head:0.10371819960861056, middle:0.056, tail0.09375
3shot of client 6:head:0.04081632653061224, middle:0.13333333333333333, tail0.0
3shot of client 7:head:0.03125, middle:0.08695652173913043, tail0.08333333333333333
3shot of client 8:head:0.12984054669703873, middle:0.042735042735042736, tail0.0
3shot of client 9:head:0.09561752988047809, middle:0.029411764705882353, tail0.06666666666666667
3shot of client 10:head:0.08100558659217877, middle:0.09302325581395349, tail0.09090909090909091
3shot of client 11:head:0.13105413105413105, middle:0.10227272727272728, tail0.0
3shot of client 12:head:0.22413793103448276, middle:0.011904761904761904, tail0.0
3shot of client 13:head:0.08333333333333333, middle:0.12941176470588237, tail0.0
3shot of client 14:head:0.0673854447439353, middle:0.06315789473684211, tail0.08333333333333333
3shot of client 15:head:0.03571428571428571, middle:0.14516129032258066, tail0.0
3shot of client 16:head:0.08783783783783784, middle:0.1323529411764706, tail0.0
3shot of client 17:head:0.20477815699658702, middle:0.027777777777777776, tail0.17647058823529413
3shot of client 18:head:0.14705882352941177, middle:0.11428571428571428, tail0.0
3shot of client 19:head:0.026936026936026935, middle:0.1, tail0.058823529411764705
round 5, local average test acc  0.0938 

round 5, local macro average F1 score  0.0356 

round 5, local weighted average F1 score  0.0743 

round 5, global test acc  0.0355 

round 5, average 3shot acc: [head: 0.0964, middle: 0.0926, tail: 0.0565] 

round 5, global 3shot acc: [head: 0.0996, middle: 0.0331, tail: 0.0000] 

3shot of client 0:head:0.10582010582010581, middle:0.0851063829787234, tail0.20833333333333334
3shot of client 1:head:0.1893491124260355, middle:0.1328125, tail0.06060606060606061
3shot of client 2:head:0.1476510067114094, middle:0.07894736842105263, tail0.05555555555555555
3shot of client 3:head:0.06652806652806653, middle:0.30158730158730157, tail0.03333333333333333
3shot of client 4:head:0.07991803278688525, middle:0.05217391304347826, tail0.06896551724137931
3shot of client 5:head:0.1506849315068493, middle:0.048, tail0.0625
3shot of client 6:head:0.0782312925170068, middle:0.18666666666666668, tail0.0
3shot of client 7:head:0.0625, middle:0.06521739130434782, tail0.08333333333333333
3shot of client 8:head:0.15034168564920272, middle:0.09401709401709402, tail0.0
3shot of client 9:head:0.14342629482071714, middle:0.08823529411764706, tail0.0
3shot of client 10:head:0.20391061452513967, middle:0.011627906976744186, tail0.13636363636363635
3shot of client 11:head:0.27635327635327633, middle:0.09090909090909091, tail0.0
3shot of client 12:head:0.1867816091954023, middle:0.023809523809523808, tail0.0
3shot of client 13:head:0.16358024691358025, middle:0.12941176470588237, tail0.05
3shot of client 14:head:0.14555256064690028, middle:0.06315789473684211, tail0.08333333333333333
3shot of client 15:head:0.015873015873015872, middle:0.1774193548387097, tail0.0
3shot of client 16:head:0.17567567567567569, middle:0.058823529411764705, tail0.05555555555555555
3shot of client 17:head:0.18771331058020477, middle:0.05555555555555555, tail0.11764705882352941
3shot of client 18:head:0.35294117647058826, middle:0.0, tail0.0
3shot of client 19:head:0.13131313131313133, middle:0.1, tail0.11764705882352941
round 6, local average test acc  0.1352 

round 6, local macro average F1 score  0.0502 

round 6, local weighted average F1 score  0.1160 

round 6, global test acc  0.0441 

round 6, average 3shot acc: [head: 0.1507, middle: 0.0922, tail: 0.0567] 

round 6, global 3shot acc: [head: 0.1319, middle: 0.0327, tail: 0.0000] 

3shot of client 0:head:0.07671957671957672, middle:0.1595744680851064, tail0.20833333333333334
3shot of client 1:head:0.19723865877712032, middle:0.09375, tail0.06060606060606061
3shot of client 2:head:0.07046979865771812, middle:0.14473684210526316, tail0.05555555555555555
3shot of client 3:head:0.22245322245322247, middle:0.30158730158730157, tail0.03333333333333333
3shot of client 4:head:0.21106557377049182, middle:0.06086956521739131, tail0.0
3shot of client 5:head:0.11741682974559686, middle:0.152, tail0.09375
3shot of client 6:head:0.10204081632653061, middle:0.17333333333333334, tail0.0
3shot of client 7:head:0.057291666666666664, middle:0.17391304347826086, tail0.08333333333333333
3shot of client 8:head:0.18223234624145787, middle:0.1282051282051282, tail0.0
3shot of client 9:head:0.12749003984063745, middle:0.1323529411764706, tail0.0
3shot of client 10:head:0.10893854748603352, middle:0.09302325581395349, tail0.22727272727272727
3shot of client 11:head:0.2678062678062678, middle:0.10227272727272728, tail0.043478260869565216
3shot of client 12:head:0.21839080459770116, middle:0.047619047619047616, tail0.047619047619047616
3shot of client 13:head:0.09259259259259259, middle:0.16470588235294117, tail0.1
3shot of client 14:head:0.16172506738544473, middle:0.07368421052631578, tail0.16666666666666666
3shot of client 15:head:0.23015873015873015, middle:0.0967741935483871, tail0.0
3shot of client 16:head:0.21283783783783783, middle:0.07352941176470588, tail0.0
3shot of client 17:head:0.13310580204778158, middle:0.125, tail0.23529411764705882
3shot of client 18:head:0.34558823529411764, middle:0.11428571428571428, tail0.0
3shot of client 19:head:0.2356902356902357, middle:0.0875, tail0.058823529411764705
round 7, local average test acc  0.1557 

round 7, local macro average F1 score  0.0678 

round 7, local weighted average F1 score  0.1459 

round 7, global test acc  0.0586 

round 7, average 3shot acc: [head: 0.1686, middle: 0.1249, tail: 0.0707] 

round 7, global 3shot acc: [head: 0.1559, middle: 0.0615, tail: 0.0011] 

3shot of client 0:head:0.037037037037037035, middle:0.24468085106382978, tail0.16666666666666666
3shot of client 1:head:0.2406311637080868, middle:0.125, tail0.09090909090909091
3shot of client 2:head:0.20469798657718122, middle:0.10526315789473684, tail0.1111111111111111
3shot of client 3:head:0.2515592515592516, middle:0.2619047619047619, tail0.0
3shot of client 4:head:0.1413934426229508, middle:0.14782608695652175, tail0.034482758620689655
3shot of client 5:head:0.1917808219178082, middle:0.112, tail0.0625
3shot of client 6:head:0.1564625850340136, middle:0.21333333333333335, tail0.0
3shot of client 7:head:0.11458333333333333, middle:0.13043478260869565, tail0.08333333333333333
3shot of client 8:head:0.13895216400911162, middle:0.1282051282051282, tail0.038461538461538464
3shot of client 9:head:0.13147410358565736, middle:0.16176470588235295, tail0.06666666666666667
3shot of client 10:head:0.11173184357541899, middle:0.09302325581395349, tail0.22727272727272727
  2%|▏         | 9/500 [30:24<27:37:50, 202.59s/it]  2%|▏         | 10/500 [33:45<27:31:53, 202.27s/it]  2%|▏         | 11/500 [37:08<27:29:04, 202.34s/it]  2%|▏         | 12/500 [40:31<27:26:53, 202.49s/it]3shot of client 11:head:0.2535612535612536, middle:0.11363636363636363, tail0.17391304347826086
3shot of client 12:head:0.28448275862068967, middle:0.07142857142857142, tail0.047619047619047616
3shot of client 13:head:0.15123456790123457, middle:0.10588235294117647, tail0.15
3shot of client 14:head:0.215633423180593, middle:0.042105263157894736, tail0.125
3shot of client 15:head:0.1111111111111111, middle:0.1935483870967742, tail0.0
3shot of client 16:head:0.20608108108108109, middle:0.1323529411764706, tail0.05555555555555555
3shot of client 17:head:0.19112627986348124, middle:0.16666666666666666, tail0.11764705882352941
3shot of client 18:head:0.3639705882352941, middle:0.18571428571428572, tail0.0
3shot of client 19:head:0.12121212121212122, middle:0.15, tail0.058823529411764705
round 8, local average test acc  0.1692 

round 8, local macro average F1 score  0.0698 

round 8, local weighted average F1 score  0.1525 

round 8, global test acc  0.0627 

round 8, average 3shot acc: [head: 0.1809, middle: 0.1442, tail: 0.0805] 

round 8, global 3shot acc: [head: 0.1926, middle: 0.0323, tail: 0.0049] 

3shot of client 0:head:0.15079365079365079, middle:0.19148936170212766, tail0.041666666666666664
3shot of client 1:head:0.2958579881656805, middle:0.1015625, tail0.06060606060606061
3shot of client 2:head:0.174496644295302, middle:0.15789473684210525, tail0.0
3shot of client 3:head:0.23700623700623702, middle:0.18253968253968253, tail0.03333333333333333
3shot of client 4:head:0.1598360655737705, middle:0.08695652173913043, tail0.06896551724137931
3shot of client 5:head:0.1917808219178082, middle:0.096, tail0.0625
3shot of client 6:head:0.08503401360544217, middle:0.21333333333333335, tail0.0
3shot of client 7:head:0.125, middle:0.10869565217391304, tail0.08333333333333333
3shot of client 8:head:0.255125284738041, middle:0.07692307692307693, tail0.038461538461538464
3shot of client 9:head:0.20717131474103587, middle:0.10294117647058823, tail0.13333333333333333
3shot of client 10:head:0.18156424581005587, middle:0.06976744186046512, tail0.045454545454545456
3shot of client 11:head:0.3646723646723647, middle:0.10227272727272728, tail0.17391304347826086
3shot of client 12:head:0.3160919540229885, middle:0.09523809523809523, tail0.0
3shot of client 13:head:0.28703703703703703, middle:0.11764705882352941, tail0.15
3shot of client 14:head:0.1752021563342318, middle:0.06315789473684211, tail0.08333333333333333
3shot of client 15:head:0.15873015873015872, middle:0.1935483870967742, tail0.125
3shot of client 16:head:0.25675675675675674, middle:0.08823529411764706, tail0.05555555555555555
3shot of client 17:head:0.2150170648464164, middle:0.18055555555555555, tail0.29411764705882354
3shot of client 18:head:0.4264705882352941, middle:0.18571428571428572, tail0.0
3shot of client 19:head:0.1447811447811448, middle:0.1375, tail0.058823529411764705
round 9, local average test acc  0.1958 

round 9, local macro average F1 score  0.0785 

round 9, local weighted average F1 score  0.1732 

round 9, global test acc  0.0604 

round 9, average 3shot acc: [head: 0.2204, middle: 0.1276, tail: 0.0754] 

round 9, global 3shot acc: [head: 0.1889, middle: 0.0323, tail: 0.0021] 

3shot of client 0:head:0.13756613756613756, middle:0.2127659574468085, tail0.041666666666666664
3shot of client 1:head:0.2781065088757396, middle:0.078125, tail0.06060606060606061
3shot of client 2:head:0.3187919463087248, middle:0.13157894736842105, tail0.05555555555555555
3shot of client 3:head:0.3097713097713098, middle:0.23809523809523808, tail0.0
3shot of client 4:head:0.19672131147540983, middle:0.12173913043478261, tail0.10344827586206896
3shot of client 5:head:0.1487279843444227, middle:0.152, tail0.03125
3shot of client 6:head:0.09863945578231292, middle:0.25333333333333335, tail0.0
3shot of client 7:head:0.17708333333333334, middle:0.15217391304347827, tail0.0
3shot of client 8:head:0.20045558086560364, middle:0.15384615384615385, tail0.038461538461538464
3shot of client 9:head:0.1553784860557769, middle:0.11764705882352941, tail0.0
3shot of client 10:head:0.17039106145251395, middle:0.09302325581395349, tail0.045454545454545456
3shot of client 11:head:0.301994301994302, middle:0.10227272727272728, tail0.17391304347826086
3shot of client 12:head:0.2959770114942529, middle:0.09523809523809523, tail0.047619047619047616
3shot of client 13:head:0.19135802469135801, middle:0.11764705882352941, tail0.05
3shot of client 14:head:0.22641509433962265, middle:0.05263157894736842, tail0.08333333333333333
3shot of client 15:head:0.17063492063492064, middle:0.1935483870967742, tail0.0
3shot of client 16:head:0.19256756756756757, middle:0.14705882352941177, tail0.1111111111111111
3shot of client 17:head:0.16382252559726962, middle:0.18055555555555555, tail0.17647058823529413
3shot of client 18:head:0.41911764705882354, middle:0.12857142857142856, tail0.0
3shot of client 19:head:0.22895622895622897, middle:0.1125, tail0.0
round 10, local average test acc  0.1963 

round 10, local macro average F1 score  0.0856 

round 10, local weighted average F1 score  0.1934 

round 10, global test acc  0.0603 

round 10, average 3shot acc: [head: 0.2191, middle: 0.1417, tail: 0.0509] 

round 10, global 3shot acc: [head: 0.1893, middle: 0.0354, tail: 0.0000] 

3shot of client 0:head:0.09788359788359788, middle:0.20212765957446807, tail0.16666666666666666
3shot of client 1:head:0.3155818540433925, middle:0.140625, tail0.09090909090909091
3shot of client 2:head:0.1610738255033557, middle:0.19736842105263158, tail0.0
3shot of client 3:head:0.31392931392931395, middle:0.2857142857142857, tail0.03333333333333333
3shot of client 4:head:0.25614754098360654, middle:0.1565217391304348, tail0.034482758620689655
3shot of client 5:head:0.2309197651663405, middle:0.12, tail0.09375
3shot of client 6:head:0.1836734693877551, middle:0.21333333333333335, tail0.0
3shot of client 7:head:0.171875, middle:0.1956521739130435, tail0.08333333333333333
3shot of client 8:head:0.27790432801822323, middle:0.11965811965811966, tail0.038461538461538464
3shot of client 9:head:0.1394422310756972, middle:0.19117647058823528, tail0.06666666666666667
3shot of client 10:head:0.13966480446927373, middle:0.08139534883720931, tail0.22727272727272727
3shot of client 11:head:0.3504273504273504, middle:0.11363636363636363, tail0.17391304347826086
3shot of client 12:head:0.3390804597701149, middle:0.11904761904761904, tail0.047619047619047616
3shot of client 13:head:0.1697530864197531, middle:0.12941176470588237, tail0.1
3shot of client 14:head:0.2884097035040431, middle:0.06315789473684211, tail0.125
3shot of client 15:head:0.19047619047619047, middle:0.16129032258064516, tail0.125
3shot of client 16:head:0.25, middle:0.11764705882352941, tail0.0
3shot of client 17:head:0.15358361774744028, middle:0.3333333333333333, tail0.35294117647058826
3shot of client 18:head:0.39705882352941174, middle:0.2, tail0.0
3shot of client 19:head:0.28619528619528617, middle:0.1625, tail0.17647058823529413
round 11, local average test acc  0.2156 

round 11, local macro average F1 score  0.1007 

round 11, local weighted average F1 score  0.2068 

round 11, global test acc  0.0767 

round 11, average 3shot acc: [head: 0.2357, middle: 0.1652, tail: 0.0968] 

round 11, global 3shot acc: [head: 0.2467, middle: 0.0342, tail: 0.0026] 

3shot of client 0:head:0.16666666666666666, middle:0.20212765957446807, tail0.125
3shot of client 1:head:0.3254437869822485, middle:0.125, tail0.09090909090909091
3shot of client 2:head:0.2651006711409396, middle:0.23684210526315788, tail0.0
3shot of client 3:head:0.3201663201663202, middle:0.25396825396825395, tail0.03333333333333333
3shot of client 4:head:0.2807377049180328, middle:0.14782608695652175, tail0.034482758620689655
3shot of client 5:head:0.2191780821917808, middle:0.128, tail0.0625
3shot of client 6:head:0.20408163265306123, middle:0.32, tail0.0
3shot of client 7:head:0.21354166666666666, middle:0.15217391304347827, tail0.08333333333333333
3shot of client 8:head:0.1958997722095672, middle:0.1111111111111111, tail0.07692307692307693
3shot of client 9:head:0.20717131474103587, middle:0.11764705882352941, tail0.0
  3%|▎         | 13/500 [43:53<27:24:28, 202.60s/it]  3%|▎         | 14/500 [47:17<27:23:15, 202.87s/it]  3%|▎         | 15/500 [50:40<27:21:09, 203.03s/it]  3%|▎         | 16/500 [54:02<27:14:00, 202.56s/it]3shot of client 10:head:0.18435754189944134, middle:0.13953488372093023, tail0.13636363636363635
3shot of client 11:head:0.36182336182336183, middle:0.07954545454545454, tail0.13043478260869565
3shot of client 12:head:0.33045977011494254, middle:0.08333333333333333, tail0.09523809523809523
3shot of client 13:head:0.2839506172839506, middle:0.16470588235294117, tail0.1
3shot of client 14:head:0.3557951482479784, middle:0.07368421052631578, tail0.08333333333333333
3shot of client 15:head:0.1626984126984127, middle:0.1774193548387097, tail0.125
3shot of client 16:head:0.22635135135135134, middle:0.22058823529411764, tail0.16666666666666666
3shot of client 17:head:0.15017064846416384, middle:0.3194444444444444, tail0.23529411764705882
3shot of client 18:head:0.45588235294117646, middle:0.11428571428571428, tail0.0
3shot of client 19:head:0.25925925925925924, middle:0.175, tail0.11764705882352941
round 12, local average test acc  0.2326 

round 12, local macro average F1 score  0.1111 

round 12, local weighted average F1 score  0.2234 

round 12, global test acc  0.0758 

round 12, average 3shot acc: [head: 0.2584, middle: 0.1671, tail: 0.0848] 

round 12, global 3shot acc: [head: 0.2404, middle: 0.0358, tail: 0.0034] 

3shot of client 0:head:0.2222222222222222, middle:0.23404255319148937, tail0.20833333333333334
3shot of client 1:head:0.3530571992110454, middle:0.1171875, tail0.06060606060606061
3shot of client 2:head:0.2751677852348993, middle:0.2236842105263158, tail0.05555555555555555
3shot of client 3:head:0.2869022869022869, middle:0.30952380952380953, tail0.03333333333333333
3shot of client 4:head:0.32991803278688525, middle:0.1826086956521739, tail0.034482758620689655
3shot of client 5:head:0.25244618395303325, middle:0.104, tail0.1875
3shot of client 6:head:0.20748299319727892, middle:0.25333333333333335, tail0.0
3shot of client 7:head:0.203125, middle:0.15217391304347827, tail0.08333333333333333
3shot of client 8:head:0.2528473804100228, middle:0.1452991452991453, tail0.038461538461538464
3shot of client 9:head:0.24302788844621515, middle:0.1323529411764706, tail0.06666666666666667
3shot of client 10:head:0.22625698324022347, middle:0.06976744186046512, tail0.045454545454545456
3shot of client 11:head:0.36752136752136755, middle:0.14772727272727273, tail0.08695652173913043
3shot of client 12:head:0.3793103448275862, middle:0.08333333333333333, tail0.09523809523809523
3shot of client 13:head:0.25617283950617287, middle:0.2, tail0.1
3shot of client 14:head:0.29110512129380056, middle:0.06315789473684211, tail0.08333333333333333
3shot of client 15:head:0.24206349206349206, middle:0.24193548387096775, tail0.0625
3shot of client 16:head:0.24662162162162163, middle:0.19117647058823528, tail0.05555555555555555
3shot of client 17:head:0.2150170648464164, middle:0.375, tail0.23529411764705882
3shot of client 18:head:0.48161764705882354, middle:0.22857142857142856, tail0.0
3shot of client 19:head:0.2996632996632997, middle:0.1625, tail0.17647058823529413
round 13, local average test acc  0.2530 

round 13, local macro average F1 score  0.1148 

round 13, local weighted average F1 score  0.2446 

round 13, global test acc  0.0877 

round 13, average 3shot acc: [head: 0.2816, middle: 0.1809, tail: 0.0855] 

round 13, global 3shot acc: [head: 0.2641, middle: 0.0562, tail: 0.0038] 

3shot of client 0:head:0.21693121693121692, middle:0.2127659574468085, tail0.20833333333333334
3shot of client 1:head:0.3806706114398422, middle:0.1953125, tail0.09090909090909091
3shot of client 2:head:0.28523489932885904, middle:0.19736842105263158, tail0.05555555555555555
3shot of client 3:head:0.2972972972972973, middle:0.31746031746031744, tail0.03333333333333333
3shot of client 4:head:0.2766393442622951, middle:0.16521739130434782, tail0.10344827586206896
3shot of client 5:head:0.25048923679060664, middle:0.096, tail0.15625
3shot of client 6:head:0.24149659863945577, middle:0.29333333333333333, tail0.0
3shot of client 7:head:0.18229166666666666, middle:0.1956521739130435, tail0.16666666666666666
3shot of client 8:head:0.2847380410022779, middle:0.15384615384615385, tail0.038461538461538464
3shot of client 9:head:0.2908366533864542, middle:0.17647058823529413, tail0.0
3shot of client 10:head:0.19832402234636873, middle:0.08139534883720931, tail0.09090909090909091
3shot of client 11:head:0.38746438746438744, middle:0.07954545454545454, tail0.2608695652173913
3shot of client 12:head:0.4339080459770115, middle:0.11904761904761904, tail0.047619047619047616
3shot of client 13:head:0.4012345679012346, middle:0.15294117647058825, tail0.15
3shot of client 14:head:0.39622641509433965, middle:0.11578947368421053, tail0.125
3shot of client 15:head:0.2261904761904762, middle:0.20967741935483872, tail0.1875
3shot of client 16:head:0.24324324324324326, middle:0.25, tail0.16666666666666666
3shot of client 17:head:0.22866894197952217, middle:0.3611111111111111, tail0.29411764705882354
3shot of client 18:head:0.5, middle:0.24285714285714285, tail0.058823529411764705
3shot of client 19:head:0.2255892255892256, middle:0.2, tail0.17647058823529413
round 14, local average test acc  0.2685 

round 14, local macro average F1 score  0.1247 

round 14, local weighted average F1 score  0.2591 

round 14, global test acc  0.0879 

round 14, average 3shot acc: [head: 0.2974, middle: 0.1908, tail: 0.1205] 

round 14, global 3shot acc: [head: 0.2393, middle: 0.0738, tail: 0.0087] 

3shot of client 0:head:0.20105820105820105, middle:0.2872340425531915, tail0.25
3shot of client 1:head:0.38461538461538464, middle:0.1640625, tail0.09090909090909091
3shot of client 2:head:0.3053691275167785, middle:0.2236842105263158, tail0.1111111111111111
3shot of client 3:head:0.34303534303534305, middle:0.38095238095238093, tail0.0
3shot of client 4:head:0.3483606557377049, middle:0.16521739130434782, tail0.06896551724137931
3shot of client 5:head:0.32093933463796476, middle:0.136, tail0.15625
3shot of client 6:head:0.3129251700680272, middle:0.32, tail0.0
3shot of client 7:head:0.234375, middle:0.2391304347826087, tail0.25
3shot of client 8:head:0.2847380410022779, middle:0.1452991452991453, tail0.07692307692307693
3shot of client 9:head:0.2589641434262948, middle:0.25, tail0.0
3shot of client 10:head:0.24860335195530725, middle:0.12790697674418605, tail0.18181818181818182
3shot of client 11:head:0.37037037037037035, middle:0.09090909090909091, tail0.17391304347826086
3shot of client 12:head:0.43103448275862066, middle:0.15476190476190477, tail0.09523809523809523
3shot of client 13:head:0.37037037037037035, middle:0.15294117647058825, tail0.05
3shot of client 14:head:0.3638814016172507, middle:0.09473684210526316, tail0.125
3shot of client 15:head:0.20238095238095238, middle:0.25806451612903225, tail0.25
3shot of client 16:head:0.2668918918918919, middle:0.17647058823529413, tail0.1111111111111111
3shot of client 17:head:0.2832764505119454, middle:0.3888888888888889, tail0.29411764705882354
3shot of client 18:head:0.5257352941176471, middle:0.2, tail0.11764705882352941
3shot of client 19:head:0.30976430976430974, middle:0.1875, tail0.23529411764705882
round 15, local average test acc  0.2883 

round 15, local macro average F1 score  0.1426 

round 15, local weighted average F1 score  0.2825 

round 15, global test acc  0.1006 

round 15, average 3shot acc: [head: 0.3183, middle: 0.2072, tail: 0.1319] 

round 15, global 3shot acc: [head: 0.3041, middle: 0.0592, tail: 0.0066] 

3shot of client 0:head:0.25925925925925924, middle:0.2553191489361702, tail0.20833333333333334
3shot of client 1:head:0.39250493096646943, middle:0.1328125, tail0.06060606060606061
3shot of client 2:head:0.31208053691275167, middle:0.27631578947368424, tail0.05555555555555555
3shot of client 3:head:0.34511434511434513, middle:0.3968253968253968, tail0.03333333333333333
3shot of client 4:head:0.35040983606557374, middle:0.2, tail0.06896551724137931
3shot of client 5:head:0.299412915851272, middle:0.16, tail0.125
3shot of client 6:head:0.22789115646258504, middle:0.29333333333333333, tail0.0
3shot of client 7:head:0.265625, middle:0.17391304347826086, tail0.3333333333333333
  3%|▎         | 17/500 [57:25<27:13:22, 202.90s/it]