nohup: ignoring input
./temp/fl_acc_cifar10_resnet18_cons_frac0.2_iidFalse_iter500_ep5_lr0.03_N40_100_seed3407_p1_dirichlet0.5_IF0.01_LossCE.txt
Files already downloaded and verified
[5000, 2997, 1796, 1077, 645, 387, 232, 139, 83, 50]
12406
Files already downloaded and verified
Into non-iid sampling
clients_sizes:[215, 141, 207, 171, 243, 132, 178, 751, 618, 173, 602, 559, 821, 446, 221, 157, 127, 436, 273, 246, 171, 124, 90, 190, 252, 91, 656, 129, 194, 482, 1106, 528, 243, 102, 215, 267, 348, 153, 172, 176]
training set distribution:
[[ 72  83   9   1  40   5   5   0   0   0]
 [118   3   0   0   4   6   8   0   0   2]
 [ 32   5 132  20   4  13   0   0   0   1]
 [ 91  34  13   6  15   0   0  12   0   0]
 [ 73 128   1  12  13   5   7   1   1   2]
 [ 10  21  19  73   2   6   0   1   0   0]
 [  0  24 115  11   8   4  11   4   1   0]
 [105 484  11  91  36  11   0   0   6   7]
 [570   1  16   1   4  24   0   2   0   0]
 [  0 113  23   0  26   0  10   1   0   0]
 [397 138   7  22   4  21   0   0  12   1]
 [262 146  60   7  57   9  15   0   0   3]
 [581  84  98  20  17   6  12   1   0   2]
 [ 30   1 259 147   3   0   2   3   1   0]
 [ 15 145  33  11   3   2   0  11   1   0]
 [ 57   0  48  17  11   6   5  11   2   0]
 [  2  54   3   0  36  10  11   1   9   1]
 [323  53  41  10   8   0   0   0   1   0]
 [  2 250   8   2   0   2   2   0   4   3]
 [113  22  34   9  50   1   0  17   0   0]
 [ 93   4   3  29   1  31   5   3   2   0]
 [  0  66   0  40  10   0   1   6   0   1]
 [  0  28   6  36  10   1   3   0   4   2]
 [ 99   7  72   0   1   4   1   0   1   5]
 [126  52   6   0  46   2   8   1  11   0]
 [  3   1  59   6   6   0   4  10   1   1]
 [423 132   4  37  17  31   0  10   0   2]
 [  6   1  15  54  19  13  12   8   0   1]
 [  0 114   7   1   0  13  57   1   0   1]
 [428   0   5  21  13   1   1   0  12   1]
 [190 532 336  27   4  10   0   3   2   2]
 [332 110  13  53   0   4  11   1   4   0]
 [152  27  10   4  22   7   5  11   0   5]
 [  2  11  44  31   3   0   3   6   1   1]
 [ 62  79   7  26   0  40   1   0   0   0]
 [  1   1   2 179  43  30  11   0   0   0]
 [125  11 107  11  30  54   2   8   0   0]
 [ 20  14  87   3  14   0   8   2   5   0]
 [ 48  18  32  29  31   6   0   1   1   6]
 [ 37   0  51  30  34   9  11   3   1   0]]
Total size of training set
12406
local test distribution:
[[ 58  66   7   0  32   4   4   0   0   0]
 [ 95   2   0   0   3   4   6   0   0   1]
 [ 25   4 106  16   3  10   0   0   0   0]
 [ 73  27  10   4  12   0   0   9   0   0]
 [ 58 103   0   9  10   4   5   0   0   1]
 [  8  16  15  58   1   4   0   0   0   0]
 [  0  19  92   8   6   3   8   3   0   0]
 [ 84 390   8  73  29   8   0   0   4   5]
 [459   0  12   0   3  19   0   1   0   0]
 [  0  91  18   0  20   0   8   0   0   0]
 [320 111   5  17   3  16   0   0   9   0]
 [211 117  48   5  45   7  12   0   0   2]
 [468  67  78  16  13   4   9   0   0   1]
 [ 24   0 208 118   2   0   1   2   0   0]
 [ 12 116  26   8   2   1   0   8   0   0]
 [ 45   0  38  13   8   4   4   8   1   0]
 [  1  43   2   0  29   8   8   0   7   0]
 [260  42  33   8   6   0   0   0   0   0]
 [  1 201   6   1   0   1   1   0   3   2]
 [ 91  17  27   7  40   0   0  13   0   0]
 [ 74   3   2  23   0  24   4   2   1   0]
 [  0  53   0  32   8   0   0   4   0   0]
 [  0  22   4  29   8   0   2   0   3   1]
 [ 79   5  58   0   0   3   0   0   0   4]
 [101  41   4   0  37   1   6   0   8   0]
 [  2   0  47   4   4   0   3   8   0   0]
 [340 106   3  29  13  24   0   8   0   1]
 [  4   0  12  43  15  10   9   6   0   0]
 [  0  91   5   0   0  10  45   0   0   0]
 [344   0   4  16  10   0   0   0   9   0]
 [153 428 270  21   3   8   0   2   1   1]
 [267  88  10  42   0   3   8   0   3   0]
 [122  21   8   3  17   5   4   8   0   4]
 [  1   8  35  24   2   0   2   4   0   0]
 [ 49  63   5  20   0  32   0   0   0   0]
 [  0   0   1 144  34  24   8   0   0   0]
 [100   8  86   8  24  43   1   6   0   0]
 [ 16  11  70   2  11   0   6   1   4   0]
 [ 38  14  25  23  24   4   0   0   0   4]
 [ 29   0  41  24  27   7   8   2   0   0]]
Total size of testing set
9829
[4012 2394 1429  848  504  295  172   95   53   27]
40
  0%|          | 0/500 [00:00<?, ?it/s]  0%|          | 1/500 [02:36<21:43:11, 156.70s/it]3shot of client 0:head:0.4230769230769231, middle:0.0, tail0.0
3shot of client 1:head:0.0, middle:0.0, tail0.6666666666666666
3shot of client 2:head:0.8091603053435115, middle:0.0, tail0.0
3shot of client 3:head:0.6517857142857143, middle:0.0, tail0.0
3shot of client 4:head:0.36024844720496896, middle:0.0, tail0.0
3shot of client 5:head:0.651685393258427, middle:0.0, tail0.0
3shot of client 6:head:0.0, middle:0.2727272727272727, tail0.0
3shot of client 7:head:0.002109704641350211, middle:0.7156862745098039, tail0.0
3shot of client 8:head:1.0, middle:0.0, tail0.0
3shot of client 9:head:0.18018018018018017, middle:0.0, tail0
3shot of client 10:head:0.7424593967517401, middle:0.0, tail0.0
3shot of client 11:head:0.1276595744680851, middle:0.0, tail0.0
3shot of client 12:head:0.0, middle:0.8072289156626506, tail0.0
3shot of client 13:head:0.6380368098159509, middle:0.0, tail0.0
3shot of client 14:head:0.8169014084507042, middle:0.0, tail0.0
3shot of client 15:head:0.052083333333333336, middle:0.0, tail0.8
3shot of client 16:head:0.15, middle:0.0, tail0.6666666666666666
3shot of client 17:head:0.6490066225165563, middle:0.0, tail0.0
3shot of client 18:head:1.0, middle:0.0, tail0.0
3shot of client 19:head:0.0, middle:0.5666666666666667, tail0.0
3shot of client 20:head:0.19008264462809918, middle:0.0, tail0.0
3shot of client 21:head:0.3764705882352941, middle:0.0, tail0.0
3shot of client 22:head:0.0, middle:0.5714285714285714, tail0.0
3shot of client 23:head:0.4233576642335766, middle:0.0, tail0.0
3shot of client 24:head:0.27932960893854747, middle:0.0, tail0.0
3shot of client 25:head:0.8545454545454545, middle:0.0, tail0.0
3shot of client 26:head:0.23318385650224216, middle:0.22641509433962265, tail0.0
3shot of client 27:head:0.1875, middle:0.0, tail0.0
3shot of client 28:head:0.3382352941176471, middle:0.0, tail0.0
3shot of client 29:head:1.0, middle:0.0, tail0.0
3shot of client 30:head:0.3753581661891118, middle:0.06535947712418301, tail0.0
3shot of client 31:head:0.752112676056338, middle:0.0, tail0.0
3shot of client 32:head:0.425, middle:0.0, tail0.0
3shot of client 33:head:0.5932203389830508, middle:0.0, tail0.0
3shot of client 34:head:0.22916666666666666, middle:0.0, tail0.0
3shot of client 35:head:0.8089887640449438, middle:0.0, tail0.0
3shot of client 36:head:0.36681222707423583, middle:0.0, tail0.0
3shot of client 37:head:0.7216494845360825, middle:0.0, tail0.0
3shot of client 38:head:0.14545454545454545, middle:0.6666666666666666, tail0.0
3shot of client 39:head:0.2975206611570248, middle:0.0, tail0.0
round 0, local average test acc  0.3773 

round 0, local macro average F1 score  0.0781 

round 0, local weighted average F1 score  0.2013 

round 0, global test acc  0.1006 

round 0, average 3shot acc: [head: 0.4213, middle: 0.0973, tail: 0.0547] 

round 0, global 3shot acc: [head: 0.0020, middle: 0.3333, tail: 0.0000] 

l_head tensor([1.1263, 1.2578, 0.7474, 0.6133, 0.8725, 0.6697, 0.6694, 0.5720, 0.5790,
        0.5732, 0.5804, 0.5758, 0.5848, 0.5788, 0.5714, 0.5800, 0.5852, 0.5719,
        0.5835, 0.5799, 0.5643, 0.5620, 0.5868, 0.6004, 0.5536, 0.5742, 0.5716,
        0.5912, 0.5871, 0.5712, 0.5812, 0.5735, 0.5873, 0.5780, 0.5712, 0.5820,
        0.5815, 0.5754, 0.5663, 0.5639, 0.5645, 0.5791, 0.5463, 0.5751, 0.5878,
        0.5893, 0.5855, 0.5802, 0.5752, 0.5683, 0.5665, 0.5606, 0.5820, 0.5848,
        0.5933, 0.5862, 0.5830, 0.5705, 0.5681, 0.5703, 0.5797, 0.5549, 0.5903,
        0.5530, 0.5887, 0.5938, 0.5867, 0.5856, 0.5677, 0.6067, 0.5984, 0.5875,
        0.5611, 0.5730, 0.5795, 0.5818, 0.5914, 0.5820, 0.5716, 0.5834, 0.5604,
        0.5653, 0.5777, 0.5862, 0.5931, 0.5739, 0.5721, 0.6045, 0.5667, 0.5736,
        0.5692, 0.5803, 0.5689, 0.5843, 0.5549, 0.5737, 0.5741, 0.5870, 0.5556,
        0.5787], device='cuda:0', grad_fn=<NormBackward1>)
g_head tensor([0.1464, 0.1406, 0.1342, 0.1553, 0.1439, 0.1491, 0.1537, 0.1185, 0.1432,
        0.1383, 0.1657, 0.1500, 0.1366, 0.1273, 0.1336, 0.1353, 0.1539, 0.1382,
        0.1432, 0.1355, 0.1321, 0.1461, 0.1568, 0.1528, 0.1393, 0.1407, 0.1746,
        0.1415, 0.1576, 0.1281, 0.1438, 0.1392, 0.1576, 0.1406, 0.1407, 0.1380,
        0.1297, 0.1470, 0.1434, 0.1488, 0.1480, 0.1383, 0.1546, 0.1319, 0.1504,
        0.1490, 0.1509, 0.1325, 0.1512, 0.1487, 0.1442, 0.1443, 0.1356, 0.1505,
        0.1405, 0.1386, 0.1454, 0.1399, 0.1422, 0.1321, 0.1405, 0.1430, 0.1438,
        0.1447, 0.1507, 0.1396, 0.1550, 0.1430, 0.1378, 0.1311, 0.1474, 0.1590,
        0.1464, 0.1422, 0.1452, 0.1472, 0.1554, 0.1384, 0.1327, 0.1397, 0.1544,
        0.1359, 0.1415, 0.1500, 0.1306, 0.1458, 0.1294, 0.1472, 0.1348, 0.1405,
        0.1308, 0.1465, 0.1527, 0.1376, 0.1533, 0.1400, 0.1271, 0.1317, 0.1488,
        0.1278], device='cuda:0', grad_fn=<NormBackward1>)
g_aux tensor([0.7491, 0.7700, 0.6623, 0.6480, 0.6848, 0.6373, 0.6215, 0.6318, 0.5843,
        0.5976, 0.5662, 0.5711, 0.5650, 0.5690, 0.6106, 0.5617, 0.5861, 0.6026,
        0.6019, 0.5806, 0.5765, 0.5759, 0.5516, 0.5691, 0.5812, 0.5899, 0.5762,
        0.5561, 0.5810, 0.5557, 0.5743, 0.5601, 0.5978, 0.5788, 0.5720, 0.5630,
        0.5943, 0.5700, 0.5763, 0.5734, 0.5874, 0.5772, 0.5845, 0.5566, 0.5921,
        0.5541, 0.5808, 0.5885, 0.5674, 0.5925, 0.5800, 0.5803, 0.5701, 0.5679,
        0.5730, 0.5693, 0.5700, 0.5757, 0.5689, 0.5735, 0.5842, 0.5840, 0.5864,
        0.5754, 0.5918, 0.5872, 0.5839, 0.5771, 0.5812, 0.5553, 0.5594, 0.5698,
        0.5841, 0.5823, 0.5939, 0.5908, 0.5620, 0.5596, 0.5759, 0.5855, 0.5748,
        0.5765, 0.5720, 0.5864, 0.5645, 0.5837, 0.5812, 0.5523, 0.5853, 0.5794,
        0.5822, 0.5723, 0.5900, 0.5784, 0.5720, 0.5738, 0.5922, 0.5882, 0.5861,
        0.5650], device='cuda:0', grad_fn=<NormBackward1>)
3shot of client 0:head:0.4358974358974359, middle:0.0, tail0.0
3shot of client 1:head:1.0, middle:0.0, tail0.0
3shot of client 2:head:0.8244274809160306, middle:0.0, tail0.0
3shot of client 3:head:0.3482142857142857, middle:0.47368421052631576, tail0.0
3shot of client 4:head:0.35403726708074534, middle:0.20833333333333334, tail0.0
3shot of client 5:head:0.6067415730337079, middle:0.5, tail0.0
3shot of client 6:head:0.8018018018018018, middle:0.0, tail0.0
3shot of client 7:head:0.10970464135021098, middle:0.7058823529411765, tail0.0
3shot of client 8:head:0.8453159041394336, middle:0.3684210526315789, tail0.0
3shot of client 9:head:0.35135135135135137, middle:0.07692307692307693, tail0
3shot of client 10:head:0.5359628770301624, middle:0.15151515151515152, tail0.0
3shot of client 11:head:0.4920212765957447, middle:0.0, tail0.0
3shot of client 12:head:0.5293040293040293, middle:0.012048192771084338, tail0.0
3shot of client 13:head:0.6380368098159509, middle:0.0, tail0.0
3shot of client 14:head:0.2746478873239437, middle:0.32142857142857145, tail0.0
3shot of client 15:head:0.3958333333333333, middle:0.0, tail0.0
3shot of client 16:head:0.525, middle:0.2, tail0.0
3shot of client 17:head:0.4602649006622517, middle:0.9090909090909091, tail0.0
3shot of client 18:head:0.39800995024875624, middle:0.0, tail0.1111111111111111
3shot of client 19:head:0.4810126582278481, middle:0.0, tail0.0
3shot of client 20:head:0.6611570247933884, middle:0.0, tail0.0
3shot of client 21:head:0.5294117647058824, middle:0.0, tail0.0
3shot of client 22:head:0.4915254237288136, middle:0.0, tail0.0
3shot of client 23:head:0.145985401459854, middle:0.0, tail0.0
3shot of client 24:head:0.5642458100558659, middle:0.0, tail0.0
3shot of client 25:head:0.8545454545454545, middle:0.0, tail0.0
3shot of client 26:head:0.4977578475336323, middle:0.4339622641509434, tail0.0
3shot of client 27:head:0.1875, middle:0.0, tail0.5
3shot of client 28:head:0.6691176470588235, middle:0.0, tail0.0
3shot of client 29:head:1.0, middle:0.0, tail0.0
3shot of client 30:head:0.1303724928366762, middle:0.9673202614379085, tail0.0
3shot of client 31:head:0.39436619718309857, middle:0.8076923076923077, tail0.0
3shot of client 32:head:0.56875, middle:0.0, tail0.0
3shot of client 33:head:0.5932203389830508, middle:0.0, tail0.0
3shot of client 34:head:0.3541666666666667, middle:0.85, tail0.0
3shot of client 35:head:0.2752808988764045, middle:0.0, tail0.0
  0%|          | 2/500 [05:15<21:50:09, 157.85s/it]3shot of client 36:head:0.34934497816593885, middle:0.05, tail0.0
3shot of client 37:head:0.6907216494845361, middle:0.0, tail0.0
3shot of client 38:head:0.35454545454545455, middle:0.2222222222222222, tail0.0
3shot of client 39:head:0.34710743801652894, middle:0.0, tail0.0
round 1, local average test acc  0.4513 

round 1, local macro average F1 score  0.1509 

round 1, local weighted average F1 score  0.4347 

round 1, global test acc  0.1583 

round 1, average 3shot acc: [head: 0.5017, middle: 0.1815, tail: 0.0157] 

round 1, global 3shot acc: [head: 0.2117, middle: 0.3160, tail: 0.0000] 

l_head tensor([1.2533, 1.5509, 0.8659, 0.6423, 1.1399, 0.7462, 0.7813, 0.5720, 0.5792,
        0.5732, 0.5804, 0.5760, 0.5850, 0.5789, 0.5715, 0.5799, 0.5852, 0.5719,
        0.5837, 0.5800, 0.5644, 0.5620, 0.5870, 0.6005, 0.5538, 0.5743, 0.5717,
        0.5914, 0.5873, 0.5714, 0.5813, 0.5736, 0.5873, 0.5781, 0.5713, 0.5822,
        0.5816, 0.5756, 0.5663, 0.5640, 0.5646, 0.5792, 0.5464, 0.5752, 0.5879,
        0.5893, 0.5855, 0.5803, 0.5751, 0.5685, 0.5666, 0.5608, 0.5822, 0.5849,
        0.5934, 0.5863, 0.5830, 0.5703, 0.5682, 0.5703, 0.5798, 0.5551, 0.5905,
        0.5532, 0.5887, 0.5939, 0.5868, 0.5857, 0.5678, 0.6069, 0.5986, 0.5876,
        0.5612, 0.5731, 0.5796, 0.5817, 0.5913, 0.5821, 0.5718, 0.5835, 0.5605,
        0.5653, 0.5776, 0.5862, 0.5932, 0.5741, 0.5723, 0.6046, 0.5667, 0.5737,
        0.5693, 0.5804, 0.5690, 0.5844, 0.5548, 0.5739, 0.5742, 0.5871, 0.5557,
        0.5788], device='cuda:0', grad_fn=<NormBackward1>)
g_head tensor([0.1464, 0.1406, 0.1342, 0.1553, 0.1439, 0.1491, 0.1537, 0.1185, 0.1432,
        0.1383, 0.1657, 0.1500, 0.1366, 0.1273, 0.1336, 0.1353, 0.1539, 0.1382,
        0.1432, 0.1355, 0.1321, 0.1461, 0.1568, 0.1528, 0.1393, 0.1407, 0.1746,
        0.1415, 0.1576, 0.1281, 0.1438, 0.1392, 0.1576, 0.1406, 0.1407, 0.1380,
        0.1297, 0.1470, 0.1434, 0.1488, 0.1480, 0.1383, 0.1546, 0.1319, 0.1504,
        0.1490, 0.1509, 0.1325, 0.1512, 0.1487, 0.1442, 0.1443, 0.1356, 0.1505,
        0.1405, 0.1386, 0.1454, 0.1399, 0.1422, 0.1321, 0.1405, 0.1430, 0.1438,
        0.1447, 0.1507, 0.1396, 0.1550, 0.1430, 0.1378, 0.1311, 0.1474, 0.1590,
        0.1464, 0.1422, 0.1452, 0.1472, 0.1554, 0.1384, 0.1327, 0.1397, 0.1544,
        0.1359, 0.1415, 0.1500, 0.1306, 0.1458, 0.1294, 0.1472, 0.1348, 0.1405,
        0.1308, 0.1465, 0.1527, 0.1376, 0.1533, 0.1400, 0.1271, 0.1317, 0.1488,
        0.1278], device='cuda:0', grad_fn=<NormBackward1>)
g_aux tensor([0.8646, 0.9035, 0.7288, 0.7387, 0.7392, 0.6738, 0.6366, 0.6492, 0.5997,
        0.6053, 0.5665, 0.5711, 0.5653, 0.5693, 0.6107, 0.5619, 0.5863, 0.6027,
        0.6022, 0.5806, 0.5767, 0.5761, 0.5517, 0.5693, 0.5814, 0.5897, 0.5765,
        0.5563, 0.5812, 0.5559, 0.5744, 0.5604, 0.5980, 0.5791, 0.5723, 0.5632,
        0.5945, 0.5701, 0.5764, 0.5737, 0.5875, 0.5769, 0.5847, 0.5569, 0.5924,
        0.5543, 0.5810, 0.5889, 0.5677, 0.5926, 0.5802, 0.5805, 0.5703, 0.5682,
        0.5733, 0.5696, 0.5703, 0.5758, 0.5692, 0.5737, 0.5844, 0.5842, 0.5864,
        0.5755, 0.5918, 0.5873, 0.5841, 0.5774, 0.5813, 0.5556, 0.5596, 0.5702,
        0.5842, 0.5825, 0.5940, 0.5909, 0.5622, 0.5599, 0.5761, 0.5857, 0.5750,
        0.5769, 0.5719, 0.5867, 0.5646, 0.5840, 0.5814, 0.5523, 0.5855, 0.5798,
        0.5824, 0.5726, 0.5903, 0.5786, 0.5722, 0.5740, 0.5923, 0.5882, 0.5865,
        0.5648], device='cuda:0', grad_fn=<NormBackward1>)
3shot of client 0:head:0.5192307692307693, middle:0.0, tail0.0
3shot of client 1:head:0.8105263157894737, middle:0.46153846153846156, tail0.0
3shot of client 2:head:0.8091603053435115, middle:0.0, tail0.0
3shot of client 3:head:0.375, middle:0.05263157894736842, tail0.5
3shot of client 4:head:0.2981366459627329, middle:0.2916666666666667, tail0.2
3shot of client 5:head:0.2247191011235955, middle:0.0, tail0.0
3shot of client 6:head:0.8288288288288288, middle:0.0, tail0.0
3shot of client 7:head:0.3037974683544304, middle:0.4215686274509804, tail0.04
3shot of client 8:head:0.7799564270152506, middle:0.0, tail0.625
3shot of client 9:head:0.15315315315315314, middle:0.6923076923076923, tail0
3shot of client 10:head:0.15777262180974477, middle:0.0, tail0.23529411764705882
3shot of client 11:head:0.5372340425531915, middle:0.0, tail0.0
3shot of client 12:head:0.6904761904761905, middle:0.024096385542168676, tail0.0
3shot of client 13:head:0.6411042944785276, middle:0.0, tail0.0
3shot of client 14:head:0.28169014084507044, middle:0.07142857142857142, tail0.0
3shot of client 15:head:0.40625, middle:0.0, tail0.0
3shot of client 16:head:0.1375, middle:0.0, tail0.3333333333333333
3shot of client 17:head:0.7549668874172185, middle:0.7878787878787878, tail0.0
3shot of client 18:head:1.0, middle:0.0, tail0.0
3shot of client 19:head:0.4620253164556962, middle:0.16666666666666666, tail0.0
3shot of client 20:head:0.5619834710743802, middle:0.0, tail0.0
3shot of client 21:head:0.6235294117647059, middle:0.0, tail0.0
3shot of client 22:head:0.5084745762711864, middle:0.0, tail0.0
3shot of client 23:head:0.8321167883211679, middle:0.0, tail0.0
3shot of client 24:head:0.26256983240223464, middle:0.21428571428571427, tail0.0
3shot of client 25:head:0.8545454545454545, middle:0.0, tail0.0
3shot of client 26:head:0.6300448430493274, middle:0.49056603773584906, tail0.0
3shot of client 27:head:0.175, middle:0.0, tail0.0
3shot of client 28:head:0.6617647058823529, middle:0.0, tail0.6
3shot of client 29:head:0.9156976744186046, middle:0.038461538461538464, tail0.0
3shot of client 30:head:0.5071633237822349, middle:0.5032679738562091, tail0.0
3shot of client 31:head:0.5380281690140845, middle:0.7692307692307693, tail0.0
3shot of client 32:head:0.46875, middle:0.28, tail0.0
3shot of client 33:head:0.6440677966101694, middle:0.0, tail0.0
3shot of client 34:head:0.3819444444444444, middle:0.0, tail0.6
3shot of client 35:head:0.15730337078651685, middle:0.0, tail0.1111111111111111
3shot of client 36:head:0.38427947598253276, middle:0.05, tail0.0
3shot of client 37:head:0.7319587628865979, middle:0.0, tail0.0
3shot of client 38:head:0.42727272727272725, middle:0.0, tail0.0
3shot of client 39:head:0.4380165289256198, middle:0.0, tail0.0
round 2, local average test acc  0.4661 

round 2, local macro average F1 score  0.1516 

round 2, local weighted average F1 score  0.3781 

round 2, global test acc  0.1869 

round 2, average 3shot acc: [head: 0.5219, middle: 0.1329, tail: 0.0832] 

round 2, global 3shot acc: [head: 0.3437, middle: 0.2793, tail: 0.0000] 

l_head tensor([1.5537, 1.6957, 1.1023, 0.6371, 1.4471, 0.7968, 0.8632, 0.5720, 0.5793,
        0.5731, 0.5805, 0.5760, 0.5850, 0.5789, 0.5716, 0.5799, 0.5852, 0.5719,
        0.5838, 0.5800, 0.5644, 0.5621, 0.5870, 0.6006, 0.5538, 0.5744, 0.5717,
        0.5915, 0.5874, 0.5714, 0.5813, 0.5737, 0.5873, 0.5781, 0.5714, 0.5823,
        0.5817, 0.5756, 0.5663, 0.5641, 0.5646, 0.5792, 0.5465, 0.5753, 0.5879,
        0.5893, 0.5854, 0.5804, 0.5751, 0.5685, 0.5667, 0.5608, 0.5823, 0.5849,
        0.5934, 0.5863, 0.5830, 0.5701, 0.5682, 0.5703, 0.5799, 0.5552, 0.5906,
        0.5532, 0.5887, 0.5939, 0.5868, 0.5858, 0.5679, 0.6069, 0.5987, 0.5876,
        0.5613, 0.5731, 0.5797, 0.5817, 0.5913, 0.5822, 0.5719, 0.5836, 0.5606,
        0.5653, 0.5775, 0.5862, 0.5933, 0.5741, 0.5723, 0.6047, 0.5667, 0.5737,
        0.5694, 0.5804, 0.5691, 0.5844, 0.5548, 0.5740, 0.5742, 0.5872, 0.5558,
        0.5788], device='cuda:0', grad_fn=<NormBackward1>)
g_head   1%|          | 3/500 [07:50<21:39:00, 156.82s/it]  1%|          | 4/500 [10:26<21:32:00, 156.29s/it]tensor([0.1464, 0.1406, 0.1342, 0.1553, 0.1439, 0.1491, 0.1537, 0.1185, 0.1432,
        0.1383, 0.1657, 0.1500, 0.1366, 0.1273, 0.1336, 0.1353, 0.1539, 0.1382,
        0.1432, 0.1355, 0.1321, 0.1461, 0.1568, 0.1528, 0.1393, 0.1407, 0.1746,
        0.1415, 0.1576, 0.1281, 0.1438, 0.1392, 0.1576, 0.1406, 0.1407, 0.1380,
        0.1297, 0.1470, 0.1434, 0.1488, 0.1480, 0.1383, 0.1546, 0.1319, 0.1504,
        0.1490, 0.1509, 0.1325, 0.1512, 0.1487, 0.1442, 0.1443, 0.1356, 0.1505,
        0.1405, 0.1386, 0.1454, 0.1399, 0.1422, 0.1321, 0.1405, 0.1430, 0.1438,
        0.1447, 0.1507, 0.1396, 0.1550, 0.1430, 0.1378, 0.1311, 0.1474, 0.1590,
        0.1464, 0.1422, 0.1452, 0.1472, 0.1554, 0.1384, 0.1327, 0.1397, 0.1544,
        0.1359, 0.1415, 0.1500, 0.1306, 0.1458, 0.1294, 0.1472, 0.1348, 0.1405,
        0.1308, 0.1465, 0.1527, 0.1376, 0.1533, 0.1400, 0.1271, 0.1317, 0.1488,
        0.1278], device='cuda:0', grad_fn=<NormBackward1>)
g_aux tensor([0.9336, 1.0386, 0.9048, 0.7800, 0.7515, 0.7091, 0.6771, 0.6721, 0.6136,
        0.6209, 0.5666, 0.5711, 0.5654, 0.5694, 0.6108, 0.5620, 0.5864, 0.6027,
        0.6023, 0.5807, 0.5768, 0.5761, 0.5518, 0.5694, 0.5815, 0.5896, 0.5766,
        0.5564, 0.5813, 0.5560, 0.5744, 0.5605, 0.5980, 0.5792, 0.5724, 0.5632,
        0.5946, 0.5701, 0.5765, 0.5738, 0.5875, 0.5769, 0.5848, 0.5571, 0.5925,
        0.5545, 0.5811, 0.5890, 0.5679, 0.5926, 0.5803, 0.5805, 0.5704, 0.5683,
        0.5734, 0.5697, 0.5704, 0.5759, 0.5693, 0.5738, 0.5845, 0.5843, 0.5864,
        0.5755, 0.5918, 0.5873, 0.5842, 0.5775, 0.5813, 0.5557, 0.5596, 0.5703,
        0.5843, 0.5826, 0.5940, 0.5910, 0.5623, 0.5600, 0.5761, 0.5857, 0.5750,
        0.5770, 0.5718, 0.5868, 0.5647, 0.5841, 0.5814, 0.5524, 0.5856, 0.5799,
        0.5824, 0.5727, 0.5903, 0.5787, 0.5724, 0.5740, 0.5924, 0.5883, 0.5866,
        0.5648], device='cuda:0', grad_fn=<NormBackward1>)
3shot of client 0:head:0.5641025641025641, middle:0.0, tail0.0
3shot of client 1:head:1.0, middle:0.0, tail0.0
3shot of client 2:head:0.8091603053435115, middle:0.0, tail0.0
3shot of client 3:head:0.5982142857142857, middle:0.15789473684210525, tail0.0
3shot of client 4:head:0.4968944099378882, middle:0.4166666666666667, tail0.0
3shot of client 5:head:0.6179775280898876, middle:0.75, tail0.0
3shot of client 6:head:0.018018018018018018, middle:0.3181818181818182, tail0.0
3shot of client 7:head:0.5084388185654009, middle:0.6176470588235294, tail0.0
3shot of client 8:head:0.9128540305010894, middle:0.5263157894736842, tail0.0
3shot of client 9:head:0.8108108108108109, middle:0.0, tail0
3shot of client 10:head:0.7424593967517401, middle:0.0, tail0.0
3shot of client 11:head:0.5771276595744681, middle:0.5789473684210527, tail0.0
3shot of client 12:head:0.7435897435897436, middle:0.5542168674698795, tail0.0
3shot of client 13:head:0.647239263803681, middle:0.0, tail0.0
3shot of client 14:head:0.7746478873239436, middle:0.03571428571428571, tail0.0
3shot of client 15:head:0.3854166666666667, middle:0.05, tail0.0
3shot of client 16:head:0.5375, middle:0.4, tail0.0
3shot of client 17:head:0.39072847682119205, middle:1.0, tail0.0
3shot of client 18:head:0.9950248756218906, middle:0.0, tail0.0
3shot of client 19:head:0.6582278481012658, middle:0.1, tail0.0
3shot of client 20:head:0.6776859504132231, middle:0.2857142857142857, tail0.0
3shot of client 21:head:0.6941176470588235, middle:0.0, tail0.0
3shot of client 22:head:0.5084745762711864, middle:0.0, tail0.0
3shot of client 23:head:0.8759124087591241, middle:0.2, tail0.0
3shot of client 24:head:0.5642458100558659, middle:0.0, tail0.0
3shot of client 25:head:0.12727272727272726, middle:0.36363636363636365, tail0.0
3shot of client 26:head:0.6905829596412556, middle:0.41509433962264153, tail0.0
3shot of client 27:head:0.2125, middle:0.0, tail0.25
3shot of client 28:head:0.25, middle:1.0, tail0.0
3shot of client 29:head:0.7732558139534884, middle:0.4230769230769231, tail0.0
3shot of client 30:head:0.5358166189111748, middle:0.7712418300653595, tail0.0
3shot of client 31:head:0.4676056338028169, middle:0.7307692307692307, tail0.07142857142857142
3shot of client 32:head:0.7625, middle:0.0, tail0.0
3shot of client 33:head:0.4067796610169492, middle:0.0, tail0.0
3shot of client 34:head:0.3472222222222222, middle:0.9, tail0.0
3shot of client 35:head:0.38764044943820225, middle:0.0, tail0.0
3shot of client 36:head:0.5982532751091703, middle:0.075, tail0.0
3shot of client 37:head:0.0, middle:0.5238095238095238, tail0.0
3shot of client 38:head:0.2636363636363636, middle:0.0, tail0.0
3shot of client 39:head:0.39669421487603307, middle:0.0, tail0.0
round 3, local average test acc  0.5112 

round 3, local macro average F1 score  0.1822 

round 3, local weighted average F1 score  0.4505 

round 3, global test acc  0.1903 

round 3, average 3shot acc: [head: 0.5582, middle: 0.2798, tail: 0.0082] 

round 3, global 3shot acc: [head: 0.6253, middle: 0.0090, tail: 0.0000] 

l_head tensor([1.7331, 1.8235, 1.2064, 0.6330, 1.6987, 0.9462, 0.9627, 0.5720, 0.5793,
        0.5730, 0.5806, 0.5761, 0.5851, 0.5790, 0.5716, 0.5798, 0.5852, 0.5719,
        0.5838, 0.5801, 0.5645, 0.5621, 0.5871, 0.6006, 0.5539, 0.5744, 0.5717,
        0.5915, 0.5874, 0.5714, 0.5814, 0.5737, 0.5873, 0.5781, 0.5714, 0.5823,
        0.5817, 0.5756, 0.5663, 0.5641, 0.5646, 0.5793, 0.5466, 0.5754, 0.5880,
        0.5893, 0.5854, 0.5805, 0.5751, 0.5686, 0.5667, 0.5609, 0.5823, 0.5850,
        0.5933, 0.5864, 0.5830, 0.5700, 0.5682, 0.5703, 0.5799, 0.5552, 0.5907,
        0.5533, 0.5886, 0.5939, 0.5868, 0.5858, 0.5679, 0.6070, 0.5988, 0.5876,
        0.5614, 0.5732, 0.5797, 0.5817, 0.5912, 0.5823, 0.5720, 0.5836, 0.5606,
        0.5654, 0.5774, 0.5862, 0.5934, 0.5742, 0.5723, 0.6047, 0.5667, 0.5738,
        0.5694, 0.5805, 0.5692, 0.5844, 0.5547, 0.5740, 0.5742, 0.5872, 0.5558,
        0.5789], device='cuda:0', grad_fn=<NormBackward1>)
g_head tensor([0.1464, 0.1406, 0.1342, 0.1553, 0.1439, 0.1491, 0.1537, 0.1185, 0.1432,
        0.1383, 0.1657, 0.1500, 0.1366, 0.1273, 0.1336, 0.1353, 0.1539, 0.1382,
        0.1432, 0.1355, 0.1321, 0.1461, 0.1568, 0.1528, 0.1393, 0.1407, 0.1746,
        0.1415, 0.1576, 0.1281, 0.1438, 0.1392, 0.1576, 0.1406, 0.1407, 0.1380,
        0.1297, 0.1470, 0.1434, 0.1488, 0.1480, 0.1383, 0.1546, 0.1319, 0.1504,
        0.1490, 0.1509, 0.1325, 0.1512, 0.1487, 0.1442, 0.1443, 0.1356, 0.1505,
        0.1405, 0.1386, 0.1454, 0.1399, 0.1422, 0.1321, 0.1405, 0.1430, 0.1438,
        0.1447, 0.1507, 0.1396, 0.1550, 0.1430, 0.1378, 0.1311, 0.1474, 0.1590,
        0.1464, 0.1422, 0.1452, 0.1472, 0.1554, 0.1384, 0.1327, 0.1397, 0.1544,
        0.1359, 0.1415, 0.1500, 0.1306, 0.1458, 0.1294, 0.1472, 0.1348, 0.1405,
        0.1308, 0.1465, 0.1527, 0.1376, 0.1533, 0.1400, 0.1271, 0.1317, 0.1488,
        0.1278], device='cuda:0', grad_fn=<NormBackward1>)
g_aux tensor([1.1100, 1.1467, 0.9319, 0.8769, 0.8774, 0.7515, 0.6870, 0.6792, 0.6535,
        0.6357, 0.5667, 0.5711, 0.5655, 0.5694, 0.6108, 0.5620, 0.5865, 0.6028,
        0.6024, 0.5807, 0.5769, 0.5761, 0.5518, 0.5695, 0.5816, 0.5896, 0.5767,
        0.5565, 0.5813, 0.5561, 0.5744, 0.5606, 0.5981, 0.5793, 0.5725, 0.5633,
        0.5947, 0.5701, 0.5765, 0.5739, 0.5875, 0.5769, 0.5848, 0.5571, 0.5925,
        0.5545, 0.5811, 0.5891, 0.5680, 0.5926, 0.5803, 0.5806, 0.5704, 0.5684,
        0.5735, 0.5698, 0.5705, 0.5759, 0.5693, 0.5739, 0.5846, 0.5844, 0.5865,
        0.5755, 0.5918, 0.5873, 0.5843, 0.5776, 0.5813, 0.5557, 0.5597, 0.5704,
        0.5843, 0.5826, 0.5940, 0.5910, 0.5623, 0.5601, 0.5762, 0.5858, 0.5751,
        0.5771, 0.5718, 0.5868, 0.5647, 0.5841, 0.5815, 0.5524, 0.5856, 0.5800,
        0.5825, 0.5728, 0.5904, 0.5788, 0.5724, 0.5741, 0.5924, 0.5883, 0.5867,
        0.5648], device='cuda:0', grad_fn=<NormBackward1>)
3shot of client 0:head:0.532051282051282, middle:0.0, tail0.0
3shot of client 1:head:0.9052631578947369, middle:0.3076923076923077, tail0.3333333333333333
3shot of client 2:head:0.6946564885496184, middle:0.15384615384615385, tail0.0
3shot of client 3:head:0.16071428571428573, middle:0.5263157894736842, tail0.0
3shot of client 4:head:0.7453416149068323, middle:0.16666666666666666, tail0.0
  1%|          | 5/500 [13:05<21:37:00, 157.21s/it]3shot of client 5:head:0.42696629213483145, middle:0.125, tail0.0
3shot of client 6:head:0.8288288288288288, middle:0.0, tail0.0
3shot of client 7:head:0.6160337552742616, middle:0.5980392156862745, tail0.08
3shot of client 8:head:0.8976034858387799, middle:0.0, tail0.5625
3shot of client 9:head:0.4774774774774775, middle:0.6538461538461539, tail0
3shot of client 10:head:0.20649651972157773, middle:0.5151515151515151, tail0.0
3shot of client 11:head:0.648936170212766, middle:0.49122807017543857, tail0.0
3shot of client 12:head:0.7893772893772893, middle:0.012048192771084338, tail0.0
3shot of client 13:head:0.6288343558282209, middle:0.0, tail0.0
3shot of client 14:head:0.9295774647887324, middle:0.0, tail0.0
3shot of client 15:head:0.7395833333333334, middle:0.0, tail0.0
3shot of client 16:head:0.65, middle:0.26666666666666666, tail0.0
3shot of client 17:head:0.09933774834437085, middle:0.8787878787878788, tail0.0
3shot of client 18:head:0.8208955223880597, middle:0.0, tail0.2222222222222222
3shot of client 19:head:0.6645569620253164, middle:0.3, tail0.0
3shot of client 20:head:0.5289256198347108, middle:0.0, tail0.2
3shot of client 21:head:0.5529411764705883, middle:0.0, tail0.0
3shot of client 22:head:0.22033898305084745, middle:0.5714285714285714, tail0.0
3shot of client 23:head:0.8978102189781022, middle:0.0, tail0.14285714285714285
3shot of client 24:head:0.7206703910614525, middle:0.0, tail0.0
3shot of client 25:head:0.8363636363636363, middle:0.09090909090909091, tail0.0
3shot of client 26:head:0.7869955156950673, middle:0.2830188679245283, tail0.0
3shot of client 27:head:0.0, middle:0.6, tail0.0
3shot of client 28:head:0.375, middle:0.7, tail0.2
3shot of client 29:head:0.7034883720930233, middle:0.5769230769230769, tail0.0
3shot of client 30:head:0.4799426934097421, middle:0.7712418300653595, tail0.0
3shot of client 31:head:0.647887323943662, middle:0.2692307692307692, tail0.5
3shot of client 32:head:0.74375, middle:0.0, tail0.0
3shot of client 33:head:0.5932203389830508, middle:0.07142857142857142, tail0.0
3shot of client 34:head:0.3541666666666667, middle:0.95, tail0.0
3shot of client 35:head:0.33707865168539325, middle:0.0, tail0.1111111111111111
3shot of client 36:head:0.5807860262008734, middle:0.0, tail0.0
3shot of client 37:head:0.0, middle:0.19047619047619047, tail0.0
3shot of client 38:head:0.33636363636363636, middle:0.1111111111111111, tail0.0
3shot of client 39:head:0.39669421487603307, middle:0.0, tail0.0
round 4, local average test acc  0.5141 

round 4, local macro average F1 score  0.1946 

round 4, local weighted average F1 score  0.4911 

round 4, global test acc  0.2060 

round 4, average 3shot acc: [head: 0.5639, middle: 0.2545, tail: 0.0603] 

round 4, global 3shot acc: [head: 0.6720, middle: 0.0147, tail: 0.0000] 

l_head tensor([1.8000, 2.2544, 1.3570, 0.7237, 2.0094, 1.0214, 1.0878, 0.5720, 0.5793,
        0.5730, 0.5806, 0.5761, 0.5851, 0.5790, 0.5716, 0.5798, 0.5852, 0.5719,
        0.5838, 0.5801, 0.5645, 0.5622, 0.5871, 0.6007, 0.5539, 0.5744, 0.5717,
        0.5915, 0.5874, 0.5714, 0.5814, 0.5737, 0.5873, 0.5781, 0.5714, 0.5823,
        0.5818, 0.5756, 0.5663, 0.5641, 0.5646, 0.5793, 0.5466, 0.5754, 0.5880,
        0.5893, 0.5854, 0.5805, 0.5751, 0.5686, 0.5667, 0.5609, 0.5824, 0.5850,
        0.5933, 0.5864, 0.5830, 0.5699, 0.5682, 0.5703, 0.5799, 0.5552, 0.5907,
        0.5533, 0.5886, 0.5940, 0.5868, 0.5858, 0.5680, 0.6070, 0.5988, 0.5877,
        0.5614, 0.5732, 0.5797, 0.5817, 0.5912, 0.5823, 0.5720, 0.5836, 0.5606,
        0.5654, 0.5774, 0.5862, 0.5934, 0.5742, 0.5723, 0.6047, 0.5667, 0.5738,
        0.5694, 0.5805, 0.5692, 0.5844, 0.5547, 0.5740, 0.5742, 0.5872, 0.5558,
        0.5789], device='cuda:0', grad_fn=<NormBackward1>)
g_head tensor([0.1464, 0.1406, 0.1342, 0.1553, 0.1439, 0.1491, 0.1537, 0.1185, 0.1432,
        0.1383, 0.1657, 0.1500, 0.1366, 0.1273, 0.1336, 0.1353, 0.1539, 0.1382,
        0.1432, 0.1355, 0.1321, 0.1461, 0.1568, 0.1528, 0.1393, 0.1407, 0.1746,
        0.1415, 0.1576, 0.1281, 0.1438, 0.1392, 0.1576, 0.1406, 0.1407, 0.1380,
        0.1297, 0.1470, 0.1434, 0.1488, 0.1480, 0.1383, 0.1546, 0.1319, 0.1504,
        0.1490, 0.1509, 0.1325, 0.1512, 0.1487, 0.1442, 0.1443, 0.1356, 0.1505,
        0.1405, 0.1386, 0.1454, 0.1399, 0.1422, 0.1321, 0.1405, 0.1430, 0.1438,
        0.1447, 0.1507, 0.1396, 0.1550, 0.1430, 0.1378, 0.1311, 0.1474, 0.1590,
        0.1464, 0.1422, 0.1452, 0.1472, 0.1554, 0.1384, 0.1327, 0.1397, 0.1544,
        0.1359, 0.1415, 0.1500, 0.1306, 0.1458, 0.1294, 0.1472, 0.1348, 0.1405,
        0.1308, 0.1465, 0.1527, 0.1376, 0.1533, 0.1400, 0.1271, 0.1317, 0.1488,
        0.1278], device='cuda:0', grad_fn=<NormBackward1>)
g_aux tensor([1.2343, 1.3146, 1.0852, 0.9800, 0.9036, 0.7873, 0.7475, 0.7008, 0.6687,
        0.6396, 0.5667, 0.5711, 0.5655, 0.5694, 0.6109, 0.5620, 0.5865, 0.6028,
        0.6024, 0.5807, 0.5769, 0.5761, 0.5518, 0.5695, 0.5816, 0.5896, 0.5767,
        0.5565, 0.5813, 0.5562, 0.5744, 0.5606, 0.5981, 0.5794, 0.5725, 0.5633,
        0.5947, 0.5701, 0.5765, 0.5739, 0.5875, 0.5768, 0.5848, 0.5572, 0.5925,
        0.5546, 0.5812, 0.5892, 0.5680, 0.5926, 0.5803, 0.5806, 0.5704, 0.5684,
        0.5736, 0.5698, 0.5706, 0.5759, 0.5694, 0.5739, 0.5846, 0.5844, 0.5865,
        0.5755, 0.5918, 0.5873, 0.5843, 0.5776, 0.5813, 0.5558, 0.5597, 0.5704,
        0.5843, 0.5826, 0.5941, 0.5910, 0.5623, 0.5601, 0.5762, 0.5858, 0.5751,
        0.5772, 0.5717, 0.5869, 0.5648, 0.5842, 0.5815, 0.5524, 0.5856, 0.5800,
        0.5825, 0.5728, 0.5904, 0.5788, 0.5725, 0.5741, 0.5924, 0.5883, 0.5867,
        0.5648], device='cuda:0', grad_fn=<NormBackward1>)
3shot of client 0:head:0.5705128205128205, middle:0.5714285714285714, tail0.0
3shot of client 1:head:0.9789473684210527, middle:0.15384615384615385, tail0.0
3shot of client 2:head:0.8625954198473282, middle:0.0, tail0.0
3shot of client 3:head:0.6428571428571429, middle:0.2631578947368421, tail0.0
3shot of client 4:head:0.6832298136645962, middle:0.0, tail0.6
3shot of client 5:head:0.6853932584269663, middle:0.625, tail0.0
3shot of client 6:head:0.5675675675675675, middle:0.18181818181818182, tail0.0
3shot of client 7:head:0.7426160337552743, middle:0.0, tail0.24
3shot of client 8:head:0.9193899782135077, middle:0.0, tail0.5
3shot of client 9:head:0.6216216216216216, middle:0.11538461538461539, tail0
3shot of client 10:head:0.6194895591647331, middle:0.48484848484848486, tail0.0
3shot of client 11:head:0.6781914893617021, middle:0.017543859649122806, tail0.0
3shot of client 12:head:0.8333333333333334, middle:0.0, tail0.0
3shot of client 13:head:0.6411042944785276, middle:0.0, tail0.0
3shot of client 14:head:0.5492957746478874, middle:0.42857142857142855, tail0.0
3shot of client 15:head:0.7291666666666666, middle:0.05, tail0.0
3shot of client 16:head:0.6875, middle:0.13333333333333333, tail0.0
3shot of client 17:head:0.7947019867549668, middle:0.696969696969697, tail0.0
3shot of client 18:head:0.9850746268656716, middle:0.16666666666666666, tail0.0
3shot of client 19:head:0.5949367088607594, middle:0.0, tail0.0
3shot of client 20:head:0.5702479338842975, middle:0.0, tail0.0
3shot of client 21:head:0.7176470588235294, middle:0.0, tail0.0
3shot of client 22:head:0.6101694915254238, middle:0.0, tail0.0
3shot of client 23:head:0.8613138686131386, middle:0.0, tail0.0
3shot of client 24:head:0.7877094972067039, middle:0.07142857142857142, tail0.0
3shot of client 25:head:0.7454545454545455, middle:0.09090909090909091, tail0.0
3shot of client 26:head:0.6771300448430493, middle:0.4339622641509434, tail0.0
3shot of client 27:head:0.5, middle:0.0, tail0.0
3shot of client 28:head:0.75, middle:0.0, tail0.4
3shot of client 29:head:0.3691860465116279, middle:0.6538461538461539, tail0.0
3shot of client 30:head:0.6833810888252149, middle:0.09803921568627451, tail0.0
3shot of client 31:head:0.7436619718309859, middle:0.7692307692307693, tail0.0
3shot of client 32:head:0.7, middle:0.24, tail0.0
3shot of client 33:head:0.6949152542372882, middle:0.0, tail0.0
3shot of client 34:head:0.4861111111111111, middle:0.75, tail0.0
3shot of client 35:head:0.8033707865168539, middle:0.0, tail0.0
  1%|          | 6/500 [15:47<21:48:48, 158.97s/it]