nohup: ignoring input
./temp/fl_acc_cifar100_resnet34_cons_frac0.2_iidFalse_iter500_ep5_lr0.03_N20_100_seed3407_p1_dirichlet1.0_IF0.02_LossCE.txt
Files already downloaded and verified
[500, 480, 462, 444, 426, 410, 394, 379, 364, 350, 336, 323, 311, 299, 287, 276, 265, 255, 245, 235, 226, 218, 209, 201, 193, 186, 178, 172, 165, 158, 152, 146, 141, 135, 130, 125, 120, 115, 111, 107, 102, 98, 95, 91, 87, 84, 81, 78, 75, 72, 69, 66, 64, 61, 59, 56, 54, 52, 50, 48, 46, 44, 43, 41, 39, 38, 36, 35, 34, 32, 31, 30, 29, 27, 26, 25, 24, 23, 22, 22, 21, 20, 19, 18, 18, 17, 16, 16, 15, 14, 14, 13, 13, 12, 12, 11, 11, 10, 10, 10]
12608
Files already downloaded and verified
Into non-iid sampling
clients_sizes:[570, 712, 662, 720, 618, 725, 737, 505, 658, 678, 817, 646, 671, 616, 477, 642, 488, 544, 629, 493]
training set distribution:
[[17 45  5 34 11 10  4 31  2 14  0 17 14 26  7  9 19 20 19 10  4  0 18  3
  12  4  4 23 24  1  0  0 14  1 13  8  4  5  2  1  4  8  9 11  0  4  0  9
   2  1  1  1  2  4  3 10  0  2  5  2  6  0  1  3  2  3  2  0  0  0  1  1
   0  0  0  0  0  0  0  4  0  1  0  0  0  3  2  2  0  0  0  0  0  0  2  0
   2  0  2  0]
 [37 35 37 79  7 58  5 14 23  9  6 25 24  3 10 15 21  7 18 20  2  2  7 19
   6 20 15  2 14  2 24  0  8  2 15  4 20  7  0  0  0  3  1  5  2  1  3  0
   1  3  6  4  2  4  2  1  1  1  1  0  0  2  1  0  0  0  4  0  4  2  6  0
   4  2  4  0  2  0  0  1  0  0  1  0  3  1  0  0  0  0  0  0  0  3  0  3
   6  0  0  0]
 [72 23 27  5  4  5 79  4 10  6 65 13 13  2 43 10  0  8 18 14  6  0 16  2
   0  3 24  2  0  0  1  3 15 18 11  3  2  2  6  4  3  8  2  2  1  0 11  0
   2  1  0  5  0  0  2  7  0  1  1  5  6  9  2  0  3  6  0  2  4  1  2  1
   2  0  3  7  2  1  1  0  0  0  2  2  2  1  0  3  2  1  1  1  1  2  1  0
   0  1  0  0]
 [59 40  8  2  0 13  2 18 30  1  0  1 21  2 62  5 36 36 13 75  1 27  1 33
   8 17  3 11  2  2  2 15  6 19  4  5  7  1  3  0  4  5  0  5  2  0  0  3
   5 21  0  1  2  1  5  7  2  0  1  2  0  7  1  1  1  6  0  0  1  2  1  0
   0  2  4  2  2  0  1  3  2  4  2  0  0  1  2  1  0  2  5  1  2  0  1  2
   1  2  1  0]
 [21 21 45 49 16  0  3 42 58  4  1  2 10  7  4  6 24  4 10 11 33 10 16  2
   1 19  6  6  0  5  3  4  0  0  4 14  1  0  1  0  6  1  4 16  7  3  9 16
   2  0  4  2  0  5  1  3 15  2  2  9  7  2  0  5  3  2  0  0  0  1  1  2
   0  0  0  5  5  1  1  2  0  5  0  1  0  0  0  0  0  1  0  0  0  0  0  2
   0  1  0  1]
 [ 9  1 26  7 48 50 14  0  2  4 14 46 37 57 12 20  4  7  4  5 24 60  9  7
   1 10  9 23  7  7  5  5 12 14  5  4  2  1 17 15  4 15  6  2  1  6  0  1
   1  6 12  6  5  0  0  1  3  0  0  2  1  1  0  1  1  3  3  8  1  2  4  2
   0  0  0  4  0  1  0  4  0  1  0  0  2  1  1  0  1  0  0  2  0  0  0  0
   0  0  0  6]
 [25 32 22 89 14  0 12 45  7 17 42 25  1  2 16 31  5 23  3  5 21 17 13 27
  35 11  4  6  9  2  1  9  3  8  3  5  8  2 13  1  3  0  8 14  5  0  2  3
   3  3  3  0  9 12  2  1 11  2  6  1  4  0  1  1  3  1  3  0  0  1  0  1
   1  0  1  1  0  1  1  0  3  1  1  1  1  2  1  3  0  0  0  1  0  0  0  0
   0  0  0  1]
 [10 22  5 20 11 10  6  8 35 26 32 27  5 11  2  5 12 11 12  0  6  1  0 10
   4  1  0  4 13 11  2  7  9  0  3  8 19  8  9  1  1  0  7  1  7 32  1  1
   0 11  2  4  4  1  3  2  0  0  2  0  0  1  0  0  1  3  5  0  0  1  0  1
   1  0  0  0  0  2  7  0  1  2  1  1  3  0  4  1  0  0  2  1  0  1  0  0
   0  0  0  1]
 [24  6 36 10 28  2 48 32 34 26 19 32 26  4  3  7  1  3 25  5 31  4 16  5
   0  1  3 12 13  4  4  6  1  1  2 12  0 12  2 36 12  9  4  2  5 11  7 11
   3  0  1  6  2  0  2  5  0  2  0  5  1  1  8  0  0  3  0  3  0  0  4  4
   0  0  0  0  0  0  1  1  0  0  3  0  2  0  0  0  0  0  1  0  0  2  1  0
   0  0  0  0]
 [62 20 59 36  7  4  3 34  9 14 32  1  9  0 24  4 45  4 18  9  2 20 11 56
   2 16  1  1  2  4  6  0  0 10 13  3  5 10  7  2  2  0  1  1  9  2 12  8
  11  0  0 12  2  1  3  6  5  3  6  4  0  1  0  0  1  1  1  1  1  0  0  0
   2  2  2  2  0  0  1  0  0  1  1  1  0  0  2  0  0  1  2  0  0  0  0  0
   1  1  0  0]
 [23 56 65 22  6 40 20 35 12 38  6 16  5 60 23 12 31  7 14  3 13 19  3  1
   6 17  8  2 17 18  4 17  8  1  3  3  2 17  7  7 21 11  5  0  3  1  5  3
   7  5 10  1  2  7  9  6  3  2  7  0  0  0  3  2  2  1  1  0 10  2  0  2
   1  0  2  0  0  1  2  0  0  0  1  0  0  0  2  0  0  0  2  0  1  0  3  1
   0  1  1  1]
 [ 9 64  2 14 27 66  5 25 27 33 27  9  6 35 20 11  2 21 12  1  2  6 10  5
   7  3  9  5  3 14 16 15  1  7  1 12  6  0  8  4  1  0 13  5 12  0  5  4
   0  0  0  0  1  5  5  1  0  0  0  6  2  2  4  0  2  0  0  1  1  2  2  0
   0  3  0  0  0  3  2  0  2  1  3  1  1  0  0  0  1  1  0  0  2  1  0  0
   0  1  0  0]
 [10 15 10 29  2 52 53 13 13  5 36  5 30  8  7  6 13  0 23 16 13  7 14  1
  26 15  8  0 14 40  1 25  6  1 15  3 19  0  0  4  7 10  0  1  6  4  1  2
   3  0  1  0  1  3  3  0  1  5  7  3  9  1  2  2  1  0  2  7  1  0  1  1
   0  3  1  1  1  4  0  1  3  1  1  1  0  1  0  3  0  0  0  0  0  1  1  1
   0  1  3  0]
 [18 24  5  4 23  0 68 22 13 46 10 12  1 25  0 11 29  2  9  4 10  3 22  2
  35 10  5  1  5  5  3  2 16 19 13  4  0  1  0  2 10  5  9  1 11  2  0  3
   1  5  3  6  2  2  2  2  2  5  1  3  1  4  4  2  0  0  1  1  6  0  1  1
   3  9  4  0  3  0  1  0  2  1  0  1  2  2  0  0  1  0  0  3  2  1  0  0
   0  0  1  0]
 [ 1  6 14 24 45  1 39  1  1 18  1  3 16 11  6 38  3 22  3 10 10  4  2 14
   1  6  4  9  1  3  6  0 13  3  4  2  4  1  4  0  1 17  0  2  2  1  7  3
   5  1  6  1  9  0  5  2  1  5  4  1  0  0  2  4  0  0  8  6  1  3  3  4
   3  1  0  0  0  1  0  0  0  1  1  1  0  0  1  1  3  5  0  0  0  0  0  0
   0  1  0  0]
 [26  8 52  0 14 31  1 12  5 34 23  8  3 14  2 24  1 32 17  3 19  0 12  1
  21  2 10 21 15 13  3  7  6 15  1 13 17 15  4  3  1  4 10  0  2  3  4  0
   0  7  4 10  5  0  5  1  0  8  4  0  2  2  1  9  0  0  0  1  2  9  0  2
   6  3  0  2  2  4  0  1  5  0  0  5  1  4  0  0  0  0  0  1  0  0  1  1
   0  0  2  0]
 [57 21 15  5  7  3  8  5  0  0  0 21  6 17  0 14  5  9  4  5  1 16 15  6
   5  3 53  2  2 10 44  4  0  1  1  5  0 19  1  0  1  0  5  0  3  5  2  2
   4  4  2  0  6  3  0  0  0  3  0  5  2  7  5  2  0  4  0  3  2  1  2  4
   0  0  0  0  0  0  0  4  2  1  0  2  0  1  0  2  0  1  1  3  0  1  2  0
   0  1  0  0]
 [ 9 15 14 10 19 18 15  5 30 37  0 15 59  2 22 20  9 14 12 24 14  1  1  1
   2  7  9  0  2  0  9  1  5  8  6  4  2 10  6  7  2  1  1  1  0  2 11  6
   2  0 11  1  7  0  2  1  2  1  0  0  3  1  1  2 18  0  4  1  0  2  2  1
   0  0  1  0  0  2  2  0  0  0  0  1  0  0  1  0  2  1  0  0  3  0  0  0
   1  0  0  0]
 [ 5 17  0  1 80 21  7 13 10 15 22 39 24 11 17 13  0  4  6  5 10 21 12  1
   8 14  2 37 13  8  1 18  6  1  5  7  0  2 14 13 14  0  3 22  1  6  0  2
  20  4  2  1  1  6  4  0  5  3  0  0  0  2  7  4  0  1  1  1  0  0  0  1
   1  2  0  0  2  2  2  0  0  0  0  0  0  0  0  0  4  0  0  0  2  0  0  0
   0  0  0  0]
 [ 6  9 15  4 57 26  2 20 43  3  0  6  1  2  7 15  5 21  5 10  4  0 11  5
  13  7  1  5  9  9 17  8 12  6  8  6  2  2  7  7  5  1  7  0  8  1  1  1
   3  0  1  5  2  7  1  0  3  7  3  0  2  1  0  3  1  4  1  0  0  3  1  2
   5  0  4  1  5  0  0  1  1  0  2  0  1  0  0  0  1  1  0  0  0  0  0  1
   0  0  0  0]]
Total size of training set
12608
local test distribution:
[[13 35  3 26  8  7  3 24  1 11  0 13 11 20  5  7 15 15 15  7  3  0 14  2
   9  3  3 18 19  0  0  0 11  0 10  6  3  3  1  0  3  6  7  8  0  3  0  7
   1  0  0  0  1  3  2  7  0  1  3  1  4  0  0  2  1  2  1  0  0  0  0  0
   0  0  0  0  0  0  0  3  0  0  0  0  0  2  1  1  0  0  0  0  0  0  1  0
   1  0  1  0]
 [29 27 29 62  5 46  3 11 18  7  4 19 19  2  7 11 16  5 14 15  1  1  5 15
   4 15 11  1 11  1 19  0  6  1 11  3 15  5  0  0  0  2  0  3  1  0  2  0
   0  2  4  3  1  3  1  0  0  0  0  0  0  1  0  0  0  0  3  0  3  1  4  0
   3  1  3  0  1  0  0  0  0  0  0  0  2  0  0  0  0  0  0  0  0  2  0  2
   4  0  0  0]
 [57 18 21  3  3  3 62  3  7  4 51 10 10  1 34  7  0  6 14 11  4  0 12  1
   0  2 19  1  0  0  0  2 11 14  8  2  1  1  4  3  2  6  1  1  0  0  8  0
   1  0  0  3  0  0  1  5  0  0  0  3  4  7  1  0  2  4  0  1  3  0  1  0
   1  0  2  5  1  0  0  0  0  0  1  1  1  0  0  2  1  0  0  0  0  1  0  0
   0  0  0  0]
 [46 31  6  1  0 10  1 14 23  0  0  0 16  1 49  3 28 28 10 59  0 21  0 26
   6 13  2  8  1  1  1 11  4 15  3  3  5  0  2  0  3  3  0  3  1  0  0  2
   3 16  0  0  1  0  3  5  1  0  0  1  0  5  0  0  0  4  0  0  0  1  0  0
   0  1  3  1  1  0  0  2  1  3  1  0  0  0  1  0  0  1  3  0  1  0  0  1
   0  1  0  0]
 [16 16 35 38 12  0  2 33 46  3  0  1  7  5  3  4 19  3  7  8 26  7 12  1
   0 15  4  4  0  3  2  3  0  0  3 11  0  0  0  0  4  0  3 12  5  2  7 12
   1  0  3  1  0  3  0  2 11  1  1  7  5  1  0  3  2  1  0  0  0  0  0  1
   0  0  0  3  3  0  0  1  0  3  0  0  0  0  0  0  0  0  0  0  0  0  0  1
   0  0  0  0]
 [ 7  0 20  5 38 39 11  0  1  3 11 36 29 45  9 15  3  5  3  3 19 47  7  5
   0  7  7 18  5  5  3  3  9 11  3  3  1  0 13 11  3 11  4  1  0  4  0  0
   0  4  9  4  3  0  0  0  2  0  0  1  0  0  0  0  0  2  2  6  0  1  3  1
   0  0  0  3  0  0  0  3  0  0  0  0  1  0  0  0  0  0  0  1  0  0  0  0
   0  0  0  4]
 [19 25 17 70 11  0  9 35  5 13 33 19  0  1 12 24  3 18  2  3 16 13 10 21
  27  8  3  4  7  1  0  7  2  6  2  3  6  1 10  0  2  0  6 11  3  0  1  2
   2  2  2  0  7  9  1  0  8  1  4  0  3  0  0  0  2  0  2  0  0  0  0  0
   0  0  0  0  0  0  0  0  2  0  0  0  0  1  0  2  0  0  0  0  0  0  0  0
   0  0  0  0]
 [ 7 17  3 15  8  7  4  6 27 20 25 21  3  8  1  3  9  8  9  0  4  0  0  7
   3  0  0  3 10  8  1  5  7  0  2  6 15  6  7  0  0  0  5  0  5 25  0  0
   0  8  1  3  3  0  2  1  0  0  1  0  0  0  0  0  0  2  3  0  0  0  0  0
   0  0  0  0  0  1  5  0  0  1  0  0  2  0  3  0  0  0  1  0  0  0  0  0
   0  0  0  0]
 [19  4 28  7 22  1 38 25 26 20 15 25 20  3  2  5  0  2 19  3 24  3 12  3
   0  0  2  9 10  3  3  4  0  0  1  9  0  9  1 28  9  7  3  1  3  8  5  8
   2  0  0  4  1  0  1  3  0  1  0  3  0  0  6  0  0  2  0  2  0  0  3  3
   0  0  0  0  0  0  0  0  0  0  2  0  1  0  0  0  0  0  0  0  0  1  0  0
   0  0  0  0]
 [49 15 46 28  5  3  2 26  7 11 25  0  7  0 19  3 35  3 14  7  1 15  8 44
   1 12  0  0  1  3  4  0  0  7 10  2  3  7  5  1  1  0  0  0  7  1  9  6
   8  0  0  9  1  0  2  4  3  2  4  3  0  0  0  0  0  0  0  0  0  0  0  0
   1  1  1  1  0  0  0  0  0  0  0  0  0  0  1  0  0  0  1  0  0  0  0  0
   0  0  0  0]
 [18 44 51 17  4 31 15 27  9 30  4 12  3 47 18  9 24  5 11  2 10 15  2  0
   4 13  6  1 13 14  3 13  6  0  2  2  1 13  5  5 16  8  3  0  2  0  3  2
   5  3  7  0  1  5  7  4  2  1  5  0  0  0  2  1  1  0  0  0  7  1  0  1
   0  0  1  0  0  0  1  0  0  0  0  0  0  0  1  0  0  0  1  0  0  0  2  0
   0  0  0  0]
 [ 7 50  1 11 21 52  3 19 21 26 21  7  4 27 15  8  1 16  9  0  1  4  7  3
   5  2  7  3  2 11 12 11  0  5  0  9  4  0  6  3  0  0 10  3  9  0  3  3
   0  0  0  0  0  3  3  0  0  0  0  4  1  1  3  0  1  0  0  0  0  1  1  0
   0  2  0  0  0  2  1  0  1  0  2  0  0  0  0  0  0  0  0  0  1  0  0  0
   0  0  0  0]
 [ 7 11  7 23  1 41 42 10 10  3 28  3 23  6  5  4 10  0 18 12 10  5 11  0
  20 11  6  0 11 31  0 19  4  0 11  2 15  0  0  3  5  7  0  0  4  3  0  1
   2  0  0  0  0  2  2  0  0  3  5  2  7  0  1  1  0  0  1  5  0  0  0  0
   0  2  0  0  0  3  0  0  2  0  0  0  0  0  0  2  0  0  0  0  0  0  0  0
   0  0  2  0]
 [14 19  3  3 18  0 53 17 10 36  7  9  0 19  0  8 23  1  7  3  7  2 17  1
  27  7  3  0  3  3  2  1 12 15 10  3  0  0  0  1  7  3  7  0  8  1  0  2
   0  3  2  4  1  1  1  1  1  3  0  2  0  3  3  1  0  0  0  0  4  0  0  0
   2  7  3  0  2  0  0  0  1  0  0  0  1  1  0  0  0  0  0  2  1  0  0  0
   0  0  0  0]
 [ 0  4 11 19 35  0 30  0  0 14  0  2 12  8  4 30  2 17  2  7  7  3  1 11
   0  4  3  7  0  2  4  0 10  2  3  1  3  0  3  0  0 13  0  1  1  0  5  2
   3  0  4  0  7  0  3  1  0  3  3  0  0  0  1  3  0  0  6  4  0  2  2  3
   2  0  0  0  0  0  0  0  0  0  0  0  0  0  0  0  2  3  0  0  0  0  0  0
   0  0  0  0]
 [20  6 41  0 11 24  0  9  3 26 18  6  2 11  1 19  0 25 13  2 15  0  9  0
  16  1  7 16 11 10  2  5  4 11  0 10 13 11  3  2  0  3  7  0  1  2  3  0
   0  5  3  7  3  0  3  0  0  6  3  0  1  1  0  7  0  0  0  0  1  7  0  1
   4  2  0  1  1  3  0  0  3  0  0  3  0  3  0  0  0  0  0  0  0  0  0  0
   0  0  1  0]
 [45 16 11  3  5  2  6  3  0  0  0 16  4 13  0 11  3  7  3  3  0 12 11  4
   3  2 42  1  1  7 34  3  0  0  0  3  0 15  0  0  0  0  3  0  2  3  1  1
   3  3  1  0  4  2  0  0  0  2  0  3  1  5  3  1  0  3  0  2  1  0  1  3
   0  0  0  0  0  0  0  3  1  0  0  1  0  0  0  1  0  0  0  2  0  0  1  0
   0  0  0  0]
 [ 7 11 11  7 15 14 11  3 23 29  0 11 46  1 17 15  7 11  9 19 11  0  0  0
   1  5  7  0  1  0  7  0  3  6  4  3  1  7  4  5  1  0  0  0  0  1  8  4
   1  0  8  0  5  0  1  0  1  0  0  0  2  0  0  1 14  0  3  0  0  1  1  0
   0  0  0  0  0  1  1  0  0  0  0  0  0  0  0  0  1  0  0  0  2  0  0  0
   0  0  0  0]
 [ 3 13  0  0 63 16  5 10  7 11 17 30 19  8 13 10  0  3  4  3  7 16  9  0
   6 11  1 29 10  6  0 14  4  0  3  5  0  1 11 10 11  0  2 17  0  4  0  1
  15  3  1  0  0  4  3  0  3  2  0  0  0  1  5  3  0  0  0  0  0  0  0  0
   0  1  0  0  1  1  1  0  0  0  0  0  0  0  0  0  3  0  0  0  1  0  0  0
   0  0  0  0]
 [ 4  7 11  3 45 20  1 15 34  2  0  4  0  1  5 11  3 16  3  7  3  0  8  3
  10  5  0  3  7  7 13  6  9  4  6  4  1  1  5  5  3  0  5  0  6  0  0  0
   2  0  0  3  1  5  0  0  2  5  2  0  1  0  0  2  0  3  0  0  0  2  0  1
   3  0  3  0  3  0  0  0  0  0  1  0  0  0  0  0  0  0  0  0  0  0  0  0
   0  0  0  0]]
Total size of testing set
9142
[387 369 355 341 330 316 301 290 278 269 259 244 235 227 219 207 201 194
 186 174 169 164 155 147 142 136 133 126 123 116 110 107 102  97  92  90
  87  80  80  77  70  69  66  61  58  57  55  53  49  49  45  41  40  40
  36  33  34  31  31  30  29  25  25  25  23  23  21  20  19  17  16  14
  16  17  16  14  13  11   9  12  11   7   7   5   8   7   7   8   7   4
   6   5   6   4   4   4   5   1   4   4]
20
  0%|          | 0/500 [00:00<?, ?it/s]  0%|          | 1/500 [05:03<42:02:03, 303.25s/it]  0%|          | 2/500 [09:55<41:00:51, 296.49s/it]  1%|          | 3/500 [14:46<40:35:37, 294.04s/it]  1%|          | 4/500 [19:35<40:14:12, 292.04s/it]3shot of client 0:head:0.11075949367088607, middle:0.0, tail0.0
3shot of client 1:head:0.06716417910447761, middle:0.0, tail0.0
3shot of client 2:head:0.05, middle:0.0, tail0.0
3shot of client 3:head:0.07828282828282829, middle:0.0, tail0.0
3shot of client 4:head:0.047619047619047616, middle:0.0, tail0.0
3shot of client 5:head:0.0, middle:0.0, tail0.0
3shot of client 6:head:0.06053268765133172, middle:0.0, tail0.0
3shot of client 7:head:0.06343283582089553, middle:0.0, tail0.0
3shot of client 8:head:0.0, middle:0.0425531914893617, tail0.0
3shot of client 9:head:0.04, middle:0.0, tail0.0
3shot of client 10:head:0.09734513274336283, middle:0.0, tail0.0
3shot of client 11:head:0.13966480446927373, middle:0.0, tail0.0
3shot of client 12:head:0.02997275204359673, middle:0.0, tail0.0
3shot of client 13:head:0.05654761904761905, middle:0.0, tail0.0
3shot of client 14:head:0.015810276679841896, middle:0.0, tail0.0
3shot of client 15:head:0.0, middle:0.06451612903225806, tail0.0
3shot of client 16:head:0.06153846153846154, middle:0.0, tail0.0
3shot of client 17:head:0.037037037037037035, middle:0.0, tail0.0
3shot of client 18:head:0.03757225433526012, middle:0.0, tail0.0
3shot of client 19:head:0.026615969581749048, middle:0.0, tail0.0
round 0, local average test acc  0.0397 

round 0, local macro average F1 score  0.0013 

round 0, local weighted average F1 score  0.0041 

round 0, global test acc  0.0100 

round 0, average 3shot acc: [head: 0.0510, middle: 0.0054, tail: 0.0000] 

round 0, global 3shot acc: [head: 0.0323, middle: 0.0000, tail: 0.0000] 

3shot of client 0:head:0.11075949367088607, middle:0.0, tail0.0
3shot of client 1:head:0.06716417910447761, middle:0.0, tail0.0
3shot of client 2:head:0.05, middle:0.0, tail0.0
3shot of client 3:head:0.07828282828282829, middle:0.0, tail0.0
3shot of client 4:head:0.047619047619047616, middle:0.0, tail0.0
3shot of client 5:head:0.0, middle:0.0, tail0.0
3shot of client 6:head:0.06053268765133172, middle:0.0, tail0.0
3shot of client 7:head:0.06343283582089553, middle:0.0, tail0.0
3shot of client 8:head:0.0, middle:0.0425531914893617, tail0.0
3shot of client 9:head:0.04, middle:0.0, tail0.0
3shot of client 10:head:0.09734513274336283, middle:0.0, tail0.0
3shot of client 11:head:0.13966480446927373, middle:0.0, tail0.0
3shot of client 12:head:0.02997275204359673, middle:0.0, tail0.0
3shot of client 13:head:0.05654761904761905, middle:0.0, tail0.0
3shot of client 14:head:0.015810276679841896, middle:0.0, tail0.0
3shot of client 15:head:0.0, middle:0.06451612903225806, tail0.0
3shot of client 16:head:0.06153846153846154, middle:0.0, tail0.0
3shot of client 17:head:0.037037037037037035, middle:0.0, tail0.0
3shot of client 18:head:0.03757225433526012, middle:0.0, tail0.0
3shot of client 19:head:0.026615969581749048, middle:0.0, tail0.0
round 1, local average test acc  0.0397 

round 1, local macro average F1 score  0.0013 

round 1, local weighted average F1 score  0.0040 

round 1, global test acc  0.0100 

round 1, average 3shot acc: [head: 0.0510, middle: 0.0054, tail: 0.0000] 

round 1, global 3shot acc: [head: 0.0323, middle: 0.0000, tail: 0.0000] 

3shot of client 0:head:0.02531645569620253, middle:0.0, tail0.0
3shot of client 1:head:0.0, middle:0.05102040816326531, tail0.0
3shot of client 2:head:0.0, middle:0.030927835051546393, tail0.0
3shot of client 3:head:0.0, middle:0.0, tail0.0
3shot of client 4:head:0.03571428571428571, middle:0.0, tail0.0
3shot of client 5:head:0.09476309226932668, middle:0.0, tail0.0
3shot of client 6:head:0.026634382566585957, middle:0.0, tail0.0
3shot of client 7:head:0.029850746268656716, middle:0.0, tail0.0
3shot of client 8:head:0.05994550408719346, middle:0.0, tail0.0
3shot of client 9:head:0.0, middle:0.052083333333333336, tail0.0
3shot of client 10:head:0.0, middle:0.03333333333333333, tail0.0
3shot of client 11:head:0.05865921787709497, middle:0.0, tail0.0
3shot of client 12:head:0.0, middle:0.0, tail0.043478260869565216
3shot of client 13:head:0.05357142857142857, middle:0.0, tail0.0
3shot of client 14:head:0.1383399209486166, middle:0.0, tail0.0
3shot of client 15:head:0.031161473087818695, middle:0.0, tail0.0
3shot of client 16:head:0.019230769230769232, middle:0.0, tail0.0
3shot of client 17:head:0.050505050505050504, middle:0.0, tail0.0
3shot of client 18:head:0.18208092485549132, middle:0.0, tail0.0
3shot of client 19:head:0.17110266159695817, middle:0.0, tail0.0
round 2, local average test acc  0.0387 

round 2, local macro average F1 score  0.0014 

round 2, local weighted average F1 score  0.0063 

round 2, global test acc  0.0100 

round 2, average 3shot acc: [head: 0.0488, middle: 0.0084, tail: 0.0022] 

round 2, global 3shot acc: [head: 0.0323, middle: 0.0000, tail: 0.0000] 

3shot of client 0:head:0.11075949367088607, middle:0.024390243902439025, tail0.0
3shot of client 1:head:0.15920398009950248, middle:0.02040816326530612, tail0.038461538461538464
3shot of client 2:head:0.15555555555555556, middle:0.041237113402061855, tail0.0
3shot of client 3:head:0.08838383838383838, middle:0.1, tail0.0
3shot of client 4:head:0.1875, middle:0.0, tail0.09523809523809523
3shot of client 5:head:0.07231920199501247, middle:0.09433962264150944, tail0.0
3shot of client 6:head:0.11138014527845036, middle:0.019801980198019802, tail0.0
3shot of client 7:head:0.08955223880597014, middle:0.0547945205479452, tail0.0
3shot of client 8:head:0.1553133514986376, middle:0.0425531914893617, tail0.0
3shot of client 9:head:0.152, middle:0.08333333333333333, tail0.0
3shot of client 10:head:0.10619469026548672, middle:0.05, tail0.0
3shot of client 11:head:0.05027932960893855, middle:0.03333333333333333, tail0.047619047619047616
3shot of client 12:head:0.10899182561307902, middle:0.06315789473684211, tail0.0
3shot of client 13:head:0.05357142857142857, middle:0.011764705882352941, tail0.047619047619047616
3shot of client 14:head:0.10276679841897234, middle:0.030303030303030304, tail0.0
3shot of client 15:head:0.14447592067988668, middle:0.021505376344086023, tail0.13636363636363635
3shot of client 16:head:0.11538461538461539, middle:0.043478260869565216, tail0.0
3shot of client 17:head:0.15488215488215487, middle:0.0, tail0.0
3shot of client 18:head:0.05202312138728324, middle:0.08695652173913043, tail0.0
3shot of client 19:head:0.09885931558935361, middle:0.06060606060606061, tail0.0
round 3, local average test acc  0.0954 

round 3, local macro average F1 score  0.0299 

round 3, local weighted average F1 score  0.0692 

round 3, global test acc  0.0342 

round 3, average 3shot acc: [head: 0.1135, middle: 0.0441, tail: 0.0183] 

round 3, global 3shot acc: [head: 0.1103, middle: 0.0000, tail: 0.0000] 

3shot of client 0:head:0.24367088607594936, middle:0.012195121951219513, tail0.0
3shot of client 1:head:0.29850746268656714, middle:0.05102040816326531, tail0.038461538461538464
3shot of client 2:head:0.2111111111111111, middle:0.14432989690721648, tail0.043478260869565216
3shot of client 3:head:0.2196969696969697, middle:0.06, tail0.08
3shot of client 4:head:0.22321428571428573, middle:0.01098901098901099, tail0.14285714285714285
3shot of client 5:head:0.08728179551122195, middle:0.14150943396226415, tail0.0
3shot of client 6:head:0.2566585956416465, middle:0.009900990099009901, tail0.0
3shot of client 7:head:0.14925373134328357, middle:0.0958904109589041, tail0.0
3shot of client 8:head:0.19618528610354224, middle:0.09574468085106383, tail0.0
3shot of client 9:head:0.22666666666666666, middle:0.09375, tail0.041666666666666664
3shot of client 10:head:0.168141592920354, middle:0.09166666666666666, tail0.0
3shot of client 11:head:0.16759776536312848, middle:0.06666666666666667, tail0.0
3shot of client 12:head:0.12534059945504086, middle:0.06315789473684211, tail0.0
3shot of client 13:head:0.11607142857142858, middle:0.03529411764705882, tail0.047619047619047616
3shot of client 14:head:0.1976284584980237, middle:0.045454545454545456, tail0.0
3shot of client 15:head:0.16147308781869688, middle:0.03225806451612903, tail0.045454545454545456
3shot of client 16:head:0.23846153846153847, middle:0.057971014492753624, tail0.0
