nohup: ignoring input
./temp/fl_acc_cifar100_resnet34_cons_frac0.2_iidFalse_iter500_ep5_lr0.03_N20_100_seed3407_p1_dirichlet0.5_IF0.01_LossCE.txt
Files already downloaded and verified
[500, 477, 455, 434, 415, 396, 378, 361, 344, 328, 314, 299, 286, 273, 260, 248, 237, 226, 216, 206, 197, 188, 179, 171, 163, 156, 149, 142, 135, 129, 123, 118, 112, 107, 102, 98, 93, 89, 85, 81, 77, 74, 70, 67, 64, 61, 58, 56, 53, 51, 48, 46, 44, 42, 40, 38, 36, 35, 33, 32, 30, 29, 27, 26, 25, 24, 23, 22, 21, 20, 19, 18, 17, 16, 15, 15, 14, 13, 13, 12, 12, 11, 11, 10, 10, 9, 9, 8, 8, 7, 7, 7, 6, 6, 6, 6, 5, 5, 5, 5]
10847
Files already downloaded and verified
Into non-iid sampling
clients_sizes:[573, 766, 469, 733, 726, 766, 466, 320, 676, 410, 554, 546, 535, 512, 586, 396, 460, 448, 431, 474]
training set distribution:
[[  8   5  18   0  32  55  32   1  64   2   4  41   7   3  47  19   2   3
    0   6   0   3   5  14   6   4   9  50   0  11   3   0   2   0  38  12
   11   1  19   0   1   0   0   0   1  10   0   0   3   0   0   0   0   0
    1   0   2   2   0   0   1   0   2   0   2   4   0   0   0   0   0   0
    0   0   1   0   0   1   0   0   0   0   2   0   0   0   1   0   0   0
    0   0   0   0   0   1   1   0   0   0]
 [ 99   7  26  25  22   2  54  80   2  28  22  33   7  19 105   0   1   3
    4  13   2  26   9   3   0   4   4   4  37   0  18   1   2   6   5  16
    4   0  15  13   1   0   0   0   3   2   0   0   0   0   2   2   3   9
    1   0   2   0   2   1   0   0   3   0   0   0   0   0   0   7   0   0
    0   0   0   0   0   0   0   0   0   0   0   1   0   2   1   0   0   0
    0   2   0   1   0   0   0   0   0   0]
 [ 14  60   9  13   3  40   0   8   0   6  24  11  75  13  14   6  11   2
    2   7   0   0   0   0   0  10   0   4   0   3   7  10  11   3   5   0
    8   6   1   0   1   8   1   1   5   0   5   2   4   8   0   1   3   0
    2   1   1   1   3   3   2   2   0   0   0   0   0   0   0   0   2   0
    0   1   4   0   6   1   0   0   4   0   3   0   3   0   1   0   1   2
    0   0   0   0   0   0   0   1   0   0]
 [ 23  89  56   2  47   1   7   8  48  33   0  49   1  29   5  32   2  17
   76   5  13  10   0  12   0   0   2   0   9  19  16   2   0  18   2   0
    6   0   0   2   2   1  26   5  10   2   0   1   0   0   4   1   0   1
    1   0   0   0   0   1   3   0   0   8   3   2   0   1   3   0   1   0
    0   4   0   0   0   0   0   0   0   0   0   1   0   1   0   1   3   0
    3   0   1   0   2   0   0   0   0   0]
 [  9  95  66   3  48   7  41  15  36  24  65   1   2   1   0   2   4   8
    0   6  29   0   2  53   7   2  24  19  10  14   0   3   0  25   2   5
    0  30   3   0   4   0   4   7   7   4   0   0   8   4   3   1   0   0
    2   0   0   4   0   0   0   0   1   0   4   0   0   0   0   0   1   3
    1   0   0   1   0   0   2   1   0   0   1   0   0   0   1   0   0   0
    0   0   1   0   0   0   0   0   0   0]
 [ 22  45  14  67   2   2  54  10  18  22  47  12  10  71  16   1  52   4
    7   1  31  36  16   8  25  30   7   0   8   0   3   0   6   6   6  27
    0   0   0   0   4   0   0   0   2   5   4   5   9   1   5   3   3   0
    1   0   6  14   1   1   0   0   1   0   1   3   0   0   0   0   0   4
    1   2   0   0   0   1   0   1   1   0   0   0   0   0   0   0   0   0
    0   0   0   0   0   0   0   1   0   0]
 [  5   0   1  11  50   1  31  30  22  10   1   1   8   4   2   0   2   6
   31   0  15  46   1   7   9   1  18   0   0  10   5   0   7   2  24   2
    6   2   5  18   4   3   3   0   0   0   2   4   3   8   0   3   1   1
    0   2   4   3   0   0   0   6   0   2   0   2   0   2   0   2   3   0
    0   0   0   0   0   2   1   3   0   0   0   0   0   0   1   0   3   0
    0   0   0   2   0   0   1   0   0   1]
 [  0  19   5  26  11  14   5  14   2  11   1  12  20   2   7   6   0   0
    3   0  21   0   3   0   1   1  14   0   2  12   1   9   3   0   4   6
    1   1   5   0   2  10   1   4   1   2   6   0   2   2   1   4   3   1
    0  16   3   0   0   0   1   0   1   1   0   1   0   3   2   0   1   0
    0   1   1   2   0   1   1   2   0   0   1   0   0   0   0   0   0   0
    0   0   0   0   0   0   0   1   0   0]
 [ 44  21  72  58  46  20   1   1  52   0  37  46  14   5  10  11  17   8
    1   1   1   1   8  16  15  40   0   0   0  12   1  10   1   0   0   3
    9   0   5   3   6   5   6   2   7   0   0   5   0   0   2   1   0   0
    7  11   3   0   1   1   2   0   0   0   3   0   4   0   0   1   5   0
    1   0   0   0   0   0   1   0   2   1   0   0   0   0   2   2   0   1
    0   1   0   0   0   0   1   0   0   2]
 [  0  16   3   2  33  70   1  22   1   5  45   9   5   6   3   7   0  14
    7   5   8   5   2   0   1   4   2   5   0   0   1  12   1   7   0   2
    1   2  15  18   0   2   0   0   7  10   3   0   1   2   2   0   5   0
    1   0   7   0   2   0   0   1   0   0   0   0   1   0   0   0   3   1
    0   3   0   3   1   0   0   0   0   0   3   0   2   2   0   2   0   1
    0   1   0   1   0   1   0   0   0   2]
 [  0   0   0  28  16   3  89  14  43   6   9   7   0  12   0   2  62   0
    8  74   2   2   0  26   2   1   8   2   6   0   1   0   2   2   1   2
    5   1   1   0   8   2   0   1   4   7   0  18   0   2   1   0   0  13
    4   0   4   1   0   3   3   0   0   3   3   0   8   0   2   1   0   0
    9   1   2   3   0   1   4   0   1   0   0   1   0   2   0   0   0   0
    0   0   1   0   1   1   0   0   2   0]
 [ 90   0  30  51   5   0   4   3   1   5   1   1   8  11  23  84   0  23
    4   6   0   2   9   0   0   3   0   7   7  17   5   2  21   5   0   3
    0   2   0   2   0   0   0  10   0   1  13   3   0   7   1   2   3   1
    5   0   0   0   6   3   1   1   3   0   5  11   0  12   0   1   0   4
    1   0   4   0   0   0   0   0   1   0   0   3   0   0   0   1   0   1
    2   0   0   0   0   1   1   1   2   0]
 [  9  41   0  22   1  13   6   1   0  53  13   6  47  19   4   2   2  13
   10  15   3   0   0   0  67   8   7   2  37   0  35   0   0  11   0   4
    4   1   2   0   0   8   3   4   2   0   0   0   3   0   5   3   2   8
    5   1   0   5   1   0   1   0   3   0   2   0   0   0   7   0   0   2
    0   0   0   1   3   0   1   0   2   0   1   0   1   0   0   0   0   0
    0   1   0   0   1   0   1   0   0   0]
 [ 14  17   3  80   2  97  18   3   0  17   3   1  13  20   0   1   3   6
    0   0   1  24  40   6   2   1   2   8   0   7   5   1   0   2   1   0
    1   0   5   1  12   4   0  19   6   4   1   5   0   8   0   6   6   0
    2   3   0   0   1   5   0   1   1   6   0   0   0   0   0   1   1   2
    0   0   0   1   3   0   0   2   0   3   0   2   1   0   0   0   0   0
    0   0   1   0   0   0   0   0   0   0]
 [ 30  43   0  19   2   1  17 114   1  68   2   0   6   2   4   9   7  28
    0  11   2   0   7   2  11  12   5  14   9  12   3   2  10   7   0   2
    8   2   0   6  14   4   1   0   0   0  13   1   4   0   8   5   4   0
    6   0   0   4   0   0   2   7   7   2   0   1   2   0   2   3   0   2
    1   0   0   1   0   1   0   2   1   1   0   0   2   2   2   0   0   1
    0   0   0   0   0   1   0   0   1   0]
 [  3   5  43   6  25   7   1  18   0   8   2   2   7   0   0   1   0   0
   37  11   7   0   6   1   3   0  19   0   0   8   0  35  25   0   1  10
    4   0   1  11   6   0   0   4   4   8   5   0  11   9   2   3   0   2
    0   1   1   0   2   2   8   0   4   1   0   0   0   3   1   1   1   0
    0   2   1   2   0   1   0   0   0   3   0   0   0   0   0   0   0   0
    1   0   0   0   0   0   0   0   0   0]
 [ 19   2  21  13   2   0   8  10   1   3  15  15   4  12  17  10  27  40
    1   2   6   1  62  18   2  11  21   7   6   1   0   1   1   1   2   4
   24  15   1   0   2   0   4   1   0   0   2  10   0   0   1   3   4   5
    0   3   0   0   0   0   0   3   0   0   1   0   2   0   0   0   0   0
    0   0   1   0   1   2   3   1   0   0   0   1   1   0   0   0   0   0
    0   1   0   0   2   0   0   0   0   0]
 [  7   5   3   5  21  54   9   0  10   9  20  45  36  35   3  12  23   8
    1   7   0  24   0   4   6  20   6  10   1   0   0   2   0   0   5   0
    0  22   0   6   1   0   0   1   0   0   4   0   3   0   1   0   1   0
    0   0   0   1   0   0   0   6   0   0   1   0   0   0   0   0   0   0
    1   1   0   0   0   0   0   0   0   0   0   0   0   0   0   1   1   1
    1   1   1   1   0   0   0   1   0   0]
 [ 87   7  18   0  21   1   0   8   3   2   0   1   6   7   0  10   3  41
    4  35   2   7   7   0   1   2   0  10   3   1  17   2  20   0   0   0
    1   3   0   0   5  20  20   1   5   2   0   2   0   0   9   3   1   1
    2   0   1   0   1  11   1   1   0   3   0   0   3   1   0   3   1   0
    0   1   1   0   0   1   0   0   0   0   0   0   0   0   0   0   0   0
    0   0   0   0   0   1   0   0   0   0]
 [ 17   0  67   3  26   8   0   1  40  16   3   6  10   2   0  33  19   2
   20   1  54   1   2   1   5   2   1   0   0   2   2  26   0  12   6   0
    0   1   7   1   4   7   1   7   0   4   0   0   2   0   1   5   5   0
    0   0   2   0  13   1   5   1   1   0   0   0   3   0   4   0   0   0
    2   0   0   1   0   1   0   0   0   3   0   1   0   0   0   1   0   0
    0   0   1   1   0   0   0   0   0   0]]
Total size of training set
10847
local test distribution:
[[  7   4  16   0  29  50  29   0  59   1   3  37   6   2  43  17   1   2
    0   5   0   2   4  12   5   3   8  46   0  10   2   0   1   0  35  11
   10   0  17   0   0   0   0   0   0   9   0   0   2   0   0   0   0   0
    0   0   1   1   0   0   0   0   1   0   1   3   0   0   0   0   0   0
    0   0   0   0   0   0   0   0   0   0   1   0   0   0   0   0   0   0
    0   0   0   0   0   0   0   0   0   0]
 [ 91   6  23  23  20   1  49  73   1  25  20  30   6  17  96   0   0   2
    3  11   1  23   8   2   0   3   3   3  34   0  16   0   1   5   4  14
    3   0  13  11   0   0   0   0   2   1   0   0   0   0   1   1   2   8
    0   0   1   0   1   0   0   0   2   0   0   0   0   0   0   6   0   0
    0   0   0   0   0   0   0   0   0   0   0   0   0   1   0   0   0   0
    0   1   0   0   0   0   0   0   0   0]
 [ 12  55   8  11   2  36   0   7   0   5  22  10  69  11  12   5  10   1
    1   6   0   0   0   0   0   9   0   3   0   2   6   9  10   2   4   0
    7   5   0   0   0   7   0   0   4   0   4   1   3   7   0   0   2   0
    1   0   0   0   2   2   1   1   0   0   0   0   0   0   0   0   1   0
    0   0   3   0   5   0   0   0   3   0   2   0   2   0   0   0   0   1
    0   0   0   0   0   0   0   0   0   0]
 [ 21  82  51   1  43   0   6   7  44  30   0  45   0  26   4  29   1  15
   70   4  11   9   0  11   0   0   1   0   8  17  14   1   0  16   1   0
    5   0   0   1   1   0  23   4   9   1   0   0   0   0   3   0   0   0
    0   0   0   0   0   0   2   0   0   7   2   1   0   0   2   0   0   0
    0   3   0   0   0   0   0   0   0   0   0   0   0   0   0   0   2   0
    2   0   0   0   1   0   0   0   0   0]
 [  8  87  60   2  44   6  37  13  33  22  59   0   1   0   0   1   3   7
    0   5  26   0   1  48   6   1  22  17   9  12   0   2   0  23   1   4
    0  27   2   0   3   0   3   6   6   3   0   0   7   3   2   0   0   0
    1   0   0   3   0   0   0   0   0   0   3   0   0   0   0   0   0   2
    0   0   0   0   0   0   1   0   0   0   0   0   0   0   0   0   0   0
    0   0   0   0   0   0   0   0   0   0]
 [ 20  41  12  61   1   1  49   9  16  20  43  11   9  65  14   0  47   3
    6   0  28  33  14   7  23  27   6   0   7   0   2   0   5   5   5  24
    0   0   0   0   3   0   0   0   1   4   3   4   8   0   4   2   2   0
    0   0   5  12   0   0   0   0   0   0   0   2   0   0   0   0   0   3
    0   1   0   0   0   0   0   0   0   0   0   0   0   0   0   0   0   0
    0   0   0   0   0   0   0   0   0   0]
 [  4   0   0  10  46   0  28  27  20   9   0   0   7   3   1   0   1   5
   28   0  13  42   0   6   8   0  16   0   0   9   4   0   6   1  22   1
    5   1   4  16   3   2   2   0   0   0   1   3   2   7   0   2   0   0
    0   1   3   2   0   0   0   5   0   1   0   1   0   1   0   1   2   0
    0   0   0   0   0   1   0   2   0   0   0   0   0   0   0   0   2   0
    0   0   0   1   0   0   0   0   0   0]
 [  0  17   4  23  10  12   4  12   1  10   0  11  18   1   6   5   0   0
    2   0  19   0   2   0   0   0  12   0   1  11   0   8   2   0   3   5
    0   0   4   0   1   9   0   3   0   1   5   0   1   1   0   3   2   0
    0  14   2   0   0   0   0   0   0   0   0   0   0   2   1   0   0   0
    0   0   0   1   0   0   0   1   0   0   0   0   0   0   0   0   0   0
    0   0   0   0   0   0   0   0   0   0]
 [ 40  19  66  53  42  18   0   0  47   0  34  42  12   4   9  10  15   7
    0   0   0   0   7  14  13  36   0   0   0  11   0   9   0   0   0   2
    8   0   4   2   5   4   5   1   6   0   0   4   0   0   1   0   0   0
    6  10   2   0   0   0   1   0   0   0   2   0   3   0   0   0   4   0
    0   0   0   0   0   0   0   0   1   0   0   0   0   0   1   1   0   0
    0   0   0   0   0   0   0   0   0   1]
 [  0  14   2   1  30  64   0  20   0   4  41   8   4   5   2   6   0  12
    6   4   7   4   1   0   0   3   1   4   0   0   0  11   0   6   0   1
    0   1  13  16   0   1   0   0   6   9   2   0   0   1   1   0   4   0
    0   0   6   0   1   0   0   0   0   0   0   0   0   0   0   0   2   0
    0   2   0   2   0   0   0   0   0   0   2   0   1   1   0   1   0   0
    0   0   0   0   0   0   0   0   0   1]
 [  0   0   0  25  14   2  82  12  39   5   8   6   0  11   0   1  57   0
    7  68   1   1   0  23   1   0   7   1   5   0   0   0   1   1   0   1
    4   0   0   0   7   1   0   0   3   6   0  16   0   1   0   0   0  11
    3   0   3   0   0   2   2   0   0   2   2   0   7   0   1   0   0   0
    8   0   1   2   0   0   3   0   0   0   0   0   0   1   0   0   0   0
    0   0   0   0   0   0   0   0   1   0]
 [ 82   0  27  47   4   0   3   2   0   4   0   0   7  10  21  77   0  21
    3   5   0   1   8   0   0   2   0   6   6  15   4   1  19   4   0   2
    0   1   0   1   0   0   0   9   0   0  11   2   0   6   0   1   2   0
    4   0   0   0   5   2   0   0   2   0   4  10   0  11   0   0   0   3
    0   0   3   0   0   0   0   0   0   0   0   2   0   0   0   0   0   0
    1   0   0   0   0   0   0   0   1   0]
 [  8  37   0  20   0  11   5   0   0  48  11   5  43  17   3   1   1  11
    9  13   2   0   0   0  61   7   6   1  34   0  32   0   0  10   0   3
    3   0   1   0   0   7   2   3   1   0   0   0   2   0   4   2   1   7
    4   0   0   4   0   0   0   0   2   0   1   0   0   0   6   0   0   1
    0   0   0   0   2   0   0   0   1   0   0   0   0   0   0   0   0   0
    0   0   0   0   0   0   0   0   0   0]
 [ 12  15   2  73   1  89  16   2   0  15   2   0  11  18   0   0   2   5
    0   0   0  22  36   5   1   0   1   7   0   6   4   0   0   1   0   0
    0   0   4   0  11   3   0  17   5   3   0   4   0   7   0   5   5   0
    1   2   0   0   0   4   0   0   0   5   0   0   0   0   0   0   0   1
    0   0   0   0   2   0   0   1   0   2   0   1   0   0   0   0   0   0
    0   0   0   0   0   0   0   0   0   0]
 [ 27  39   0  17   1   0  15 105   0  62   1   0   5   1   3   8   6  25
    0  10   1   0   6   1  10  11   4  12   8  11   2   1   9   6   0   1
    7   1   0   5  12   3   0   0   0   0  11   0   3   0   7   4   3   0
    5   0   0   3   0   0   1   6   6   1   0   0   1   0   1   2   0   1
    0   0   0   0   0   0   0   1   0   0   0   0   1   1   1   0   0   0
    0   0   0   0   0   0   0   0   0   0]
 [  2   4  39   5  23   6   0  16   0   7   1   1   6   0   0   0   0   0
   34  10   6   0   5   0   2   0  17   0   0   7   0  32  23   0   0   9
    3   0   0  10   5   0   0   3   3   7   4   0  10   8   1   2   0   1
    0   0   0   0   1   1   7   0   3   0   0   0   0   2   0   0   0   0
    0   1   0   1   0   0   0   0   0   2   0   0   0   0   0   0   0   0
    0   0   0   0   0   0   0   0   0   0]
 [ 17   1  19  11   1   0   7   9   0   2  13  13   3  11  15   9  24  36
    0   1   5   0  57  16   1  10  19   6   5   0   0   0   0   0   1   3
   22  13   0   0   1   0   3   0   0   0   1   9   0   0   0   2   3   4
    0   2   0   0   0   0   0   2   0   0   0   0   1   0   0   0   0   0
    0   0   0   0   0   1   2   0   0   0   0   0   0   0   0   0   0   0
    0   0   0   0   1   0   0   0   0   0]
 [  6   4   2   4  19  49   8   0   9   8  18  41  33  32   2  11  21   7
    0   6   0  22   0   3   5  18   5   9   0   0   0   1   0   0   4   0
    0  20   0   5   0   0   0   0   0   0   3   0   2   0   0   0   0   0
    0   0   0   0   0   0   0   5   0   0   0   0   0   0   0   0   0   0
    0   0   0   0   0   0   0   0   0   0   0   0   0   0   0   0   0   0
    0   0   0   0   0   0   0   0   0   0]
 [ 80   6  16   0  19   0   0   7   2   1   0   0   5   6   0   9   2  37
    3  32   1   6   6   0   0   1   0   9   2   0  15   1  18   0   0   0
    0   2   0   0   4  18  18   0   4   1   0   1   0   0   8   2   0   0
    1   0   0   0   0  10   0   0   0   2   0   0   2   0   0   2   0   0
    0   0   0   0   0   0   0   0   0   0   0   0   0   0   0   0   0   0
    0   0   0   0   0   0   0   0   0   0]
 [ 15   0  61   2  23   7   0   0  36  14   2   5   9   1   0  30  17   1
   18   0  49   0   1   0   4   1   0   0   0   1   1  23   0  11   5   0
    0   0   6   0   3   6   0   6   0   3   0   0   1   0   0   4   4   0
    0   0   1   0  11   0   4   0   0   0   0   0   2   0   3   0   0   0
    1   0   0   0   0   0   0   0   0   2   0   0   0   0   0   0   0   0
    0   0   0   0   0   0   0   0   0   0]]
Total size of testing set
9199
[452 431 408 389 372 352 338 321 307 292 278 265 254 241 231 219 208 197
 190 180 170 165 156 148 140 132 128 124 119 112 102  99  95  91  85  81
  77  71  68  67  59  61  56  52  50  48  45  44  41  41  32  30  30  31
  26  29  24  25  21  21  18  19  16  18  15  17  16  16  14  11   9  11
   9   7   7   6   9   2   6   5   5   6   5   3   4   4   2   2   4   1
   3   1   0   1   2   0   0   0   2   2]
20
0.3913
{'head': 0.6955555555555298, 'middle': 0.44499999999998285, 'tail': 0.1868085106382939}
3shot of client 0:head:0.7248677248677249, middle:0.6063829787234043, tail0.625
3shot of client 1:head:0.7889546351084813, middle:0.6796875, tail0.5757575757575758
3shot of client 2:head:0.7919463087248322, middle:0.5263157894736842, tail0.3333333333333333
3shot of client 3:head:0.8045738045738046, middle:0.6587301587301587, tail0.16666666666666666
3shot of client 4:head:0.8094262295081968, middle:0.5826086956521739, tail0.27586206896551724
3shot of client 5:head:0.8101761252446184, middle:0.576, tail0.4375
3shot of client 6:head:0.7517006802721088, middle:0.6, tail0.2631578947368421
3shot of client 7:head:0.6510416666666666, middle:0.5652173913043478, tail0.5
3shot of client 8:head:0.7881548974943052, middle:0.5384615384615384, tail0.5
3shot of client 9:head:0.796812749003984, middle:0.5882352941176471, tail0.3333333333333333
3shot of client 10:head:0.8212290502793296, middle:0.3953488372093023, tail0.5
3shot of client 11:head:0.7692307692307693, middle:0.5795454545454546, tail0.30434782608695654
3shot of client 12:head:0.8419540229885057, middle:0.5238095238095238, tail0.38095238095238093
3shot of client 13:head:0.8487654320987654, middle:0.6352941176470588, tail0.35
3shot of client 14:head:0.7978436657681941, middle:0.5578947368421052, tail0.5416666666666666
3shot of client 15:head:0.6984126984126984, middle:0.7096774193548387, tail0.3125
3shot of client 16:head:0.706081081081081, middle:0.6176470588235294, tail0.3888888888888889
3shot of client 17:head:0.7918088737201365, middle:0.7638888888888888, tail0.7058823529411765
3shot of client 18:head:0.8051470588235294, middle:0.6428571428571429, tail0.29411764705882354
3shot of client 19:head:0.8148148148148148, middle:0.4875, tail0.47058823529411764
round 0, local average test acc  0.7271 

round 0, local macro average F1 score  0.5410 

round 0, local weighted average F1 score  0.7203 

round 0, global test acc  0.3913 

round 0, average 3shot acc: [head: 0.7806, middle: 0.5918, tail: 0.4130] 

round 0, global 3shot acc: [head: 0.6956, middle: 0.4450, tail: 0.1868] 

l_head tensor([ 7.4367,  8.8637, 13.9068,  0.5968, 14.1856, 13.4581, 13.9418,  4.6439,
        14.0781,  6.9326,  8.2481, 14.7597,  9.5602,  7.8339, 14.0519, 12.4283,
         5.5956,  5.8377,  0.5730, 10.6241,  0.5854,  7.0925,  8.4942, 10.4160,
         8.9965,  8.2834, 12.6914, 15.9146,  0.5791, 11.0083,  7.8497,  0.5905,
         7.0870,  0.5868, 15.5270, 12.7618, 10.1413,  6.3089, 13.6323,  0.5697,
         4.8118,  0.5830,  0.6080,  0.5755,  5.5204, 12.5899,  0.5547,  0.5743,
         7.8695,  0.5830,  0.5701,  0.5668,  0.5709,  0.5930,  4.8129,  0.5918,
         6.5943,  6.4325,  0.5951,  0.5820,  4.9508,  0.5750,  6.2428,  0.5914,
         6.8910,  9.5382,  0.5903,  0.5867,  0.5963,  0.5879,  0.5841,  0.5972,
         0.5851,  0.5899,  4.6809,  0.5903,  0.5743,  4.9340,  0.5790,  0.5924,
         0.5756,  0.5646,  7.7397,  0.5624,  0.5851,  0.5837,  5.3003,  0.6002,
         0.5692,  0.5825,  0.5988,  0.5736,  0.5871,  0.6031,  0.5571,  5.4575,
         4.9525,  0.5705,  0.6007,  0.5893], device='cuda:0',
       grad_fn=<NormBackward1>)
g_head tensor([0.5720, 0.5786, 0.5777, 0.5751, 0.5767, 0.5599, 0.5714, 0.5621, 0.5690,
        0.5629, 0.5818, 0.5599, 0.5768, 0.5819, 0.5843, 0.5932, 0.6034, 0.5523,
        0.5737, 0.5732, 0.5875, 0.5717, 0.5682, 0.5887, 0.5748, 0.5682, 0.5822,
        0.5771, 0.5814, 0.5663, 0.5810, 0.5926, 0.5982, 0.5738, 0.5821, 0.5876,
        0.5919, 0.5735, 0.5879, 0.5810, 0.5790, 0.5753, 0.5790, 0.5810, 0.5900,
        0.5644, 0.5781, 0.5895, 0.6000, 0.5659, 0.5664, 0.5569, 0.5910, 0.5701,
        0.5805, 0.5748, 0.5829, 0.5806, 0.5828, 0.5833, 0.5611, 0.5645, 0.5575,
        0.5583, 0.5626, 0.5818, 0.5702, 0.5723, 0.5758, 0.5692, 0.5742, 0.5833,
        0.5696, 0.5732, 0.5827, 0.5722, 0.5747, 0.5758, 0.5809, 0.6037, 0.5964,
        0.5718, 0.5718, 0.5735, 0.5858, 0.5762, 0.5782, 0.5736, 0.5678, 0.5747,
        0.5886, 0.5657, 0.5866, 0.5672, 0.5723, 0.5779, 0.5682, 0.5600, 0.5733,
        0.5926], device='cuda:0', grad_fn=<NormBackward1>)
g_aux tensor([6.3958, 6.3285, 6.8365, 6.7410, 6.5448, 5.8648, 6.2549, 6.0778, 6.5140,
        6.2776, 6.1593, 6.2377, 5.8775, 5.8512, 5.7545, 5.8993, 5.9683, 5.8065,
        5.8973, 5.7059, 5.7803, 5.8037, 5.3771, 5.4810, 5.5475, 5.4077, 5.7957,
        5.7255, 5.2425, 5.2327, 5.2165, 5.4169, 5.8902, 5.4999, 5.3535, 5.2538,
        5.0937, 5.0969, 5.1563, 4.8706, 4.9045, 4.6008, 4.8330, 5.1851, 5.0474,
        5.1722, 4.6605, 5.0572, 4.7290, 4.3629, 4.7556, 4.5028, 4.6697, 4.3429,
        4.5741, 4.3101, 4.2583, 4.1356, 4.4613, 4.2338, 3.8449, 4.1502, 4.1840,
        4.2293, 4.4515, 4.5101, 3.9338, 4.0213, 3.9312, 3.8676, 3.7403, 3.5162,
        4.1547, 3.7770, 3.8948, 3.6183, 3.3413, 4.0127, 3.7419, 3.5504, 3.7269,
        3.7059, 3.2203, 3.7531, 3.3758, 3.6274, 3.3402, 3.3952, 3.7431, 3.2432,
        3.1406, 3.0686, 3.2793, 3.5355, 2.9269, 3.3933, 3.0483, 2.9612, 2.9718,
        2.9530], device='cuda:0', grad_fn=<NormBackward1>)
