./temp/fl_acc_cifar100_resnet34_cons_frac0.2_iidFalse_iter500_ep5_lr0.03_N20_100_seed3407_p1_dirichlet0.5_IF0.01_LossCE.txt
Files already downloaded and verified
Traceback (most recent call last):
  File "/data/zikai/aapfl/pfed_lastest/fedrod.py", line 199, in <module>
    dataset_train, dataset_test, dict_users, dict_localtest = datasetObj.get_imbalanced_dataset(datasetObj.get_args())  # IMBALANCEDCIFAR10
  File "/data/zikai/aapfl/pfed_lastest/util/dataset.py", line 65, in get_imbalanced_dataset
    dataset_train = IMBALANCECIFAR100(data_path, imb_factor=args.IF,train=True, download=True, transform=trans_train)
  File "/data/zikai/aapfl/pfed_lastest/util/imbalance_cifar.py", line 13, in __init__
    super(IMBALANCECIFAR10, self).__init__(root, train, transform, target_transform, download)
  File "/home/zikaixiao/anaconda3/lib/python3.9/site-packages/torchvision/datasets/cifar.py", line 67, in __init__
    if not self._check_integrity():
  File "/home/zikaixiao/anaconda3/lib/python3.9/site-packages/torchvision/datasets/cifar.py", line 133, in _check_integrity
    if not check_integrity(fpath, md5):
  File "/home/zikaixiao/anaconda3/lib/python3.9/site-packages/torchvision/datasets/utils.py", line 86, in check_integrity
    return check_md5(fpath, md5)
  File "/home/zikaixiao/anaconda3/lib/python3.9/site-packages/torchvision/datasets/utils.py", line 78, in check_md5
    return md5 == calculate_md5(fpath, **kwargs)
  File "/home/zikaixiao/anaconda3/lib/python3.9/site-packages/torchvision/datasets/utils.py", line 73, in calculate_md5
    md5.update(chunk)
KeyboardInterrupt
