nohup: ignoring input
./temp/fl_acc_cifar100_resnet34_cons_frac0.3_iidFalse_iter500_ep5_lr0.03_N40_100_seed3407_p1_dirichlet0.5_IF0.01_LossCE.txt
Files already downloaded and verified
[500, 477, 455, 434, 415, 396, 378, 361, 344, 328, 314, 299, 286, 273, 260, 248, 237, 226, 216, 206, 197, 188, 179, 171, 163, 156, 149, 142, 135, 129, 123, 118, 112, 107, 102, 98, 93, 89, 85, 81, 77, 74, 70, 67, 64, 61, 58, 56, 53, 51, 48, 46, 44, 42, 40, 38, 36, 35, 33, 32, 30, 29, 27, 26, 25, 24, 23, 22, 21, 20, 19, 18, 17, 16, 15, 15, 14, 13, 13, 12, 12, 11, 11, 10, 10, 9, 9, 8, 8, 7, 7, 7, 6, 6, 6, 6, 5, 5, 5, 5]
10847
Files already downloaded and verified
Into non-iid sampling
clients_sizes:[264, 285, 233, 378, 283, 185, 318, 263, 231, 256, 187, 218, 317, 207, 306, 213, 270, 263, 406, 383, 297, 368, 255, 297, 233, 224, 202, 230, 330, 325, 196, 315, 186, 299, 265, 199, 289, 305, 244, 322]
training set distribution:
[[ 0  0 27 14  2  9 15 24 24  0  4  0  0  5  9 11  4  0  0  1  3  4  0  3
   0 14  4 27  2  0  6  7  3  9  1  0  0  0  0  2  2  0  0  2  2  0  1  0
   2  1  0  1  0  1  1  0  1  1  1  0  0  0  1  0  0  0  0  2  0  3  0  1
   0  0  0  0  0  0  1  0  0  0  0  0  0  0  0  2  0  0  0  0  0  0  0  0
   1  0  1  2]
 [70  0 40  1 21  0  6  0 19 29  0  2 12  0 21  1  0  2  3  2  1  1  5  1
   0  2  2  1  1  0  0  2  1  1  0  0  2  2  0  1  0  0  0  0  0  5  0  0
   0  9  0  5  1  0  0  0  0  0  0  7  0  0  0  1  0  0  1  0  0  1  0  0
   0  0  0  0  0  0  0  0  1  0  0  2  0  0  0  0  0  0  0  0  0  0  0  0
   0  0  0  0]
 [11  2 10  9  4  7  1  0 20  0  4  6  3  0  3  3  3 14  6  3 11  5  1  3
   0 12 15  0  0  1  4  1  0  2  0  2  5  1  0  2  0  9  0  2  2  8  0  0
   0  5  0  0  3  0  0  2  0  0  4  1  0  0  0  0  4  1  3  1  0  0  0  1
   0  2  0  4  0  2  1  0  0  0  1  0  0  0  1  0  0  0  0  0  1  0  0  0
   0  0  1  0]
 [ 0  7 12 54  6  1 76 52  2 13  2 12 10  0  4  2  0  0  7  0 10 10  2  0
   3  4  3  0  0  1  0  7  5  5  2  0  2  2 22  2  0  1  4  0  0  0  0  0
   0  4  4  0  6  2  1  3  0  0  0  2  1  0  0  0  1  2  0  1  1  1  0  1
   0  0  0  0  0  1  0  0  0  0  1  0  0  0  1  0  0  0  0  0  0  0  0  0
   0  0  0  0]
 [12 27 41  0 13  1  1  6  5  0  0 27  5 12 14 10  0  3  0  0 20  0  4  0
   1  1  0  0  9  1 11 10  0  0  0  1  1 14  0  1  0  0  3  2  2  4  0  4
   0  0  1  0  0  1  0  3  1  0  1  0  1  0  0  0  0  2  0  3  0  0  0  0
   1  0  0  0  0  0  0  0  0  0  0  0  0  0  2  0  0  0  0  0  0  0  1  0
   0  0  0  0]
 [ 0  1  0 14  3  1 37  2 10  2  0  5  0  0 10  5  0  2  0 17  3  0  0  7
   4  3  0  1  2  5  0  0  1  0  0  0  2  2  7  0  8  5  2  0  1  2  0  0
   1  0  3  0  1  3  0  0  2  0  1  0  0  0  1  0  1  0  2  0  0  0  0  0
   1  0  0  0  0  1  0  0  2  0  0  0  1  0  0  0  0  0  0  0  0  0  0  0
   0  0  1  0]
 [11 28  9 11  0  6 16 51 12  0 45  3  8  0 17  6  1  0  0  0  1 17  0  1
   2  6  0  9  4  0  3  0  1  0 10  5  0  0  0  9  0  0  3  1  7  0  0  1
   0  4  3  0  3  0  0  1  0  0  0  0  0  1  0  0  0  0  0  0  0  0  0  0
   0  0  0  0  0  0  1  0  0  0  0  1  0  0  0  0  0  0  0  0  0  0  0  0
   0  0  0  0]
 [ 0  1  0 46  1 13 10  5  5  5 14  9  2 16  4 27  0  2  0  0  0  0  1  5
   8  0  4  1  3  2  3  3 12  0  6  5  2  0  0  4  4  1  1  0  0  5  7  1
   0  0  3  2  3  0  1  2  0  1  0  0  0  0  0  2  0  0  0  0  0  3  1  0
   0  0  1  0  0  0  0  0  0  0  0  1  2  0  0  0  0  0  0  0  2  0  0  0
   0  0  1  0]
 [ 0  0  0  0  0 43  2  1  3  2 12  2 12  5 21  0  0  4  3 19  8  1  3  7
   2  0  4  3  1  0  1  1  0  1  0 14  5  0  0 15  1  7  4  2  0  0  1  0
   0  0  0  0  0  0  0  0  0  0  0  0  1  0  0  0  0  2  5  0  2  0  0  2
   0  0  0  2  1  0  0  0  1  1  0  1  1  0  0  1  0  0  0  1  0  0  0  0
   0  0  0  0]
 [ 1  0  3  8 24 21  1 11 15  0  1  5  3  0  5  0 45  1  5  4  7  1  0  1
   2  3 13  0  4  0  0  0  2  1  8  0  2  4  2  1  1  0  0  6 11  1  1  3
   4  0  1  1  0  1 10  0  2  1  0  0  0  0  2  0  0  0  0  0  2  0  0  0
   0  0  1  0  1  0  0  0  0  0  0  0  0  2  0  0  0  0  1  0  0  0  0  0
   0  0  0  0]
 [14 21  7  0  1  4  3  5  0  6  2  0  1  2  0 14  0  6  6  7  2 17  5  7
   7  0  7  0 10  2  0  0  0  0  0  1  0  0  1  0  2  3  0  4  2  0  0  1
   1  0  1  0  0  0  0  0  0  0  0  0  0  0  0  1  1  0  0  2  1  1  1  1
   0  0  2  2  0  1  1  0  0  0  0  0  0  0  0  0  0  0  0  0  0  0  1  0
   0  0  0  0]
 [ 0 44  0  6  6  0  4  2  1  2  8  3 21  0  3  1 24  1  0  1  8  7  1  0
   7  1  0  9  0  0  1  6  1  3  1  0  0  1  0  0  6  5  1  0  5  0  0  0
   2  2  0  0  0  0  0  0  1  4  0  1  1  0  1  1  0  0  0  0  1  4  0  0
   4  0  1  0  1  0  0  0  0  1  0  0  0  0  1  0  0  0  0  1  0  0  0  0
   1  0  0  0]
 [24  3  9  4 10 10 37  6  3 49  7  1  0  0  3  2 10  5  1  1 15  3  0 21
   0  3  0 16  6  2  3  0  0  0  3  4  0  0  1  6  2  0  0  1  3  0  4  1
   4  0  1  1  3  1  2  2  0  1  1  0  3  0  3  0  0  1  0  1  2  1  0  1
   1  1  0  0  0  0  1  0  0  0  0  0  0  0  0  4  0  0  1  0  0  1  0  0
   0  0  1  0]
 [ 4  5  3  0  0  1  0  2 13  0  0 21  0  0  4  0 13  0 19  1  3  3  4  1
  23  9  5  9  7  0  5  1  2  0  5  0  0  4  5  2  3  0  2  1  2  0  0  0
   0  1  0  0  3  2  2  0  2  0  1  0  0  5  0  2  0  1  0  0  0  0  0  0
   0  1  0  0  0  0  0  1  1  1  1  0  0  0  0  0  1  0  0  0  0  0  0  0
   0  0  0  0]
 [ 0 50 13  1  0 31  1  6 19  0  0  0  2 12 22  1  0  0 32  0 12  0 10  0
   0  0 13  0  5  1  0 15  4  5  3  8  2  3  4  0  0  1  8  0  0  1  0  0
   1  0  2  0  0  0  0  0  2  2  2  0  0  0  0  0  0  2  1  1  0  0  0  0
   0  0  0  2  1  0  0  0  1  1  1  0  0  0  0  0  1  1  0  0  0  0  0  0
   0  0  0  0]
 [ 0  3  7  4 11 29  3  0 13 23  0  0  2  1  2  8  3  1  3  6  5  3  3  1
   0  2  0  0  4  4  9  3  0  4  4  0  0  0  0  2  0  9  1  2  0  0  1  8
   4  1  0  3  1  0  2  0  3  1  0  1  0  1  1  1  0  2  0  0  0  0  1  0
   1  0  0  0  0  0  1  0  0  0  0  0  0  2  0  0  0  1  0  0  0  0  0  0
   1  1  0  0]
 [12 42  0  0  0 10  0  2  4 25  4  0 28 28  5  3  0  2  1  7  2  3  6  8
   0  2  2 15  2  1  0  0  1  1  0  2  0  6  2  2  7  0  0  7  2  1  0  0
   3  0  1  1  0  0  2  0  0  0  1  1  1  2  0  0  1  1  0  0  0  0  3  0
   0  1  1  0  1  0  0  1  0  0  0  0  0  1  0  0  0  0  1  2  0  0  0  0
   0  0  0  0]
 [ 3  8  2  0 59  0  9  2 14 32  1  0  1  1  0  0  6  1  6  3  0  5  1  0
   4 25  1  8  4  1  1  0  4  2 14  0  1  4  0  0  0  0  3  5  0  0  1  0
   1  0  2  0  0  2  6  0  4  0  0  1  0  0  3  0  0  0  2  0  0  0  1  2
   0  0  0  0  0  0  0  0  1  0  0  0  0  0  2  0  0  0  0  0  0  2  0  0
   0  2  0  0]
 [19 75 32  4  0  2  6 13  1  4 21 22 11 21 43  0  6  0  4  6  2 18  0  2
   4  4  0  0  1  7 17  0  6  1 10  1  0 14  3  0  0  6  3  0  1  0  0  2
   1  0  3  0  1  0  1  0  0  0  0  0  1  0  1  0  0  0  0  0  0  0  1  1
   0  0  0  0  0  0  0  0  1  0  2  0  0  0  0  0  0  0  0  0  0  0  1  0
   0  0  0  0]
 [26  3 37 60  0 19  0  5  0  2  0 19  2  3  2 38  3  1 15  2  0 24  9 10
   0  2  0  0  7  4  2 10 23  4  0  2  0  1  0  1  1  4 10  0  1  1  3  0
   0  0  1  3  1  0  0  2  3  0  0  0  0  0  0  0  0  0  1  3  0  0  2  0
   0  0  1  0  2  0  0  0  0  0  0  0  0  0  0  0  0  1  1  1  0  0  0  3
   1  0  0  1]
 [22  4  7 39 20 21  1 11 15  3  0  0  2  1  0  6 49  2  0  7  2  3 17  2
   5  2  0  2  2  3  1  0  0  1  0  0  6  0  0  5  3  0  1  0  0  2  9  0
   0  2  0  0  1  0  0  0  2  0  0  0  0  3  0  1  0  0  0  3  1  0  2  0
   0  0  0  0  0  1  0  3  0  0  0  0  0  0  0  0  2  0  0  0  0  0  0  0
   0  0  0  0]
 [ 0  0 28  0  5  0  1 37  0 22 35 18 25  7  0 12  0 17  8  1  1  0  3 13
   0  5  1  2 28 26  0  0  2  8  1  0  2  0  1  3  0  0  1  4  0  4  0  8
   0  0  0  0  1 11  0  0  1  4  0  6  0  1  0  0  0  0  0  0  0  0  1  0
   0  1  0  0  0  3  4  0  0  0  0  1  2  1  1  1  0  0  0  0  0  0  0  0
   0  0  0  0]
 [21 14  2  1 16  1 24 23  3  9  5  2  3  0  0  5 17  0  1  2  0  1  2  0
   2  1 10  0  1  0  3  7  5  8  0 23  0  0  0  1  1  6  3  2  0  0  0 11
   0  2  0  2  0  0  0  1  1  0  6  1  1  0  0  0  0  1  2  0  0  0  0  0
   0  0  0  0  0  0  0  0  0  0  0  2  0  0  0  0  0  0  0  0  0  0  0  0
   0  0  0  0]
 [12  5 35 10 12 11  4  7 14  7  9  0 12 13  9  6  0 21  4  2  3  0  0  6
   0 10  0  0  0 11  3  0  5  0  2  2  0  6  7  0  0  0  6  1  4  4  1  5
   1  0  2  0  0  2  0  1  0  0  3  0  1  0  0  4  0  0  0  0  2  0  0  4
   1  0  3  1  1  0  0  0  1  0  0  0  0  0  0  0  0  0  0  0  0  0  0  0
   1  0  0  0]
 [10  0  4  8 40  5  3  0  2  5 16  0  3  1  0  0 12  1  8  4  7  7  1  1
   7  4  2  0  0  0 15 14  0  0  5  0  3  4  2  0  5  1  1  0  3  1  1  0
   1  0  0  3  0  0  1  0  3  2  0  1  0  1  4  0  5  0  0  0  0  1  0  1
   2  0  0  0  0  0  0  1  0  0  0  0  0  0  1  0  0  0  0  0  0  0  0  0
   0  0  0  0]
 [30  0  5  4  5  1  4  1  1  9  6 12 10 24  0 14  1  5  2  1  1  4  4 15
   4  4  3  0  0  3  4  3  3  0  0  0  0  4  1  1  0  0  0  6  0  0  1  1
   1  0  2  0  2  1  0  0  0  1  0  5  0  1  0  0  0  0  0  4  2  1  0  0
   0  0  1  0  1  0  0  0  0  0  0  0  0  0  0  0  1  1  0  1  1  0  0  0
   0  1  0  0]
 [13 31 23  0  1  4  1  0  0  1  7  2  5  0  1 10  1  0  1  0  5  5  0  5
   3  0 26  0  0  2  3  0  0  6  0  6  0  0  3  2  0  0  0  3  6  3  1  4
   0  1  0  1  0  2  1  0  0  0  2  0  0  0  0  0  0  0  1  0  3  0  1  0
   0  1  0  0  0  0  0  1  0  0  0  0  0  0  0  0  1  0  1  0  1  0  0  0
   0  0  0  1]
 [ 4  0  2 13  1  7 18  8  9 14  8  0  0  0  7  0  0  5 13 19  0 11 15  5
   1 14  2  0  1  2 12  0  0  1  0  4  1  0  1  5  0  0  2  0  0  0  1  0
   0  3  1  1  0  0  0  0  1  2  0  0  0  0  1  2  1  1  1  0  0  1  0  0
   1  0  1  0  0  1  0  0  0  0  2  1  1  0  0  0  0  1  0  0  0  0  0  0
   0  1  0  0]
 [32 10  0  1 13 15  3 16  3  0  8  2 50 10  9  0 13 11  0  2 17  5  1 12
   4  0  0  1  2  2  0  2 14  0  0  4  0  6  1  6  6  0  0  3  0  0  9  0
   6  2  2  2  1  0  0  1  0  1  3  0  0  3  1  4  2  2  0  0  0  1  0  0
   0  0  0  1  0  0  0  3  0  0  0  0  0  0  0  0  0  0  0  1  0  1  0  0
   0  0  0  0]
 [47  7  1  7  0 43 10  0  9 20 27 11  2 18  0  1  0  1  1 33  5  1  0  2
  20  6  0  0  3  1  0  1  0 11  5  0  5  0  1  0  1  1  0  0  0  0  0  0
   0  2  3  1  4  0  3  1  1  1  0  0  0  0  1  1  0  0  1  0  1  0  1  3
   0  0  0  0  0  0  0  0  0  0  0  0  0  0  0  0  0  0  0  0  0  0  0  0
   0  0  0  0]
 [ 1  8  4  3  0  5  0 12  0  1  6 11  1  5 14  4  9  3  9  0  0  0  9  1
   1  0  0  5  0  1  3  1  0  0  1  0 26  1  0  2 10  0  3  2  0 11  3  3
   1  0  0  1  2  1  0  1  0  0  0  2  0  0  0  0  0  1  0  0  0  0  1  0
   2  0  0  1  0  0  0  0  0  0  1  0  0  1  0  0  0  0  0  0  0  0  0  2
   0  0  0  0]
 [26  0  5  2 14  0  7 20 48  1 50  7  2  0  6 22  2  4  6  0  4 11  6  1
   1  0  1  1  2  0  0  1  9  1  1  7  0  3  0  0  0  3  0  2  2  0  0  0
   1  4  0  0  1  0  0  3  0  4  0  0  6  1  0  2  0  4  2  0  0  0  1  0
   1  0  0  0  1  1  0  0  0  0  1  0  0  1  0  0  1  0  2  0  0  0  0  0
   0  0  0  0]
 [ 1  0 24  4  2  0  7  0  1 16  0  1 11  0  1 13  0  4  2  7  2  0  9  2
   2  0  8  0  0  1  1  1  0  0  0  0  0  1  0  0  4  5  3  1  0  7  4  0
   1  2  0  8  2  0  2  3  0  1  1  0  0  4  0  0  1  0  0  1  0  0  0  0
   0  4  0  1  1  0  0  0  1  5  0  0  2  0  0  0  0  0  0  0  0  0  1  0
   0  0  0  0]
 [27  0  4 32 33 18 25  1  5  0  0  2  2  1  2  9  0  1  4  5  8  4 25 16
   5  0 10  0  3 12  1  3  1  6  1  1  0  0  1  0  1  2  1  0  0  0  3  0
   3  0  0  1  0  0  0  3  2  0  0  0  6  3  0  0  0  0  0  0  0  0  1  0
   0  0  0  1  0  0  2  0  0  0  0  0  0  0  0  0  0  0  0  0  0  1  0  0
   0  0  0  1]
 [29  1  1  1  4 38  7 23  7  5  2 14  3  9  3  1  7 15  1  0  0  4  0  0
   4  8  6  5  0 10  0  1  1  8  3  0  5  0  0  0  2  0  0  4  1  0  0  1
   2  0  4  0  3  0  0  0  0  8  0  0  0  0  4  0  0  1  0  0  0  0  0  0
   0  2  0  0  1  0  0  1  1  0  1  0  0  0  0  0  1  0  0  0  1  0  0  1
   0  0  0  0]
 [ 4  6 29  1  0  7  9  4  0  0  0 13  9  2  0  1  5  6  0 15  7  0  1  0
   6  0  0  7  1  6  4  0  2  0  0  3  2  3  1  1  0  0  0  2  1  0  2  0
  12  4  4  4  1  2  0  3  2  0  2  0  0  0  0  0  0  0  0  0  0  0  0  0
   0  2  0  0  0  0  0  0  0  1  0  0  0  0  0  0  0  0  0  0  0  1  1  0
   0  0  0  0]
 [ 4 45  5 29 16  1  1  2 17 10  7  8  3  0 10  1  1 14 21  0  1  0 15 10
   4  0  4  2  2  0  0  5  0  0  8  0  2  0  8  0  0  1  0  0  4  0  2  2
   0  0  2  4  0  2  0  2  0  0  1  1  0  1  0  1  0  0  1  0  0  0  0  0
   0  0  2  0  1  2  0  1  0  0  0  0  1  0  0  0  0  2  0  0  0  0  0  0
   0  0  0  0]
 [ 5  7 16 23 40  0 17  0  4  2  0 18  1 11  1 11  0 41  0  0  3  9 15  0
   0  6  0 16  0 11  2  6  0  5  1  0 14  1  0  0  1  1  0  0  0  0  1  0
   0  0  2  0  0  0  0  0  0  0  0  0  1  2  0  0  2  0  0  0  3  2  0  0
   2  1  1  0  0  0  0  0  0  0  0  0  0  0  0  0  0  0  0  0  0  0  0  0
   0  0  0  0]
 [ 5 16  3  7  0  6  5  1  4  1  0  3  0 56  0  0  2 14  0  7  1  0  0  1
  15  0  3  0 17  1  4  6  4  4  7  2  2  2 10  1  1  0  1  1  2  1  0  0
   0  0  0  0  0  8  5  4  2  0  0  2  0  0  3  0  0  0  0  0  0  0  0  0
   0  0  0  0  1  0  0  0  1  1  0  0  0  1  0  0  0  0  0  0  0  0  0  0
   0  0  0  0]
 [ 0  3  5 13 32  5  3  0 19  8  3 38 19  9  5  0  0 16 24 21 17  1  1  1
  12  3  0  2  1  5  1  1  0  9  0  1  1  0  1  4  5  3  3  1  0  0  1  0
   0  2  0  1  0  0  0  0  0  0  3  0  6  0  0  3  6  0  0  0  0  0  1  0
   0  0  0  0  0  0  1  0  0  0  0  1  0  0  0  0  0  0  0  0  0  0  1  0
   0  0  0  0]]
Total size of training set
10847
local test distribution:
[[ 0  0 24 12  1  8 13 22 22  0  3  0  0  4  8 10  3  0  0  0  2  3  0  2
   0 12  3 24  1  0  5  6  2  8  0  0  0  0  0  1  1  0  0  1  1  0  0  0
   1  0  0  0  0  0  0  0  0  0  0  0  0  0  0  0  0  0  0  1  0  2  0  0
   0  0  0  0  0  0  0  0  0  0  0  0  0  0  0  1  0  0  0  0  0  0  0  0
   0  0  0  1]
 [64  0 36  0 19  0  5  0 17 26  0  1 11  0 19  0  0  1  2  1  0  0  4  0
   0  1  1  0  0  0  0  1  0  0  0  0  1  1  0  0  0  0  0  0  0  4  0  0
   0  8  0  4  0  0  0  0  0  0  0  6  0  0  0  0  0  0  0  0  0  0  0  0
   0  0  0  0  0  0  0  0  0  0  0  1  0  0  0  0  0  0  0  0  0  0  0  0
   0  0  0  0]
 [10  1  9  8  3  6  0  0 18  0  3  5  2  0  2  2  2 12  5  2 10  4  0  2
   0 11 13  0  0  0  3  0  0  1  0  1  4  0  0  1  0  8  0  1  1  7  0  0
   0  4  0  0  2  0  0  1  0  0  3  0  0  0  0  0  3  0  2  0  0  0  0  0
   0  1  0  3  0  1  0  0  0  0  0  0  0  0  0  0  0  0  0  0  0  0  0  0
   0  0  0  0]
 [ 0  6 11 49  5  0 70 47  1 11  1 11  9  0  3  1  0  0  6  0  9  9  1  0
   2  3  2  0  0  0  0  6  4  4  1  0  1  1 20  1  0  0  3  0  0  0  0  0
   0  3  3  0  5  1  0  2  0  0  0  1  0  0  0  0  0  1  0  0  0  0  0  0
   0  0  0  0  0  0  0  0  0  0  0  0  0  0  0  0  0  0  0  0  0  0  0  0
   0  0  0  0]
 [11 24 37  0 11  0  0  5  4  0  0 24  4 11 12  9  0  2  0  0 18  0  3  0
   0  0  0  0  8  0 10  9  0  0  0  0  0 12  0  0  0  0  2  1  1  3  0  3
   0  0  0  0  0  0  0  2  0  0  0  0  0  0  0  0  0  1  0  2  0  0  0  0
   0  0  0  0  0  0  0  0  0  0  0  0  0  0  1  0  0  0  0  0  0  0  0  0
   0  0  0  0]
 [ 0  0  0 12  2  0 34  1  9  1  0  4  0  0  9  4  0  1  0 15  2  0  0  6
   3  2  0  0  1  4  0  0  0  0  0  0  1  1  6  0  7  4  1  0  0  1  0  0
   0  0  2  0  0  2  0  0  1  0  0  0  0  0  0  0  0  0  1  0  0  0  0  0
   0  0  0  0  0  0  0  0  1  0  0  0  0  0  0  0  0  0  0  0  0  0  0  0
   0  0  0  0]
 [10 25  8 10  0  5 14 47 11  0 41  2  7  0 15  5  0  0  0  0  0 15  0  0
   1  5  0  8  3  0  2  0  0  0  9  4  0  0  0  8  0  0  2  0  6  0  0  0
   0  3  2  0  2  0  0  0  0  0  0  0  0  0  0  0  0  0  0  0  0  0  0  0
   0  0  0  0  0  0  0  0  0  0  0  0  0  0  0  0  0  0  0  0  0  0  0  0
   0  0  0  0]
 [ 0  0  0 42  0 11  9  4  4  4 12  8  1 14  3 24  0  1  0  0  0  0  0  4
   7  0  3  0  2  1  2  2 11  0  5  4  1  0  0  3  3  0  0  0  0  4  6  0
   0  0  2  1  2  0  0  1  0  0  0  0  0  0  0  1  0  0  0  0  0  2  0  0
   0  0  0  0  0  0  0  0  0  0  0  0  1  0  0  0  0  0  0  0  1  0  0  0
   0  0  0  0]
 [ 0  0  0  0  0 39  1  0  2  1 11  1 11  4 19  0  0  3  2 17  7  0  2  6
   1  0  3  2  0  0  0  0  0  0  0 12  4  0  0 13  0  6  3  1  0  0  0  0
   0  0  0  0  0  0  0  0  0  0  0  0  0  0  0  0  0  1  4  0  1  0  0  1
   0  0  0  1  0  0  0  0  0  0  0  0  0  0  0  0  0  0  0  0  0  0  0  0
   0  0  0  0]
 [ 0  0  2  7 22 19  0 10 13  0  0  4  2  0  4  0 41  0  4  3  6  0  0  0
   1  2 11  0  3  0  0  0  1  0  7  0  1  3  1  0  0  0  0  5 10  0  0  2
   3  0  0  0  0  0  9  0  1  0  0  0  0  0  1  0  0  0  0  0  1  0  0  0
   0  0  0  0  0  0  0  0  0  0  0  0  0  1  0  0  0  0  0  0  0  0  0  0
   0  0  0  0]
 [12 19  6  0  0  3  2  4  0  5  1  0  0  1  0 12  0  5  5  6  1 15  4  6
   6  0  6  0  9  1  0  0  0  0  0  0  0  0  0  0  1  2  0  3  1  0  0  0
   0  0  0  0  0  0  0  0  0  0  0  0  0  0  0  0  0  0  0  1  0  0  0  0
   0  0  1  1  0  0  0  0  0  0  0  0  0  0  0  0  0  0  0  0  0  0  0  0
   0  0  0  0]
 [ 0 40  0  5  5  0  3  1  0  1  7  2 19  0  2  0 22  0  0  0  7  6  0  0
   6  0  0  8  0  0  0  5  0  2  0  0  0  0  0  0  5  4  0  0  4  0  0  0
   1  1  0  0  0  0  0  0  0  3  0  0  0  0  0  0  0  0  0  0  0  3  0  0
   3  0  0  0  0  0  0  0  0  0  0  0  0  0  0  0  0  0  0  0  0  0  0  0
   0  0  0  0]
 [22  2  8  3  9  9 34  5  2 45  6  0  0  0  2  1  9  4  0  0 13  2  0 19
   0  2  0 14  5  1  2  0  0  0  2  3  0  0  0  5  1  0  0  0  2  0  3  0
   3  0  0  0  2  0  1  1  0  0  0  0  2  0  2  0  0  0  0  0  1  0  0  0
   0  0  0  0  0  0  0  0  0  0  0  0  0  0  0  3  0  0  0  0  0  0  0  0
   0  0  0  0]
 [ 3  4  2  0  0  0  0  1 11  0  0 19  0  0  3  0 11  0 17  0  2  2  3  0
  21  8  4  8  6  0  4  0  1  0  4  0  0  3  4  1  2  0  1  0  1  0  0  0
   0  0  0  0  2  1  1  0  1  0  0  0  0  4  0  1  0  0  0  0  0  0  0  0
   0  0  0  0  0  0  0  0  0  0  0  0  0  0  0  0  0  0  0  0  0  0  0  0
   0  0  0  0]
 [ 0 46 11  0  0 28  0  5 17  0  0  0  1 11 20  0  0  0 29  0 11  0  9  0
   0  0 11  0  4  0  0 13  3  4  2  7  1  2  3  0  0  0  7  0  0  0  0  0
   0  0  1  0  0  0  0  0  1  1  1  0  0  0  0  0  0  1  0  0  0  0  0  0
   0  0  0  1  0  0  0  0  0  0  0  0  0  0  0  0  0  0  0  0  0  0  0  0
   0  0  0  0]
 [ 0  2  6  3 10 26  2  0 11 21  0  0  1  0  1  7  2  0  2  5  4  2  2  0
   0  1  0  0  3  3  8  2  0  3  3  0  0  0  0  1  0  8  0  1  0  0  0  7
   3  0  0  2  0  0  1  0  2  0  0  0  0  0  0  0  0  1  0  0  0  0  0  0
   0  0  0  0  0  0  0  0  0  0  0  0  0  1  0  0  0  0  0  0  0  0  0  0
   0  0  0  0]
 [11 38  0  0  0  9  0  1  3 23  3  0 25 25  4  2  0  1  0  6  1  2  5  7
   0  1  1 13  1  0  0  0  0  0  0  1  0  5  1  1  6  0  0  6  1  0  0  0
   2  0  0  0  0  0  1  0  0  0  0  0  0  1  0  0  0  0  0  0  0  0  2  0
   0  0  0  0  0  0  0  0  0  0  0  0  0  0  0  0  0  0  0  1  0  0  0  0
   0  0  0  0]
 [ 2  7  1  0 54  0  8  1 12 29  0  0  0  0  0  0  5  0  5  2  0  4  0  0
   3 23  0  7  3  0  0  0  3  1 12  0  0  3  0  0  0  0  2  4  0  0  0  0
   0  0  1  0  0  1  5  0  3  0  0  0  0  0  2  0  0  0  1  0  0  0  0  1
   0  0  0  0  0  0  0  0  0  0  0  0  0  0  1  0  0  0  0  0  0  1  0  0
   0  1  0  0]
 [17 69 29  3  0  1  5 11  0  3 19 20 10 19 39  0  5  0  3  5  1 16  0  1
   3  3  0  0  0  6 15  0  5  0  9  0  0 12  2  0  0  5  2  0  0  0  0  1
   0  0  2  0  0  0  0  0  0  0  0  0  0  0  0  0  0  0  0  0  0  0  0  0
   0  0  0  0  0  0  0  0  0  0  1  0  0  0  0  0  0  0  0  0  0  0  0  0
   0  0  0  0]
 [23  2 34 55  0 17  0  4  0  1  0 17  1  2  1 35  2  0 13  1  0 22  8  9
   0  1  0  0  6  3  1  9 21  3  0  1  0  0  0  0  0  3  9  0  0  0  2  0
   0  0  0  2  0  0  0  1  2  0  0  0  0  0  0  0  0  0  0  2  0  0  1  0
   0  0  0  0  1  0  0  0  0  0  0  0  0  0  0  0  0  0  0  0  0  0  0  2
   0  0  0  0]
 [20  3  6 35 18 19  0 10 13  2  0  0  1  0  0  5 45  1  0  6  1  2 15  1
   4  1  0  1  1  2  0  0  0  0  0  0  5  0  0  4  2  0  0  0  0  1  8  0
   0  1  0  0  0  0  0  0  1  0  0  0  0  2  0  0  0  0  0  2  0  0  1  0
   0  0  0  0  0  0  0  2  0  0  0  0  0  0  0  0  1  0  0  0  0  0  0  0
   0  0  0  0]
 [ 0  0 25  0  4  0  0 34  0 20 32 16 23  6  0 11  0 15  7  0  0  0  2 11
   0  4  0  1 25 23  0  0  1  7  0  0  1  0  0  2  0  0  0  3  0  3  0  7
   0  0  0  0  0 10  0  0  0  3  0  5  0  0  0  0  0  0  0  0  0  0  0  0
   0  0  0  0  0  2  3  0  0  0  0  0  1  0  0  0  0  0  0  0  0  0  0  0
   0  0  0  0]
 [19 12  1  0 14  0 22 21  2  8  4  1  2  0  0  4 15  0  0  1  0  0  1  0
   1  0  9  0  0  0  2  6  4  7  0 21  0  0  0  0  0  5  2  1  0  0  0 10
   0  1  0  1  0  0  0  0  0  0  5  0  0  0  0  0  0  0  1  0  0  0  0  0
   0  0  0  0  0  0  0  0  0  0  0  1  0  0  0  0  0  0  0  0  0  0  0  0
   0  0  0  0]
 [11  4 32  9 11 10  3  6 12  6  8  0 11 11  8  5  0 19  3  1  2  0  0  5
   0  9  0  0  0 10  2  0  4  0  1  1  0  5  6  0  0  0  5  0  3  3  0  4
   0  0  1  0  0  1  0  0  0  0  2  0  0  0  0  3  0  0  0  0  1  0  0  3
   0  0  2  0  0  0  0  0  0  0  0  0  0  0  0  0  0  0  0  0  0  0  0  0
   0  0  0  0]
 [ 9  0  3  7 36  4  2  0  1  4 14  0  2  0  0  0 11  0  7  3  6  6  0  0
   6  3  1  0  0  0 13 12  0  0  4  0  2  3  1  0  4  0  0  0  2  0  0  0
   0  0  0  2  0  0  0  0  2  1  0  0  0  0  3  0  4  0  0  0  0  0  0  0
   1  0  0  0  0  0  0  0  0  0  0  0  0  0  0  0  0  0  0  0  0  0  0  0
   0  0  0  0]
 [27  0  4  3  4  0  3  0  0  8  5 11  9 22  0 12  0  4  1  0  0  3  3 13
   3  3  2  0  0  2  3  2  2  0  0  0  0  3  0  0  0  0  0  5  0  0  0  0
   0  0  1  0  1  0  0  0  0  0  0  4  0  0  0  0  0  0  0  3  1  0  0  0
   0  0  0  0  0  0  0  0  0  0  0  0  0  0  0  0  0  0  0  0  0  0  0  0
   0  0  0  0]
 [11 28 21  0  0  3  0  0  0  0  6  1  4  0  0  9  0  0  0  0  4  4  0  4
   2  0 23  0  0  1  2  0  0  5  0  5  0  0  2  1  0  0  0  2  5  2  0  3
   0  0  0  0  0  1  0  0  0  0  1  0  0  0  0  0  0  0  0  0  2  0  0  0
   0  0  0  0  0  0  0  0  0  0  0  0  0  0  0  0  0  0  0  0  0  0  0  0
   0  0  0  0]
 [ 3  0  1 11  0  6 16  7  8 12  7  0  0  0  6  0  0  4 11 17  0 10 13  4
   0 12  1  0  0  1 11  0  0  0  0  3  0  0  0  4  0  0  1  0  0  0  0  0
   0  2  0  0  0  0  0  0  0  1  0  0  0  0  0  1  0  0  0  0  0  0  0  0
   0  0  0  0  0  0  0  0  0  0  1  0  0  0  0  0  0  0  0  0  0  0  0  0
   0  0  0  0]
 [29  9  0  0 11 13  2 14  2  0  7  1 46  9  8  0 11 10  0  1 15  4  0 11
   3  0  0  0  1  1  0  1 12  0  0  3  0  5  0  5  5  0  0  2  0  0  8  0
   5  1  1  1  0  0  0  0  0  0  2  0  0  2  0  3  1  1  0  0  0  0  0  0
   0  0  0  0  0  0  0  2  0  0  0  0  0  0  0  0  0  0  0  0  0  0  0  0
   0  0  0  0]
 [43  6  0  6  0 39  9  0  8 18 24 10  1 16  0  0  0  0  0 30  4  0  0  1
  18  5  0  0  2  0  0  0  0 10  4  0  4  0  0  0  0  0  0  0  0  0  0  0
   0  1  2  0  3  0  2  0  0  0  0  0  0  0  0  0  0  0  0  0  0  0  0  2
   0  0  0  0  0  0  0  0  0  0  0  0  0  0  0  0  0  0  0  0  0  0  0  0
   0  0  0  0]
 [ 0  7  3  2  0  4  0 11  0  0  5 10  0  4 12  3  8  2  8  0  0  0  8  0
   0  0  0  4  0  0  2  0  0  0  0  0 23  0  0  1  9  0  2  1  0 10  2  2
   0  0  0  0  1  0  0  0  0  0  0  1  0  0  0  0  0  0  0  0  0  0  0  0
   1  0  0  0  0  0  0  0  0  0  0  0  0  0  0  0  0  0  0  0  0  0  0  1
   0  0  0  0]
 [23  0  4  1 12  0  6 18 44  0 46  6  1  0  5 20  1  3  5  0  3 10  5  0
   0  0  0  0  1  0  0  0  8  0  0  6  0  2  0  0  0  2  0  1  1  0  0  0
   0  3  0  0  0  0  0  2  0  3  0  0  5  0  0  1  0  3  1  0  0  0  0  0
   0  0  0  0  0  0  0  0  0  0  0  0  0  0  0  0  0  0  1  0  0  0  0  0
   0  0  0  0]
 [ 0  0 22  3  1  0  6  0  0 14  0  0 10  0  0 11  0  3  1  6  1  0  8  1
   1  0  7  0  0  0  0  0  0  0  0  0  0  0  0  0  3  4  2  0  0  6  3  0
   0  1  0  7  1  0  1  2  0  0  0  0  0  3  0  0  0  0  0  0  0  0  0  0
   0  3  0  0  0  0  0  0  0  4  0  0  1  0  0  0  0  0  0  0  0  0  0  0
   0  0  0  0]
 [24  0  3 29 30 16 23  0  4  0  0  1  1  0  1  8  0  0  3  4  7  3 23 14
   4  0  9  0  2 11  0  2  0  5  0  0  0  0  0  0  0  1  0  0  0  0  2  0
   2  0  0  0  0  0  0  2  1  0  0  0  5  2  0  0  0  0  0  0  0  0  0  0
   0  0  0  0  0  0  1  0  0  0  0  0  0  0  0  0  0  0  0  0  0  0  0  0
   0  0  0  0]
 [26  0  0  0  3 35  6 21  6  4  1 12  2  8  2  0  6 13  0  0  0  3  0  0
   3  7  5  4  0  9  0  0  0  7  2  0  4  0  0  0  1  0  0  3  0  0  0  0
   1  0  3  0  2  0  0  0  0  7  0  0  0  0  3  0  0  0  0  0  0  0  0  0
   0  1  0  0  0  0  0  0  0  0  0  0  0  0  0  0  0  0  0  0  0  0  0  0
   0  0  0  0]
 [ 3  5 26  0  0  6  8  3  0  0  0 11  8  1  0  0  4  5  0 13  6  0  0  0
   5  0  0  6  0  5  3  0  1  0  0  2  1  2  0  0  0  0  0  1  0  0  1  0
  11  3  3  3  0  1  0  2  1  0  1  0  0  0  0  0  0  0  0  0  0  0  0  0
   0  1  0  0  0  0  0  0  0  0  0  0  0  0  0  0  0  0  0  0  0  0  0  0
   0  0  0  0]
 [ 3 41  4 26 14  0  0  1 15  9  6  7  2  0  9  0  0 12 19  0  0  0 13  9
   3  0  3  1  1  0  0  4  0  0  7  0  1  0  7  0  0  0  0  0  3  0  1  1
   0  0  1  3  0  1  0  1  0  0  0  0  0  0  0  0  0  0  0  0  0  0  0  0
   0  0  1  0  0  1  0  0  0  0  0  0  0  0  0  0  0  1  0  0  0  0  0  0
   0  0  0  0]
 [ 4  6 14 21 36  0 15  0  3  1  0 16  0 10  0 10  0 37  0  0  2  8 13  0
   0  5  0 14  0 10  1  5  0  4  0  0 12  0  0  0  0  0  0  0  0  0  0  0
   0  0  1  0  0  0  0  0  0  0  0  0  0  1  0  0  1  0  0  0  2  1  0  0
   1  0  0  0  0  0  0  0  0  0  0  0  0  0  0  0  0  0  0  0  0  0  0  0
   0  0  0  0]
 [ 4 14  2  6  0  5  4  0  3  0  0  2  0 51  0  0  1 12  0  6  0  0  0  0
  13  0  2  0 15  0  3  5  3  3  6  1  1  1  9  0  0  0  0  0  1  0  0  0
   0  0  0  0  0  7  4  3  1  0  0  1  0  0  2  0  0  0  0  0  0  0  0  0
   0  0  0  0  0  0  0  0  0  0  0  0  0  0  0  0  0  0  0  0  0  0  0  0
   0  0  0  0]
 [ 0  2  4 11 29  4  2  0 17  7  2 35 17  8  4  0  0 14 22 19 15  0  0  0
  11  2  0  1  0  4  0  0  0  8  0  0  0  0  0  3  4  2  2  0  0  0  0  0
   0  1  0  0  0  0  0  0  0  0  2  0  5  0  0  2  5  0  0  0  0  0  0  0
   0  0  0  0  0  0  0  0  0  0  0  0  0  0  0  0  0  0  0  0  0  0  0  0
   0  0  0  0]]/home/jianhuiwei/anaconda3/envs/FedIT11.3/lib/python3.8/site-packages/torchvision/io/image.py:13: UserWarning: Failed to load image Python extension: libtorch_cuda_cu.so: cannot open shared object file: No such file or directory
  warn(f"Failed to load image Python extension: {e}")
/rsch/jianhui/FedLoGe/util/etf_methods.py:134: UserWarning: To copy construct from a tensor, it is recommended to use sourceTensor.clone().detach() or sourceTensor.clone().detach().requires_grad_(True), rather than torch.tensor(sourceTensor).
  sparse_etf = torch.tensor(sparse_etf, requires_grad=True)

Total size of testing set
8636
[444 422 399 379 364 345 327 315 295 284 274 258 244 237 221 210 204 184
 180 170 160 155 145 136 131 126 120 116 103  98  94  90  86  82  78  75
  68  64  62  55  54  54  46  42  43  44  36  40  32  33  26  26  23  26
  25  20  17  19  17  18  17  15  13  12  14   9  10  11   9   8   4   7
   6   6   4   6   1   4   4   4   1   4   2   2   3   2   2   4   1   1
   1   1   1   1   0   3   0   1   0   1]
40
Step 0, Loss 26.707042694091797
Step 100, Loss 16.122817993164062
Step 200, Loss 9.32877254486084
Step 300, Loss 5.014324188232422
Step 400, Loss 2.319240093231201
Step 500, Loss 0.6721667051315308
Step 600, Loss -0.30845773220062256
Step 700, Loss -0.877033531665802
Step 800, Loss -1.197950005531311
Step 900, Loss -1.3741298913955688
Step 1000, Loss -1.4685447216033936
Step 1100, Loss -1.5183428525924683
Step 1200, Loss -1.544445514678955
Step 1300, Loss -1.5582445859909058
Step 1400, Loss -1.5658718347549438
Step 1500, Loss -1.570278286933899
Step 1600, Loss -1.572934627532959
Step 1700, Loss -1.5746309757232666
Step 1800, Loss -1.5756961107254028
Step 1900, Loss -1.5762821435928345
Step 2000, Loss -1.5766925811767578
Step 2100, Loss -1.5768903493881226
Step 2200, Loss -1.5770446062088013
Step 2300, Loss -1.5769917964935303
Step 2400, Loss -1.5771032571792603
Step 2500, Loss -1.577149748802185
Step 2600, Loss -1.5771141052246094
Step 2700, Loss -1.5770378112792969
Step 2800, Loss -1.576964020729065
Step 2900, Loss -1.5769041776657104
Step 3000, Loss -1.5768388509750366
Step 3100, Loss -1.5767267942428589
Step 3200, Loss -1.576720118522644
Step 3300, Loss -1.5767427682876587
Step 3400, Loss -1.5767134428024292
Step 3500, Loss -1.5765396356582642
Step 3600, Loss -1.576499581336975
Step 3700, Loss -1.576594591140747
Step 3800, Loss -1.5765585899353027
Step 3900, Loss -1.5764284133911133
Step 4000, Loss -1.5765241384506226
Step 4100, Loss -1.5763314962387085
Step 4200, Loss -1.5762968063354492
Step 4300, Loss -1.5763636827468872
Step 4400, Loss -1.576285481452942
Step 4500, Loss -1.5761682987213135
Step 4600, Loss -1.5762512683868408
Step 4700, Loss -1.5761935710906982
Step 4800, Loss -1.576171875
Step 4900, Loss -1.5762323141098022
Step 5000, Loss -1.5761569738388062
Step 5100, Loss -1.5761809349060059
Step 5200, Loss -1.5762296915054321
Step 5300, Loss -1.5761722326278687
Step 5400, Loss -1.5761380195617676
Step 5500, Loss -1.5760219097137451
Step 5600, Loss -1.5760713815689087
Step 5700, Loss -1.5759799480438232
Step 5800, Loss -1.5759565830230713
Step 5900, Loss -1.57598078250885
Step 6000, Loss -1.5757852792739868
Step 6100, Loss -1.575952172279358
Step 6200, Loss -1.575964331626892
Step 6300, Loss -1.576015830039978
Step 6400, Loss -1.5759752988815308
Step 6500, Loss -1.575893521308899
Step 6600, Loss -1.5759773254394531
Step 6700, Loss -1.5759272575378418
Step 6800, Loss -1.57599937915802
Step 6900, Loss -1.5759345293045044
Step 7000, Loss -1.5759503841400146
Step 7100, Loss -1.575850248336792
Step 7200, Loss -1.5758416652679443
Step 7300, Loss -1.5758997201919556
Step 7400, Loss -1.5759528875350952
Step 7500, Loss -1.5758447647094727
Step 7600, Loss -1.5758724212646484
Step 7700, Loss -1.5758899450302124
Step 7800, Loss -1.5759994983673096
Step 7900, Loss -1.5759170055389404
Step 8000, Loss -1.575891137123108
Step 8100, Loss -1.5757066011428833
Step 8200, Loss -1.575866937637329
Step 8300, Loss -1.5760345458984375
Step 8400, Loss -1.5760178565979004
Step 8500, Loss -1.5757949352264404
Step 8600, Loss -1.5757883787155151
Step 8700, Loss -1.5759385824203491
Step 8800, Loss -1.576003074645996
Step 8900, Loss -1.575949788093567
Step 9000, Loss -1.5759220123291016
Step 9100, Loss -1.5759526491165161
Step 9200, Loss -1.5759942531585693
Step 9300, Loss -1.5758485794067383
Step 9400, Loss -1.5759695768356323
Step 9500, Loss -1.575978398323059
Step 9600, Loss -1.5758066177368164
Step 9700, Loss -1.57588529586792
Step 9800, Loss -1.5758709907531738
Step 9900, Loss -1.5759658813476562
Angle Mean: 90.57791137695312, Angle Variance: 0.042885828763246536
Norm Mean: 0.10024169832468033, Norm Variance: 1.8536238099997604e-09
  0%|          | 0/500 [00:00<?, ?it/s]  0%|          | 0/500 [00:00<?, ?it/s]
Traceback (most recent call last):
  File "fedloge.py", line 435, in <module>
    w_local, g_aux_temp, l_heads[client_id], loss_local, constant_scalar_tmp = local.update_weights_gaux(constant_scalar=copy.deepcopy(constant_scalar), net=copy.deepcopy(model).to(args.device), g_head = copy.deepcopy(g_head).to(args.device), g_aux = copy.deepcopy(g_aux).to(args.device), l_head = l_heads[client_id], epoch=args.local_ep, loss_switch = loss_switch)
  File "/rsch/jianhui/FedLoGe/util/update_baseline.py", line 493, in update_weights_gaux
    loss_g_backbone.backward()
  File "/home/jianhuiwei/anaconda3/envs/FedIT11.3/lib/python3.8/site-packages/torch/_tensor.py", line 492, in backward
    torch.autograd.backward(
  File "/home/jianhuiwei/anaconda3/envs/FedIT11.3/lib/python3.8/site-packages/torch/autograd/__init__.py", line 251, in backward
    Variable._execution_engine.run_backward(  # Calls into the C++ engine to run the backward pass
RuntimeError: Trying to backward through the graph a second time (or directly access saved tensors after they have already been freed). Saved intermediate values of the graph are freed when you call .backward() or autograd.grad(). Specify retain_graph=True if you need to backward through the graph a second time or if you need to access saved tensors after calling backward.
