nohup: ignoring input
./temp/fl_acc_cifar100_resnet34_cons_frac0.2_iidFalse_iter500_ep5_lr0.03_N20_100_seed3407_p1_dirichlet0.5_IF0.01_LossCE.txt
Files already downloaded and verified
[500, 477, 455, 434, 415, 396, 378, 361, 344, 328, 314, 299, 286, 273, 260, 248, 237, 226, 216, 206, 197, 188, 179, 171, 163, 156, 149, 142, 135, 129, 123, 118, 112, 107, 102, 98, 93, 89, 85, 81, 77, 74, 70, 67, 64, 61, 58, 56, 53, 51, 48, 46, 44, 42, 40, 38, 36, 35, 33, 32, 30, 29, 27, 26, 25, 24, 23, 22, 21, 20, 19, 18, 17, 16, 15, 15, 14, 13, 13, 12, 12, 11, 11, 10, 10, 9, 9, 8, 8, 7, 7, 7, 6, 6, 6, 6, 5, 5, 5, 5]
10847
Files already downloaded and verified
Into non-iid sampling
clients_sizes:[573, 766, 469, 733, 726, 766, 466, 320, 676, 410, 554, 546, 535, 512, 586, 396, 460, 448, 431, 474]
training set distribution:
[[  8   5  18   0  32  55  32   1  64   2   4  41   7   3  47  19   2   3
    0   6   0   3   5  14   6   4   9  50   0  11   3   0   2   0  38  12
   11   1  19   0   1   0   0   0   1  10   0   0   3   0   0   0   0   0
    1   0   2   2   0   0   1   0   2   0   2   4   0   0   0   0   0   0
    0   0   1   0   0   1   0   0   0   0   2   0   0   0   1   0   0   0
    0   0   0   0   0   1   1   0   0   0]
 [ 99   7  26  25  22   2  54  80   2  28  22  33   7  19 105   0   1   3
    4  13   2  26   9   3   0   4   4   4  37   0  18   1   2   6   5  16
    4   0  15  13   1   0   0   0   3   2   0   0   0   0   2   2   3   9
    1   0   2   0   2   1   0   0   3   0   0   0   0   0   0   7   0   0
    0   0   0   0   0   0   0   0   0   0   0   1   0   2   1   0   0   0
    0   2   0   1   0   0   0   0   0   0]
 [ 14  60   9  13   3  40   0   8   0   6  24  11  75  13  14   6  11   2
    2   7   0   0   0   0   0  10   0   4   0   3   7  10  11   3   5   0
    8   6   1   0   1   8   1   1   5   0   5   2   4   8   0   1   3   0
    2   1   1   1   3   3   2   2   0   0   0   0   0   0   0   0   2   0
    0   1   4   0   6   1   0   0   4   0   3   0   3   0   1   0   1   2
    0   0   0   0   0   0   0   1   0   0]
 [ 23  89  56   2  47   1   7   8  48  33   0  49   1  29   5  32   2  17
   76   5  13  10   0  12   0   0   2   0   9  19  16   2   0  18   2   0
    6   0   0   2   2   1  26   5  10   2   0   1   0   0   4   1   0   1
    1   0   0   0   0   1   3   0   0   8   3   2   0   1   3   0   1   0
    0   4   0   0   0   0   0   0   0   0   0   1   0   1   0   1   3   0
    3   0   1   0   2   0   0   0   0   0]
 [  9  95  66   3  48   7  41  15  36  24  65   1   2   1   0   2   4   8
    0   6  29   0   2  53   7   2  24  19  10  14   0   3   0  25   2   5
    0  30   3   0   4   0   4   7   7   4   0   0   8   4   3   1   0   0
    2   0   0   4   0   0   0   0   1   0   4   0   0   0   0   0   1   3
    1   0   0   1   0   0   2   1   0   0   1   0   0   0   1   0   0   0
    0   0   1   0   0   0   0   0   0   0]
 [ 22  45  14  67   2   2  54  10  18  22  47  12  10  71  16   1  52   4
    7   1  31  36  16   8  25  30   7   0   8   0   3   0   6   6   6  27
    0   0   0   0   4   0   0   0   2   5   4   5   9   1   5   3   3   0
    1   0   6  14   1   1   0   0   1   0   1   3   0   0   0   0   0   4
    1   2   0   0   0   1   0   1   1   0   0   0   0   0   0   0   0   0
    0   0   0   0   0   0   0   1   0   0]
 [  5   0   1  11  50   1  31  30  22  10   1   1   8   4   2   0   2   6
   31   0  15  46   1   7   9   1  18   0   0  10   5   0   7   2  24   2
    6   2   5  18   4   3   3   0   0   0   2   4   3   8   0   3   1   1
    0   2   4   3   0   0   0   6   0   2   0   2   0   2   0   2   3   0
    0   0   0   0   0   2   1   3   0   0   0   0   0   0   1   0   3   0
    0   0   0   2   0   0   1   0   0   1]
 [  0  19   5  26  11  14   5  14   2  11   1  12  20   2   7   6   0   0
    3   0  21   0   3   0   1   1  14   0   2  12   1   9   3   0   4   6
    1   1   5   0   2  10   1   4   1   2   6   0   2   2   1   4   3   1
    0  16   3   0   0   0   1   0   1   1   0   1   0   3   2   0   1   0
    0   1   1   2   0   1   1   2   0   0   1   0   0   0   0   0   0   0
    0   0   0   0   0   0   0   1   0   0]
 [ 44  21  72  58  46  20   1   1  52   0  37  46  14   5  10  11  17   8
    1   1   1   1   8  16  15  40   0   0   0  12   1  10   1   0   0   3
    9   0   5   3   6   5   6   2   7   0   0   5   0   0   2   1   0   0
    7  11   3   0   1   1   2   0   0   0   3   0   4   0   0   1   5   0
    1   0   0   0   0   0   1   0   2   1   0   0   0   0   2   2   0   1
    0   1   0   0   0   0   1   0   0   2]
 [  0  16   3   2  33  70   1  22   1   5  45   9   5   6   3   7   0  14
    7   5   8   5   2   0   1   4   2   5   0   0   1  12   1   7   0   2
    1   2  15  18   0   2   0   0   7  10   3   0   1   2   2   0   5   0
    1   0   7   0   2   0   0   1   0   0   0   0   1   0   0   0   3   1
    0   3   0   3   1   0   0   0   0   0   3   0   2   2   0   2   0   1
    0   1   0   1   0   1   0   0   0   2]
 [  0   0   0  28  16   3  89  14  43   6   9   7   0  12   0   2  62   0
    8  74   2   2   0  26   2   1   8   2   6   0   1   0   2   2   1   2
    5   1   1   0   8   2   0   1   4   7   0  18   0   2   1   0   0  13
    4   0   4   1   0   3   3   0   0   3   3   0   8   0   2   1   0   0
    9   1   2   3   0   1   4   0   1   0   0   1   0   2   0   0   0   0
    0   0   1   0   1   1   0   0   2   0]
 [ 90   0  30  51   5   0   4   3   1   5   1   1   8  11  23  84   0  23
    4   6   0   2   9   0   0   3   0   7   7  17   5   2  21   5   0   3
    0   2   0   2   0   0   0  10   0   1  13   3   0   7   1   2   3   1
    5   0   0   0   6   3   1   1   3   0   5  11   0  12   0   1   0   4
    1   0   4   0   0   0   0   0   1   0   0   3   0   0   0   1   0   1
    2   0   0   0   0   1   1   1   2   0]
 [  9  41   0  22   1  13   6   1   0  53  13   6  47  19   4   2   2  13
   10  15   3   0   0   0  67   8   7   2  37   0  35   0   0  11   0   4
    4   1   2   0   0   8   3   4   2   0   0   0   3   0   5   3   2   8
    5   1   0   5   1   0   1   0   3   0   2   0   0   0   7   0   0   2
    0   0   0   1   3   0   1   0   2   0   1   0   1   0   0   0   0   0
    0   1   0   0   1   0   1   0   0   0]
 [ 14  17   3  80   2  97  18   3   0  17   3   1  13  20   0   1   3   6
    0   0   1  24  40   6   2   1   2   8   0   7   5   1   0   2   1   0
    1   0   5   1  12   4   0  19   6   4   1   5   0   8   0   6   6   0
    2   3   0   0   1   5   0   1   1   6   0   0   0   0   0   1   1   2
    0   0   0   1   3   0   0   2   0   3   0   2   1   0   0   0   0   0
    0   0   1   0   0   0   0   0   0   0]
 [ 30  43   0  19   2   1  17 114   1  68   2   0   6   2   4   9   7  28
    0  11   2   0   7   2  11  12   5  14   9  12   3   2  10   7   0   2
    8   2   0   6  14   4   1   0   0   0  13   1   4   0   8   5   4   0
    6   0   0   4   0   0   2   7   7   2   0   1   2   0   2   3   0   2
    1   0   0   1   0   1   0   2   1   1   0   0   2   2   2   0   0   1
    0   0   0   0   0   1   0   0   1   0]
 [  3   5  43   6  25   7   1  18   0   8   2   2   7   0   0   1   0   0
   37  11   7   0   6   1   3   0  19   0   0   8   0  35  25   0   1  10
    4   0   1  11   6   0   0   4   4   8   5   0  11   9   2   3   0   2
    0   1   1   0   2   2   8   0   4   1   0   0   0   3   1   1   1   0
    0   2   1   2   0   1   0   0   0   3   0   0   0   0   0   0   0   0
    1   0   0   0   0   0   0   0   0   0]
 [ 19   2  21  13   2   0   8  10   1   3  15  15   4  12  17  10  27  40
    1   2   6   1  62  18   2  11  21   7   6   1   0   1   1   1   2   4
   24  15   1   0   2   0   4   1   0   0   2  10   0   0   1   3   4   5
    0   3   0   0   0   0   0   3   0   0   1   0   2   0   0   0   0   0
    0   0   1   0   1   2   3   1   0   0   0   1   1   0   0   0   0   0
    0   1   0   0   2   0   0   0   0   0]
 [  7   5   3   5  21  54   9   0  10   9  20  45  36  35   3  12  23   8
    1   7   0  24   0   4   6  20   6  10   1   0   0   2   0   0   5   0
    0  22   0   6   1   0   0   1   0   0   4   0   3   0   1   0   1   0
    0   0   0   1   0   0   0   6   0   0   1   0   0   0   0   0   0   0
    1   1   0   0   0   0   0   0   0   0   0   0   0   0   0   1   1   1
    1   1   1   1   0   0   0   1   0   0]
 [ 87   7  18   0  21   1   0   8   3   2   0   1   6   7   0  10   3  41
    4  35   2   7   7   0   1   2   0  10   3   1  17   2  20   0   0   0
    1   3   0   0   5  20  20   1   5   2   0   2   0   0   9   3   1   1
    2   0   1   0   1  11   1   1   0   3   0   0   3   1   0   3   1   0
    0   1   1   0   0   1   0   0   0   0   0   0   0   0   0   0   0   0
    0   0   0   0   0   1   0   0   0   0]
 [ 17   0  67   3  26   8   0   1  40  16   3   6  10   2   0  33  19   2
   20   1  54   1   2   1   5   2   1   0   0   2   2  26   0  12   6   0
    0   1   7   1   4   7   1   7   0   4   0   0   2   0   1   5   5   0
    0   0   2   0  13   1   5   1   1   0   0   0   3   0   4   0   0   0
    2   0   0   1   0   1   0   0   0   3   0   1   0   0   0   1   0   0
    0   0   1   1   0   0   0   0   0   0]]
Total size of training set
10847
local test distribution:
[[  7   4  16   0  29  50  29   0  59   1   3  37   6   2  43  17   1   2
    0   5   0   2   4  12   5   3   8  46   0  10   2   0   1   0  35  11
   10   0  17   0   0   0   0   0   0   9   0   0   2   0   0   0   0   0
    0   0   1   1   0   0   0   0   1   0   1   3   0   0   0   0   0   0
    0   0   0   0   0   0   0   0   0   0   1   0   0   0   0   0   0   0
    0   0   0   0   0   0   0   0   0   0]
 [ 91   6  23  23  20   1  49  73   1  25  20  30   6  17  96   0   0   2
    3  11   1  23   8   2   0   3   3   3  34   0  16   0   1   5   4  14
    3   0  13  11   0   0   0   0   2   1   0   0   0   0   1   1   2   8
    0   0   1   0   1   0   0   0   2   0   0   0   0   0   0   6   0   0
    0   0   0   0   0   0   0   0   0   0   0   0   0   1   0   0   0   0
    0   1   0   0   0   0   0   0   0   0]
 [ 12  55   8  11   2  36   0   7   0   5  22  10  69  11  12   5  10   1
    1   6   0   0   0   0   0   9   0   3   0   2   6   9  10   2   4   0
    7   5   0   0   0   7   0   0   4   0   4   1   3   7   0   0   2   0
    1   0   0   0   2   2   1   1   0   0   0   0   0   0   0   0   1   0
    0   0   3   0   5   0   0   0   3   0   2   0   2   0   0   0   0   1
    0   0   0   0   0   0   0   0   0   0]
 [ 21  82  51   1  43   0   6   7  44  30   0  45   0  26   4  29   1  15
   70   4  11   9   0  11   0   0   1   0   8  17  14   1   0  16   1   0
    5   0   0   1   1   0  23   4   9   1   0   0   0   0   3   0   0   0
    0   0   0   0   0   0   2   0   0   7   2   1   0   0   2   0   0   0
    0   3   0   0   0   0   0   0   0   0   0   0   0   0   0   0   2   0
    2   0   0   0   1   0   0   0   0   0]
 [  8  87  60   2  44   6  37  13  33  22  59   0   1   0   0   1   3   7
    0   5  26   0   1  48   6   1  22  17   9  12   0   2   0  23   1   4
    0  27   2   0   3   0   3   6   6   3   0   0   7   3   2   0   0   0
    1   0   0   3   0   0   0   0   0   0   3   0   0   0   0   0   0   2
    0   0   0   0   0   0   1   0   0   0   0   0   0   0   0   0   0   0
    0   0   0   0   0   0   0   0   0   0]
 [ 20  41  12  61   1   1  49   9  16  20  43  11   9  65  14   0  47   3
    6   0  28  33  14   7  23  27   6   0   7   0   2   0   5   5   5  24
    0   0   0   0   3   0   0   0   1   4   3   4   8   0   4   2   2   0
    0   0   5  12   0   0   0   0   0   0   0   2   0   0   0   0   0   3
    0   1   0   0   0   0   0   0   0   0   0   0   0   0   0   0   0   0
    0   0   0   0   0   0   0   0   0   0]
 [  4   0   0  10  46   0  28  27  20   9   0   0   7   3   1   0   1   5
   28   0  13  42   0   6   8   0  16   0   0   9   4   0   6   1  22   1
    5   1   4  16   3   2   2   0   0   0   1   3   2   7   0   2   0   0
    0   1   3   2   0   0   0   5   0   1   0   1   0   1   0   1   2   0
    0   0   0   0   0   1   0   2   0   0   0   0   0   0   0   0   2   0
    0   0   0   1   0   0   0   0   0   0]
 [  0  17   4  23  10  12   4  12   1  10   0  11  18   1   6   5   0   0
    2   0  19   0   2   0   0   0  12   0   1  11   0   8   2   0   3   5
    0   0   4   0   1   9   0   3   0   1   5   0   1   1   0   3   2   0
    0  14   2   0   0   0   0   0   0   0   0   0   0   2   1   0   0   0
    0   0   0   1   0   0   0   1   0   0   0   0   0   0   0   0   0   0
    0   0   0   0   0   0   0   0   0   0]
 [ 40  19  66  53  42  18   0   0  47   0  34  42  12   4   9  10  15   7
    0   0   0   0   7  14  13  36   0   0   0  11   0   9   0   0   0   2
    8   0   4   2   5   4   5   1   6   0   0   4   0   0   1   0   0   0
    6  10   2   0   0   0   1   0   0   0   2   0   3   0   0   0   4   0
    0   0   0   0   0   0   0   0   1   0   0   0   0   0   1   1   0   0
    0   0   0   0   0   0   0   0   0   1]
 [  0  14   2   1  30  64   0  20   0   4  41   8   4   5   2   6   0  12
    6   4   7   4   1   0   0   3   1   4   0   0   0  11   0   6   0   1
    0   1  13  16   0   1   0   0   6   9   2   0   0   1   1   0   4   0
    0   0   6   0   1   0   0   0   0   0   0   0   0   0   0   0   2   0
    0   2   0   2   0   0   0   0   0   0   2   0   1   1   0   1   0   0
    0   0   0   0   0   0   0   0   0   1]
 [  0   0   0  25  14   2  82  12  39   5   8   6   0  11   0   1  57   0
    7  68   1   1   0  23   1   0   7   1   5   0   0   0   1   1   0   1
    4   0   0   0   7   1   0   0   3   6   0  16   0   1   0   0   0  11
    3   0   3   0   0   2   2   0   0   2   2   0   7   0   1   0   0   0
    8   0   1   2   0   0   3   0   0   0   0   0   0   1   0   0   0   0
    0   0   0   0   0   0   0   0   1   0]
 [ 82   0  27  47   4   0   3   2   0   4   0   0   7  10  21  77   0  21
    3   5   0   1   8   0   0   2   0   6   6  15   4   1  19   4   0   2
    0   1   0   1   0   0   0   9   0   0  11   2   0   6   0   1   2   0
    4   0   0   0   5   2   0   0   2   0   4  10   0  11   0   0   0   3
    0   0   3   0   0   0   0   0   0   0   0   2   0   0   0   0   0   0
    1   0   0   0   0   0   0   0   1   0]
 [  8  37   0  20   0  11   5   0   0  48  11   5  43  17   3   1   1  11
    9  13   2   0   0   0  61   7   6   1  34   0  32   0   0  10   0   3
    3   0   1   0   0   7   2   3   1   0   0   0   2   0   4   2   1   7
    4   0   0   4   0   0   0   0   2   0   1   0   0   0   6   0   0   1
    0   0   0   0   2   0   0   0   1   0   0   0   0   0   0   0   0   0
    0   0   0   0   0   0   0   0   0   0]
 [ 12  15   2  73   1  89  16   2   0  15   2   0  11  18   0   0   2   5
    0   0   0  22  36   5   1   0   1   7   0   6   4   0   0   1   0   0
    0   0   4   0  11   3   0  17   5   3   0   4   0   7   0   5   5   0
    1   2   0   0   0   4   0   0   0   5   0   0   0   0   0   0   0   1
    0   0   0   0   2   0   0   1   0   2   0   1   0   0   0   0   0   0
    0   0   0   0   0   0   0   0   0   0]
 [ 27  39   0  17   1   0  15 105   0  62   1   0   5   1   3   8   6  25
    0  10   1   0   6   1  10  11   4  12   8  11   2   1   9   6   0   1
    7   1   0   5  12   3   0   0   0   0  11   0   3   0   7   4   3   0
    5   0   0   3   0   0   1   6   6   1   0   0   1   0   1   2   0   1
    0   0   0   0   0   0   0   1   0   0   0   0   1   1   1   0   0   0
    0   0   0   0   0   0   0   0   0   0]
 [  2   4  39   5  23   6   0  16   0   7   1   1   6   0   0   0   0   0
   34  10   6   0   5   0   2   0  17   0   0   7   0  32  23   0   0   9
    3   0   0  10   5   0   0   3   3   7   4   0  10   8   1   2   0   1
    0   0   0   0   1   1   7   0   3   0   0   0   0   2   0   0   0   0
    0   1   0   1   0   0   0   0   0   2   0   0   0   0   0   0   0   0
    0   0   0   0   0   0   0   0   0   0]
 [ 17   1  19  11   1   0   7   9   0   2  13  13   3  11  15   9  24  36
    0   1   5   0  57  16   1  10  19   6   5   0   0   0   0   0   1   3
   22  13   0   0   1   0   3   0   0   0   1   9   0   0   0   2   3   4
    0   2   0   0   0   0   0   2   0   0   0   0   1   0   0   0   0   0
    0   0   0   0   0   1   2   0   0   0   0   0   0   0   0   0   0   0
    0   0   0   0   1   0   0   0   0   0]
 [  6   4   2   4  19  49   8   0   9   8  18  41  33  32   2  11  21   7
    0   6   0  22   0   3   5  18   5   9   0   0   0   1   0   0   4   0
    0  20   0   5   0   0   0   0   0   0   3   0   2   0   0   0   0   0
    0   0   0   0   0   0   0   5   0   0   0   0   0   0   0   0   0   0
    0   0   0   0   0   0   0   0   0   0   0   0   0   0   0   0   0   0
    0   0   0   0   0   0   0   0   0   0]
 [ 80   6  16   0  19   0   0   7   2   1   0   0   5   6   0   9   2  37
    3  32   1   6   6   0   0   1   0   9   2   0  15   1  18   0   0   0
    0   2   0   0   4  18  18   0   4   1   0   1   0   0   8   2   0   0
    1   0   0   0   0  10   0   0   0   2   0   0   2   0   0   2   0   0
    0   0   0   0   0   0   0   0   0   0   0   0   0   0   0   0   0   0
    0   0   0   0   0   0   0   0   0   0]
 [ 15   0  61   2  23   7   0   0  36  14   2   5   9   1   0  30  17   1
   18   0  49   0   1   0   4   1   0   0   0   1   1  23   0  11   5   0
    0   0   6   0   3   6   0   6   0   3   0   0   1   0   0   4   4   0
    0   0   1   0  11   0   4   0   0   0   0   0   2   0   3   0   0   0
    1   0   0   0   0   0   0   0   0   2   0   0   0   0   0   0   0   0
    0   0   0   0   0   0   0   0   0   0]]
Total size of testing set
9199
[452 431 408 389 372 352 338 321 307 292 278 265 254 241 231 219 208 197
 190 180 170 165 156 148 140 132 128 124 119 112 102  99  95  91  85  81
  77  71  68  67  59  61  56  52  50  48  45  44  41  41  32  30  30  31
  26  29  24  25  21  21  18  19  16  18  15  17  16  16  14  11   9  11
   9   7   7   6   9   2   6   5   5   6   5   3   4   4   2   2   4   1
   3   1   0   1   2   0   0   0   2   2]
20
  0%|          | 0/500 [00:00<?, ?it/s]  0%|          | 1/500 [03:13<26:49:07, 193.48s/it]  0%|          | 2/500 [06:31<27:05:45, 195.87s/it]3shot of client 0:head:0.13227513227513227, middle:0.0, tail0.0
3shot of client 1:head:0.1893491124260355, middle:0.0, tail0.0
3shot of client 2:head:0.03691275167785235, middle:0.0, tail0.0
3shot of client 3:head:0.0, middle:0.047619047619047616, tail0.0
3shot of client 4:head:0.12295081967213115, middle:0.0, tail0.0
3shot of client 5:head:0.0958904109589041, middle:0.0, tail0.0
3shot of client 6:head:0.09523809523809523, middle:0.0, tail0.0
3shot of client 7:head:0.11979166666666667, middle:0.0, tail0.0
3shot of client 8:head:0.12072892938496584, middle:0.0, tail0.0
3shot of client 9:head:0.0, middle:0.058823529411764705, tail0.0
3shot of client 10:head:0.22905027932960895, middle:0.0, tail0.0
3shot of client 11:head:0.0, middle:0.0, tail0.08695652173913043
3shot of client 12:head:0.13793103448275862, middle:0.0, tail0.0
3shot of client 13:head:0.04938271604938271, middle:0.0, tail0.0
3shot of client 14:head:0.16711590296495957, middle:0.0, tail0.0
3shot of client 15:head:0.15476190476190477, middle:0.0, tail0.0
3shot of client 16:head:0.19256756756756757, middle:0.0, tail0.0
3shot of client 17:head:0.13993174061433447, middle:0.0, tail0.0
3shot of client 18:head:0.11764705882352941, middle:0.0, tail0.0
3shot of client 19:head:0.12121212121212122, middle:0.0, tail0.0
round 0, local average test acc  0.0861 

round 0, local macro average F1 score  0.0038 

round 0, local weighted average F1 score  0.0180 

round 0, global test acc  0.0100 

round 0, average 3shot acc: [head: 0.1111, middle: 0.0053, tail: 0.0043] 

round 0, global 3shot acc: [head: 0.0370, middle: 0.0000, tail: 0.0000] 

l_head tensor([0.7289, 0.6444, 0.7994, 0.5757, 0.8186, 1.0893, 0.9637, 0.6002, 1.1021,
        0.5982, 0.6263, 1.0419, 0.7413, 0.5936, 0.9145, 0.8086, 0.5957, 0.5812,
        0.5883, 0.6757, 0.5983, 0.6459, 0.6345, 0.7892, 0.7628, 0.6356, 0.6753,
        0.9087, 0.5939, 0.7365, 0.5732, 0.5936, 0.6431, 0.5991, 0.8555, 0.6587,
        0.7017, 0.6192, 0.7529, 0.6079, 0.6163, 0.5863, 0.5913, 0.5989, 0.5933,
        0.6781, 0.5767, 0.5984, 0.5810, 0.6023, 0.5797, 0.5849, 0.5916, 0.5827,
        0.5949, 0.5788, 0.6003, 0.6053, 0.5867, 0.5714, 0.6162, 0.5995, 0.5921,
        0.5927, 0.5979, 0.6393, 0.5940, 0.5878, 0.5989, 0.5930, 0.5921, 0.5690,
        0.5713, 0.5728, 0.5922, 0.5918, 0.6010, 0.6041, 0.5980, 0.5812, 0.5851,
        0.5821, 0.6310, 0.5972, 0.5883, 0.5907, 0.5880, 0.5940, 0.5934, 0.5962,
        0.5901, 0.5910, 0.5950, 0.5759, 0.5914, 0.5994, 0.6313, 0.5836, 0.5922,
        0.5972], device='cuda:6', grad_fn=<NormBackward1>)
g_aux tensor([0.6063, 0.6205, 0.6200, 0.6198, 0.6070, 0.6079, 0.6101, 0.6181, 0.6232,
        0.6158, 0.5819, 0.5956, 0.6044, 0.5821, 0.5894, 0.5907, 0.6223, 0.5861,
        0.5794, 0.5847, 0.6108, 0.5981, 0.5783, 0.5914, 0.5767, 0.5918, 0.5748,
        0.5688, 0.5937, 0.5793, 0.5801, 0.5844, 0.5911, 0.5724, 0.5733, 0.5974,
        0.5942, 0.5834, 0.5749, 0.5869, 0.5777, 0.5623, 0.5756, 0.5835, 0.5806,
        0.5900, 0.5836, 0.5733, 0.5673, 0.5808, 0.5888, 0.5825, 0.5637, 0.5867,
        0.5824, 0.6032, 0.5681, 0.5633, 0.5748, 0.5978, 0.5670, 0.5813, 0.5805,
        0.5767, 0.5757, 0.5853, 0.5703, 0.5811, 0.5844, 0.5745, 0.5900, 0.5931,
        0.5627, 0.5788, 0.5777, 0.5889, 0.5915, 0.5706, 0.5644, 0.5880, 0.5792,
        0.5611, 0.5859, 0.5764, 0.5847, 0.5813, 0.5736, 0.5841, 0.5718, 0.5933,
        0.5747, 0.5614, 0.5601, 0.5868, 0.5836, 0.5826, 0.5771, 0.5702, 0.5883,
        0.5776], device='cuda:6', grad_fn=<NormBackward1>)
3shot of client 0:head:0.07671957671957672, middle:0.0, tail0.0
3shot of client 1:head:0.03944773175542406, middle:0.0, tail0.0
3shot of client 2:head:0.0738255033557047, middle:0.0, tail0.0
3shot of client 3:head:0.05405405405405406, middle:0.0, tail0.0
3shot of client 4:head:0.17827868852459017, middle:0.0, tail0.0
3shot of client 5:head:0.08023483365949119, middle:0.0, tail0.0
3shot of client 6:head:0.07482993197278912, middle:0.0, tail0.0
3shot of client 7:head:0.0625, middle:0.0, tail0.0
3shot of client 8:head:0.12072892938496584, middle:0.0, tail0.0
3shot of client 9:head:0.0, middle:0.08823529411764706, tail0.0
3shot of client 10:head:0.22905027932960895, middle:0.0, tail0.0
3shot of client 11:head:0.21937321937321938, middle:0.0, tail0.0
3shot of client 12:head:0.09770114942528736, middle:0.0, tail0.0
3shot of client 13:head:0.27469135802469136, middle:0.0, tail0.0
3shot of client 14:head:0.10512129380053908, middle:0.0, tail0.0
3shot of client 15:head:0.12698412698412698, middle:0.0, tail0.0
3shot of client 16:head:0.04391891891891892, middle:0.0, tail0.0
3shot of client 17:head:0.16723549488054607, middle:0.0, tail0.0
3shot of client 18:head:0.06985294117647059, middle:0.0, tail0.0
3shot of client 19:head:0.2053872053872054, middle:0.0, tail0.0
round 1, local average test acc  0.0885 

round 1, local macro average F1 score  0.0037 

round 1, local weighted average F1 score  0.0178 

round 1, global test acc  0.0100 

round 1, average 3shot acc: [head: 0.1150, middle: 0.0044, tail: 0.0000] 

round 1, global 3shot acc: [head: 0.0370, middle: 0.0000, tail: 0.0000] 

l_head tensor([0.8651, 0.7238, 0.8993, 0.5812, 1.2374, 1.4185, 1.4339, 0.6361, 1.4602,
        0.6372, 0.7117, 1.3731, 0.7132, 0.6039, 1.3927, 0.9586, 0.6394, 0.6390,
        0.5937, 0.7392, 0.6038, 0.7004, 0.7212, 0.9009, 0.8210, 0.6960, 0.7943,
        1.2972, 0.5993, 0.8489, 0.6255, 0.5996, 0.6887, 0.6047, 1.3127, 0.7746,
        0.8250, 0.6336, 0.9160, 0.6133, 0.6668, 0.5912, 0.5968, 0.6045, 0.6174,
        0.7475, 0.5824, 0.6040, 0.6239, 0.6072, 0.5851, 0.5906, 0.5976, 0.5874,
        0.6126, 0.5843, 0.6176, 0.6422, 0.5920, 0.5769, 0.6561, 0.6052, 0.6530,
        0.5987, 0.6097, 0.7301, 0.5997, 0.5934, 0.6045, 0.5988, 0.5977, 0.5752,
        0.5769, 0.5785, 0.6392, 0.5974, 0.6061, 0.6168, 0.6033, 0.5873, 0.5907,
        0.5879, 0.7215, 0.6028, 0.5936, 0.5962, 0.5959, 0.5992, 0.5993, 0.6021,
        0.5961, 0.5966, 0.6002, 0.5818, 0.5970, 0.6279, 0.6515, 0.5887, 0.5978,
        0.6026], device='cuda:6', grad_fn=<NormBackward1>)
g_aux tensor([0.6385, 0.6794, 0.6769, 0.6963, 0.6944, 0.6862, 0.6639, 0.6820, 0.6829,
        0.6925, 0.6522, 0.6505, 0.6821, 0.6236, 0.6319, 0.6157, 0.6663, 0.6183,
        0.5967, 0.5921, 0.6527, 0.6214, 0.5958, 0.6168, 0.6176, 0.6240, 0.6028,
        0.5829, 0.6046, 0.5954, 0.6017, 0.5944, 0.6054, 0.5831, 0.5860, 0.6055,
        0.6049, 0.5940, 0.5762, 0.5927, 0.5846, 0.5732, 0.5764, 0.5849, 0.5845,
        0.5897, 0.5867, 0.5771, 0.5664, 0.5856, 0.5888, 0.5827, 0.5667, 0.5877,
        0.5857, 0.6010, 0.5701, 0.5647, 0.5731, 0.5979, 0.5717, 0.5818, 0.5870,
        0.5786, 0.5752, 0.5863, 0.5734, 0.5826, 0.5879, 0.5788, 0.5879, 0.5990,
        0.5645, 0.5803, 0.5798, 0.5900, 0.5913, 0.5685, 0.5645, 0.5883, 0.5777,
        0.5608, 0.5855, 0.5781, 0.5883, 0.5853, 0.5739, 0.5858, 0.5715, 0.5939,
        0.5770, 0.5618, 0.5609, 0.5882, 0.5857, 0.5861, 0.5795, 0.5688, 0.5924,
        0.5823], device='cuda:6', grad_fn=<NormBackward1>)
3shot of client 0:head:0.09788359788359788, middle:0.0, tail0.0
3shot of client 1:head:0.1893491124260355, middle:0.0, tail0.0
3shot of client 2:head:0.18456375838926176, middle:0.0, tail0.0
3shot of client 3:head:0.060291060291060294, middle:0.0, tail0.0
3shot of client 4:head:0.12295081967213115, middle:0.0, tail0.0
3shot of client 5:head:0.09197651663405088, middle:0.0, tail0.0
3shot of client 6:head:0.09523809523809523, middle:0.0, tail0.0
3shot of client 7:head:0.052083333333333336, middle:0.0, tail0.0
3shot of client 8:head:0.15034168564920272, middle:0.0, tail0.0
3shot of client 9:head:0.11952191235059761, middle:0.0, tail0.0
3shot of client 10:head:0.0, middle:0.06976744186046512, tail0.0
3shot of client 11:head:0.1339031339031339, middle:0.0, tail0.0
3shot of client 12:head:0.0, middle:0.10714285714285714, tail0.0
3shot of client 13:head:0.22530864197530864, middle:0.0, tail0.0
3shot of client 14:head:0.16711590296495957, middle:0.0, tail0.0
3shot of client 15:head:0.11904761904761904, middle:0.0, tail0.0
3shot of client 16:head:0.19256756756756757, middle:0.0, tail0.0
3shot of client 17:head:0.16723549488054607, middle:0.0, tail0.0
  1%|          | 3/500 [09:39<26:36:15, 192.71s/it]  1%|          | 4/500 [12:53<26:36:14, 193.09s/it]3shot of client 18:head:0.0661764705882353, middle:0.0, tail0.0
3shot of client 19:head:0.05723905723905724, middle:0.0, tail0.0
round 2, local average test acc  0.0889 

round 2, local macro average F1 score  0.0041 

round 2, local weighted average F1 score  0.0186 

round 2, global test acc  0.0100 

round 2, average 3shot acc: [head: 0.1146, middle: 0.0088, tail: 0.0000] 

round 2, global 3shot acc: [head: 0.0370, middle: 0.0000, tail: 0.0000] 

l_head tensor([0.9122, 0.7537, 1.0953, 0.5828, 1.4295, 1.9801, 1.6813, 0.6383, 1.8964,
        0.6641, 0.7348, 1.7519, 0.8933, 0.6191, 1.7811, 1.1988, 0.6602, 0.7043,
        0.5953, 0.8410, 0.6053, 0.7211, 0.8215, 1.0991, 0.8910, 0.7442, 0.8949,
        1.6967, 0.6009, 1.0146, 0.6838, 0.6013, 0.6751, 0.6060, 1.6793, 0.8730,
        0.9527, 0.6733, 1.1218, 0.6148, 0.7165, 0.5926, 0.5983, 0.6059, 0.6354,
        0.8368, 0.5839, 0.6055, 0.6506, 0.6086, 0.5865, 0.5922, 0.5992, 0.5889,
        0.6312, 0.5859, 0.6531, 0.6903, 0.5937, 0.5783, 0.6979, 0.6068, 0.6863,
        0.6002, 0.6551, 0.7860, 0.6011, 0.5948, 0.6061, 0.6001, 0.5991, 0.5768,
        0.5784, 0.5800, 0.6427, 0.5990, 0.6075, 0.6265, 0.6047, 0.5887, 0.5921,
        0.5895, 0.7828, 0.6044, 0.5952, 0.5975, 0.6186, 0.6009, 0.6008, 0.6035,
        0.5976, 0.5980, 0.6015, 0.5835, 0.5984, 0.6398, 0.7128, 0.5903, 0.5994,
        0.6039], device='cuda:6', grad_fn=<NormBackward1>)
g_aux tensor([0.6788, 0.7725, 0.7870, 0.7960, 0.8109, 0.7820, 0.7393, 0.7616, 0.7571,
        0.7847, 0.7289, 0.7333, 0.7689, 0.6937, 0.6894, 0.6706, 0.7253, 0.6600,
        0.6416, 0.6107, 0.7132, 0.6521, 0.6371, 0.6605, 0.6577, 0.6578, 0.6371,
        0.6029, 0.6288, 0.6221, 0.6383, 0.6151, 0.6189, 0.5996, 0.5982, 0.6169,
        0.6249, 0.6101, 0.5871, 0.6064, 0.5964, 0.5882, 0.5841, 0.5951, 0.5927,
        0.6009, 0.5906, 0.5891, 0.5703, 0.6059, 0.5939, 0.5894, 0.5742, 0.5967,
        0.5916, 0.6020, 0.5748, 0.5682, 0.5726, 0.6060, 0.5824, 0.5834, 0.5968,
        0.5818, 0.5764, 0.5824, 0.5763, 0.5849, 0.5887, 0.5775, 0.5869, 0.6040,
        0.5671, 0.5857, 0.5771, 0.5872, 0.5951, 0.5695, 0.5634, 0.5885, 0.5784,
        0.5606, 0.5854, 0.5815, 0.5902, 0.5878, 0.5742, 0.5853, 0.5689, 0.5948,
        0.5759, 0.5624, 0.5604, 0.5892, 0.5861, 0.5903, 0.5846, 0.5693, 0.5933,
        0.5834], device='cuda:6', grad_fn=<NormBackward1>)
3shot of client 0:head:0.13227513227513227, middle:0.0, tail0.0
3shot of client 1:head:0.14398422090729784, middle:0.0, tail0.0
3shot of client 2:head:0.3221476510067114, middle:0.0, tail0.0
3shot of client 3:head:0.11850311850311851, middle:0.0, tail0.0
3shot of client 4:head:0.09221311475409837, middle:0.0, tail0.0
3shot of client 5:head:0.09197651663405088, middle:0.0, tail0.0
3shot of client 6:head:0.05782312925170068, middle:0.0, tail0.0
3shot of client 7:head:0.11979166666666667, middle:0.0, tail0.0
3shot of client 8:head:0.10250569476082004, middle:0.0, tail0.0
3shot of client 9:head:0.0, middle:0.04411764705882353, tail0.0
3shot of client 10:head:0.09217877094972067, middle:0.0, tail0.0
3shot of client 11:head:0.05413105413105413, middle:0.0, tail0.0
3shot of client 12:head:0.12643678160919541, middle:0.0, tail0.0
3shot of client 13:head:0.11728395061728394, middle:0.0, tail0.0
3shot of client 14:head:0.008086253369272238, middle:0.042105263157894736, tail0.0
3shot of client 15:head:0.09126984126984126, middle:0.0, tail0.0
3shot of client 16:head:0.010135135135135136, middle:0.1323529411764706, tail0.0
3shot of client 17:head:0.16723549488054607, middle:0.0, tail0.0
3shot of client 18:head:0.3713235294117647, middle:0.0, tail0.0
3shot of client 19:head:0.06060606060606061, middle:0.0, tail0.0
round 3, local average test acc  0.0888 

round 3, local macro average F1 score  0.0065 

round 3, local weighted average F1 score  0.0318 

round 3, global test acc  0.0100 

round 3, average 3shot acc: [head: 0.1140, middle: 0.0109, tail: 0.0000] 

round 3, global 3shot acc: [head: 0.0370, middle: 0.0000, tail: 0.0000] 

l_head tensor([0.9911, 0.8574, 1.2560, 0.5836, 1.6114, 2.1413, 1.9739, 0.6490, 2.1531,
        0.7050, 0.7759, 1.9332, 0.9232, 0.6300, 2.0727, 1.3281, 0.6840, 0.7163,
        0.5960, 0.8821, 0.6059, 0.7128, 0.8630, 1.2186, 0.9960, 0.7987, 0.9821,
        1.9840, 0.6016, 1.0769, 0.6970, 0.6022, 0.6813, 0.6066, 1.9296, 1.0202,
        1.0586, 0.6897, 1.3367, 0.6154, 0.7816, 0.5933, 0.5989, 0.6065, 0.6347,
        0.9021, 0.5847, 0.6062, 0.6908, 0.6091, 0.5871, 0.5930, 0.5999, 0.5895,
        0.6495, 0.5865, 0.6771, 0.7434, 0.5944, 0.5789, 0.6957, 0.6076, 0.7246,
        0.6008, 0.6579, 0.8696, 0.6017, 0.5955, 0.6068, 0.6008, 0.5996, 0.5776,
        0.5791, 0.5807, 0.6474, 0.5997, 0.6080, 0.6329, 0.6053, 0.5893, 0.5928,
        0.5902, 0.8520, 0.6050, 0.5960, 0.5981, 0.6642, 0.6016, 0.6015, 0.6041,
        0.5983, 0.5987, 0.6021, 0.5842, 0.5991, 0.6714, 0.6926, 0.5910, 0.6000,
        0.6046], device='cuda:6', grad_fn=<NormBackward1>)
g_aux tensor([0.7255, 0.9174, 0.8652, 0.8921, 0.9220, 0.8521, 0.8311, 0.8466, 0.8401,
        0.8803, 0.8123, 0.8114, 0.8567, 0.7467, 0.7489, 0.7141, 0.7857, 0.7295,
        0.6744, 0.6534, 0.7774, 0.6892, 0.6825, 0.7236, 0.7050, 0.6957, 0.6715,
        0.6330, 0.6551, 0.6492, 0.6812, 0.6381, 0.6481, 0.6217, 0.6130, 0.6369,
        0.6449, 0.6257, 0.5997, 0.6263, 0.6148, 0.6066, 0.5959, 0.6051, 0.6070,
        0.6081, 0.5936, 0.6037, 0.5738, 0.6407, 0.6026, 0.5920, 0.5889, 0.6130,
        0.5983, 0.6074, 0.5799, 0.5748, 0.5737, 0.6176, 0.6006, 0.5871, 0.6117,
        0.5914, 0.5810, 0.5819, 0.5766, 0.5886, 0.5938, 0.5792, 0.5901, 0.6113,
        0.5692, 0.5920, 0.5779, 0.5869, 0.5999, 0.5694, 0.5630, 0.5912, 0.5775,
        0.5608, 0.5896, 0.5862, 0.5898, 0.5878, 0.5780, 0.5832, 0.5695, 0.5955,
        0.5765, 0.5635, 0.5606, 0.5897, 0.5878, 0.5923, 0.5852, 0.5693, 0.5914,
        0.5820], device='cuda:6', grad_fn=<NormBackward1>)
3shot of client 0:head:0.17989417989417988, middle:0.010638297872340425, tail0.0
3shot of client 1:head:0.20907297830374755, middle:0.0, tail0.0
3shot of client 2:head:0.1342281879194631, middle:0.013157894736842105, tail0.0
3shot of client 3:head:0.16216216216216217, middle:0.023809523809523808, tail0.0
3shot of client 4:head:0.26229508196721313, middle:0.0, tail0.0
3shot of client 5:head:0.08023483365949119, middle:0.0, tail0.0
3shot of client 6:head:0.14625850340136054, middle:0.09333333333333334, tail0.0
3shot of client 7:head:0.11458333333333333, middle:0.0, tail0.0
3shot of client 8:head:0.08200455580865604, middle:0.0, tail0.038461538461538464
3shot of client 9:head:0.05179282868525897, middle:0.0, tail0.0
3shot of client 10:head:0.15921787709497207, middle:0.0, tail0.0
3shot of client 11:head:0.21937321937321938, middle:0.011363636363636364, tail0.0
3shot of client 12:head:0.23850574712643677, middle:0.0, tail0.0
3shot of client 13:head:0.3765432098765432, middle:0.0, tail0.0
3shot of client 14:head:0.29110512129380056, middle:0.0, tail0.0
3shot of client 15:head:0.09523809523809523, middle:0.0, tail0.0
3shot of client 16:head:0.19256756756756757, middle:0.0, tail0.0
3shot of client 17:head:0.17064846416382254, middle:0.0, tail0.0
3shot of client 18:head:0.19117647058823528, middle:0.0, tail0.0
3shot of client 19:head:0.07744107744107744, middle:0.0375, tail0.0
round 4, local average test acc  0.1328 

round 4, local macro average F1 score  0.0162 

round 4, local weighted average F1 score  0.0577 

round 4, global test acc  0.0100 

round 4, average 3shot acc: [head: 0.1717, middle: 0.0095, tail: 0.0019] 

round 4, global 3shot acc: [head: 0.0370, middle: 0.0000, tail: 0.0000] 

l_head   1%|          | 5/500 [16:04<26:25:30, 192.18s/it]  1%|          | 6/500 [19:21<26:37:29, 194.03s/it]tensor([1.0907, 0.8923, 1.4711, 0.5839, 1.7910, 2.2794, 2.1743, 0.6792, 2.4359,
        0.7378, 0.8366, 2.1297, 1.0352, 0.7027, 2.3180, 1.4798, 0.7074, 0.8019,
        0.5963, 0.9295, 0.6063, 0.7839, 0.9451, 1.2712, 1.0915, 0.8607, 1.1146,
        2.2616, 0.6019, 1.1668, 0.7486, 0.6026, 0.7629, 0.6069, 2.1033, 1.0932,
        1.1779, 0.7403, 1.4851, 0.6157, 0.8146, 0.5937, 0.5992, 0.6069, 0.6911,
        1.0108, 0.5850, 0.6065, 0.8323, 0.6093, 0.5875, 0.5934, 0.6002, 0.5898,
        0.6742, 0.5868, 0.7443, 0.8142, 0.5948, 0.5791, 0.7480, 0.6079, 0.7792,
        0.6011, 0.7055, 0.8429, 0.6020, 0.5958, 0.6071, 0.6011, 0.5999, 0.5780,
        0.5794, 0.5810, 0.7029, 0.6000, 0.6083, 0.6574, 0.6056, 0.5895, 0.5931,
        0.5905, 0.9570, 0.6053, 0.5963, 0.5985, 0.6839, 0.6019, 0.6019, 0.6044,
        0.5986, 0.5990, 0.6024, 0.5846, 0.5995, 0.7639, 0.7301, 0.5913, 0.6003,
        0.6049], device='cuda:6', grad_fn=<NormBackward1>)
g_aux tensor([0.7610, 1.0813, 0.9590, 1.0124, 0.9963, 0.9324, 0.9185, 0.9253, 0.9291,
        0.9490, 0.9044, 0.8973, 0.9439, 0.8212, 0.8183, 0.7767, 0.8686, 0.8409,
        0.7392, 0.7019, 0.8576, 0.7397, 0.7223, 0.8257, 0.7815, 0.7393, 0.7047,
        0.6650, 0.6879, 0.6810, 0.7526, 0.6761, 0.6669, 0.6644, 0.6322, 0.6611,
        0.6766, 0.6467, 0.6248, 0.6526, 0.6307, 0.6187, 0.6165, 0.6169, 0.6302,
        0.6170, 0.6012, 0.6291, 0.5804, 0.6736, 0.6138, 0.6032, 0.6169, 0.6306,
        0.6121, 0.6136, 0.5833, 0.5834, 0.5804, 0.6292, 0.6289, 0.5921, 0.6294,
        0.5993, 0.5884, 0.5837, 0.5825, 0.5926, 0.5988, 0.5826, 0.5996, 0.6258,
        0.5702, 0.6052, 0.5821, 0.5874, 0.6043, 0.5709, 0.5618, 0.5940, 0.5762,
        0.5594, 0.5901, 0.5892, 0.5886, 0.5921, 0.5835, 0.5825, 0.5704, 0.5949,
        0.5785, 0.5653, 0.5598, 0.5905, 0.5881, 0.6031, 0.5862, 0.5684, 0.5905,
        0.5839], device='cuda:6', grad_fn=<NormBackward1>)
3shot of client 0:head:0.13756613756613756, middle:0.11702127659574468, tail0.0
3shot of client 1:head:0.29191321499013806, middle:0.0390625, tail0.0
3shot of client 2:head:0.3389261744966443, middle:0.013157894736842105, tail0.0
3shot of client 3:head:0.22661122661122662, middle:0.007936507936507936, tail0.0
3shot of client 4:head:0.29918032786885246, middle:0.0, tail0.0
3shot of client 5:head:0.1643835616438356, middle:0.072, tail0.0
3shot of client 6:head:0.061224489795918366, middle:0.013333333333333334, tail0.0
3shot of client 7:head:0.203125, middle:0.0, tail0.0
3shot of client 8:head:0.16856492027334852, middle:0.07692307692307693, tail0.0
3shot of client 9:head:0.1553784860557769, middle:0.04411764705882353, tail0.0
3shot of client 10:head:0.23743016759776536, middle:0.0, tail0.0
3shot of client 11:head:0.2678062678062678, middle:0.0, tail0.043478260869565216
3shot of client 12:head:0.3620689655172414, middle:0.0, tail0.0
3shot of client 13:head:0.29012345679012347, middle:0.0, tail0.05
3shot of client 14:head:0.33692722371967654, middle:0.0, tail0.0
3shot of client 15:head:0.18253968253968253, middle:0.08064516129032258, tail0.0
3shot of client 16:head:0.19256756756756757, middle:0.0, tail0.0
3shot of client 17:head:0.2764505119453925, middle:0.027777777777777776, tail0.0
3shot of client 18:head:0.24632352941176472, middle:0.014285714285714285, tail0.0
3shot of client 19:head:0.23905723905723905, middle:0.0875, tail0.0
round 5, local average test acc  0.1842 

round 5, local macro average F1 score  0.0352 

round 5, local weighted average F1 score  0.1135 

round 5, global test acc  0.0102 

round 5, average 3shot acc: [head: 0.2339, middle: 0.0297, tail: 0.0047] 

round 5, global 3shot acc: [head: 0.0378, middle: 0.0000, tail: 0.0000] 

l_head tensor([1.2126, 1.0159, 1.6514, 0.5841, 1.9252, 2.4569, 2.3405, 0.7233, 2.6987,
        0.7456, 0.9366, 2.3385, 1.1815, 0.7809, 2.5863, 1.6447, 0.7431, 1.0028,
        0.5965, 1.0580, 0.6064, 0.7927, 1.1050, 1.4628, 1.2218, 0.9603, 1.1929,
        2.5531, 0.6021, 1.2866, 0.7977, 0.6028, 0.7512, 0.6071, 2.2459, 1.1948,
        1.3403, 0.7207, 1.6798, 0.6158, 0.8280, 0.5938, 0.5994, 0.6070, 0.6996,
        1.0427, 0.5852, 0.6066, 0.9315, 0.6094, 0.5876, 0.5936, 0.6004, 0.5899,
        0.7432, 0.5869, 0.7860, 0.7853, 0.5950, 0.5793, 0.8262, 0.6081, 0.8374,
        0.6013, 0.7297, 0.9058, 0.6021, 0.5959, 0.6073, 0.6012, 0.6000, 0.5782,
        0.5796, 0.5812, 0.6846, 0.6001, 0.6084, 0.6699, 0.6058, 0.5897, 0.5932,
        0.5907, 0.9691, 0.6054, 0.5965, 0.5986, 0.7414, 0.6021, 0.6020, 0.6046,
        0.5987, 0.5991, 0.6025, 0.5847, 0.5996, 0.8187, 0.7592, 0.5915, 0.6005,
        0.6051], device='cuda:6', grad_fn=<NormBackward1>)
g_aux tensor([0.8110, 1.2161, 1.0535, 1.1213, 1.0977, 0.9983, 1.0136, 1.0188, 1.0249,
        1.0123, 0.9606, 0.9821, 1.0325, 0.8741, 0.8826, 0.8471, 0.9221, 0.9565,
        0.8014, 0.7518, 0.9193, 0.7893, 0.7655, 0.9312, 0.8494, 0.7806, 0.7457,
        0.7074, 0.7283, 0.7247, 0.8359, 0.6974, 0.6919, 0.7035, 0.6592, 0.6866,
        0.7134, 0.6699, 0.6450, 0.6771, 0.6526, 0.6450, 0.6357, 0.6295, 0.6477,
        0.6269, 0.6148, 0.6612, 0.5868, 0.7087, 0.6236, 0.6150, 0.6600, 0.6471,
        0.6262, 0.6213, 0.5886, 0.5947, 0.5882, 0.6469, 0.6640, 0.6030, 0.6530,
        0.6022, 0.5978, 0.5888, 0.5861, 0.6011, 0.6118, 0.5897, 0.6071, 0.6423,
        0.5765, 0.6219, 0.5861, 0.5920, 0.6112, 0.5753, 0.5636, 0.5973, 0.5760,
        0.5586, 0.5935, 0.5940, 0.5910, 0.5944, 0.5905, 0.5804, 0.5695, 0.5958,
        0.5779, 0.5656, 0.5598, 0.5910, 0.5887, 0.6148, 0.5914, 0.5674, 0.5887,
        0.5866], device='cuda:6', grad_fn=<NormBackward1>)
3shot of client 0:head:0.17724867724867724, middle:0.010638297872340425, tail0.0
3shot of client 1:head:0.2603550295857988, middle:0.1171875, tail0.030303030303030304
3shot of client 2:head:0.35906040268456374, middle:0.06578947368421052, tail0.0
3shot of client 3:head:0.30145530145530147, middle:0.1111111111111111, tail0.0
3shot of client 4:head:0.3709016393442623, middle:0.02608695652173913, tail0.0
3shot of client 5:head:0.21526418786692758, middle:0.0, tail0.03125
3shot of client 6:head:0.07142857142857142, middle:0.09333333333333334, tail0.0
3shot of client 7:head:0.15104166666666666, middle:0.0, tail0.0
3shot of client 8:head:0.18223234624145787, middle:0.0, tail0.0
3shot of client 9:head:0.1593625498007968, middle:0.029411764705882353, tail0.0
3shot of client 10:head:0.23184357541899442, middle:0.03488372093023256, tail0.0
3shot of client 11:head:0.2706552706552707, middle:0.011363636363636364, tail0.0
3shot of client 12:head:0.3333333333333333, middle:0.0, tail0.0
3shot of client 13:head:0.2962962962962963, middle:0.023529411764705882, tail0.0
3shot of client 14:head:0.14016172506738545, middle:0.010526315789473684, tail0.0
3shot of client 15:head:0.25, middle:0.06451612903225806, tail0.0
3shot of client 16:head:0.1891891891891892, middle:0.0, tail0.0
3shot of client 17:head:0.24232081911262798, middle:0.125, tail0.058823529411764705
3shot of client 18:head:0.35661764705882354, middle:0.0, tail0.0
3shot of client 19:head:0.2760942760942761, middle:0.0375, tail0.058823529411764705
round 6, local average test acc  0.1919 

round 6, local macro average F1 score  0.0418 

round 6, local weighted average F1 score  0.1325 

round 6, global test acc  0.0149 

round 6, average 3shot acc: [head: 0.2417, middle: 0.0380, tail: 0.0090] 

round 6, global 3shot acc: [head: 0.0552, middle: 0.0000, tail: 0.0000] 

l_head   1%|▏         | 7/500 [22:35<26:34:11, 194.02s/it]  2%|▏         | 8/500 [25:45<26:19:41, 192.64s/it]tensor([1.3039, 1.1123, 1.7533, 0.5842, 2.0204, 2.7091, 2.4960, 0.7714, 3.0179,
        0.8236, 1.0087, 2.5915, 1.2650, 0.8789, 2.7617, 1.8144, 0.7785, 1.0218,
        0.5965, 1.0661, 0.6065, 0.8634, 1.0937, 1.6158, 1.2458, 1.0255, 1.3083,
        2.6570, 0.6022, 1.3769, 0.8332, 0.6029, 0.7901, 0.6071, 2.4526, 1.3459,
        1.4199, 0.7603, 1.7771, 0.6159, 0.8816, 0.5939, 0.5995, 0.6071, 0.7365,
        1.1725, 0.5853, 0.6067, 0.8992, 0.6095, 0.5877, 0.5937, 0.6005, 0.5900,
        0.7865, 0.5870, 0.8039, 0.8733, 0.5951, 0.5793, 0.8464, 0.6082, 0.9360,
        0.6014, 0.7588, 0.9341, 0.6022, 0.5960, 0.6073, 0.6013, 0.6001, 0.5783,
        0.5796, 0.5813, 0.7292, 0.6002, 0.6085, 0.7089, 0.6059, 0.5897, 0.5933,
        0.5908, 1.0025, 0.6055, 0.5966, 0.5987, 0.7912, 0.6022, 0.6021, 0.6046,
        0.5988, 0.5992, 0.6026, 0.5848, 0.5997, 0.8426, 0.8160, 0.5916, 0.6006,
        0.6051], device='cuda:6', grad_fn=<NormBackward1>)
g_aux tensor([0.8491, 1.3167, 1.1450, 1.2018, 1.1945, 1.0660, 1.0718, 1.1162, 1.0990,
        1.0590, 1.0436, 1.0391, 1.1228, 0.9574, 0.9513, 0.8872, 0.9755, 1.0320,
        0.8776, 0.7921, 0.9912, 0.8489, 0.8118, 1.0027, 0.9030, 0.8296, 0.7765,
        0.7356, 0.7651, 0.7514, 0.9423, 0.7409, 0.7256, 0.7455, 0.6848, 0.7082,
        0.7445, 0.6867, 0.6673, 0.7158, 0.6620, 0.6717, 0.6584, 0.6509, 0.6713,
        0.6480, 0.6278, 0.6832, 0.5976, 0.7487, 0.6318, 0.6325, 0.6974, 0.6619,
        0.6391, 0.6283, 0.6031, 0.6030, 0.6111, 0.6713, 0.7091, 0.6133, 0.6697,
        0.6036, 0.6041, 0.5943, 0.5918, 0.6099, 0.6237, 0.5946, 0.6200, 0.6642,
        0.5779, 0.6363, 0.5924, 0.5952, 0.6179, 0.5771, 0.5681, 0.6033, 0.5776,
        0.5586, 0.5983, 0.5991, 0.5933, 0.5993, 0.5971, 0.5786, 0.5715, 0.5962,
        0.5798, 0.5680, 0.5623, 0.5937, 0.5876, 0.6267, 0.5954, 0.5697, 0.5898,
        0.5895], device='cuda:6', grad_fn=<NormBackward1>)
3shot of client 0:head:0.2222222222222222, middle:0.11702127659574468, tail0.041666666666666664
3shot of client 1:head:0.26232741617357, middle:0.1484375, tail0.0
3shot of client 2:head:0.21476510067114093, middle:0.09210526315789473, tail0.05555555555555555
3shot of client 3:head:0.2806652806652807, middle:0.2222222222222222, tail0.0
3shot of client 4:head:0.3442622950819672, middle:0.02608695652173913, tail0.0
3shot of client 5:head:0.2172211350293542, middle:0.072, tail0.0
3shot of client 6:head:0.10884353741496598, middle:0.013333333333333334, tail0.0
3shot of client 7:head:0.21875, middle:0.06521739130434782, tail0.0
3shot of client 8:head:0.24829157175398633, middle:0.05982905982905983, tail0.0
3shot of client 9:head:0.07569721115537849, middle:0.029411764705882353, tail0.06666666666666667
3shot of client 10:head:0.3100558659217877, middle:0.0, tail0.045454545454545456
3shot of client 11:head:0.21937321937321938, middle:0.03409090909090909, tail0.0
3shot of client 12:head:0.35919540229885055, middle:0.011904761904761904, tail0.0
3shot of client 13:head:0.2808641975308642, middle:0.058823529411764705, tail0.0
3shot of client 14:head:0.4339622641509434, middle:0.042105263157894736, tail0.08333333333333333
3shot of client 15:head:0.1626984126984127, middle:0.16129032258064516, tail0.0
3shot of client 16:head:0.22635135135135134, middle:0.029411764705882353, tail0.0
3shot of client 17:head:0.2593856655290102, middle:0.18055555555555555, tail0.11764705882352941
3shot of client 18:head:0.3272058823529412, middle:0.0, tail0.0
3shot of client 19:head:0.3400673400673401, middle:0.025, tail0.0
round 7, local average test acc  0.2090 

round 7, local macro average F1 score  0.0570 

round 7, local weighted average F1 score  0.1616 

round 7, global test acc  0.0183 

round 7, average 3shot acc: [head: 0.2556, middle: 0.0694, tail: 0.0205] 

round 7, global 3shot acc: [head: 0.0678, middle: 0.0000, tail: 0.0000] 

l_head tensor([1.3805, 1.2121, 1.8184, 0.5843, 2.1775, 2.9276, 2.6091, 0.8424, 3.2512,
        0.8356, 1.1762, 2.8272, 1.4281, 0.9947, 3.0163, 1.9910, 0.8723, 1.1922,
        0.5966, 1.0938, 0.6065, 0.8784, 1.2439, 1.8549, 1.3773, 1.1005, 1.4159,
        2.9252, 0.6022, 1.5061, 0.9283, 0.6030, 0.8352, 0.6072, 2.6829, 1.4960,
        1.5643, 0.8093, 1.9865, 0.6160, 1.0021, 0.5939, 0.5995, 0.6071, 0.7875,
        1.2700, 0.5853, 0.6068, 1.0463, 0.6095, 0.5877, 0.5938, 0.6006, 0.5901,
        0.8106, 0.5871, 0.7854, 0.9181, 0.5951, 0.5794, 0.9484, 0.6083, 1.0653,
        0.6014, 0.7851, 1.0595, 0.6023, 0.5961, 0.6074, 0.6014, 0.6001, 0.5784,
        0.5797, 0.5813, 0.7459, 0.6002, 0.6085, 0.7502, 0.6059, 0.5898, 0.5933,
        0.5908, 1.0471, 0.6056, 0.5967, 0.5987, 0.8660, 0.6022, 0.6022, 0.6047,
        0.5989, 0.5992, 0.6026, 0.5849, 0.5997, 0.9346, 0.8236, 0.5916, 0.6006,
        0.6052], device='cuda:6', grad_fn=<NormBackward1>)
g_aux tensor([0.9167, 1.4017, 1.2122, 1.2807, 1.2778, 1.1546, 1.1428, 1.2085, 1.1672,
        1.1261, 1.1072, 1.0758, 1.1989, 1.0270, 1.0056, 0.9614, 1.0277, 1.1068,
        0.9320, 0.8262, 1.0532, 0.9145, 0.8582, 1.0802, 0.9507, 0.8593, 0.8110,
        0.7763, 0.8037, 0.7819, 1.0109, 0.7829, 0.7539, 0.7837, 0.7004, 0.7396,
        0.7695, 0.7211, 0.6946, 0.7509, 0.6896, 0.7059, 0.6832, 0.6762, 0.6967,
        0.6699, 0.6502, 0.7085, 0.6139, 0.8000, 0.6458, 0.6528, 0.7344, 0.6787,
        0.6587, 0.6325, 0.6130, 0.6170, 0.6322, 0.6954, 0.7555, 0.6299, 0.6952,
        0.6103, 0.6113, 0.5992, 0.5972, 0.6177, 0.6360, 0.6014, 0.6300, 0.6838,
        0.5837, 0.6463, 0.5979, 0.6021, 0.6270, 0.5783, 0.5736, 0.6140, 0.5786,
        0.5604, 0.6070, 0.6074, 0.5954, 0.6078, 0.6055, 0.5791, 0.5718, 0.5981,
        0.5831, 0.5711, 0.5672, 0.6001, 0.5895, 0.6381, 0.5961, 0.5718, 0.5923,
        0.5951], device='cuda:6', grad_fn=<NormBackward1>)
3shot of client 0:head:0.10582010582010581, middle:0.1276595744680851, tail0.041666666666666664
3shot of client 1:head:0.2465483234714004, middle:0.1484375, tail0.06060606060606061
3shot of client 2:head:0.28859060402684567, middle:0.07894736842105263, tail0.0
3shot of client 3:head:0.2910602910602911, middle:0.06349206349206349, tail0.0
3shot of client 4:head:0.4036885245901639, middle:0.017391304347826087, tail0.0
3shot of client 5:head:0.2563600782778865, middle:0.032, tail0.03125
3shot of client 6:head:0.1360544217687075, middle:0.10666666666666667, tail0.05263157894736842
3shot of client 7:head:0.23958333333333334, middle:0.06521739130434782, tail0.0
3shot of client 8:head:0.17995444191343962, middle:0.0, tail0.038461538461538464
3shot of client 9:head:0.27091633466135456, middle:0.0, tail0.0
3shot of client 10:head:0.20391061452513967, middle:0.011627906976744186, tail0.0
3shot of client 11:head:0.17663817663817663, middle:0.056818181818181816, tail0.0
3shot of client 12:head:0.42528735632183906, middle:0.011904761904761904, tail0.0
3shot of client 13:head:0.3333333333333333, middle:0.023529411764705882, tail0.0
3shot of client 14:head:0.2857142857142857, middle:0.0, tail0.041666666666666664
3shot of client 15:head:0.21428571428571427, middle:0.03225806451612903, tail0.0
3shot of client 16:head:0.28040540540540543, middle:0.04411764705882353, tail0.0
3shot of client 17:head:0.2935153583617747, middle:0.0, tail0.0
3shot of client 18:head:0.5661764705882353, middle:0.07142857142857142, tail0.0
3shot of client 19:head:0.31986531986531985, middle:0.15, tail0.0
round 8, local average test acc  0.2208 

round 8, local macro average F1 score  0.0577 

round 8, local weighted average F1 score  0.1629 

round 8, global test acc  0.0233 

round 8, average 3shot acc: [head: 0.2759, middle: 0.0521, tail: 0.0133] 

round 8, global 3shot acc: [head: 0.0863, middle: 0.0000, tail: 0.0000] 

l_head   2%|▏         | 9/500 [28:59<26:20:30, 193.14s/it]  2%|▏         | 10/500 [32:06<26:01:23, 191.19s/it]tensor([1.3933, 1.3509, 1.9387, 0.5843, 2.4893, 3.1292, 2.7778, 0.8925, 3.4604,
        0.8831, 1.2693, 3.0517, 1.5597, 1.1144, 3.1895, 2.0775, 0.9236, 1.2847,
        0.5966, 1.2610, 0.6066, 0.9458, 1.3795, 2.0434, 1.4708, 1.1344, 1.5544,
        3.1618, 0.6023, 1.6489, 0.9625, 0.6030, 0.8818, 0.6072, 2.8675, 1.6594,
        1.7567, 0.8634, 2.1324, 0.6160, 1.0341, 0.5940, 0.5996, 0.6072, 0.8724,
        1.3940, 0.5854, 0.6068, 1.1535, 0.6095, 0.5878, 0.5938, 0.6006, 0.5901,
        0.8643, 0.5871, 0.8328, 1.0135, 0.5952, 0.5794, 0.9802, 0.6083, 1.1594,
        0.6015, 0.9022, 1.1570, 0.6023, 0.5961, 0.6074, 0.6014, 0.6002, 0.5784,
        0.5797, 0.5814, 0.7718, 0.6002, 0.6086, 0.7976, 0.6059, 0.5898, 0.5934,
        0.5909, 1.1186, 0.6056, 0.5967, 0.5988, 0.9753, 0.6023, 0.6022, 0.6047,
        0.5989, 0.5992, 0.6026, 0.5849, 0.5998, 0.9821, 0.8529, 0.5916, 0.6006,
        0.6052], device='cuda:6', grad_fn=<NormBackward1>)
g_aux tensor([0.9801, 1.4647, 1.2565, 1.3687, 1.3424, 1.2531, 1.2289, 1.2884, 1.2230,
        1.2042, 1.1463, 1.1265, 1.2591, 1.1366, 1.0906, 1.0263, 1.0830, 1.1772,
        0.9891, 0.8678, 1.1140, 1.0026, 0.8955, 1.1503, 0.9976, 0.9009, 0.8458,
        0.8207, 0.8453, 0.8243, 1.0830, 0.8217, 0.7688, 0.8175, 0.7244, 0.7611,
        0.8120, 0.7444, 0.7291, 0.7798, 0.7140, 0.7433, 0.6965, 0.7048, 0.7193,
        0.6903, 0.6662, 0.7297, 0.6360, 0.8316, 0.6583, 0.6691, 0.7889, 0.6912,
        0.6794, 0.6419, 0.6313, 0.6339, 0.6632, 0.7180, 0.7925, 0.6530, 0.7136,
        0.6150, 0.6167, 0.6071, 0.6031, 0.6355, 0.6466, 0.6086, 0.6427, 0.7029,
        0.5881, 0.6529, 0.6042, 0.6201, 0.6371, 0.5822, 0.5795, 0.6249, 0.5818,
        0.5646, 0.6170, 0.6175, 0.5983, 0.6160, 0.6145, 0.5791, 0.5733, 0.6019,
        0.5865, 0.5750, 0.5710, 0.6058, 0.5900, 0.6497, 0.6002, 0.5734, 0.5958,
        0.5978], device='cuda:6', grad_fn=<NormBackward1>)
3shot of client 0:head:0.25132275132275134, middle:0.18085106382978725, tail0.041666666666666664
3shot of client 1:head:0.28994082840236685, middle:0.1015625, tail0.030303030303030304
3shot of client 2:head:0.3389261744966443, middle:0.11842105263157894, tail0.05555555555555555
3shot of client 3:head:0.29521829521829523, middle:0.12698412698412698, tail0.0
3shot of client 4:head:0.38729508196721313, middle:0.02608695652173913, tail0.0
3shot of client 5:head:0.3013698630136986, middle:0.04, tail0.03125
3shot of client 6:head:0.3333333333333333, middle:0.12, tail0.0
3shot of client 7:head:0.21354166666666666, middle:0.06521739130434782, tail0.0
3shot of client 8:head:0.2505694760820046, middle:0.017094017094017096, tail0.15384615384615385
3shot of client 9:head:0.08764940239043825, middle:0.014705882352941176, tail0.0
3shot of client 10:head:0.33798882681564246, middle:0.06976744186046512, tail0.0
3shot of client 11:head:0.32193732193732194, middle:0.0, tail0.0
3shot of client 12:head:0.4051724137931034, middle:0.03571428571428571, tail0.047619047619047616
3shot of client 13:head:0.35185185185185186, middle:0.03529411764705882, tail0.0
3shot of client 14:head:0.3719676549865229, middle:0.0, tail0.041666666666666664
3shot of client 15:head:0.30952380952380953, middle:0.14516129032258066, tail0.125
3shot of client 16:head:0.2635135135135135, middle:0.1323529411764706, tail0.0
3shot of client 17:head:0.2764505119453925, middle:0.09722222222222222, tail0.11764705882352941
3shot of client 18:head:0.5257352941176471, middle:0.04285714285714286, tail0.0
3shot of client 19:head:0.2558922558922559, middle:0.1125, tail0.0
round 9, local average test acc  0.2506 

round 9, local macro average F1 score  0.0728 

round 9, local weighted average F1 score  0.1979 

round 9, global test acc  0.0304 

round 9, average 3shot acc: [head: 0.3085, middle: 0.0741, tail: 0.0322] 

round 9, global 3shot acc: [head: 0.1093, middle: 0.0035, tail: 0.0000] 

l_head tensor([1.5029, 1.3840, 2.0511, 0.5843, 2.5264, 3.3041, 2.8805, 0.9696, 3.7754,
        0.9363, 1.3381, 3.3045, 1.6695, 1.1577, 3.4720, 2.2636, 1.0312, 1.2766,
        0.5966, 1.3492, 0.6066, 1.0791, 1.4739, 2.1732, 1.5521, 1.2312, 1.6532,
        3.4282, 0.6023, 1.7694, 1.0292, 0.6030, 0.9659, 0.6072, 3.0215, 1.7861,
        1.7836, 0.9222, 2.3822, 0.6160, 1.0666, 0.5940, 0.5996, 0.6072, 0.8976,
        1.5226, 0.5854, 0.6068, 1.2959, 0.6095, 0.5878, 0.5938, 0.6006, 0.5901,
        0.9027, 0.5871, 0.8948, 1.0813, 0.5952, 0.5794, 1.0694, 0.6083, 1.2497,
        0.6015, 0.9317, 1.2659, 0.6023, 0.5961, 0.6074, 0.6014, 0.6002, 0.5784,
        0.5797, 0.5814, 0.8287, 0.6003, 0.6086, 0.8403, 0.6060, 0.5898, 0.5934,
        0.5909, 1.1863, 0.6056, 0.5968, 0.5988, 0.9736, 0.6023, 0.6022, 0.6047,
        0.5989, 0.5993, 0.6027, 0.5850, 0.5998, 1.0575, 0.9320, 0.5917, 0.6007,
        0.6052], device='cuda:6', grad_fn=<NormBackward1>)
g_aux tensor([1.0626, 1.5448, 1.3052, 1.4411, 1.3952, 1.3378, 1.3068, 1.3476, 1.2974,
        1.2867, 1.1888, 1.1906, 1.3178, 1.2509, 1.1566, 1.0926, 1.1382, 1.2254,
        1.0431, 0.9111, 1.1534, 1.0837, 0.9533, 1.1963, 1.0686, 0.9545, 0.8805,
        0.8799, 0.8826, 0.8571, 1.1523, 0.8534, 0.7882, 0.8587, 0.7534, 0.7911,
        0.8509, 0.7621, 0.7555, 0.8161, 0.7356, 0.8001, 0.7155, 0.7342, 0.7491,
        0.7086, 0.6888, 0.7568, 0.6760, 0.8801, 0.6714, 0.6919, 0.8324, 0.7047,
        0.6956, 0.6567, 0.6430, 0.6521, 0.6904, 0.7300, 0.8367, 0.6668, 0.7264,
        0.6270, 0.6298, 0.6176, 0.6057, 0.6539, 0.6687, 0.6273, 0.6608, 0.7227,
        0.5916, 0.6671, 0.6129, 0.6371, 0.6591, 0.5833, 0.5850, 0.6421, 0.5860,
        0.5752, 0.6301, 0.6232, 0.6036, 0.6246, 0.6231, 0.5826, 0.5732, 0.6079,
        0.5897, 0.5777, 0.5756, 0.6129, 0.5920, 0.6687, 0.6005, 0.5752, 0.5970,
        0.6000], device='cuda:6', grad_fn=<NormBackward1>)
3shot of client 0:head:0.25396825396825395, middle:0.20212765957446807, tail0.08333333333333333
3shot of client 1:head:0.29980276134122286, middle:0.1796875, tail0.030303030303030304
3shot of client 2:head:0.37583892617449666, middle:0.05263157894736842, tail0.05555555555555555
3shot of client 3:head:0.36382536382536385, middle:0.16666666666666666, tail0.03333333333333333
3shot of client 4:head:0.4016393442622951, middle:0.05217391304347826, tail0.0
3shot of client 5:head:0.3268101761252446, middle:0.04, tail0.09375
3shot of client 6:head:0.19387755102040816, middle:0.17333333333333334, tail0.0
3shot of client 7:head:0.22395833333333334, middle:0.17391304347826086, tail0.0
3shot of client 8:head:0.33712984054669703, middle:0.05128205128205128, tail0.07692307692307693
3shot of client 9:head:0.11553784860557768, middle:0.11764705882352941, tail0.2
3shot of client 10:head:0.32122905027932963, middle:0.023255813953488372, tail0.0
3shot of client 11:head:0.4358974358974359, middle:0.056818181818181816, tail0.0
3shot of client 12:head:0.43103448275862066, middle:0.09523809523809523, tail0.047619047619047616
3shot of client 13:head:0.35802469135802467, middle:0.058823529411764705, tail0.05
3shot of client 14:head:0.42048517520215634, middle:0.09473684210526316, tail0.08333333333333333
3shot of client 15:head:0.3253968253968254, middle:0.12903225806451613, tail0.0
3shot of client 16:head:0.23986486486486486, middle:0.08823529411764706, tail0.0
3shot of client 17:head:0.3174061433447099, middle:0.2222222222222222, tail0.11764705882352941
3shot of client 18:head:0.5183823529411765, middle:0.1, tail0.0
3shot of client 19:head:0.43097643097643096, middle:0.0375, tail0.0
round 10, local average test acc  0.2770 

round 10, local macro average F1 score  0.0933 

round 10, local weighted average F1 score  0.2259 

round 10, global test acc  0.0479 

round 10, average 3shot acc: [head: 0.3346, middle: 0.1058, tail: 0.0436] 

round 10, global 3shot acc: [head: 0.1570, middle: 0.0212, tail: 0.0000] 

l_head   2%|▏         | 11/500 [35:17<25:56:43, 191.01s/it]  2%|▏         | 12/500 [38:32<26:05:12, 192.44s/it]tensor([1.6655, 1.5254, 2.1405, 0.5844, 2.5749, 3.4854, 3.0047, 1.0781, 3.9619,
        0.9579, 1.3848, 3.3072, 1.7411, 1.2724, 3.6151, 2.3026, 1.1277, 1.3249,
        0.5967, 1.4683, 0.6067, 1.0959, 1.5623, 2.2694, 1.6638, 1.3189, 1.7975,
        3.5634, 0.6024, 1.8176, 1.1719, 0.6031, 1.0351, 0.6073, 3.2206, 1.8583,
        1.9029, 1.0244, 2.5765, 0.6161, 1.1842, 0.5941, 0.5997, 0.6073, 0.9685,
        1.6671, 0.5855, 0.6069, 1.3548, 0.6096, 0.5879, 0.5939, 0.6007, 0.5902,
        0.9866, 0.5872, 0.9989, 1.1369, 0.5953, 0.5795, 1.1309, 0.6084, 1.3354,
        0.6016, 1.0255, 1.3603, 0.6024, 0.5962, 0.6075, 0.6015, 0.6002, 0.5785,
        0.5798, 0.5815, 0.9089, 0.6003, 0.6087, 0.8968, 0.6061, 0.5899, 0.5935,
        0.5910, 1.2318, 0.6057, 0.5969, 0.5989, 1.0902, 0.6024, 0.6023, 0.6048,
        0.5990, 0.5993, 0.6028, 0.5851, 0.5999, 1.1888, 0.9911, 0.5917, 0.6007,
        0.6053], device='cuda:6', grad_fn=<NormBackward1>)
g_aux tensor([1.1008, 1.6282, 1.3512, 1.5021, 1.4385, 1.4085, 1.3454, 1.3820, 1.3435,
        1.3480, 1.2049, 1.2034, 1.3333, 1.3072, 1.1935, 1.1213, 1.1575, 1.2905,
        1.0644, 0.9474, 1.1983, 1.1535, 0.9870, 1.2691, 1.1257, 0.9934, 0.9172,
        0.9405, 0.9009, 0.8905, 1.2129, 0.8707, 0.7976, 0.8811, 0.7886, 0.8103,
        0.8752, 0.7864, 0.7788, 0.8311, 0.7405, 0.8571, 0.7347, 0.7515, 0.7632,
        0.7307, 0.7102, 0.7982, 0.7100, 0.9336, 0.6803, 0.7038, 0.8579, 0.7242,
        0.7081, 0.6700, 0.6629, 0.6638, 0.7116, 0.7402, 0.8713, 0.6834, 0.7473,
        0.6351, 0.6430, 0.6246, 0.6092, 0.6730, 0.6813, 0.6377, 0.6713, 0.7390,
        0.5922, 0.6888, 0.6199, 0.6489, 0.6773, 0.5866, 0.5946, 0.6591, 0.5898,
        0.5819, 0.6374, 0.6296, 0.6118, 0.6317, 0.6339, 0.5858, 0.5735, 0.6099,
        0.5936, 0.5836, 0.5810, 0.6192, 0.5947, 0.6907, 0.6080, 0.5784, 0.6032,
        0.6005], device='cuda:6', grad_fn=<NormBackward1>)
3shot of client 0:head:0.2619047619047619, middle:0.11702127659574468, tail0.041666666666666664
3shot of client 1:head:0.3806706114398422, middle:0.1171875, tail0.09090909090909091
3shot of client 2:head:0.2550335570469799, middle:0.09210526315789473, tail0.0
3shot of client 3:head:0.3970893970893971, middle:0.12698412698412698, tail0.0
3shot of client 4:head:0.41598360655737704, middle:0.12173913043478261, tail0.034482758620689655
3shot of client 5:head:0.3679060665362035, middle:0.04, tail0.1875
3shot of client 6:head:0.19387755102040816, middle:0.14666666666666667, tail0.05263157894736842
3shot of client 7:head:0.19270833333333334, middle:0.08695652173913043, tail0.0
3shot of client 8:head:0.3143507972665148, middle:0.05128205128205128, tail0.11538461538461539
3shot of client 9:head:0.350597609561753, middle:0.10294117647058823, tail0.0
3shot of client 10:head:0.27932960893854747, middle:0.09302325581395349, tail0.0
3shot of client 11:head:0.3475783475783476, middle:0.045454545454545456, tail0.0
3shot of client 12:head:0.4482758620689655, middle:0.03571428571428571, tail0.047619047619047616
3shot of client 13:head:0.48148148148148145, middle:0.16470588235294117, tail0.05
3shot of client 14:head:0.3935309973045822, middle:0.09473684210526316, tail0.16666666666666666
3shot of client 15:head:0.3134920634920635, middle:0.12903225806451613, tail0.0625
3shot of client 16:head:0.2905405405405405, middle:0.16176470588235295, tail0.0
3shot of client 17:head:0.32081911262798635, middle:0.2222222222222222, tail0.11764705882352941
3shot of client 18:head:0.5294117647058824, middle:0.15714285714285714, tail0.17647058823529413
3shot of client 19:head:0.4208754208754209, middle:0.125, tail0.058823529411764705
round 11, local average test acc  0.2889 

round 11, local macro average F1 score  0.1058 

round 11, local weighted average F1 score  0.2424 

round 11, global test acc  0.0527 

round 11, average 3shot acc: [head: 0.3478, middle: 0.1116, tail: 0.0601] 

round 11, global 3shot acc: [head: 0.1633, middle: 0.0331, tail: 0.0000] 

l_head tensor([1.7079, 1.6120, 2.2308, 0.5845, 2.7251, 3.7070, 3.1527, 1.2157, 4.2850,
        1.0168, 1.5172, 3.4587, 1.9852, 1.4768, 3.7083, 2.4592, 1.1917, 1.4613,
        0.5969, 1.5501, 0.6068, 1.1848, 1.7060, 2.3843, 1.7289, 1.4192, 1.9077,
        3.8241, 0.6025, 1.8497, 1.2007, 0.6032, 1.0779, 0.6074, 3.3826, 1.8912,
        2.0133, 1.0350, 2.6689, 0.6162, 1.2880, 0.5942, 0.5998, 0.6074, 1.0305,
        1.8057, 0.5856, 0.6070, 1.4784, 0.6097, 0.5879, 0.5940, 0.6008, 0.5903,
        1.0083, 0.5873, 1.0821, 1.1896, 0.5954, 0.5796, 1.2937, 0.6086, 1.3902,
        0.6017, 1.1062, 1.5287, 0.6025, 0.5963, 0.6076, 0.6016, 0.6003, 0.5787,
        0.5799, 0.5816, 0.9479, 0.6004, 0.6088, 0.9747, 0.6062, 0.5900, 0.5936,
        0.5911, 1.2598, 0.6058, 0.5970, 0.5990, 1.1339, 0.6025, 0.6025, 0.6049,
        0.5991, 0.5994, 0.6029, 0.5852, 0.5999, 1.3061, 1.0853, 0.5918, 0.6009,
        0.6055], device='cuda:6', grad_fn=<NormBackward1>)
g_aux tensor([1.1593, 1.7176, 1.4058, 1.5694, 1.4938, 1.4846, 1.3890, 1.4517, 1.4136,
        1.4040, 1.2473, 1.2386, 1.3959, 1.4008, 1.2331, 1.1620, 1.1959, 1.3778,
        1.0995, 0.9650, 1.2460, 1.2346, 1.0199, 1.3423, 1.1936, 1.0413, 0.9429,
        0.9801, 0.9327, 0.9116, 1.2911, 0.9072, 0.8158, 0.9223, 0.8190, 0.8258,
        0.9106, 0.8141, 0.8010, 0.8667, 0.7611, 0.8934, 0.7487, 0.7675, 0.7821,
        0.7408, 0.7337, 0.8259, 0.7432, 0.9764, 0.6904, 0.7175, 0.8859, 0.7466,
        0.7260, 0.6821, 0.6915, 0.6743, 0.7426, 0.7606, 0.9104, 0.7035, 0.7652,
        0.6409, 0.6434, 0.6362, 0.6209, 0.6981, 0.7027, 0.6480, 0.6808, 0.7648,
        0.5968, 0.7044, 0.6279, 0.6614, 0.6984, 0.5910, 0.6104, 0.6682, 0.5943,
        0.5888, 0.6470, 0.6349, 0.6173, 0.6374, 0.6477, 0.5887, 0.5748, 0.6121,
        0.5991, 0.5916, 0.5850, 0.6274, 0.5998, 0.7171, 0.6156, 0.5836, 0.6061,
        0.6046], device='cuda:6', grad_fn=<NormBackward1>)
3shot of client 0:head:0.17724867724867724, middle:0.22340425531914893, tail0.16666666666666666
3shot of client 1:head:0.39250493096646943, middle:0.21875, tail0.09090909090909091
3shot of client 2:head:0.37919463087248323, middle:0.07894736842105263, tail0.0
3shot of client 3:head:0.39501039501039503, middle:0.29365079365079366, tail0.0
3shot of client 4:head:0.35450819672131145, middle:0.11304347826086956, tail0.034482758620689655
3shot of client 5:head:0.3953033268101761, middle:0.088, tail0.125
3shot of client 6:head:0.2755102040816326, middle:0.14666666666666667, tail0.0
3shot of client 7:head:0.3072916666666667, middle:0.13043478260869565, tail0.08333333333333333
3shot of client 8:head:0.3439635535307517, middle:0.017094017094017096, tail0.07692307692307693
3shot of client 9:head:0.1952191235059761, middle:0.11764705882352941, tail0.0
3shot of client 10:head:0.3687150837988827, middle:0.046511627906976744, tail0.0
3shot of client 11:head:0.3817663817663818, middle:0.125, tail0.0
3shot of client 12:head:0.4482758620689655, middle:0.09523809523809523, tail0.0
3shot of client 13:head:0.5061728395061729, middle:0.1411764705882353, tail0.05
3shot of client 14:head:0.3665768194070081, middle:0.07368421052631578, tail0.125
3shot of client 15:head:0.2976190476190476, middle:0.14516129032258066, tail0.0
3shot of client 16:head:0.17905405405405406, middle:0.07352941176470588, tail0.0
3shot of client 17:head:0.35494880546075086, middle:0.18055555555555555, tail0.11764705882352941
3shot of client 18:head:0.5294117647058824, middle:0.21428571428571427, tail0.11764705882352941
3shot of client 19:head:0.37037037037037035, middle:0.0625, tail0.058823529411764705
round 12, local average test acc  0.2944 

round 12, local macro average F1 score  0.1096 

round 12, local weighted average F1 score  0.2478 

round 12, global test acc  0.0513 

round 12, average 3shot acc: [head: 0.3509, middle: 0.1293, tail: 0.0523] 

round 12, global 3shot acc: [head: 0.1548, middle: 0.0365, tail: 0.0000] 

l_head   3%|▎         | 13/500 [41:44<25:59:27, 192.13s/it]